[2023-05-19 13:28:22] ERROR: Unable to connect to the database. error=Error: password authentication failed for user "postgres"
[2023-05-19 13:46:03] ERROR: uncaughtException: тип Unable to compile TypeScript:
[96msrc/database/models/inboundShipment.model.ts[0m:[93m258[0m:[93m9[0m - [91merror[0m[90m TS1005: [0m',' expected.

[7m258[0m         comment: {
[7m   [0m [91m        ~~~~~~~[0m

TSError: тип Unable to compile TypeScript:
[96msrc/database/models/inboundShipment.model.ts[0m:[93m258[0m:[93m9[0m - [91merror[0m[90m TS1005: [0m',' expected.

[7m258[0m         comment: {
[7m   [0m [91m        ~~~~~~~[0m

    at createTSError (C:\Users\Intelory\Desktop\accounting-api\node_modules\ts-node\src\index.ts:859:12)
    at reportTSError (C:\Users\Intelory\Desktop\accounting-api\node_modules\ts-node\src\index.ts:863:19)
    at getOutput (C:\Users\Intelory\Desktop\accounting-api\node_modules\ts-node\src\index.ts:1077:36)
    at Object.compile (C:\Users\Intelory\Desktop\accounting-api\node_modules\ts-node\src\index.ts:1433:41)
    at Module.m._compile (C:\Users\Intelory\Desktop\accounting-api\node_modules\ts-node\src\index.ts:1617:30)
    at Module._extensions..js (node:internal/modules/cjs/loader:1308:10)
    at Object.require.extensions.<computed> [as .ts] (C:\Users\Intelory\Desktop\accounting-api\node_modules\ts-node\src\index.ts:1621:12)
    at Module.load (node:internal/modules/cjs/loader:1117:32)
    at Function.Module._load (node:internal/modules/cjs/loader:958:12)
    at Module.require (node:internal/modules/cjs/loader:1141:19)
[2023-05-19 13:46:06] ERROR: uncaughtException: тип Unable to compile TypeScript:
[96msrc/database/models/inboundShipment.model.ts[0m:[93m258[0m:[93m9[0m - [91merror[0m[90m TS1005: [0m',' expected.

[7m258[0m         comment: {
[7m   [0m [91m        ~~~~~~~[0m

TSError: тип Unable to compile TypeScript:
[96msrc/database/models/inboundShipment.model.ts[0m:[93m258[0m:[93m9[0m - [91merror[0m[90m TS1005: [0m',' expected.

[7m258[0m         comment: {
[7m   [0m [91m        ~~~~~~~[0m

    at createTSError (C:\Users\Intelory\Desktop\accounting-api\node_modules\ts-node\src\index.ts:859:12)
    at reportTSError (C:\Users\Intelory\Desktop\accounting-api\node_modules\ts-node\src\index.ts:863:19)
    at getOutput (C:\Users\Intelory\Desktop\accounting-api\node_modules\ts-node\src\index.ts:1077:36)
    at Object.compile (C:\Users\Intelory\Desktop\accounting-api\node_modules\ts-node\src\index.ts:1433:41)
    at Module.m._compile (C:\Users\Intelory\Desktop\accounting-api\node_modules\ts-node\src\index.ts:1617:30)
    at Module._extensions..js (node:internal/modules/cjs/loader:1308:10)
    at Object.require.extensions.<computed> [as .ts] (C:\Users\Intelory\Desktop\accounting-api\node_modules\ts-node\src\index.ts:1621:12)
    at Module.load (node:internal/modules/cjs/loader:1117:32)
    at Function.Module._load (node:internal/modules/cjs/loader:958:12)
    at Module.require (node:internal/modules/cjs/loader:1141:19)
