[2023-10-08 12:34:10] INFO: SEQUELIZE
[2023-10-08 12:34:10] INFO: Database connection established successfully
[2023-10-08 12:34:37] INFO: SEQUELIZE
[2023-10-08 12:34:37] INFO: Database connection established successfully
[2023-10-08 12:34:53] INFO: SEQUELIZE
[2023-10-08 12:34:53] INFO: Database connection established successfully
[2023-10-08 12:35:08] INFO: SEQUELIZE
[2023-10-08 12:35:08] INFO: Database connection established successfully
[2023-10-08 12:35:30] INFO: SEQUELIZE
[2023-10-08 12:35:30] INFO: Database connection established successfully
[2023-10-08 12:35:36] INFO: SEQUELIZE
[2023-10-08 12:35:36] INFO: Database connection established successfully
[2023-10-08 12:36:19] INFO: SEQUELIZE
[2023-10-08 12:36:19] INFO: Database connection established successfully
[2023-10-08 12:36:30] INFO: SEQUELIZE
[2023-10-08 12:36:30] INFO: Database connection established successfully
[2023-10-08 12:36:34] INFO: SEQUELIZE
[2023-10-08 12:36:34] INFO: Database connection established successfully
[2023-10-08 12:36:41] INFO: SEQUELIZE
[2023-10-08 12:36:41] INFO: Database connection established successfully
[2023-10-08 12:36:44] INFO: App listening on the port: 5000
[2023-10-08 12:36:44] INFO: SEQUELIZE
[2023-10-08 12:36:44] INFO: Database connection established successfully
[2023-10-08 12:36:49] INFO: POST
[2023-10-08 12:37:56] INFO: App listening on the port: 5000
[2023-10-08 12:37:56] INFO: SEQUELIZE
[2023-10-08 12:37:56] INFO: Database connection established successfully
[2023-10-08 12:38:01] INFO: POST
[2023-10-08 12:38:16] INFO: App listening on the port: 5000
[2023-10-08 12:38:16] INFO: SEQUELIZE
[2023-10-08 12:38:16] INFO: Database connection established successfully
[2023-10-08 12:38:21] INFO: POST
[2023-10-08 13:02:12] INFO: App listening on the port: 5000
[2023-10-08 13:02:12] INFO: SEQUELIZE
[2023-10-08 13:02:12] INFO: Database connection established successfully
[2023-10-08 13:02:17] INFO: POST
[2023-10-08 13:02:46] INFO: App listening on the port: 5000
[2023-10-08 13:02:46] INFO: SEQUELIZE
[2023-10-08 13:02:46] INFO: Database connection established successfully
[2023-10-08 13:02:51] INFO: POST
[2023-10-08 13:03:08] INFO: App listening on the port: 5000
[2023-10-08 13:03:08] INFO: SEQUELIZE
[2023-10-08 13:03:08] INFO: Database connection established successfully
[2023-10-08 13:03:13] INFO: POST
[2023-10-08 13:04:01] INFO: SEQUELIZE
[2023-10-08 13:04:01] INFO: Database connection established successfully
[2023-10-08 13:06:27] INFO: App listening on the port: 5000
[2023-10-08 13:06:27] INFO: SEQUELIZE
[2023-10-08 13:06:27] INFO: Database connection established successfully
[2023-10-08 13:06:32] INFO: POST
[2023-10-08 13:07:21] INFO: SEQUELIZE
[2023-10-08 13:07:21] INFO: Database connection established successfully
[2023-10-08 13:07:38] INFO: SEQUELIZE
[2023-10-08 13:07:38] INFO: Database connection established successfully
[2023-10-08 13:08:07] INFO: SEQUELIZE
[2023-10-08 13:08:07] INFO: Database connection established successfully
[2023-10-08 13:08:11] INFO: App listening on the port: 5000
[2023-10-08 13:08:11] INFO: SEQUELIZE
[2023-10-08 13:08:11] INFO: Database connection established successfully
[2023-10-08 13:08:16] INFO: POST
[2023-10-08 13:08:19] INFO: SEQUELIZE
[2023-10-08 13:08:19] INFO: Database connection established successfully
[2023-10-08 13:08:32] INFO: SEQUELIZE
[2023-10-08 13:08:32] INFO: Database connection established successfully
[2023-10-08 13:08:40] INFO: App listening on the port: 5000
[2023-10-08 13:08:40] INFO: SEQUELIZE
[2023-10-08 13:08:40] INFO: Database connection established successfully
[2023-10-08 13:08:46] INFO: App listening on the port: 5000
[2023-10-08 13:08:46] INFO: SEQUELIZE
[2023-10-08 13:08:46] INFO: Database connection established successfully
[2023-10-08 13:08:51] INFO: POST
[2023-10-08 13:09:06] INFO: App listening on the port: 5000
[2023-10-08 13:09:06] INFO: SEQUELIZE
[2023-10-08 13:09:06] INFO: Database connection established successfully
[2023-10-08 13:09:11] INFO: POST
[2023-10-08 13:15:52] INFO: OPTIONS
[2023-10-08 13:15:56] INFO: POST
[2023-10-08 13:18:32] INFO: App listening on the port: 5000
[2023-10-08 13:18:32] INFO: SEQUELIZE
[2023-10-08 13:18:32] INFO: Database connection established successfully
[2023-10-08 13:18:37] INFO: POST
[2023-10-08 13:18:42] INFO: OPTIONS
[2023-10-08 13:18:42] INFO: POST
[2023-10-08 13:22:39] INFO: App listening on the port: 5000
[2023-10-08 13:22:39] INFO: SEQUELIZE
[2023-10-08 13:22:39] INFO: Database connection established successfully
[2023-10-08 13:22:44] INFO: OPTIONS
[2023-10-08 13:22:44] INFO: POST
[2023-10-08 13:23:26] INFO: OPTIONS
[2023-10-08 13:23:29] INFO: POST
[2023-10-08 13:23:31] INFO: OPTIONS
[2023-10-08 13:23:34] INFO: POST
[2023-10-08 13:24:44] INFO: OPTIONS
[2023-10-08 13:24:44] INFO: OPTIONS
[2023-10-08 13:24:44] INFO: OPTIONS
[2023-10-08 13:24:44] INFO: OPTIONS
[2023-10-08 13:24:44] INFO: OPTIONS
[2023-10-08 13:24:49] INFO: POST
[2023-10-08 13:24:54] INFO: OPTIONS
[2023-10-08 13:24:59] INFO: POST
[2023-10-08 13:25:05] INFO: OPTIONS
[2023-10-08 13:25:09] INFO: POST
[2023-10-08 13:27:11] INFO: OPTIONS
[2023-10-08 13:27:14] INFO: POST
[2023-10-08 13:28:16] ERROR: Cannot convert undefined or null to object
[2023-10-08 13:28:16] INFO: POST
[2023-10-08 13:28:19] INFO: POST
[2023-10-08 13:28:26] ERROR: Cannot convert undefined or null to object
[2023-10-08 13:28:26] INFO: POST
[2023-10-08 13:28:30] INFO: POST
[2023-10-08 13:28:32] ERROR: Cannot convert undefined or null to object
[2023-10-08 13:28:32] INFO: POST
[2023-10-08 13:28:35] INFO: POST
[2023-10-08 13:29:13] INFO: OPTIONS
[2023-10-08 13:29:15] INFO: POST
[2023-10-08 13:30:56] INFO: App listening on the port: 5000
[2023-10-08 13:30:56] INFO: SEQUELIZE
[2023-10-08 13:30:56] INFO: Database connection established successfully
[2023-10-08 13:31:01] INFO: POST
[2023-10-08 13:31:46] INFO: App listening on the port: 5000
[2023-10-08 13:31:46] INFO: OPTIONS
[2023-10-08 13:31:46] INFO: OPTIONS
[2023-10-08 13:31:46] INFO: OPTIONS
[2023-10-08 13:31:46] INFO: OPTIONS
[2023-10-08 13:31:46] INFO: OPTIONS
[2023-10-08 13:31:46] INFO: OPTIONS
[2023-10-08 13:31:46] INFO: OPTIONS
[2023-10-08 13:31:46] INFO: OPTIONS
[2023-10-08 13:31:46] INFO: OPTIONS
[2023-10-08 13:31:46] INFO: OPTIONS
[2023-10-08 13:31:46] INFO: OPTIONS
[2023-10-08 13:31:46] INFO: OPTIONS
[2023-10-08 13:31:46] INFO: OPTIONS
[2023-10-08 13:31:46] INFO: OPTIONS
[2023-10-08 13:31:46] INFO: OPTIONS
[2023-10-08 13:31:46] INFO: OPTIONS
[2023-10-08 13:31:46] INFO: OPTIONS
[2023-10-08 13:31:46] INFO: OPTIONS
[2023-10-08 13:31:46] INFO: OPTIONS
[2023-10-08 13:31:46] INFO: OPTIONS
[2023-10-08 13:31:46] INFO: OPTIONS
[2023-10-08 13:31:46] INFO: OPTIONS
[2023-10-08 13:31:46] INFO: OPTIONS
[2023-10-08 13:31:46] INFO: OPTIONS
[2023-10-08 13:31:46] INFO: OPTIONS
[2023-10-08 13:31:46] INFO: OPTIONS
[2023-10-08 13:31:46] INFO: OPTIONS
[2023-10-08 13:31:46] INFO: OPTIONS
[2023-10-08 13:31:46] INFO: OPTIONS
[2023-10-08 13:31:46] INFO: OPTIONS
[2023-10-08 13:31:46] INFO: OPTIONS
[2023-10-08 13:31:46] INFO: OPTIONS
[2023-10-08 13:31:46] INFO: OPTIONS
[2023-10-08 13:31:46] INFO: OPTIONS
[2023-10-08 13:31:46] INFO: OPTIONS
[2023-10-08 13:31:46] INFO: OPTIONS
[2023-10-08 13:31:46] INFO: OPTIONS
[2023-10-08 13:31:46] INFO: OPTIONS
[2023-10-08 13:31:46] INFO: OPTIONS
[2023-10-08 13:31:46] INFO: OPTIONS
[2023-10-08 13:31:46] INFO: OPTIONS
[2023-10-08 13:31:46] INFO: SEQUELIZE
[2023-10-08 13:31:46] INFO: Database connection established successfully
[2023-10-08 13:31:51] INFO: POST
[2023-10-08 13:32:57] INFO: OPTIONS
[2023-10-08 13:32:57] INFO: OPTIONS
[2023-10-08 13:32:57] INFO: OPTIONS
[2023-10-08 13:32:57] INFO: OPTIONS
[2023-10-08 13:32:57] INFO: OPTIONS
[2023-10-08 13:33:01] INFO: POST
[2023-10-08 13:33:08] INFO: OPTIONS
[2023-10-08 13:33:11] INFO: POST
[2023-10-08 13:33:33] INFO: OPTIONS
[2023-10-08 13:33:36] INFO: POST
[2023-10-08 13:38:43] INFO: OPTIONS
[2023-10-08 13:38:47] INFO: POST
[2023-10-08 13:53:31] INFO: SEQUELIZE
[2023-10-08 13:53:31] INFO: Database connection established successfully
[2023-10-08 13:53:52] INFO: App listening on the port: 5000
[2023-10-08 13:53:52] INFO: SEQUELIZE
[2023-10-08 13:53:52] INFO: Database connection established successfully
[2023-10-08 13:53:57] INFO: POST
[2023-10-08 13:57:40] INFO: App listening on the port: 5000
[2023-10-08 13:57:40] INFO: SEQUELIZE
[2023-10-08 13:57:40] INFO: Database connection established successfully
[2023-10-08 13:57:45] INFO: POST
[2023-10-08 13:59:03] INFO: OPTIONS
[2023-10-08 13:59:05] INFO: POST
[2023-10-08 13:59:10] INFO: OPTIONS
[2023-10-08 13:59:15] INFO: POST
[2023-10-08 13:59:42] INFO: OPTIONS
[2023-10-08 13:59:45] INFO: POST
[2023-10-08 13:59:45] INFO: OPTIONS
[2023-10-08 13:59:47] INFO: OPTIONS
[2023-10-08 13:59:50] INFO: POST
[2023-10-08 14:00:15] INFO: OPTIONS
[2023-10-08 14:00:15] INFO: POST
[2023-10-08 14:00:57] INFO: App listening on the port: 5000
[2023-10-08 14:00:57] INFO: SEQUELIZE
[2023-10-08 14:00:57] INFO: Database connection established successfully
[2023-10-08 14:01:02] INFO: POST
[2023-10-08 14:01:06] INFO: OPTIONS
[2023-10-08 14:01:07] INFO: POST
[2023-10-08 14:01:32] INFO: GET
[2023-10-08 14:01:32] INFO: POST
[2023-10-08 14:02:02] INFO: App listening on the port: 5000
[2023-10-08 14:02:02] INFO: SEQUELIZE
[2023-10-08 14:02:02] INFO: Database connection established successfully
[2023-10-08 14:02:07] INFO: POST
[2023-10-08 14:02:09] INFO: OPTIONS
[2023-10-08 14:02:12] INFO: POST
[2023-10-08 14:04:01] INFO: OPTIONS
[2023-10-08 14:04:02] INFO: POST
[2023-10-08 14:04:11] INFO: OPTIONS
[2023-10-08 14:04:12] INFO: POST
[2023-10-08 14:04:59] INFO: App listening on the port: 5000
[2023-10-08 14:04:59] INFO: SEQUELIZE
[2023-10-08 14:04:59] INFO: Database connection established successfully
[2023-10-08 14:05:04] INFO: POST
[2023-10-08 14:05:17] INFO: App listening on the port: 5000
[2023-10-08 14:05:17] INFO: SEQUELIZE
[2023-10-08 14:05:17] INFO: Database connection established successfully
[2023-10-08 14:05:22] INFO: POST
[2023-10-08 14:05:25] INFO: OPTIONS
[2023-10-08 14:05:25] INFO: POST
[2023-10-08 14:05:27] INFO: POST
[2023-10-08 14:06:14] INFO: App listening on the port: 5000
[2023-10-08 14:06:14] INFO: SEQUELIZE
[2023-10-08 14:06:14] INFO: Database connection established successfully
[2023-10-08 14:06:15] INFO: OPTIONS
[2023-10-08 14:06:15] INFO: POST
[2023-10-08 14:06:45] INFO: App listening on the port: 5000
[2023-10-08 14:06:45] INFO: SEQUELIZE
[2023-10-08 14:06:45] INFO: Database connection established successfully
[2023-10-08 14:06:49] INFO: OPTIONS
[2023-10-08 14:06:49] INFO: POST
[2023-10-08 14:06:50] INFO: POST
[2023-10-08 14:07:10] INFO: App listening on the port: 5000
[2023-10-08 14:07:10] INFO: SEQUELIZE
[2023-10-08 14:07:10] INFO: Database connection established successfully
[2023-10-08 14:07:12] INFO: OPTIONS
[2023-10-08 14:07:12] INFO: POST
[2023-10-08 14:07:15] INFO: POST
[2023-10-08 14:07:46] INFO: App listening on the port: 5000
[2023-10-08 14:07:46] INFO: SEQUELIZE
[2023-10-08 14:07:46] INFO: Database connection established successfully
[2023-10-08 14:07:51] INFO: POST
[2023-10-08 14:08:05] INFO: SEQUELIZE
[2023-10-08 14:08:05] INFO: Database connection established successfully
[2023-10-08 14:08:10] INFO: App listening on the port: 5000
[2023-10-08 14:08:10] INFO: SEQUELIZE
[2023-10-08 14:08:10] INFO: Database connection established successfully
[2023-10-08 14:08:12] INFO: OPTIONS
[2023-10-08 14:08:12] INFO: POST
[2023-10-08 14:08:15] INFO: POST
[2023-10-08 14:11:02] INFO: App listening on the port: 5000
[2023-10-08 14:11:02] INFO: SEQUELIZE
[2023-10-08 14:11:02] INFO: Database connection established successfully
[2023-10-08 14:11:07] INFO: POST
[2023-10-08 14:11:11] INFO: App listening on the port: 5000
[2023-10-08 14:11:11] INFO: SEQUELIZE
[2023-10-08 14:11:11] INFO: Database connection established successfully
[2023-10-08 14:11:16] INFO: OPTIONS
[2023-10-08 14:11:16] INFO: POST
[2023-10-08 14:11:16] INFO: POST
[2023-10-08 14:11:50] INFO: App listening on the port: 5000
[2023-10-08 14:11:50] INFO: SEQUELIZE
[2023-10-08 14:11:50] INFO: Database connection established successfully
[2023-10-08 14:11:55] INFO: POST
[2023-10-08 14:11:59] INFO: App listening on the port: 5000
[2023-10-08 14:11:59] INFO: SEQUELIZE
[2023-10-08 14:11:59] INFO: Database connection established successfully
[2023-10-08 14:12:03] INFO: OPTIONS
[2023-10-08 14:12:03] INFO: POST
[2023-10-08 14:12:04] INFO: POST
[2023-10-08 14:13:44] INFO: App listening on the port: 5000
[2023-10-08 14:13:44] INFO: SEQUELIZE
[2023-10-08 14:13:44] INFO: Database connection established successfully
[2023-10-08 14:13:49] INFO: POST
[2023-10-08 14:13:54] INFO: OPTIONS
[2023-10-08 14:13:54] INFO: POST
[2023-10-08 14:14:25] INFO: App listening on the port: 5000
[2023-10-08 14:14:25] INFO: SEQUELIZE
[2023-10-08 14:14:25] INFO: Database connection established successfully
[2023-10-08 14:14:30] INFO: POST
[2023-10-08 14:14:30] INFO: POST
[2023-10-08 14:15:39] INFO: App listening on the port: 5000
[2023-10-08 14:15:39] INFO: SEQUELIZE
[2023-10-08 14:15:39] INFO: Database connection established successfully
[2023-10-08 14:15:44] INFO: POST
[2023-10-08 14:15:50] INFO: App listening on the port: 5000
[2023-10-08 14:15:50] INFO: SEQUELIZE
[2023-10-08 14:15:50] INFO: Database connection established successfully
[2023-10-08 14:15:54] INFO: App listening on the port: 5000
[2023-10-08 14:15:54] INFO: SEQUELIZE
[2023-10-08 14:15:54] INFO: Database connection established successfully
[2023-10-08 14:16:05] INFO: App listening on the port: 5000
[2023-10-08 14:16:05] INFO: SEQUELIZE
[2023-10-08 14:16:05] INFO: Database connection established successfully
[2023-10-08 14:16:10] INFO: POST
[2023-10-08 14:16:24] INFO: App listening on the port: 5000
[2023-10-08 14:16:24] INFO: SEQUELIZE
[2023-10-08 14:16:24] INFO: Database connection established successfully
[2023-10-08 14:16:31] INFO: App listening on the port: 5000
[2023-10-08 14:16:32] INFO: SEQUELIZE
[2023-10-08 14:16:32] INFO: Database connection established successfully
[2023-10-08 14:16:35] ERROR: Could not create
[2023-10-08 14:16:35] INFO: POST
[2023-10-08 14:16:37] INFO: POST
[2023-10-08 14:16:59] INFO: App listening on the port: 5000
[2023-10-08 14:16:59] INFO: SEQUELIZE
[2023-10-08 14:16:59] INFO: Database connection established successfully
[2023-10-08 14:17:04] INFO: POST
[2023-10-08 14:17:04] ERROR: Could not create
[2023-10-08 14:17:04] INFO: POST
[2023-10-08 14:18:30] INFO: App listening on the port: 5000
[2023-10-08 14:18:30] INFO: SEQUELIZE
[2023-10-08 14:18:30] INFO: Database connection established successfully
[2023-10-08 14:18:32] ERROR: Could not create
[2023-10-08 14:18:32] INFO: POST
[2023-10-08 14:19:17] INFO: App listening on the port: 5000
[2023-10-08 14:19:17] INFO: SEQUELIZE
[2023-10-08 14:19:17] INFO: Database connection established successfully
[2023-10-08 14:19:22] INFO: POST
[2023-10-08 14:19:27] INFO: App listening on the port: 5000
[2023-10-08 14:19:27] INFO: SEQUELIZE
[2023-10-08 14:19:27] INFO: Database connection established successfully
[2023-10-08 14:19:30] INFO: App listening on the port: 5000
[2023-10-08 14:19:30] INFO: SEQUELIZE
[2023-10-08 14:19:30] INFO: Database connection established successfully
[2023-10-08 14:19:35] INFO: POST
[2023-10-08 14:19:47] INFO: SEQUELIZE
[2023-10-08 14:19:47] INFO: Database connection established successfully
[2023-10-08 14:19:53] INFO: App listening on the port: 5000
[2023-10-08 14:19:53] INFO: SEQUELIZE
[2023-10-08 14:19:53] INFO: Database connection established successfully
[2023-10-08 14:20:00] INFO: App listening on the port: 5000
[2023-10-08 14:20:00] ERROR: Could not create
[2023-10-08 14:20:00] INFO: POST
[2023-10-08 14:20:00] INFO: SEQUELIZE
[2023-10-08 14:20:00] INFO: Database connection established successfully
[2023-10-08 14:20:27] INFO: App listening on the port: 5000
[2023-10-08 14:20:28] INFO: SEQUELIZE
[2023-10-08 14:20:28] INFO: Database connection established successfully
[2023-10-08 14:20:32] ERROR: Could not create
[2023-10-08 14:20:32] INFO: POST
[2023-10-08 14:20:33] INFO: POST
[2023-10-08 14:20:42] INFO: App listening on the port: 5000
[2023-10-08 14:20:42] INFO: SEQUELIZE
[2023-10-08 14:20:42] INFO: Database connection established successfully
[2023-10-08 14:20:47] INFO: App listening on the port: 5000
[2023-10-08 14:20:48] INFO: SEQUELIZE
[2023-10-08 14:20:48] INFO: Database connection established successfully
[2023-10-08 14:20:53] INFO: POST
[2023-10-08 14:21:08] INFO: App listening on the port: 5000
[2023-10-08 14:21:08] INFO: SEQUELIZE
[2023-10-08 14:21:08] INFO: Database connection established successfully
[2023-10-08 14:21:11] ERROR: Could not create
[2023-10-08 14:21:11] INFO: POST
[2023-10-08 14:21:13] INFO: POST
[2023-10-08 14:21:49] INFO: App listening on the port: 5000
[2023-10-08 14:21:49] INFO: SEQUELIZE
[2023-10-08 14:21:49] INFO: Database connection established successfully
[2023-10-08 14:21:54] INFO: POST
[2023-10-08 14:21:57] ERROR: Could not create
[2023-10-08 14:21:57] INFO: POST
[2023-10-08 14:21:59] INFO: POST
[2023-10-08 14:23:08] INFO: App listening on the port: 5000
[2023-10-08 14:23:08] INFO: SEQUELIZE
[2023-10-08 14:23:08] INFO: Database connection established successfully
[2023-10-08 14:23:10] ERROR: Could not create
[2023-10-08 14:23:10] INFO: POST
[2023-10-08 14:23:13] INFO: POST
[2023-10-08 14:24:00] INFO: App listening on the port: 5000
[2023-10-08 14:24:00] INFO: SEQUELIZE
[2023-10-08 14:24:00] INFO: Database connection established successfully
[2023-10-08 14:24:00] ERROR: Could not create
[2023-10-08 14:24:00] INFO: POST
[2023-10-08 14:24:05] INFO: POST
[2023-10-08 14:24:16] INFO: App listening on the port: 5000
[2023-10-08 14:24:16] INFO: SEQUELIZE
[2023-10-08 14:24:16] INFO: Database connection established successfully
[2023-10-08 14:24:17] ERROR: Could not create
[2023-10-08 14:24:17] INFO: POST
[2023-10-08 14:24:21] INFO: POST
[2023-10-08 17:56:31] INFO: App listening on the port: 5000
[2023-10-08 17:56:31] INFO: SEQUELIZE
[2023-10-08 17:56:31] INFO: Database connection established successfully
[2023-10-08 17:56:34] ERROR: Could not create
[2023-10-08 17:56:34] INFO: POST
[2023-10-08 17:56:36] INFO: POST
[2023-10-08 17:57:25] INFO: App listening on the port: 5000
[2023-10-08 17:57:25] INFO: SEQUELIZE
[2023-10-08 17:57:25] INFO: Database connection established successfully
[2023-10-08 17:57:27] INFO: POST
[2023-10-08 17:57:30] INFO: POST
[2023-10-08 17:57:40] INFO: App listening on the port: 5000
[2023-10-08 17:57:40] INFO: SEQUELIZE
[2023-10-08 17:57:40] INFO: Database connection established successfully
[2023-10-08 17:57:45] INFO: POST
[2023-10-08 17:58:07] INFO: App listening on the port: 5000
[2023-10-08 17:58:07] INFO: SEQUELIZE
[2023-10-08 17:58:07] INFO: Database connection established successfully
[2023-10-08 17:58:10] ERROR: Could not create
[2023-10-08 17:58:10] INFO: POST
[2023-10-08 17:58:12] INFO: POST
[2023-10-08 17:58:48] INFO: App listening on the port: 5000
[2023-10-08 17:58:48] INFO: SEQUELIZE
[2023-10-08 17:58:48] INFO: Database connection established successfully
[2023-10-08 17:58:53] INFO: POST
[2023-10-08 17:58:55] INFO: SEQUELIZE
[2023-10-08 17:58:55] INFO: POST
[2023-10-08 17:58:58] INFO: POST
[2023-10-08 17:59:28] INFO: SEQUELIZE
[2023-10-08 17:59:28] INFO: Database connection established successfully
[2023-10-08 17:59:45] INFO: App listening on the port: 5000
[2023-10-08 17:59:45] INFO: SEQUELIZE
[2023-10-08 17:59:45] INFO: Database connection established successfully
[2023-10-08 17:59:50] INFO: POST
[2023-10-08 18:00:18] INFO: App listening on the port: 5000
[2023-10-08 18:00:18] INFO: SEQUELIZE
[2023-10-08 18:00:18] INFO: Database connection established successfully
[2023-10-08 18:00:23] INFO: POST
[2023-10-08 18:00:39] INFO: App listening on the port: 5000
[2023-10-08 18:00:39] INFO: SEQUELIZE
[2023-10-08 18:00:39] INFO: Database connection established successfully
[2023-10-08 18:00:50] INFO: App listening on the port: 5000
[2023-10-08 18:00:50] INFO: SEQUELIZE
[2023-10-08 18:00:50] INFO: Database connection established successfully
[2023-10-08 18:00:50] INFO: SEQUELIZE
[2023-10-08 18:00:50] INFO: POST
[2023-10-08 18:00:55] INFO: POST
[2023-10-08 18:03:30] INFO: OPTIONS
[2023-10-08 18:03:30] INFO: POST
[2023-10-08 18:04:26] INFO: App listening on the port: 5000
[2023-10-08 18:04:26] INFO: SEQUELIZE
[2023-10-08 18:04:26] INFO: Database connection established successfully
[2023-10-08 18:04:34] INFO: App listening on the port: 5000
[2023-10-08 18:04:34] INFO: SEQUELIZE
[2023-10-08 18:04:34] INFO: Database connection established successfully
[2023-10-08 18:04:39] INFO: POST
[2023-10-08 18:05:29] INFO: App listening on the port: 5000
[2023-10-08 18:05:29] INFO: OPTIONS
[2023-10-08 18:05:29] INFO: SEQUELIZE
[2023-10-08 18:05:29] INFO: Database connection established successfully
[2023-10-08 18:05:34] INFO: POST
[2023-10-08 18:05:58] INFO: App listening on the port: 5000
[2023-10-08 18:05:59] INFO: SEQUELIZE
[2023-10-08 18:05:59] INFO: Database connection established successfully
[2023-10-08 18:05:59] INFO: OPTIONS
[2023-10-08 18:06:04] INFO: POST
[2023-10-08 18:06:53] INFO: App listening on the port: 5000
[2023-10-08 18:06:53] INFO: OPTIONS
[2023-10-08 18:06:53] INFO: SEQUELIZE
[2023-10-08 18:06:53] INFO: Database connection established successfully
[2023-10-08 18:06:53] INFO: SEQUELIZE
[2023-10-08 18:06:53] INFO: POST
[2023-10-08 18:06:58] INFO: POST
[2023-10-08 18:09:41] INFO: App listening on the port: 5000
[2023-10-08 18:09:41] INFO: SEQUELIZE
[2023-10-08 18:09:41] INFO: Database connection established successfully
[2023-10-08 18:09:46] INFO: POST
[2023-10-08 20:20:59] INFO: OPTIONS
[2023-10-08 20:20:59] INFO: SEQUELIZE
[2023-10-08 20:20:59] INFO: POST
[2023-10-08 20:21:03] INFO: POST
[2023-10-08 21:03:24] INFO: OPTIONS
[2023-10-08 21:03:24] INFO: SEQUELIZE
[2023-10-08 21:03:24] ERROR: Not found error
[2023-10-08 21:03:24] INFO: POST
[2023-10-08 21:03:24] INFO: POST
[2023-10-08 21:03:40] INFO: SEQUELIZE
[2023-10-08 21:03:41] ERROR: Incorrect password!
[2023-10-08 21:03:41] INFO: POST
[2023-10-08 21:03:44] INFO: POST
[2023-10-08 21:04:11] INFO: SEQUELIZE
[2023-10-08 21:04:11] INFO: POST
[2023-10-08 21:04:14] INFO: POST
[2023-10-08 21:04:21] INFO: SEQUELIZE
[2023-10-08 21:04:21] INFO: SEQUELIZE
[2023-10-08 21:04:21] INFO: POST
[2023-10-08 21:04:25] INFO: POST
[2023-10-08 21:04:50] INFO: SEQUELIZE
[2023-10-08 21:04:50] INFO: SEQUELIZE
[2023-10-08 21:04:50] INFO: POST
[2023-10-08 21:04:55] INFO: POST
[2023-10-08 21:05:35] INFO: App listening on the port: 5000
[2023-10-08 21:05:35] INFO: SEQUELIZE
[2023-10-08 21:05:35] INFO: Database connection established successfully
[2023-10-08 21:05:40] INFO: POST
[2023-10-08 21:05:44] INFO: SEQUELIZE
[2023-10-08 21:05:44] INFO: SEQUELIZE
[2023-10-08 21:05:44] INFO: POST
[2023-10-08 21:05:45] INFO: POST
[2023-10-08 21:06:06] INFO: SEQUELIZE
[2023-10-08 21:06:06] INFO: SEQUELIZE
[2023-10-08 21:06:06] INFO: POST
[2023-10-08 21:06:10] INFO: POST
[2023-10-08 21:06:40] INFO: SEQUELIZE
[2023-10-08 21:06:40] INFO: SEQUELIZE
[2023-10-08 21:06:40] INFO: POST
[2023-10-08 21:06:40] INFO: POST
[2023-10-08 21:11:26] INFO: SEQUELIZE
[2023-10-08 21:11:26] INFO: POST
[2023-10-08 21:11:26] INFO: SEQUELIZE
[2023-10-08 21:11:26] INFO: POST
[2023-10-08 21:11:31] INFO: POST
[2023-10-08 21:11:32] INFO: SEQUELIZE
[2023-10-08 21:11:32] INFO: SEQUELIZE
[2023-10-08 21:11:32] INFO: POST
[2023-10-08 21:11:36] INFO: POST
[2023-10-08 21:11:46] INFO: SEQUELIZE
[2023-10-08 21:11:46] INFO: SEQUELIZE
[2023-10-08 21:11:46] INFO: POST
[2023-10-08 21:11:46] INFO: POST
[2023-10-08 21:12:18] INFO: SEQUELIZE
[2023-10-08 21:12:18] INFO: SEQUELIZE
[2023-10-08 21:12:18] INFO: POST
[2023-10-08 21:12:21] INFO: POST
[2023-10-08 21:12:33] INFO: SEQUELIZE
[2023-10-08 21:12:34] INFO: SEQUELIZE
[2023-10-08 21:12:34] INFO: POST
[2023-10-08 21:12:36] INFO: POST
[2023-10-08 21:12:44] INFO: SEQUELIZE
[2023-10-08 21:12:44] INFO: SEQUELIZE
[2023-10-08 21:12:44] INFO: POST
[2023-10-08 21:12:46] INFO: POST
[2023-10-08 21:12:47] INFO: OPTIONS
[2023-10-08 21:12:47] INFO: OPTIONS
[2023-10-08 21:12:47] INFO: POST
[2023-10-08 21:12:47] INFO: POST
[2023-10-08 21:12:51] INFO: POST
[2023-10-08 21:12:55] INFO: SEQUELIZE
[2023-10-08 21:12:55] ERROR: Not found error
[2023-10-08 21:12:55] INFO: POST
[2023-10-08 21:12:56] INFO: POST
[2023-10-08 21:13:08] INFO: SEQUELIZE
[2023-10-08 21:13:08] INFO: SEQUELIZE
[2023-10-08 21:13:08] INFO: POST
[2023-10-08 21:13:11] INFO: POST
[2023-10-08 21:13:12] INFO: POST
[2023-10-08 21:13:12] INFO: POST
[2023-10-08 21:13:16] INFO: POST
[2023-10-08 21:13:33] INFO: SEQUELIZE
[2023-10-08 21:13:33] INFO: SEQUELIZE
[2023-10-08 21:13:33] INFO: POST
[2023-10-08 21:13:36] INFO: POST
[2023-10-08 21:14:59] INFO: SEQUELIZE
[2023-10-08 21:15:00] INFO: SEQUELIZE
[2023-10-08 21:15:00] INFO: POST
[2023-10-08 21:15:02] INFO: POST
[2023-10-08 21:16:28] INFO: POST
[2023-10-08 21:16:28] INFO: POST
[2023-10-08 21:16:32] INFO: POST
[2023-10-08 21:16:36] INFO: POST
[2023-10-08 21:16:36] INFO: POST
[2023-10-08 21:16:37] INFO: POST
[2023-10-08 21:16:52] INFO: SEQUELIZE
[2023-10-08 21:16:52] ERROR: Incorrect password!
[2023-10-08 21:16:52] INFO: POST
[2023-10-08 21:16:57] INFO: SEQUELIZE
[2023-10-08 21:16:57] INFO: SEQUELIZE
[2023-10-08 21:16:57] INFO: POST
[2023-10-08 21:16:57] INFO: POST
[2023-10-08 21:17:57] INFO: POST
[2023-10-08 21:17:57] INFO: POST
[2023-10-08 21:17:57] INFO: POST
[2023-10-08 21:18:11] INFO: POST
[2023-10-08 21:18:11] INFO: POST
[2023-10-08 21:18:12] INFO: POST
[2023-10-08 21:18:16] INFO: SEQUELIZE
[2023-10-08 21:18:16] ERROR: Not found error
[2023-10-08 21:18:17] INFO: POST
[2023-10-08 21:18:17] INFO: POST
[2023-10-08 21:18:23] INFO: SEQUELIZE
[2023-10-08 21:18:23] ERROR: Not found error
[2023-10-08 21:18:23] INFO: POST
[2023-10-08 21:18:27] INFO: POST
[2023-10-08 21:18:32] INFO: SEQUELIZE
[2023-10-08 21:18:32] INFO: SEQUELIZE
[2023-10-08 21:18:32] INFO: POST
[2023-10-08 21:18:32] INFO: POST
[2023-10-08 21:19:41] INFO: OPTIONS
[2023-10-08 21:19:41] ERROR: Bad request error
[2023-10-08 21:19:41] INFO: POST
[2023-10-08 21:19:42] INFO: POST
[2023-10-08 21:20:28] INFO: SEQUELIZE
[2023-10-08 21:20:28] INFO: SEQUELIZE
[2023-10-08 21:20:28] INFO: POST
[2023-10-08 21:20:32] INFO: POST
[2023-10-08 21:20:48] ERROR: Bad request error
[2023-10-08 21:20:48] INFO: POST
[2023-10-08 21:20:48] ERROR: Bad request error
[2023-10-08 21:20:48] INFO: POST
[2023-10-08 21:20:52] INFO: POST
[2023-10-08 21:52:47] INFO: SEQUELIZE
[2023-10-08 21:52:47] INFO: SEQUELIZE
[2023-10-08 21:52:47] INFO: POST
[2023-10-08 21:52:51] INFO: POST
[2023-10-08 21:52:59] INFO: OPTIONS
[2023-10-08 21:52:59] INFO: OPTIONS
[2023-10-08 21:52:59] INFO: SEQUELIZE
[2023-10-08 21:52:59] INFO: SEQUELIZE
[2023-10-08 21:52:59] INFO: SEQUELIZE
[2023-10-08 21:52:59] INFO: POST
[2023-10-08 21:52:59] INFO: SEQUELIZE
[2023-10-08 21:52:59] INFO: POST
[2023-10-08 21:53:01] INFO: POST
[2023-10-08 21:53:06] INFO: SEQUELIZE
[2023-10-08 21:53:06] INFO: SEQUELIZE
[2023-10-08 21:53:06] INFO: SEQUELIZE
[2023-10-08 21:53:06] INFO: POST
[2023-10-08 21:53:06] INFO: SEQUELIZE
[2023-10-08 21:53:06] INFO: POST
[2023-10-08 21:53:11] INFO: POST
[2023-10-08 21:53:42] INFO: SEQUELIZE
[2023-10-08 21:53:42] INFO: SEQUELIZE
[2023-10-08 21:53:42] INFO: POST
[2023-10-08 21:53:46] INFO: POST
[2023-10-08 21:54:06] INFO: SEQUELIZE
[2023-10-08 21:54:06] INFO: SEQUELIZE
[2023-10-08 21:54:06] INFO: SEQUELIZE
[2023-10-08 21:54:06] INFO: POST
[2023-10-08 21:54:06] INFO: SEQUELIZE
[2023-10-08 21:54:06] INFO: POST
[2023-10-08 21:54:10] INFO: SEQUELIZE
[2023-10-08 21:54:10] INFO: SEQUELIZE
[2023-10-08 21:54:10] INFO: SEQUELIZE
[2023-10-08 21:54:10] INFO: POST
[2023-10-08 21:54:10] INFO: SEQUELIZE
[2023-10-08 21:54:10] INFO: POST
[2023-10-08 21:54:11] INFO: POST
[2023-10-08 21:55:04] INFO: SEQUELIZE
[2023-10-08 21:55:04] INFO: SEQUELIZE
[2023-10-08 21:55:04] INFO: SEQUELIZE
[2023-10-08 21:55:04] INFO: POST
[2023-10-08 21:55:04] INFO: SEQUELIZE
[2023-10-08 21:55:04] INFO: POST
[2023-10-08 21:55:06] INFO: POST
[2023-10-08 21:55:14] INFO: SEQUELIZE
[2023-10-08 21:55:14] INFO: SEQUELIZE
[2023-10-08 21:55:14] INFO: POST
[2023-10-08 21:55:16] INFO: POST
[2023-10-08 21:56:41] INFO: SEQUELIZE
[2023-10-08 21:56:42] INFO: SEQUELIZE
[2023-10-08 21:56:42] INFO: POST
[2023-10-08 21:56:46] INFO: POST
[2023-10-08 21:56:47] INFO: SEQUELIZE
[2023-10-08 21:56:47] INFO: SEQUELIZE
[2023-10-08 21:56:47] INFO: SEQUELIZE
[2023-10-08 21:56:47] INFO: POST
[2023-10-08 21:56:47] INFO: SEQUELIZE
[2023-10-08 21:56:47] INFO: POST
[2023-10-08 21:56:51] INFO: POST
[2023-10-08 21:57:33] INFO: SEQUELIZE
[2023-10-08 21:57:33] INFO: SEQUELIZE
[2023-10-08 21:57:33] INFO: POST
[2023-10-08 21:57:36] INFO: POST
[2023-10-08 21:59:58] INFO: SEQUELIZE
[2023-10-08 21:59:58] INFO: SEQUELIZE
[2023-10-08 21:59:58] INFO: SEQUELIZE
[2023-10-08 21:59:58] INFO: POST
[2023-10-08 21:59:58] INFO: SEQUELIZE
[2023-10-08 21:59:58] INFO: POST
[2023-10-08 22:00:02] INFO: POST
[2023-10-08 22:01:03] INFO: SEQUELIZE
[2023-10-08 22:01:03] INFO: SEQUELIZE
[2023-10-08 22:01:03] INFO: POST
[2023-10-08 22:01:07] INFO: POST
[2023-10-08 22:01:08] INFO: SEQUELIZE
[2023-10-08 22:01:08] INFO: SEQUELIZE
[2023-10-08 22:01:08] INFO: SEQUELIZE
[2023-10-08 22:01:09] INFO: POST
[2023-10-08 22:01:09] INFO: SEQUELIZE
[2023-10-08 22:01:09] INFO: POST
[2023-10-08 22:01:12] INFO: POST
[2023-10-08 22:02:13] INFO: SEQUELIZE
[2023-10-08 22:02:13] INFO: SEQUELIZE
[2023-10-08 22:02:13] INFO: POST
[2023-10-08 22:02:13] INFO: SEQUELIZE
[2023-10-08 22:02:13] INFO: SEQUELIZE
[2023-10-08 22:02:13] INFO: POST
[2023-10-08 22:02:17] INFO: POST
[2023-10-08 22:02:23] INFO: SEQUELIZE
[2023-10-08 22:02:23] INFO: SEQUELIZE
[2023-10-08 22:02:23] INFO: POST
[2023-10-08 22:02:25] INFO: SEQUELIZE
[2023-10-08 22:02:25] INFO: SEQUELIZE
[2023-10-08 22:02:25] INFO: SEQUELIZE
[2023-10-08 22:02:25] INFO: POST
[2023-10-08 22:02:25] INFO: SEQUELIZE
[2023-10-08 22:02:25] INFO: POST
[2023-10-08 22:02:26] INFO: SEQUELIZE
[2023-10-08 22:02:26] INFO: SEQUELIZE
[2023-10-08 22:02:26] INFO: SEQUELIZE
[2023-10-08 22:02:26] INFO: POST
[2023-10-08 22:02:26] INFO: SEQUELIZE
[2023-10-08 22:02:26] INFO: POST
[2023-10-08 22:02:27] INFO: POST
[2023-10-08 22:02:29] INFO: SEQUELIZE
[2023-10-08 22:02:29] INFO: SEQUELIZE
[2023-10-08 22:02:29] INFO: SEQUELIZE
[2023-10-08 22:02:29] INFO: POST
[2023-10-08 22:02:29] INFO: SEQUELIZE
[2023-10-08 22:02:29] INFO: POST
[2023-10-08 22:02:32] INFO: POST
[2023-10-08 22:13:08] INFO: SEQUELIZE
[2023-10-08 22:13:08] INFO: SEQUELIZE
[2023-10-08 22:13:08] INFO: SEQUELIZE
[2023-10-08 22:13:08] INFO: POST
[2023-10-08 22:13:08] INFO: SEQUELIZE
[2023-10-08 22:13:08] INFO: POST
[2023-10-08 22:13:08] INFO: POST
[2023-10-08 22:13:11] INFO: SEQUELIZE
[2023-10-08 22:13:11] INFO: SEQUELIZE
[2023-10-08 22:13:11] INFO: SEQUELIZE
[2023-10-08 22:13:11] INFO: POST
[2023-10-08 22:13:11] INFO: SEQUELIZE
[2023-10-08 22:13:11] INFO: POST
[2023-10-08 22:13:11] INFO: SEQUELIZE
[2023-10-08 22:13:11] INFO: SEQUELIZE
[2023-10-08 22:13:11] INFO: SEQUELIZE
[2023-10-08 22:13:12] INFO: POST
[2023-10-08 22:13:12] INFO: SEQUELIZE
[2023-10-08 22:13:12] INFO: POST
[2023-10-08 22:13:13] INFO: POST
[2023-10-08 22:14:04] INFO: SEQUELIZE
[2023-10-08 22:14:04] INFO: SEQUELIZE
[2023-10-08 22:14:04] INFO: SEQUELIZE
[2023-10-08 22:14:04] INFO: POST
[2023-10-08 22:14:04] INFO: SEQUELIZE
[2023-10-08 22:14:04] INFO: POST
[2023-10-08 22:14:08] INFO: POST
[2023-10-08 22:14:25] INFO: SEQUELIZE
[2023-10-08 22:14:25] INFO: SEQUELIZE
[2023-10-08 22:14:25] INFO: SEQUELIZE
[2023-10-08 22:14:25] INFO: POST
[2023-10-08 22:14:25] INFO: SEQUELIZE
[2023-10-08 22:14:25] INFO: POST
[2023-10-08 22:14:29] INFO: POST
[2023-10-08 22:15:55] INFO: SEQUELIZE
[2023-10-08 22:15:55] INFO: SEQUELIZE
[2023-10-08 22:15:55] INFO: SEQUELIZE
[2023-10-08 22:15:55] INFO: POST
[2023-10-08 22:15:55] INFO: SEQUELIZE
[2023-10-08 22:15:55] INFO: POST
[2023-10-08 22:15:59] INFO: POST
[2023-10-08 22:17:08] INFO: SEQUELIZE
[2023-10-08 22:17:08] INFO: SEQUELIZE
[2023-10-08 22:17:08] INFO: POST
[2023-10-08 22:17:08] INFO: SEQUELIZE
[2023-10-08 22:17:08] INFO: SEQUELIZE
[2023-10-08 22:17:08] INFO: POST
[2023-10-08 22:17:09] INFO: POST
[2023-10-08 22:17:59] INFO: SEQUELIZE
[2023-10-08 22:17:59] INFO: SEQUELIZE
[2023-10-08 22:17:59] INFO: SEQUELIZE
[2023-10-08 22:17:59] INFO: POST
[2023-10-08 22:17:59] INFO: SEQUELIZE
[2023-10-08 22:17:59] INFO: POST
[2023-10-08 22:17:59] INFO: POST
[2023-10-08 22:18:51] INFO: SEQUELIZE
[2023-10-08 22:18:51] INFO: SEQUELIZE
[2023-10-08 22:18:51] INFO: SEQUELIZE
[2023-10-08 22:18:51] INFO: POST
[2023-10-08 22:18:51] INFO: SEQUELIZE
[2023-10-08 22:18:51] INFO: POST
[2023-10-08 22:18:54] INFO: POST
[2023-10-08 22:20:20] INFO: SEQUELIZE
[2023-10-08 22:20:20] INFO: SEQUELIZE
[2023-10-08 22:20:20] INFO: SEQUELIZE
[2023-10-08 22:20:20] INFO: POST
[2023-10-08 22:20:20] INFO: SEQUELIZE
[2023-10-08 22:20:20] INFO: POST
[2023-10-08 22:20:24] INFO: POST
[2023-10-08 22:25:41] INFO: SEQUELIZE
[2023-10-08 22:25:41] INFO: SEQUELIZE
[2023-10-08 22:25:41] INFO: SEQUELIZE
[2023-10-08 22:25:41] INFO: POST
[2023-10-08 22:25:41] INFO: SEQUELIZE
[2023-10-08 22:25:41] INFO: POST
[2023-10-08 22:25:45] INFO: POST
[2023-10-08 22:25:58] INFO: SEQUELIZE
[2023-10-08 22:25:58] INFO: SEQUELIZE
[2023-10-08 22:25:58] INFO: POST
[2023-10-08 22:26:00] INFO: POST
[2023-10-08 22:27:05] INFO: SEQUELIZE
[2023-10-08 22:27:05] INFO: SEQUELIZE
[2023-10-08 22:27:05] INFO: POST
[2023-10-08 22:27:10] INFO: POST
[2023-10-08 22:28:17] INFO: SEQUELIZE
[2023-10-08 22:28:17] INFO: SEQUELIZE
[2023-10-08 22:28:17] INFO: SEQUELIZE
[2023-10-08 22:28:17] INFO: POST
[2023-10-08 22:28:17] INFO: SEQUELIZE
[2023-10-08 22:28:18] INFO: POST
[2023-10-08 22:28:20] INFO: POST
[2023-10-08 22:30:55] INFO: SEQUELIZE
[2023-10-08 22:30:55] INFO: SEQUELIZE
[2023-10-08 22:30:55] INFO: SEQUELIZE
[2023-10-08 22:30:55] INFO: POST
[2023-10-08 22:30:55] INFO: SEQUELIZE
[2023-10-08 22:30:55] INFO: POST
[2023-10-08 22:30:55] INFO: POST
[2023-10-08 22:33:19] INFO: SEQUELIZE
[2023-10-08 22:33:19] ERROR: Incorrect password!
[2023-10-08 22:33:19] INFO: POST
[2023-10-08 22:33:21] INFO: POST
[2023-10-08 22:33:27] INFO: SEQUELIZE
[2023-10-08 22:33:27] ERROR: Incorrect password!
[2023-10-08 22:33:27] INFO: POST
[2023-10-08 22:33:31] INFO: POST
[2023-10-08 22:33:34] INFO: SEQUELIZE
[2023-10-08 22:33:34] ERROR: Incorrect password!
[2023-10-08 22:33:34] INFO: POST
[2023-10-08 22:33:36] INFO: POST
[2023-10-08 22:33:43] INFO: SEQUELIZE
[2023-10-08 22:33:43] ERROR: Incorrect password!
[2023-10-08 22:33:43] INFO: POST
[2023-10-08 22:33:46] INFO: POST
[2023-10-08 22:34:54] INFO: SEQUELIZE
[2023-10-08 22:34:54] ERROR: Incorrect password!
[2023-10-08 22:34:54] INFO: POST
[2023-10-08 22:34:56] INFO: POST
[2023-10-08 22:35:10] INFO: SEQUELIZE
[2023-10-08 22:35:10] ERROR: Incorrect password!
[2023-10-08 22:35:10] INFO: POST
[2023-10-08 22:35:11] INFO: POST
[2023-10-08 22:35:15] INFO: SEQUELIZE
[2023-10-08 22:35:15] ERROR: Incorrect password!
[2023-10-08 22:35:15] INFO: POST
[2023-10-08 22:35:16] INFO: POST
[2023-10-08 22:36:01] INFO: SEQUELIZE
[2023-10-08 22:36:01] ERROR: Incorrect password!
[2023-10-08 22:36:01] INFO: POST
[2023-10-08 22:36:06] INFO: POST
[2023-10-08 22:36:43] INFO: App listening on the port: 5000
[2023-10-08 22:36:43] INFO: SEQUELIZE
[2023-10-08 22:36:43] INFO: Database connection established successfully
[2023-10-08 22:36:48] INFO: POST
[2023-10-08 22:37:21] INFO: SEQUELIZE
[2023-10-08 22:37:21] ERROR: Incorrect password!
[2023-10-08 22:37:21] INFO: POST
[2023-10-08 22:37:24] INFO: POST
[2023-10-08 22:37:41] INFO: App listening on the port: 5000
[2023-10-08 22:37:42] INFO: SEQUELIZE
[2023-10-08 22:37:42] INFO: Database connection established successfully
[2023-10-08 22:37:50] INFO: App listening on the port: 5000
[2023-10-08 22:37:51] INFO: SEQUELIZE
[2023-10-08 22:37:51] INFO: Database connection established successfully
[2023-10-08 22:37:51] INFO: SEQUELIZE
[2023-10-08 22:37:51] ERROR: Incorrect password!
[2023-10-08 22:37:51] INFO: POST
[2023-10-08 22:37:55] INFO: POST
[2023-10-08 22:40:21] INFO: SEQUELIZE
[2023-10-08 22:40:21] ERROR: Incorrect password!
[2023-10-08 22:40:21] INFO: POST
[2023-10-08 22:40:26] INFO: POST
