[2023-05-22 08:48:27] INFO: App listening on the port: 5000
[2023-05-22 08:48:27] INFO: SEQUELIZE
[2023-05-22 08:48:27] INFO: Database connection established successfully
[2023-05-22 08:48:32] INFO: POST
[2023-05-22 08:49:32] INFO: App listening on the port: 5000
[2023-05-22 08:49:32] INFO: SEQUELIZE
[2023-05-22 08:49:32] INFO: Database connection established successfully
[2023-05-22 08:49:37] INFO: App listening on the port: 5000
[2023-05-22 08:49:37] INFO: SEQUELIZE
[2023-05-22 08:49:37] INFO: Database connection established successfully
[2023-05-22 08:49:45] INFO: App listening on the port: 5000
[2023-05-22 08:49:45] INFO: SEQUELIZE
[2023-05-22 08:49:45] INFO: Database connection established successfully
[2023-05-22 08:49:50] INFO: POST
[2023-05-22 08:50:12] INFO: App listening on the port: 5000
[2023-05-22 08:50:12] INFO: SEQUELIZE
[2023-05-22 08:50:12] INFO: Database connection established successfully
[2023-05-22 08:50:17] INFO: POST
[2023-05-22 08:51:32] INFO: App listening on the port: 5000
[2023-05-22 08:51:32] INFO: SEQUELIZE
[2023-05-22 08:51:32] INFO: Database connection established successfully
[2023-05-22 08:51:37] INFO: App listening on the port: 5000
[2023-05-22 08:51:37] INFO: SEQUELIZE
[2023-05-22 08:51:37] INFO: Database connection established successfully
[2023-05-22 08:51:42] INFO: POST
[2023-05-22 08:52:31] INFO: App listening on the port: 5000
[2023-05-22 08:52:31] INFO: SEQUELIZE
[2023-05-22 08:52:31] INFO: Database connection established successfully
[2023-05-22 08:52:36] INFO: POST
[2023-05-22 08:53:45] INFO: App listening on the port: 5000
[2023-05-22 08:53:45] INFO: SEQUELIZE
[2023-05-22 08:53:45] INFO: Database connection established successfully
[2023-05-22 08:53:50] INFO: POST
[2023-05-22 08:55:29] INFO: App listening on the port: 5000
[2023-05-22 08:55:29] INFO: SEQUELIZE
[2023-05-22 08:55:29] INFO: Database connection established successfully
[2023-05-22 08:55:34] INFO: POST
[2023-05-22 08:56:43] INFO: App listening on the port: 5000
[2023-05-22 08:56:43] INFO: SEQUELIZE
[2023-05-22 08:56:43] INFO: Database connection established successfully
[2023-05-22 08:56:48] INFO: POST
[2023-05-22 08:57:23] INFO: App listening on the port: 5000
[2023-05-22 08:57:23] INFO: SEQUELIZE
[2023-05-22 08:57:23] INFO: Database connection established successfully
[2023-05-22 08:57:28] INFO: POST
[2023-05-22 08:58:07] INFO: App listening on the port: 5000
[2023-05-22 08:58:07] INFO: SEQUELIZE
[2023-05-22 08:58:07] INFO: Database connection established successfully
[2023-05-22 08:58:12] INFO: POST
[2023-05-22 08:59:30] INFO: App listening on the port: 5000
[2023-05-22 08:59:30] INFO: SEQUELIZE
[2023-05-22 08:59:30] INFO: Database connection established successfully
[2023-05-22 08:59:35] INFO: POST
[2023-05-22 09:00:40] INFO: App listening on the port: 5000
[2023-05-22 09:00:40] INFO: SEQUELIZE
[2023-05-22 09:00:40] INFO: Database connection established successfully
[2023-05-22 09:00:45] INFO: POST
[2023-05-22 09:02:24] INFO: App listening on the port: 5000
[2023-05-22 09:02:24] INFO: SEQUELIZE
[2023-05-22 09:02:24] INFO: Database connection established successfully
[2023-05-22 09:02:29] INFO: POST
[2023-05-22 09:02:57] INFO: App listening on the port: 5000
[2023-05-22 09:02:58] INFO: SEQUELIZE
[2023-05-22 09:02:58] INFO: Database connection established successfully
[2023-05-22 09:03:03] INFO: POST
[2023-05-22 09:03:24] INFO: App listening on the port: 5000
[2023-05-22 09:03:24] INFO: SEQUELIZE
[2023-05-22 09:03:24] INFO: Database connection established successfully
[2023-05-22 09:03:29] INFO: POST
[2023-05-22 09:03:47] INFO: App listening on the port: 5000
[2023-05-22 09:03:47] INFO: SEQUELIZE
[2023-05-22 09:03:47] INFO: Database connection established successfully
[2023-05-22 09:03:55] INFO: App listening on the port: 5000
[2023-05-22 09:03:55] INFO: SEQUELIZE
[2023-05-22 09:03:55] INFO: Database connection established successfully
[2023-05-22 09:04:00] INFO: POST
[2023-05-22 09:04:27] INFO: App listening on the port: 5000
[2023-05-22 09:04:27] INFO: SEQUELIZE
[2023-05-22 09:04:27] INFO: Database connection established successfully
[2023-05-22 09:04:32] INFO: POST
[2023-05-22 09:04:41] INFO: App listening on the port: 5000
[2023-05-22 09:04:41] INFO: SEQUELIZE
[2023-05-22 09:04:41] INFO: Database connection established successfully
[2023-05-22 09:04:46] INFO: POST
[2023-05-22 09:04:52] INFO: App listening on the port: 5000
[2023-05-22 09:04:52] INFO: SEQUELIZE
[2023-05-22 09:04:52] INFO: Database connection established successfully
[2023-05-22 09:04:57] INFO: POST
[2023-05-22 09:07:55] INFO: App listening on the port: 5000
[2023-05-22 09:07:55] INFO: SEQUELIZE
[2023-05-22 09:07:55] INFO: Database connection established successfully
[2023-05-22 09:08:00] INFO: POST
[2023-05-22 09:09:49] INFO: App listening on the port: 5000
[2023-05-22 09:09:49] INFO: SEQUELIZE
[2023-05-22 09:09:49] INFO: Database connection established successfully
[2023-05-22 09:09:54] INFO: POST
[2023-05-22 09:10:43] INFO: App listening on the port: 5000
[2023-05-22 09:10:43] INFO: SEQUELIZE
[2023-05-22 09:10:43] INFO: Database connection established successfully
[2023-05-22 09:10:48] INFO: POST
[2023-05-22 09:12:00] INFO: App listening on the port: 5000
[2023-05-22 09:12:00] INFO: SEQUELIZE
[2023-05-22 09:12:00] INFO: Database connection established successfully
[2023-05-22 09:12:05] INFO: POST
[2023-05-22 09:22:01] INFO: App listening on the port: 5000
[2023-05-22 09:22:01] INFO: SEQUELIZE
[2023-05-22 09:22:01] INFO: Database connection established successfully
[2023-05-22 09:22:06] INFO: POST
[2023-05-22 09:23:57] INFO: App listening on the port: 5000
[2023-05-22 09:23:57] INFO: SEQUELIZE
[2023-05-22 09:23:57] INFO: Database connection established successfully
[2023-05-22 09:24:02] INFO: POST
[2023-05-22 09:24:06] INFO: App listening on the port: 5000
[2023-05-22 09:24:06] INFO: SEQUELIZE
[2023-05-22 09:24:06] INFO: Database connection established successfully
[2023-05-22 09:24:11] INFO: POST
[2023-05-22 09:25:19] INFO: App listening on the port: 5000
[2023-05-22 09:25:19] INFO: SEQUELIZE
[2023-05-22 09:25:19] INFO: Database connection established successfully
[2023-05-22 09:25:24] INFO: POST
[2023-05-22 09:25:38] INFO: App listening on the port: 5000
[2023-05-22 09:25:38] INFO: SEQUELIZE
[2023-05-22 09:25:38] INFO: Database connection established successfully
[2023-05-22 09:25:43] INFO: POST
[2023-05-22 09:26:18] INFO: App listening on the port: 5000
[2023-05-22 09:26:18] INFO: SEQUELIZE
[2023-05-22 09:26:18] INFO: Database connection established successfully
[2023-05-22 09:26:23] INFO: POST
[2023-05-22 09:26:41] INFO: App listening on the port: 5000
[2023-05-22 09:26:41] INFO: SEQUELIZE
[2023-05-22 09:26:41] INFO: Database connection established successfully
[2023-05-22 09:26:47] INFO: App listening on the port: 5000
[2023-05-22 09:26:47] INFO: SEQUELIZE
[2023-05-22 09:26:47] INFO: Database connection established successfully
[2023-05-22 09:26:53] INFO: App listening on the port: 5000
[2023-05-22 09:26:53] INFO: SEQUELIZE
[2023-05-22 09:26:53] INFO: Database connection established successfully
[2023-05-22 09:26:58] INFO: POST
[2023-05-22 09:27:18] INFO: App listening on the port: 5000
[2023-05-22 09:27:18] INFO: SEQUELIZE
[2023-05-22 09:27:18] INFO: Database connection established successfully
[2023-05-22 09:27:23] INFO: POST
[2023-05-22 09:27:31] INFO: App listening on the port: 5000
[2023-05-22 09:27:31] INFO: SEQUELIZE
[2023-05-22 09:27:31] INFO: Database connection established successfully
[2023-05-22 09:27:38] INFO: App listening on the port: 5000
[2023-05-22 09:27:38] INFO: SEQUELIZE
[2023-05-22 09:27:38] INFO: Database connection established successfully
[2023-05-22 09:27:46] INFO: App listening on the port: 5000
[2023-05-22 09:27:46] INFO: SEQUELIZE
[2023-05-22 09:27:46] INFO: Database connection established successfully
[2023-05-22 09:27:51] INFO: POST
[2023-05-22 09:28:36] INFO: App listening on the port: 5000
[2023-05-22 09:28:36] INFO: SEQUELIZE
[2023-05-22 09:28:36] INFO: Database connection established successfully
[2023-05-22 09:28:41] INFO: POST
[2023-05-22 09:31:09] INFO: App listening on the port: 5000
[2023-05-22 09:31:09] INFO: SEQUELIZE
[2023-05-22 09:31:09] INFO: Database connection established successfully
[2023-05-22 09:31:14] INFO: POST
[2023-05-22 09:31:24] INFO: App listening on the port: 5000
[2023-05-22 09:31:24] INFO: SEQUELIZE
[2023-05-22 09:31:24] INFO: Database connection established successfully
[2023-05-22 09:31:29] INFO: POST
[2023-05-22 09:31:44] INFO: App listening on the port: 5000
[2023-05-22 09:31:44] INFO: SEQUELIZE
[2023-05-22 09:31:44] INFO: Database connection established successfully
[2023-05-22 09:31:49] INFO: POST
[2023-05-22 09:33:31] INFO: App listening on the port: 5000
[2023-05-22 09:33:31] INFO: SEQUELIZE
[2023-05-22 09:33:31] INFO: Database connection established successfully
[2023-05-22 09:33:36] INFO: POST
[2023-05-22 09:34:33] INFO: App listening on the port: 5000
[2023-05-22 09:34:33] INFO: SEQUELIZE
[2023-05-22 09:34:33] INFO: Database connection established successfully
[2023-05-22 09:34:38] INFO: POST
[2023-05-22 09:34:53] INFO: App listening on the port: 5000
[2023-05-22 09:34:53] INFO: SEQUELIZE
[2023-05-22 09:34:53] INFO: Database connection established successfully
[2023-05-22 09:35:00] INFO: App listening on the port: 5000
[2023-05-22 09:35:00] INFO: SEQUELIZE
[2023-05-22 09:35:00] INFO: Database connection established successfully
[2023-05-22 09:35:05] INFO: POST
[2023-05-22 09:35:16] INFO: App listening on the port: 5000
[2023-05-22 09:35:16] INFO: SEQUELIZE
[2023-05-22 09:35:16] INFO: Database connection established successfully
[2023-05-22 09:35:21] INFO: POST
[2023-05-22 09:35:29] INFO: App listening on the port: 5000
[2023-05-22 09:35:29] INFO: SEQUELIZE
[2023-05-22 09:35:29] INFO: Database connection established successfully
[2023-05-22 09:35:34] INFO: POST
[2023-05-22 09:36:42] INFO: App listening on the port: 5000
[2023-05-22 09:36:42] INFO: SEQUELIZE
[2023-05-22 09:36:42] INFO: Database connection established successfully
[2023-05-22 09:36:47] INFO: POST
[2023-05-22 09:37:03] INFO: App listening on the port: 5000
[2023-05-22 09:37:03] INFO: SEQUELIZE
[2023-05-22 09:37:03] INFO: Database connection established successfully
[2023-05-22 09:37:08] INFO: App listening on the port: 5000
[2023-05-22 09:37:08] INFO: SEQUELIZE
[2023-05-22 09:37:08] INFO: Database connection established successfully
[2023-05-22 09:37:15] INFO: App listening on the port: 5000
[2023-05-22 09:37:15] INFO: SEQUELIZE
[2023-05-22 09:37:15] INFO: Database connection established successfully
[2023-05-22 09:37:20] INFO: POST
[2023-05-22 09:37:29] INFO: App listening on the port: 5000
[2023-05-22 09:37:29] INFO: SEQUELIZE
[2023-05-22 09:37:29] INFO: Database connection established successfully
[2023-05-22 09:37:34] INFO: POST
[2023-05-22 09:38:32] INFO: App listening on the port: 5000
[2023-05-22 09:38:32] INFO: SEQUELIZE
[2023-05-22 09:38:32] INFO: Database connection established successfully
[2023-05-22 09:38:37] INFO: POST
[2023-05-22 09:39:43] INFO: App listening on the port: 5000
[2023-05-22 09:39:43] INFO: SEQUELIZE
[2023-05-22 09:39:43] INFO: Database connection established successfully
[2023-05-22 09:39:48] INFO: POST
[2023-05-22 09:40:05] INFO: App listening on the port: 5000
[2023-05-22 09:40:06] INFO: SEQUELIZE
[2023-05-22 09:40:06] INFO: Database connection established successfully
[2023-05-22 09:40:11] INFO: POST
[2023-05-22 09:41:11] INFO: App listening on the port: 5000
[2023-05-22 09:41:11] INFO: SEQUELIZE
[2023-05-22 09:41:11] INFO: Database connection established successfully
[2023-05-22 09:41:16] INFO: POST
[2023-05-22 09:41:37] INFO: App listening on the port: 5000
[2023-05-22 09:41:37] INFO: SEQUELIZE
[2023-05-22 09:41:37] INFO: Database connection established successfully
[2023-05-22 09:41:42] INFO: POST
[2023-05-22 09:45:20] INFO: App listening on the port: 5000
[2023-05-22 09:45:20] INFO: SEQUELIZE
[2023-05-22 09:45:20] INFO: Database connection established successfully
[2023-05-22 09:45:25] INFO: POST
[2023-05-22 09:45:43] INFO: App listening on the port: 5000
[2023-05-22 09:45:43] INFO: SEQUELIZE
[2023-05-22 09:45:43] INFO: Database connection established successfully
[2023-05-22 09:45:48] INFO: POST
[2023-05-22 09:46:39] INFO: App listening on the port: 5000
[2023-05-22 09:46:39] INFO: SEQUELIZE
[2023-05-22 09:46:39] INFO: Database connection established successfully
[2023-05-22 09:46:44] INFO: POST
[2023-05-22 09:48:18] INFO: App listening on the port: 5000
[2023-05-22 09:48:18] INFO: SEQUELIZE
[2023-05-22 09:48:18] INFO: Database connection established successfully
[2023-05-22 09:48:23] INFO: POST
[2023-05-22 09:48:40] INFO: App listening on the port: 5000
[2023-05-22 09:48:40] INFO: SEQUELIZE
[2023-05-22 09:48:40] INFO: Database connection established successfully
[2023-05-22 09:48:45] INFO: POST
[2023-05-22 09:49:57] INFO: App listening on the port: 5000
[2023-05-22 09:49:57] INFO: SEQUELIZE
[2023-05-22 09:49:57] INFO: Database connection established successfully
[2023-05-22 09:50:02] INFO: POST
[2023-05-22 09:51:07] INFO: App listening on the port: 5000
[2023-05-22 09:51:07] INFO: SEQUELIZE
[2023-05-22 09:51:07] INFO: Database connection established successfully
[2023-05-22 09:51:12] INFO: POST
[2023-05-22 09:51:36] INFO: App listening on the port: 5000
[2023-05-22 09:51:36] INFO: SEQUELIZE
[2023-05-22 09:51:36] INFO: Database connection established successfully
[2023-05-22 09:51:41] INFO: POST
[2023-05-22 09:52:08] INFO: App listening on the port: 5000
[2023-05-22 09:52:08] INFO: SEQUELIZE
[2023-05-22 09:52:08] INFO: Database connection established successfully
[2023-05-22 09:52:13] INFO: POST
[2023-05-22 09:52:22] INFO: App listening on the port: 5000
[2023-05-22 09:52:22] INFO: SEQUELIZE
[2023-05-22 09:52:22] INFO: Database connection established successfully
[2023-05-22 09:52:27] INFO: POST
[2023-05-22 09:53:23] INFO: App listening on the port: 5000
[2023-05-22 09:53:23] INFO: SEQUELIZE
[2023-05-22 09:53:23] INFO: Database connection established successfully
[2023-05-22 09:53:28] INFO: POST
[2023-05-22 09:54:22] INFO: App listening on the port: 5000
[2023-05-22 09:54:22] INFO: SEQUELIZE
[2023-05-22 09:54:22] INFO: Database connection established successfully
[2023-05-22 09:54:27] INFO: POST
[2023-05-22 09:54:34] INFO: App listening on the port: 5000
[2023-05-22 09:54:34] INFO: SEQUELIZE
[2023-05-22 09:54:34] INFO: Database connection established successfully
[2023-05-22 09:54:39] INFO: POST
[2023-05-22 09:55:07] ERROR: Wrong authentication token
[2023-05-22 09:55:07] INFO: GET
[2023-05-22 09:55:09] INFO: POST
[2023-05-22 09:55:19] INFO: SEQUELIZE
[2023-05-22 09:55:19] INFO: SEQUELIZE
[2023-05-22 09:55:19] INFO: POST
[2023-05-22 09:55:19] INFO: POST
[2023-05-22 09:55:40] INFO: SEQUELIZE
[2023-05-22 09:55:40] INFO: SEQUELIZE
[2023-05-22 09:55:40] INFO: SEQUELIZE
[2023-05-22 09:55:40] ERROR: Could not find inbound shipment!
[2023-05-22 09:55:40] INFO: GET
[2023-05-22 09:55:45] INFO: POST
[2023-05-22 09:56:04] INFO: SEQUELIZE
[2023-05-22 09:56:04] INFO: SEQUELIZE
[2023-05-22 09:56:04] INFO: SEQUELIZE
[2023-05-22 09:56:04] INFO: SEQUELIZE
[2023-05-22 09:56:04] INFO: SEQUELIZE
[2023-05-22 09:56:04] INFO: SEQUELIZE
[2023-05-22 09:56:04] INFO: SEQUELIZE
[2023-05-22 09:56:04] INFO: SEQUELIZE
[2023-05-22 09:56:04] ERROR: Could not create inbound shipment item!
[2023-05-22 09:56:04] INFO: POST
[2023-05-22 09:56:05] INFO: POST
[2023-05-22 09:56:28] INFO: SEQUELIZE
[2023-05-22 09:56:28] INFO: SEQUELIZE
[2023-05-22 09:56:29] INFO: SEQUELIZE
[2023-05-22 09:56:29] INFO: SEQUELIZE
[2023-05-22 09:56:29] INFO: SEQUELIZE
[2023-05-22 09:56:29] INFO: SEQUELIZE
[2023-05-22 09:56:29] INFO: SEQUELIZE
[2023-05-22 09:56:29] INFO: SEQUELIZE
[2023-05-22 09:56:29] INFO: SEQUELIZE
[2023-05-22 09:56:29] INFO: SEQUELIZE
[2023-05-22 09:56:29] INFO: POST
[2023-05-22 09:56:30] INFO: POST
[2023-05-22 09:57:11] INFO: App listening on the port: 5000
[2023-05-22 09:57:11] INFO: SEQUELIZE
[2023-05-22 09:57:11] INFO: Database connection established successfully
[2023-05-22 09:57:16] INFO: POST
[2023-05-22 09:57:35] INFO: SEQUELIZE
[2023-05-22 09:57:35] INFO: SEQUELIZE
[2023-05-22 09:57:35] INFO: SEQUELIZE
[2023-05-22 09:57:35] INFO: SEQUELIZE
[2023-05-22 09:57:35] INFO: SEQUELIZE
[2023-05-22 09:57:35] INFO: SEQUELIZE
[2023-05-22 09:57:35] INFO: SEQUELIZE
[2023-05-22 09:57:35] INFO: SEQUELIZE
[2023-05-22 09:57:35] INFO: SEQUELIZE
[2023-05-22 09:57:35] INFO: SEQUELIZE
[2023-05-22 09:57:35] INFO: POST
[2023-05-22 09:57:36] INFO: POST
[2023-05-22 09:57:55] INFO: SEQUELIZE
[2023-05-22 09:57:55] INFO: SEQUELIZE
[2023-05-22 09:57:55] INFO: SEQUELIZE
[2023-05-22 09:57:55] INFO: SEQUELIZE
[2023-05-22 09:57:55] INFO: GET
[2023-05-22 09:57:56] INFO: POST
[2023-05-22 09:58:01] INFO: SEQUELIZE
[2023-05-22 09:58:01] INFO: SEQUELIZE
[2023-05-22 09:58:01] INFO: SEQUELIZE
[2023-05-22 09:58:01] ERROR: Could not find inbound shipment!
[2023-05-22 09:58:01] INFO: GET
[2023-05-22 09:58:06] INFO: POST
[2023-05-22 09:58:11] INFO: SEQUELIZE
[2023-05-22 09:58:11] INFO: SEQUELIZE
[2023-05-22 09:58:11] INFO: SEQUELIZE
[2023-05-22 09:58:11] INFO: GET
[2023-05-22 09:58:16] INFO: POST
[2023-05-22 09:58:24] INFO: SEQUELIZE
[2023-05-22 09:58:24] INFO: SEQUELIZE
[2023-05-22 09:58:24] INFO: SEQUELIZE
[2023-05-22 09:58:24] INFO: SEQUELIZE
[2023-05-22 09:58:24] INFO: SEQUELIZE
[2023-05-22 09:58:24] INFO: SEQUELIZE
[2023-05-22 09:58:24] INFO: SEQUELIZE
[2023-05-22 09:58:24] INFO: SEQUELIZE
[2023-05-22 09:58:24] INFO: SEQUELIZE
[2023-05-22 09:58:24] INFO: SEQUELIZE
[2023-05-22 09:58:24] INFO: POST
[2023-05-22 09:58:26] INFO: POST
[2023-05-22 09:58:40] INFO: SEQUELIZE
[2023-05-22 09:58:40] INFO: SEQUELIZE
[2023-05-22 09:58:40] INFO: SEQUELIZE
[2023-05-22 09:58:40] INFO: SEQUELIZE
[2023-05-22 09:58:40] INFO: SEQUELIZE
[2023-05-22 09:58:41] INFO: SEQUELIZE
[2023-05-22 09:58:41] INFO: SEQUELIZE
[2023-05-22 09:58:41] INFO: SEQUELIZE
[2023-05-22 09:58:41] INFO: SEQUELIZE
[2023-05-22 09:58:41] INFO: POST
[2023-05-22 09:58:41] INFO: POST
[2023-05-22 10:04:46] INFO: SEQUELIZE
[2023-05-22 10:04:46] INFO: SEQUELIZE
[2023-05-22 10:04:46] INFO: SEQUELIZE
[2023-05-22 10:04:46] INFO: SEQUELIZE
[2023-05-22 10:04:46] INFO: SEQUELIZE
[2023-05-22 10:04:46] INFO: POST
[2023-05-22 10:04:46] INFO: SEQUELIZE
[2023-05-22 10:04:47] INFO: SEQUELIZE
[2023-05-22 10:04:47] INFO: SEQUELIZE
[2023-05-22 10:04:47] INFO: SEQUELIZE
[2023-05-22 10:04:47] ERROR: Could not create inbound shipment item!
[2023-05-22 10:04:47] INFO: PUT
[2023-05-22 10:04:52] INFO: POST
[2023-05-22 10:05:03] INFO: SEQUELIZE
[2023-05-22 10:05:03] INFO: SEQUELIZE
[2023-05-22 10:05:03] INFO: SEQUELIZE
[2023-05-22 10:05:03] INFO: SEQUELIZE
[2023-05-22 10:05:03] INFO: SEQUELIZE
[2023-05-22 10:05:03] INFO: SEQUELIZE
[2023-05-22 10:05:03] INFO: SEQUELIZE
[2023-05-22 10:05:03] INFO: SEQUELIZE
[2023-05-22 10:05:03] INFO: SEQUELIZE
[2023-05-22 10:05:03] ERROR: Could not create inbound shipment item!
[2023-05-22 10:05:03] INFO: PUT
[2023-05-22 10:05:07] INFO: POST
[2023-05-22 10:06:58] INFO: SEQUELIZE
[2023-05-22 10:06:58] INFO: SEQUELIZE
[2023-05-22 10:06:58] INFO: SEQUELIZE
[2023-05-22 10:06:58] INFO: SEQUELIZE
[2023-05-22 10:06:58] INFO: SEQUELIZE
[2023-05-22 10:06:58] INFO: SEQUELIZE
[2023-05-22 10:06:58] INFO: SEQUELIZE
[2023-05-22 10:06:58] INFO: SEQUELIZE
[2023-05-22 10:06:58] INFO: SEQUELIZE
[2023-05-22 10:06:58] INFO: SEQUELIZE
[2023-05-22 10:06:58] INFO: SEQUELIZE
[2023-05-22 10:06:58] INFO: PUT
[2023-05-22 10:07:02] INFO: POST
[2023-05-22 10:07:38] INFO: SEQUELIZE
[2023-05-22 10:07:38] INFO: SEQUELIZE
[2023-05-22 10:07:38] INFO: SEQUELIZE
[2023-05-22 10:07:38] INFO: SEQUELIZE
[2023-05-22 10:07:38] INFO: SEQUELIZE
[2023-05-22 10:07:38] INFO: SEQUELIZE
[2023-05-22 10:07:38] INFO: SEQUELIZE
[2023-05-22 10:07:38] INFO: SEQUELIZE
[2023-05-22 10:07:38] INFO: SEQUELIZE
[2023-05-22 10:07:38] INFO: SEQUELIZE
[2023-05-22 10:07:38] INFO: SEQUELIZE
[2023-05-22 10:07:38] INFO: PUT
[2023-05-22 10:07:42] INFO: POST
[2023-05-22 10:08:40] INFO: App listening on the port: 5000
[2023-05-22 10:08:40] INFO: SEQUELIZE
[2023-05-22 10:08:40] INFO: Database connection established successfully
[2023-05-22 10:08:45] INFO: POST
[2023-05-22 10:08:50] INFO: SEQUELIZE
[2023-05-22 10:08:50] INFO: SEQUELIZE
[2023-05-22 10:08:50] INFO: SEQUELIZE
[2023-05-22 10:08:50] INFO: GET
[2023-05-22 10:08:50] INFO: POST
[2023-05-22 10:09:15] INFO: SEQUELIZE
[2023-05-22 10:09:15] INFO: SEQUELIZE
[2023-05-22 10:09:15] INFO: SEQUELIZE
[2023-05-22 10:09:15] INFO: SEQUELIZE
[2023-05-22 10:09:16] INFO: SEQUELIZE
[2023-05-22 10:09:16] INFO: SEQUELIZE
[2023-05-22 10:09:16] INFO: SEQUELIZE
[2023-05-22 10:09:16] INFO: SEQUELIZE
[2023-05-22 10:09:16] INFO: SEQUELIZE
[2023-05-22 10:09:16] INFO: POST
[2023-05-22 10:09:20] INFO: POST
[2023-05-22 10:09:31] INFO: SEQUELIZE
[2023-05-22 10:09:31] INFO: SEQUELIZE
[2023-05-22 10:09:31] INFO: SEQUELIZE
[2023-05-22 10:09:31] INFO: SEQUELIZE
[2023-05-22 10:09:31] INFO: SEQUELIZE
[2023-05-22 10:09:31] INFO: SEQUELIZE
[2023-05-22 10:09:31] INFO: SEQUELIZE
[2023-05-22 10:09:31] INFO: SEQUELIZE
[2023-05-22 10:09:31] INFO: SEQUELIZE
[2023-05-22 10:09:31] INFO: SEQUELIZE
[2023-05-22 10:09:31] INFO: POST
[2023-05-22 10:09:35] INFO: POST
[2023-05-22 10:10:02] INFO: SEQUELIZE
[2023-05-22 10:10:02] INFO: SEQUELIZE
[2023-05-22 10:10:02] INFO: SEQUELIZE
[2023-05-22 10:10:02] INFO: SEQUELIZE
[2023-05-22 10:10:02] INFO: SEQUELIZE
[2023-05-22 10:10:02] INFO: SEQUELIZE
[2023-05-22 10:10:02] INFO: SEQUELIZE
[2023-05-22 10:10:02] INFO: SEQUELIZE
[2023-05-22 10:10:02] INFO: SEQUELIZE
[2023-05-22 10:10:02] INFO: SEQUELIZE
[2023-05-22 10:10:02] INFO: SEQUELIZE
[2023-05-22 10:10:02] INFO: PUT
[2023-05-22 10:10:05] INFO: POST
[2023-05-22 10:10:10] INFO: SEQUELIZE
[2023-05-22 10:10:10] INFO: SEQUELIZE
[2023-05-22 10:10:10] INFO: SEQUELIZE
[2023-05-22 10:10:10] INFO: SEQUELIZE
[2023-05-22 10:10:10] INFO: SEQUELIZE
[2023-05-22 10:10:10] INFO: SEQUELIZE
[2023-05-22 10:10:10] INFO: SEQUELIZE
[2023-05-22 10:10:10] INFO: SEQUELIZE
[2023-05-22 10:10:10] INFO: SEQUELIZE
[2023-05-22 10:10:10] INFO: SEQUELIZE
[2023-05-22 10:10:10] INFO: SEQUELIZE
[2023-05-22 10:10:10] INFO: PUT
[2023-05-22 10:10:10] INFO: POST
[2023-05-22 10:10:25] INFO: SEQUELIZE
[2023-05-22 10:10:25] INFO: SEQUELIZE
[2023-05-22 10:10:25] INFO: SEQUELIZE
[2023-05-22 10:10:25] INFO: SEQUELIZE
[2023-05-22 10:10:25] INFO: SEQUELIZE
[2023-05-22 10:10:25] INFO: SEQUELIZE
[2023-05-22 10:10:25] INFO: SEQUELIZE
[2023-05-22 10:10:25] INFO: SEQUELIZE
[2023-05-22 10:10:25] INFO: SEQUELIZE
[2023-05-22 10:10:25] INFO: SEQUELIZE
[2023-05-22 10:10:25] INFO: SEQUELIZE
[2023-05-22 10:10:25] INFO: PUT
[2023-05-22 10:10:25] INFO: POST
[2023-05-22 10:12:08] INFO: App listening on the port: 5000
[2023-05-22 10:12:08] INFO: SEQUELIZE
[2023-05-22 10:12:08] INFO: Database connection established successfully
[2023-05-22 10:12:13] INFO: POST
[2023-05-22 10:12:24] INFO: App listening on the port: 5000
[2023-05-22 10:12:24] INFO: SEQUELIZE
[2023-05-22 10:12:24] INFO: Database connection established successfully
[2023-05-22 10:12:29] INFO: POST
[2023-05-22 10:13:30] INFO: App listening on the port: 5000
[2023-05-22 10:13:30] INFO: SEQUELIZE
[2023-05-22 10:13:30] INFO: Database connection established successfully
[2023-05-22 10:13:35] INFO: POST
[2023-05-22 10:14:05] INFO: App listening on the port: 5000
[2023-05-22 10:14:05] INFO: SEQUELIZE
[2023-05-22 10:14:05] INFO: Database connection established successfully
[2023-05-22 10:14:10] INFO: POST
[2023-05-22 10:14:35] INFO: App listening on the port: 5000
[2023-05-22 10:14:35] INFO: SEQUELIZE
[2023-05-22 10:14:35] INFO: Database connection established successfully
[2023-05-22 10:14:40] INFO: POST
[2023-05-22 10:15:26] INFO: App listening on the port: 5000
[2023-05-22 10:15:26] INFO: SEQUELIZE
[2023-05-22 10:15:26] INFO: Database connection established successfully
[2023-05-22 10:15:31] INFO: POST
[2023-05-22 10:15:42] INFO: App listening on the port: 5000
[2023-05-22 10:15:42] INFO: SEQUELIZE
[2023-05-22 10:15:42] INFO: Database connection established successfully
[2023-05-22 10:15:47] INFO: POST
[2023-05-22 10:16:00] INFO: App listening on the port: 5000
[2023-05-22 10:16:00] INFO: SEQUELIZE
[2023-05-22 10:16:00] INFO: Database connection established successfully
[2023-05-22 10:16:09] INFO: App listening on the port: 5000
[2023-05-22 10:16:09] INFO: SEQUELIZE
[2023-05-22 10:16:09] INFO: Database connection established successfully
[2023-05-22 10:16:14] INFO: POST
[2023-05-22 10:16:19] INFO: App listening on the port: 5000
[2023-05-22 10:16:19] INFO: SEQUELIZE
[2023-05-22 10:16:19] INFO: Database connection established successfully
[2023-05-22 10:16:24] INFO: POST
[2023-05-22 10:17:06] INFO: App listening on the port: 5000
[2023-05-22 10:17:06] INFO: SEQUELIZE
[2023-05-22 10:17:06] INFO: Database connection established successfully
[2023-05-22 10:17:11] INFO: POST
[2023-05-22 10:17:24] INFO: App listening on the port: 5000
[2023-05-22 10:17:25] INFO: SEQUELIZE
[2023-05-22 10:17:25] INFO: Database connection established successfully
[2023-05-22 10:17:30] INFO: App listening on the port: 5000
[2023-05-22 10:17:30] INFO: SEQUELIZE
[2023-05-22 10:17:30] INFO: Database connection established successfully
[2023-05-22 10:17:35] INFO: POST
[2023-05-22 10:17:47] INFO: App listening on the port: 5000
[2023-05-22 10:17:47] INFO: SEQUELIZE
[2023-05-22 10:17:47] INFO: Database connection established successfully
[2023-05-22 10:17:52] INFO: POST
[2023-05-22 10:20:18] INFO: App listening on the port: 5000
[2023-05-22 10:20:18] INFO: SEQUELIZE
[2023-05-22 10:20:18] INFO: Database connection established successfully
[2023-05-22 10:20:23] INFO: POST
[2023-05-22 10:20:50] INFO: App listening on the port: 5000
[2023-05-22 10:20:50] INFO: SEQUELIZE
[2023-05-22 10:20:50] INFO: Database connection established successfully
[2023-05-22 10:20:55] INFO: POST
[2023-05-22 10:22:09] INFO: App listening on the port: 5000
[2023-05-22 10:22:09] INFO: SEQUELIZE
[2023-05-22 10:22:09] INFO: Database connection established successfully
[2023-05-22 10:22:14] INFO: POST
[2023-05-22 10:23:40] INFO: App listening on the port: 5000
[2023-05-22 10:23:40] INFO: SEQUELIZE
[2023-05-22 10:23:40] INFO: Database connection established successfully
[2023-05-22 10:23:45] INFO: POST
[2023-05-22 10:24:19] INFO: App listening on the port: 5000
[2023-05-22 10:24:19] INFO: SEQUELIZE
[2023-05-22 10:24:19] INFO: Database connection established successfully
[2023-05-22 10:24:24] INFO: POST
[2023-05-22 10:24:57] INFO: App listening on the port: 5000
[2023-05-22 10:24:57] INFO: SEQUELIZE
[2023-05-22 10:24:57] INFO: Database connection established successfully
[2023-05-22 10:25:02] INFO: POST
[2023-05-22 10:26:21] INFO: App listening on the port: 5000
[2023-05-22 10:26:21] INFO: SEQUELIZE
[2023-05-22 10:26:21] INFO: Database connection established successfully
[2023-05-22 10:26:26] INFO: POST
[2023-05-22 10:26:39] INFO: App listening on the port: 5000
[2023-05-22 10:26:39] INFO: SEQUELIZE
[2023-05-22 10:26:39] INFO: Database connection established successfully
[2023-05-22 10:26:44] INFO: App listening on the port: 5000
[2023-05-22 10:26:44] INFO: SEQUELIZE
[2023-05-22 10:26:44] INFO: Database connection established successfully
[2023-05-22 10:26:49] INFO: POST
[2023-05-22 10:26:54] INFO: App listening on the port: 5000
[2023-05-22 10:26:54] INFO: SEQUELIZE
[2023-05-22 10:26:54] INFO: Database connection established successfully
[2023-05-22 10:26:59] INFO: POST
[2023-05-22 10:27:56] INFO: App listening on the port: 5000
[2023-05-22 10:27:56] INFO: SEQUELIZE
[2023-05-22 10:27:56] INFO: Database connection established successfully
[2023-05-22 10:28:01] INFO: App listening on the port: 5000
[2023-05-22 10:28:01] INFO: SEQUELIZE
[2023-05-22 10:28:01] INFO: Database connection established successfully
[2023-05-22 10:28:07] INFO: App listening on the port: 5000
[2023-05-22 10:28:07] INFO: SEQUELIZE
[2023-05-22 10:28:07] INFO: Database connection established successfully
[2023-05-22 10:28:12] INFO: POST
[2023-05-22 10:30:32] INFO: App listening on the port: 5000
[2023-05-22 10:30:32] INFO: SEQUELIZE
[2023-05-22 10:30:32] INFO: Database connection established successfully
[2023-05-22 10:30:37] INFO: POST
[2023-05-22 10:31:26] INFO: App listening on the port: 5000
[2023-05-22 10:31:26] INFO: SEQUELIZE
[2023-05-22 10:31:26] INFO: Database connection established successfully
[2023-05-22 10:31:31] INFO: POST
[2023-05-22 10:32:30] INFO: App listening on the port: 5000
[2023-05-22 10:32:30] INFO: SEQUELIZE
[2023-05-22 10:32:30] INFO: Database connection established successfully
[2023-05-22 10:32:35] INFO: POST
[2023-05-22 10:34:14] INFO: App listening on the port: 5000
[2023-05-22 10:34:14] INFO: SEQUELIZE
[2023-05-22 10:34:14] INFO: Database connection established successfully
[2023-05-22 10:34:19] INFO: POST
[2023-05-22 10:34:46] INFO: App listening on the port: 5000
[2023-05-22 10:34:46] INFO: SEQUELIZE
[2023-05-22 10:34:46] INFO: Database connection established successfully
[2023-05-22 10:34:51] INFO: POST
[2023-05-22 10:36:28] INFO: App listening on the port: 5000
[2023-05-22 10:36:28] INFO: SEQUELIZE
[2023-05-22 10:36:28] INFO: Database connection established successfully
[2023-05-22 10:36:33] INFO: POST
[2023-05-22 10:36:52] INFO: App listening on the port: 5000
[2023-05-22 10:36:53] INFO: SEQUELIZE
[2023-05-22 10:36:53] INFO: Database connection established successfully
[2023-05-22 10:36:58] INFO: POST
[2023-05-22 10:40:12] INFO: App listening on the port: 5000
[2023-05-22 10:40:12] INFO: SEQUELIZE
[2023-05-22 10:40:12] INFO: Database connection established successfully
[2023-05-22 10:40:18] INFO: App listening on the port: 5000
[2023-05-22 10:40:18] INFO: SEQUELIZE
[2023-05-22 10:40:18] INFO: Database connection established successfully
[2023-05-22 10:40:23] INFO: POST
[2023-05-22 10:41:47] INFO: App listening on the port: 5000
[2023-05-22 10:41:47] INFO: SEQUELIZE
[2023-05-22 10:41:47] INFO: Database connection established successfully
[2023-05-22 10:41:52] INFO: POST
[2023-05-22 10:43:34] INFO: App listening on the port: 5000
[2023-05-22 10:43:34] INFO: SEQUELIZE
[2023-05-22 10:43:34] INFO: Database connection established successfully
[2023-05-22 10:43:39] INFO: POST
[2023-05-22 10:45:38] INFO: App listening on the port: 5000
[2023-05-22 10:45:38] INFO: SEQUELIZE
[2023-05-22 10:45:38] INFO: Database connection established successfully
[2023-05-22 10:45:43] INFO: POST
[2023-05-22 10:48:38] INFO: App listening on the port: 5000
[2023-05-22 10:48:38] INFO: SEQUELIZE
[2023-05-22 10:48:38] INFO: Database connection established successfully
[2023-05-22 10:48:43] INFO: POST
[2023-05-22 10:49:14] INFO: App listening on the port: 5000
[2023-05-22 10:49:14] INFO: SEQUELIZE
[2023-05-22 10:49:14] INFO: Database connection established successfully
[2023-05-22 10:49:19] INFO: POST
[2023-05-22 10:50:42] INFO: App listening on the port: 5000
[2023-05-22 10:50:42] INFO: SEQUELIZE
[2023-05-22 10:50:42] INFO: Database connection established successfully
[2023-05-22 10:50:47] INFO: POST
[2023-05-22 10:51:05] INFO: App listening on the port: 5000
[2023-05-22 10:51:05] INFO: SEQUELIZE
[2023-05-22 10:51:05] INFO: Database connection established successfully
[2023-05-22 10:51:10] INFO: POST
[2023-05-22 10:52:42] INFO: App listening on the port: 5000
[2023-05-22 10:52:42] INFO: SEQUELIZE
[2023-05-22 10:52:42] INFO: Database connection established successfully
[2023-05-22 10:52:47] INFO: POST
[2023-05-22 10:53:52] INFO: App listening on the port: 5000
[2023-05-22 10:53:52] INFO: SEQUELIZE
[2023-05-22 10:53:52] INFO: Database connection established successfully
[2023-05-22 10:53:57] INFO: POST
[2023-05-22 10:54:07] INFO: App listening on the port: 5000
[2023-05-22 10:54:07] INFO: SEQUELIZE
[2023-05-22 10:54:07] INFO: Database connection established successfully
[2023-05-22 10:54:12] INFO: POST
[2023-05-22 10:56:55] INFO: App listening on the port: 5000
[2023-05-22 10:56:55] INFO: SEQUELIZE
[2023-05-22 10:56:55] INFO: Database connection established successfully
[2023-05-22 10:57:00] INFO: App listening on the port: 5000
[2023-05-22 10:57:00] INFO: SEQUELIZE
[2023-05-22 10:57:00] INFO: Database connection established successfully
[2023-05-22 10:57:05] INFO: POST
[2023-05-22 10:57:31] INFO: SEQUELIZE
[2023-05-22 10:57:31] INFO: SEQUELIZE
[2023-05-22 10:57:31] INFO: SEQUELIZE
[2023-05-22 10:57:31] INFO: SEQUELIZE
[2023-05-22 10:57:35] INFO: POST
[2023-05-22 10:57:44] INFO: App listening on the port: 5000
[2023-05-22 10:57:44] INFO: SEQUELIZE
[2023-05-22 10:57:44] INFO: Database connection established successfully
[2023-05-22 10:57:49] INFO: POST
[2023-05-22 10:57:58] INFO: SEQUELIZE
[2023-05-22 10:57:58] INFO: SEQUELIZE
[2023-05-22 10:57:58] INFO: SEQUELIZE
[2023-05-22 10:57:58] INFO: SEQUELIZE
[2023-05-22 10:57:59] INFO: POST
[2023-05-22 10:58:16] INFO: App listening on the port: 5000
[2023-05-22 10:58:16] INFO: SEQUELIZE
[2023-05-22 10:58:16] INFO: Database connection established successfully
[2023-05-22 10:58:24] INFO: App listening on the port: 5000
[2023-05-22 10:58:24] INFO: SEQUELIZE
[2023-05-22 10:58:24] INFO: Database connection established successfully
[2023-05-22 10:58:29] INFO: POST
[2023-05-22 10:58:32] INFO: SEQUELIZE
[2023-05-22 10:58:32] INFO: SEQUELIZE
[2023-05-22 10:58:32] INFO: SEQUELIZE
[2023-05-22 10:58:32] INFO: SEQUELIZE
[2023-05-22 10:58:32] INFO: GET
[2023-05-22 10:58:34] INFO: POST
[2023-05-22 11:00:47] INFO: POST
[2023-05-22 11:00:49] INFO: POST
[2023-05-22 11:01:07] INFO: POST
[2023-05-22 11:01:09] INFO: POST
[2023-05-22 11:01:14] INFO: POST
[2023-05-22 11:01:14] INFO: POST
[2023-05-22 11:01:22] INFO: SEQUELIZE
[2023-05-22 11:01:22] INFO: SEQUELIZE
[2023-05-22 11:01:22] ERROR: object.outboundType.contains is not a function
[2023-05-22 11:01:22] INFO: POST
[2023-05-22 11:01:24] INFO: POST
[2023-05-22 11:02:15] INFO: App listening on the port: 5000
[2023-05-22 11:02:15] INFO: SEQUELIZE
[2023-05-22 11:02:15] INFO: Database connection established successfully
[2023-05-22 11:02:20] INFO: POST
[2023-05-22 11:02:46] INFO: App listening on the port: 5000
[2023-05-22 11:02:46] INFO: SEQUELIZE
[2023-05-22 11:02:46] INFO: Database connection established successfully
[2023-05-22 11:02:51] INFO: POST
[2023-05-22 11:02:58] INFO: App listening on the port: 5000
[2023-05-22 11:02:58] INFO: SEQUELIZE
[2023-05-22 11:02:58] INFO: Database connection established successfully
[2023-05-22 11:03:03] INFO: POST
[2023-05-22 11:03:23] INFO: SEQUELIZE
[2023-05-22 11:03:23] INFO: SEQUELIZE
[2023-05-22 11:03:23] ERROR: Validation error: items
[2023-05-22 11:03:23] INFO: POST
[2023-05-22 11:03:28] INFO: POST
[2023-05-22 11:03:34] INFO: SEQUELIZE
[2023-05-22 11:03:34] INFO: SEQUELIZE
[2023-05-22 11:03:34] INFO: SEQUELIZE
[2023-05-22 11:03:34] ERROR: Cannot read properties of undefined (reading 'id')
[2023-05-22 11:03:34] INFO: POST
[2023-05-22 11:03:38] INFO: POST
[2023-05-22 11:04:27] INFO: App listening on the port: 5000
[2023-05-22 11:04:27] INFO: SEQUELIZE
[2023-05-22 11:04:27] INFO: Database connection established successfully
[2023-05-22 11:04:32] INFO: POST
[2023-05-22 11:04:37] INFO: SEQUELIZE
[2023-05-22 11:04:37] INFO: SEQUELIZE
[2023-05-22 11:04:37] INFO: SEQUELIZE
[2023-05-22 11:04:37] ERROR: Cannot read properties of undefined (reading 'id')
[2023-05-22 11:04:37] INFO: POST
[2023-05-22 11:04:37] INFO: POST
[2023-05-22 11:25:54] INFO: App listening on the port: 5000
[2023-05-22 11:25:54] INFO: SEQUELIZE
[2023-05-22 11:25:54] INFO: Database connection established successfully
[2023-05-22 11:25:59] INFO: POST
[2023-05-22 11:26:30] INFO: App listening on the port: 5000
[2023-05-22 11:26:30] INFO: SEQUELIZE
[2023-05-22 11:26:30] INFO: Database connection established successfully
[2023-05-22 11:26:35] INFO: POST
[2023-05-22 11:26:44] INFO: App listening on the port: 5000
[2023-05-22 11:26:44] INFO: SEQUELIZE
[2023-05-22 11:26:44] INFO: Database connection established successfully
[2023-05-22 11:26:49] INFO: POST
[2023-05-22 11:26:51] INFO: SEQUELIZE
[2023-05-22 11:26:51] INFO: SEQUELIZE
[2023-05-22 11:26:51] INFO: SEQUELIZE
[2023-05-22 11:26:51] INFO: SEQUELIZE
[2023-05-22 11:26:51] INFO: SEQUELIZE
[2023-05-22 11:26:51] ERROR: Cannot read properties of undefined (reading 'id')
[2023-05-22 11:26:51] INFO: POST
[2023-05-22 11:26:54] INFO: POST
[2023-05-22 11:28:47] INFO: App listening on the port: 5000
[2023-05-22 11:28:47] INFO: SEQUELIZE
[2023-05-22 11:28:47] INFO: Database connection established successfully
[2023-05-22 11:28:56] INFO: App listening on the port: 5000
[2023-05-22 11:28:56] INFO: SEQUELIZE
[2023-05-22 11:28:56] INFO: Database connection established successfully
[2023-05-22 11:28:58] INFO: SEQUELIZE
[2023-05-22 11:28:58] INFO: SEQUELIZE
[2023-05-22 11:28:58] INFO: SEQUELIZE
[2023-05-22 11:28:58] INFO: SEQUELIZE
[2023-05-22 11:28:58] INFO: SEQUELIZE
[2023-05-22 11:28:58] INFO: SEQUELIZE
[2023-05-22 11:28:58] INFO: POST
[2023-05-22 11:29:01] INFO: POST
[2023-05-22 11:29:57] INFO: App listening on the port: 5000
[2023-05-22 11:29:57] INFO: SEQUELIZE
[2023-05-22 11:29:57] INFO: Database connection established successfully
[2023-05-22 11:30:02] INFO: POST
[2023-05-22 11:31:31] INFO: App listening on the port: 5000
[2023-05-22 11:31:31] INFO: SEQUELIZE
[2023-05-22 11:31:31] INFO: Database connection established successfully
[2023-05-22 11:31:36] INFO: POST
[2023-05-22 11:31:43] INFO: SEQUELIZE
[2023-05-22 11:31:43] INFO: SEQUELIZE
[2023-05-22 11:31:43] INFO: SEQUELIZE
[2023-05-22 11:31:43] INFO: SEQUELIZE
[2023-05-22 11:31:43] INFO: SEQUELIZE
[2023-05-22 11:31:43] INFO: SEQUELIZE
[2023-05-22 11:31:44] INFO: POST
[2023-05-22 11:31:46] INFO: POST
[2023-05-22 11:32:12] INFO: SEQUELIZE
[2023-05-22 11:32:12] INFO: SEQUELIZE
[2023-05-22 11:32:12] INFO: SEQUELIZE
[2023-05-22 11:32:12] INFO: GET
[2023-05-22 11:32:16] INFO: POST
[2023-05-22 11:32:25] INFO: SEQUELIZE
[2023-05-22 11:32:25] INFO: SEQUELIZE
[2023-05-22 11:32:25] INFO: SEQUELIZE
[2023-05-22 11:32:25] INFO: SEQUELIZE
[2023-05-22 11:32:25] INFO: GET
[2023-05-22 11:32:26] INFO: POST
[2023-05-22 11:32:57] INFO: App listening on the port: 5000
[2023-05-22 11:32:58] INFO: SEQUELIZE
[2023-05-22 11:32:58] INFO: Database connection established successfully
[2023-05-22 11:33:02] INFO: POST
[2023-05-22 11:33:13] INFO: App listening on the port: 5000
[2023-05-22 11:33:13] INFO: SEQUELIZE
[2023-05-22 11:33:13] INFO: Database connection established successfully
[2023-05-22 11:33:22] INFO: App listening on the port: 5000
[2023-05-22 11:33:22] INFO: SEQUELIZE
[2023-05-22 11:33:22] INFO: Database connection established successfully
[2023-05-22 11:33:27] INFO: POST
[2023-05-22 11:33:54] INFO: App listening on the port: 5000
[2023-05-22 11:33:54] INFO: SEQUELIZE
[2023-05-22 11:33:54] INFO: Database connection established successfully
[2023-05-22 11:33:59] INFO: POST
[2023-05-22 11:35:10] INFO: App listening on the port: 5000
[2023-05-22 11:35:10] INFO: SEQUELIZE
[2023-05-22 11:35:10] INFO: Database connection established successfully
[2023-05-22 11:35:15] INFO: POST
[2023-05-22 11:35:39] INFO: App listening on the port: 5000
[2023-05-22 11:35:39] INFO: SEQUELIZE
[2023-05-22 11:35:39] INFO: Database connection established successfully
[2023-05-22 11:35:47] INFO: App listening on the port: 5000
[2023-05-22 11:35:47] INFO: SEQUELIZE
[2023-05-22 11:35:47] INFO: Database connection established successfully
[2023-05-22 11:35:52] INFO: POST
[2023-05-22 11:38:00] INFO: App listening on the port: 5000
[2023-05-22 11:38:00] INFO: SEQUELIZE
[2023-05-22 11:38:00] INFO: Database connection established successfully
[2023-05-22 11:38:05] INFO: POST
[2023-05-22 11:38:26] INFO: SEQUELIZE
[2023-05-22 11:38:26] INFO: Database connection established successfully
[2023-05-22 11:39:03] INFO: App listening on the port: 5000
[2023-05-22 11:39:03] INFO: SEQUELIZE
[2023-05-22 11:39:03] INFO: Database connection established successfully
[2023-05-22 11:39:08] INFO: POST
[2023-05-22 11:39:09] INFO: SEQUELIZE
[2023-05-22 11:39:09] INFO: SEQUELIZE
[2023-05-22 11:39:09] INFO: SEQUELIZE
[2023-05-22 11:39:09] INFO: SEQUELIZE
[2023-05-22 11:39:09] INFO: SEQUELIZE
[2023-05-22 11:39:09] INFO: SEQUELIZE
[2023-05-22 11:39:09] ERROR: Could not create outbound shipment item!
[2023-05-22 11:39:09] INFO: POST
[2023-05-22 11:39:13] INFO: POST
[2023-05-22 11:39:39] INFO: SEQUELIZE
[2023-05-22 11:39:39] INFO: SEQUELIZE
[2023-05-22 11:39:39] INFO: SEQUELIZE
[2023-05-22 11:39:39] INFO: SEQUELIZE
[2023-05-22 11:39:39] INFO: SEQUELIZE
[2023-05-22 11:39:39] INFO: SEQUELIZE
[2023-05-22 11:39:39] INFO: SEQUELIZE
[2023-05-22 11:39:39] INFO: SEQUELIZE
[2023-05-22 11:39:39] INFO: POST
[2023-05-22 11:39:43] INFO: POST
[2023-05-22 11:42:22] INFO: SEQUELIZE
[2023-05-22 11:42:22] INFO: SEQUELIZE
[2023-05-22 11:42:22] INFO: SEQUELIZE
[2023-05-22 11:42:22] INFO: SEQUELIZE
[2023-05-22 11:42:22] INFO: SEQUELIZE
[2023-05-22 11:42:23] INFO: SEQUELIZE
[2023-05-22 11:42:23] INFO: SEQUELIZE
[2023-05-22 11:42:23] INFO: SEQUELIZE
[2023-05-22 11:42:23] INFO: POST
[2023-05-22 11:42:24] INFO: POST
[2023-05-22 11:43:06] INFO: SEQUELIZE
[2023-05-22 11:43:06] INFO: SEQUELIZE
[2023-05-22 11:43:06] INFO: SEQUELIZE
[2023-05-22 11:43:06] INFO: GET
[2023-05-22 11:43:09] INFO: POST
[2023-05-22 11:43:16] INFO: SEQUELIZE
[2023-05-22 11:43:16] INFO: SEQUELIZE
[2023-05-22 11:43:16] INFO: SEQUELIZE
[2023-05-22 11:43:16] INFO: SEQUELIZE
[2023-05-22 11:43:16] INFO: GET
[2023-05-22 11:43:19] INFO: POST
[2023-05-22 11:56:28] INFO: App listening on the port: 5000
[2023-05-22 11:56:28] INFO: SEQUELIZE
[2023-05-22 11:56:28] INFO: Database connection established successfully
[2023-05-22 11:56:33] INFO: POST
[2023-05-22 11:57:03] INFO: App listening on the port: 5000
[2023-05-22 11:57:03] INFO: SEQUELIZE
[2023-05-22 11:57:03] INFO: Database connection established successfully
[2023-05-22 11:57:08] INFO: POST
[2023-05-22 11:57:21] INFO: App listening on the port: 5000
[2023-05-22 11:57:21] INFO: SEQUELIZE
[2023-05-22 11:57:21] INFO: Database connection established successfully
[2023-05-22 11:57:26] INFO: POST
[2023-05-22 11:59:54] INFO: SEQUELIZE
[2023-05-22 11:59:54] INFO: Database connection established successfully
[2023-05-22 12:00:01] INFO: App listening on the port: 5000
[2023-05-22 12:00:01] INFO: SEQUELIZE
[2023-05-22 12:00:01] INFO: Database connection established successfully
[2023-05-22 12:00:06] INFO: POST
[2023-05-22 12:04:41] INFO: SEQUELIZE
[2023-05-22 12:04:41] INFO: SEQUELIZE
[2023-05-22 12:04:42] ERROR: Cannot read properties of undefined (reading 'contains')
[2023-05-22 12:04:42] INFO: PUT
[2023-05-22 12:04:46] INFO: POST
[2023-05-22 12:05:07] INFO: SEQUELIZE
[2023-05-22 12:05:07] INFO: SEQUELIZE
[2023-05-22 12:05:07] ERROR: Cannot read properties of undefined (reading 'contains')
[2023-05-22 12:05:07] INFO: PUT
[2023-05-22 12:05:11] INFO: POST
[2023-05-22 12:05:50] INFO: App listening on the port: 5000
[2023-05-22 12:05:50] INFO: SEQUELIZE
[2023-05-22 12:05:50] INFO: Database connection established successfully
[2023-05-22 12:05:55] INFO: POST
[2023-05-22 12:06:28] INFO: App listening on the port: 5000
[2023-05-22 12:06:28] INFO: SEQUELIZE
[2023-05-22 12:06:28] INFO: Database connection established successfully
[2023-05-22 12:06:33] INFO: POST
[2023-05-22 12:06:46] INFO: App listening on the port: 5000
[2023-05-22 12:06:46] INFO: SEQUELIZE
[2023-05-22 12:06:46] INFO: Database connection established successfully
[2023-05-22 12:06:51] INFO: POST
[2023-05-22 12:07:29] INFO: App listening on the port: 5000
[2023-05-22 12:07:29] INFO: SEQUELIZE
[2023-05-22 12:07:29] INFO: Database connection established successfully
[2023-05-22 12:07:34] INFO: POST
[2023-05-22 12:09:46] INFO: App listening on the port: 5000
[2023-05-22 12:09:46] INFO: SEQUELIZE
[2023-05-22 12:09:46] INFO: Database connection established successfully
[2023-05-22 12:09:51] INFO: POST
[2023-05-22 12:10:13] INFO: App listening on the port: 5000
[2023-05-22 12:10:13] INFO: SEQUELIZE
[2023-05-22 12:10:13] INFO: Database connection established successfully
[2023-05-22 12:10:18] INFO: POST
[2023-05-22 12:13:49] INFO: SEQUELIZE
[2023-05-22 12:13:49] INFO: SEQUELIZE
[2023-05-22 12:13:49] INFO: SEQUELIZE
[2023-05-22 12:13:49] INFO: SEQUELIZE
[2023-05-22 12:13:49] INFO: SEQUELIZE
[2023-05-22 12:13:49] INFO: SEQUELIZE
[2023-05-22 12:13:49] INFO: SEQUELIZE
[2023-05-22 12:13:49] INFO: SEQUELIZE
[2023-05-22 12:13:49] INFO: SEQUELIZE
[2023-05-22 12:13:49] INFO: SEQUELIZE
[2023-05-22 12:13:49] INFO: SEQUELIZE
[2023-05-22 12:13:53] INFO: POST
[2023-05-22 12:14:05] INFO: App listening on the port: 5000
[2023-05-22 12:14:05] INFO: SEQUELIZE
[2023-05-22 12:14:05] INFO: Database connection established successfully
[2023-05-22 12:14:10] INFO: POST
[2023-05-22 12:14:50] INFO: SEQUELIZE
[2023-05-22 12:14:50] INFO: SEQUELIZE
[2023-05-22 12:14:50] INFO: SEQUELIZE
[2023-05-22 12:14:50] INFO: POST
[2023-05-22 12:14:50] INFO: SEQUELIZE
[2023-05-22 12:14:50] INFO: SEQUELIZE
[2023-05-22 12:14:50] INFO: SEQUELIZE
[2023-05-22 12:14:50] INFO: SEQUELIZE
[2023-05-22 12:14:50] INFO: SEQUELIZE
[2023-05-22 12:14:50] INFO: SEQUELIZE
[2023-05-22 12:14:50] INFO: SEQUELIZE
[2023-05-22 12:14:50] INFO: SEQUELIZE
[2023-05-22 12:14:50] INFO: PUT
[2023-05-22 12:14:55] INFO: POST
[2023-05-22 12:15:29] INFO: SEQUELIZE
[2023-05-22 12:15:29] INFO: SEQUELIZE
[2023-05-22 12:15:29] INFO: SEQUELIZE
[2023-05-22 12:15:29] INFO: SEQUELIZE
[2023-05-22 12:15:29] INFO: SEQUELIZE
[2023-05-22 12:15:29] INFO: SEQUELIZE
[2023-05-22 12:15:29] INFO: SEQUELIZE
[2023-05-22 12:15:29] INFO: SEQUELIZE
[2023-05-22 12:15:29] INFO: SEQUELIZE
[2023-05-22 12:15:29] INFO: SEQUELIZE
[2023-05-22 12:15:29] INFO: SEQUELIZE
[2023-05-22 12:15:29] INFO: PUT
[2023-05-22 12:15:30] INFO: POST
[2023-05-22 12:22:12] INFO: App listening on the port: 5000
[2023-05-22 12:22:12] INFO: SEQUELIZE
[2023-05-22 12:22:12] INFO: Database connection established successfully
[2023-05-22 12:22:17] INFO: POST
[2023-05-22 12:29:02] INFO: App listening on the port: 5000
[2023-05-22 12:29:02] INFO: SEQUELIZE
[2023-05-22 12:29:02] INFO: Database connection established successfully
[2023-05-22 12:29:07] INFO: POST
[2023-05-22 12:30:46] INFO: App listening on the port: 5000
[2023-05-22 12:30:46] INFO: SEQUELIZE
[2023-05-22 12:30:46] INFO: Database connection established successfully
[2023-05-22 12:30:51] INFO: POST
[2023-05-22 12:31:41] INFO: App listening on the port: 5000
[2023-05-22 12:31:41] INFO: SEQUELIZE
[2023-05-22 12:31:41] INFO: Database connection established successfully
[2023-05-22 12:31:46] INFO: POST
[2023-05-22 12:32:40] INFO: App listening on the port: 5000
[2023-05-22 12:32:40] INFO: SEQUELIZE
[2023-05-22 12:32:40] INFO: Database connection established successfully
[2023-05-22 12:32:45] INFO: POST
[2023-05-22 12:40:58] INFO: App listening on the port: 5000
[2023-05-22 12:40:58] INFO: SEQUELIZE
[2023-05-22 12:40:58] INFO: Database connection established successfully
[2023-05-22 12:41:03] INFO: POST
[2023-05-22 12:41:13] INFO: App listening on the port: 5000
[2023-05-22 12:41:13] INFO: SEQUELIZE
[2023-05-22 12:41:13] INFO: Database connection established successfully
[2023-05-22 12:41:18] INFO: POST
[2023-05-22 12:41:53] INFO: App listening on the port: 5000
[2023-05-22 12:41:53] INFO: SEQUELIZE
[2023-05-22 12:41:53] INFO: Database connection established successfully
[2023-05-22 12:41:58] INFO: App listening on the port: 5000
[2023-05-22 12:41:58] INFO: SEQUELIZE
[2023-05-22 12:41:58] INFO: Database connection established successfully
[2023-05-22 12:42:03] INFO: POST
[2023-05-22 12:42:17] INFO: App listening on the port: 5000
[2023-05-22 12:42:17] INFO: SEQUELIZE
[2023-05-22 12:42:17] INFO: Database connection established successfully
[2023-05-22 12:42:22] INFO: POST
[2023-05-22 12:44:54] INFO: SEQUELIZE
[2023-05-22 12:44:54] INFO: SEQUELIZE
[2023-05-22 12:44:54] INFO: SEQUELIZE
[2023-05-22 12:44:54] INFO: SEQUELIZE
[2023-05-22 12:44:54] INFO: SEQUELIZE
[2023-05-22 12:44:54] INFO: SEQUELIZE
[2023-05-22 12:44:54] INFO: SEQUELIZE
[2023-05-22 12:44:54] INFO: SEQUELIZE
[2023-05-22 12:44:54] INFO: SEQUELIZE
[2023-05-22 12:44:54] INFO: SEQUELIZE
[2023-05-22 12:44:54] ERROR: Could not create inbound shipment item!
[2023-05-22 12:44:54] INFO: PUT
[2023-05-22 12:44:58] INFO: POST
[2023-05-22 12:45:04] INFO: SEQUELIZE
[2023-05-22 12:45:04] INFO: SEQUELIZE
[2023-05-22 12:45:04] INFO: SEQUELIZE
[2023-05-22 12:45:04] INFO: SEQUELIZE
[2023-05-22 12:45:04] INFO: GET
[2023-05-22 12:45:08] INFO: POST
[2023-05-22 12:45:08] INFO: SEQUELIZE
[2023-05-22 12:45:08] INFO: SEQUELIZE
[2023-05-22 12:45:08] INFO: SEQUELIZE
[2023-05-22 12:45:08] INFO: SEQUELIZE
[2023-05-22 12:45:08] INFO: SEQUELIZE
[2023-05-22 12:45:08] INFO: SEQUELIZE
[2023-05-22 12:45:08] INFO: SEQUELIZE
[2023-05-22 12:45:08] INFO: SEQUELIZE
[2023-05-22 12:45:08] ERROR: Could not create inbound shipment item!
[2023-05-22 12:45:08] INFO: POST
[2023-05-22 12:45:13] INFO: POST
[2023-05-22 12:45:30] INFO: SEQUELIZE
[2023-05-22 12:45:30] INFO: SEQUELIZE
[2023-05-22 12:45:30] INFO: SEQUELIZE
[2023-05-22 12:45:30] INFO: SEQUELIZE
[2023-05-22 12:45:30] INFO: SEQUELIZE
[2023-05-22 12:45:30] INFO: SEQUELIZE
[2023-05-22 12:45:30] INFO: SEQUELIZE
[2023-05-22 12:45:30] INFO: SEQUELIZE
[2023-05-22 12:45:30] INFO: SEQUELIZE
[2023-05-22 12:45:30] INFO: SEQUELIZE
[2023-05-22 12:45:30] INFO: POST
[2023-05-22 12:45:33] INFO: POST
[2023-05-22 12:45:44] INFO: SEQUELIZE
[2023-05-22 12:45:44] INFO: SEQUELIZE
[2023-05-22 12:45:44] INFO: SEQUELIZE
[2023-05-22 12:45:44] INFO: SEQUELIZE
[2023-05-22 12:45:44] INFO: SEQUELIZE
[2023-05-22 12:45:44] INFO: SEQUELIZE
[2023-05-22 12:45:44] INFO: SEQUELIZE
[2023-05-22 12:45:44] INFO: SEQUELIZE
[2023-05-22 12:45:44] INFO: SEQUELIZE
[2023-05-22 12:45:44] INFO: SEQUELIZE
[2023-05-22 12:45:44] INFO: SEQUELIZE
[2023-05-22 12:45:44] INFO: SEQUELIZE
[2023-05-22 12:45:44] INFO: PUT
[2023-05-22 12:45:48] INFO: POST
[2023-05-22 12:54:39] INFO: SEQUELIZE
[2023-05-22 12:54:39] INFO: SEQUELIZE
[2023-05-22 12:54:39] INFO: SEQUELIZE
[2023-05-22 12:54:39] INFO: SEQUELIZE
[2023-05-22 12:54:39] INFO: SEQUELIZE
[2023-05-22 12:54:39] INFO: SEQUELIZE
[2023-05-22 12:54:40] INFO: SEQUELIZE
[2023-05-22 12:54:40] INFO: SEQUELIZE
[2023-05-22 12:54:40] INFO: SEQUELIZE
[2023-05-22 12:54:40] INFO: SEQUELIZE
[2023-05-22 12:54:40] INFO: POST
[2023-05-22 12:54:44] INFO: POST
[2023-05-22 12:55:16] INFO: SEQUELIZE
[2023-05-22 12:55:16] INFO: SEQUELIZE
[2023-05-22 12:55:16] INFO: SEQUELIZE
[2023-05-22 12:55:16] INFO: GET
[2023-05-22 12:55:19] INFO: POST
[2023-05-22 12:55:38] INFO: SEQUELIZE
[2023-05-22 12:55:38] INFO: SEQUELIZE
[2023-05-22 12:55:38] INFO: SEQUELIZE
[2023-05-22 12:55:38] INFO: SEQUELIZE
[2023-05-22 12:55:38] INFO: SEQUELIZE
[2023-05-22 12:55:38] INFO: SEQUELIZE
[2023-05-22 12:55:38] INFO: SEQUELIZE
[2023-05-22 12:55:38] INFO: SEQUELIZE
[2023-05-22 12:55:38] INFO: SEQUELIZE
[2023-05-22 12:55:38] ERROR: Could not create inbound shipment item!
[2023-05-22 12:55:38] INFO: PUT
[2023-05-22 12:55:39] INFO: POST
[2023-05-22 12:55:54] INFO: SEQUELIZE
[2023-05-22 12:55:54] INFO: SEQUELIZE
[2023-05-22 12:55:54] INFO: SEQUELIZE
[2023-05-22 12:55:54] INFO: SEQUELIZE
[2023-05-22 12:55:54] INFO: SEQUELIZE
[2023-05-22 12:55:54] INFO: SEQUELIZE
[2023-05-22 12:55:54] INFO: SEQUELIZE
[2023-05-22 12:55:54] INFO: SEQUELIZE
[2023-05-22 12:55:54] INFO: SEQUELIZE
[2023-05-22 12:55:54] INFO: SEQUELIZE
[2023-05-22 12:55:54] INFO: SEQUELIZE
[2023-05-22 12:55:54] INFO: PUT
[2023-05-22 12:55:59] INFO: POST
[2023-05-22 13:12:57] INFO: SEQUELIZE
[2023-05-22 13:12:57] INFO: SEQUELIZE
[2023-05-22 13:12:57] ERROR: Validation error: clientPartnerId
[2023-05-22 13:12:57] INFO: POST
[2023-05-22 13:13:00] INFO: POST
[2023-05-22 13:13:12] INFO: SEQUELIZE
[2023-05-22 13:13:12] INFO: SEQUELIZE
[2023-05-22 13:13:12] ERROR: Validation error: clientPartnerId
[2023-05-22 13:13:12] INFO: POST
[2023-05-22 13:13:15] INFO: POST
[2023-05-22 13:13:28] INFO: App listening on the port: 5000
[2023-05-22 13:13:28] INFO: SEQUELIZE
[2023-05-22 13:13:28] INFO: Database connection established successfully
[2023-05-22 13:13:30] INFO: SEQUELIZE
[2023-05-22 13:13:30] INFO: SEQUELIZE
[2023-05-22 13:13:30] INFO: SEQUELIZE
[2023-05-22 13:13:30] INFO: SEQUELIZE
[2023-05-22 13:13:30] INFO: SEQUELIZE
[2023-05-22 13:13:30] INFO: SEQUELIZE
[2023-05-22 13:13:30] INFO: SEQUELIZE
[2023-05-22 13:13:30] INFO: SEQUELIZE
[2023-05-22 13:13:30] INFO: POST
[2023-05-22 13:13:33] INFO: POST
[2023-05-22 13:13:42] INFO: SEQUELIZE
[2023-05-22 13:13:42] INFO: SEQUELIZE
[2023-05-22 13:13:43] INFO: SEQUELIZE
[2023-05-22 13:13:43] INFO: SEQUELIZE
[2023-05-22 13:13:43] INFO: SEQUELIZE
[2023-05-22 13:13:43] ERROR: Could not create client partner!
[2023-05-22 13:13:43] INFO: POST
[2023-05-22 13:13:43] INFO: POST
[2023-05-22 13:13:48] INFO: SEQUELIZE
[2023-05-22 13:13:48] INFO: SEQUELIZE
[2023-05-22 13:13:48] INFO: SEQUELIZE
[2023-05-22 13:13:48] INFO: SEQUELIZE
[2023-05-22 13:13:48] INFO: SEQUELIZE
[2023-05-22 13:13:48] INFO: SEQUELIZE
[2023-05-22 13:13:48] ERROR: Could not create client partner contacts!
[2023-05-22 13:13:48] INFO: POST
[2023-05-22 13:13:48] INFO: POST
[2023-05-22 13:13:53] INFO: SEQUELIZE
[2023-05-22 13:13:53] INFO: SEQUELIZE
[2023-05-22 13:13:53] INFO: SEQUELIZE
[2023-05-22 13:13:53] INFO: SEQUELIZE
[2023-05-22 13:13:53] INFO: SEQUELIZE
[2023-05-22 13:13:53] INFO: SEQUELIZE
[2023-05-22 13:13:53] ERROR: Could not create client partner contacts!
[2023-05-22 13:13:53] INFO: POST
[2023-05-22 13:13:53] INFO: POST
[2023-05-22 13:14:01] INFO: SEQUELIZE
[2023-05-22 13:14:01] INFO: SEQUELIZE
[2023-05-22 13:14:01] INFO: SEQUELIZE
[2023-05-22 13:14:01] INFO: SEQUELIZE
[2023-05-22 13:14:01] INFO: SEQUELIZE
[2023-05-22 13:14:01] INFO: SEQUELIZE
[2023-05-22 13:14:01] ERROR: Could not create client partner contacts!
[2023-05-22 13:14:01] INFO: POST
[2023-05-22 13:14:03] INFO: POST
[2023-05-22 13:14:12] INFO: SEQUELIZE
[2023-05-22 13:14:12] INFO: SEQUELIZE
[2023-05-22 13:14:12] INFO: SEQUELIZE
[2023-05-22 13:14:12] INFO: SEQUELIZE
[2023-05-22 13:14:12] INFO: SEQUELIZE
[2023-05-22 13:14:12] INFO: SEQUELIZE
[2023-05-22 13:14:12] ERROR: Could not create client partner contacts!
[2023-05-22 13:14:12] INFO: POST
[2023-05-22 13:14:13] INFO: POST
[2023-05-22 13:14:18] INFO: SEQUELIZE
[2023-05-22 13:14:18] INFO: SEQUELIZE
[2023-05-22 13:14:18] INFO: SEQUELIZE
[2023-05-22 13:14:18] INFO: SEQUELIZE
[2023-05-22 13:14:18] INFO: SEQUELIZE
[2023-05-22 13:14:18] INFO: SEQUELIZE
[2023-05-22 13:14:18] ERROR: Could not create client partner contacts!
[2023-05-22 13:14:18] INFO: POST
[2023-05-22 13:14:18] INFO: POST
[2023-05-22 13:14:19] INFO: SEQUELIZE
[2023-05-22 13:14:19] INFO: SEQUELIZE
[2023-05-22 13:14:19] INFO: SEQUELIZE
[2023-05-22 13:14:19] INFO: SEQUELIZE
[2023-05-22 13:14:19] INFO: SEQUELIZE
[2023-05-22 13:14:19] INFO: SEQUELIZE
[2023-05-22 13:14:19] ERROR: Could not create client partner contacts!
[2023-05-22 13:14:19] INFO: POST
[2023-05-22 13:14:23] INFO: POST
[2023-05-22 13:14:35] INFO: SEQUELIZE
[2023-05-22 13:14:35] INFO: SEQUELIZE
[2023-05-22 13:14:35] INFO: SEQUELIZE
[2023-05-22 13:14:35] INFO: SEQUELIZE
[2023-05-22 13:14:35] INFO: SEQUELIZE
[2023-05-22 13:14:35] INFO: SEQUELIZE
[2023-05-22 13:14:35] INFO: SEQUELIZE
[2023-05-22 13:14:35] INFO: SEQUELIZE
[2023-05-22 13:14:35] INFO: POST
[2023-05-22 13:14:38] INFO: POST
[2023-05-22 13:15:55] INFO: SEQUELIZE
[2023-05-22 13:15:55] INFO: SEQUELIZE
[2023-05-22 13:15:55] ERROR: Validation error: documentNumber, documentDate, status, quantity, purchasePrice, amortization, amortizationPercentage
[2023-05-22 13:15:55] INFO: POST
[2023-05-22 13:15:59] INFO: POST
[2023-05-22 13:17:18] INFO: SEQUELIZE
[2023-05-22 13:17:18] INFO: SEQUELIZE
[2023-05-22 13:17:18] INFO: SEQUELIZE
[2023-05-22 13:17:18] INFO: SEQUELIZE
[2023-05-22 13:17:18] INFO: POST
[2023-05-22 13:17:19] INFO: POST
[2023-05-22 13:17:40] INFO: SEQUELIZE
[2023-05-22 13:17:40] INFO: SEQUELIZE
[2023-05-22 13:17:40] INFO: SEQUELIZE
[2023-05-22 13:17:40] INFO: SEQUELIZE
[2023-05-22 13:17:40] INFO: POST
[2023-05-22 13:17:44] INFO: POST
[2023-05-22 13:18:52] INFO: SEQUELIZE
[2023-05-22 13:18:52] INFO: SEQUELIZE
[2023-05-22 13:18:52] INFO: SEQUELIZE
[2023-05-22 13:18:52] INFO: GET
[2023-05-22 13:18:54] INFO: POST
[2023-05-22 13:19:05] INFO: SEQUELIZE
[2023-05-22 13:19:05] INFO: SEQUELIZE
[2023-05-22 13:19:05] INFO: SEQUELIZE
[2023-05-22 13:19:05] INFO: SEQUELIZE
[2023-05-22 13:19:05] INFO: GET
[2023-05-22 13:19:09] INFO: POST
[2023-05-22 13:20:33] INFO: SEQUELIZE
[2023-05-22 13:20:33] INFO: SEQUELIZE
[2023-05-22 13:20:33] INFO: SEQUELIZE
[2023-05-22 13:20:33] INFO: SEQUELIZE
[2023-05-22 13:20:33] INFO: SEQUELIZE
[2023-05-22 13:20:33] INFO: SEQUELIZE
[2023-05-22 13:20:33] INFO: SEQUELIZE
[2023-05-22 13:20:33] INFO: SEQUELIZE
[2023-05-22 13:20:33] INFO: SEQUELIZE
[2023-05-22 13:20:33] INFO: SEQUELIZE
[2023-05-22 13:20:33] INFO: SEQUELIZE
[2023-05-22 13:20:33] INFO: SEQUELIZE
[2023-05-22 13:20:33] INFO: PUT
[2023-05-22 13:20:34] INFO: POST
[2023-05-22 13:22:17] INFO: App listening on the port: 5000
[2023-05-22 13:22:17] INFO: SEQUELIZE
[2023-05-22 13:22:17] INFO: Database connection established successfully
[2023-05-22 13:22:20] INFO: SEQUELIZE
[2023-05-22 13:22:20] INFO: SEQUELIZE
[2023-05-22 13:22:20] INFO: SEQUELIZE
[2023-05-22 13:22:20] INFO: GET
[2023-05-22 13:22:22] INFO: POST
[2023-05-22 13:22:46] INFO: SEQUELIZE
[2023-05-22 13:22:46] INFO: SEQUELIZE
[2023-05-22 13:22:46] INFO: SEQUELIZE
[2023-05-22 13:22:46] INFO: GET
[2023-05-22 13:22:47] INFO: POST
[2023-05-22 14:06:32] INFO: App listening on the port: 5000
[2023-05-22 14:06:33] INFO: SEQUELIZE
[2023-05-22 14:06:33] INFO: Database connection established successfully
[2023-05-22 14:06:37] INFO: POST
[2023-05-22 14:07:01] INFO: App listening on the port: 5000
[2023-05-22 14:07:01] INFO: SEQUELIZE
[2023-05-22 14:07:01] INFO: Database connection established successfully
[2023-05-22 14:07:06] INFO: POST
[2023-05-22 14:07:28] INFO: App listening on the port: 5000
[2023-05-22 14:07:28] INFO: SEQUELIZE
[2023-05-22 14:07:28] INFO: Database connection established successfully
[2023-05-22 14:07:33] INFO: POST
[2023-05-22 14:08:15] INFO: App listening on the port: 5000
[2023-05-22 14:08:15] INFO: SEQUELIZE
[2023-05-22 14:08:15] INFO: Database connection established successfully
[2023-05-22 14:08:20] INFO: POST
[2023-05-22 14:08:25] INFO: App listening on the port: 5000
[2023-05-22 14:08:25] INFO: SEQUELIZE
[2023-05-22 14:08:25] INFO: Database connection established successfully
[2023-05-22 14:08:30] INFO: POST
[2023-05-22 14:13:30] INFO: App listening on the port: 5000
[2023-05-22 14:13:30] INFO: SEQUELIZE
[2023-05-22 14:13:30] INFO: Database connection established successfully
[2023-05-22 14:13:35] INFO: App listening on the port: 5000
[2023-05-22 14:13:35] INFO: SEQUELIZE
[2023-05-22 14:13:35] INFO: Database connection established successfully
[2023-05-22 14:13:40] INFO: POST
[2023-05-22 14:14:28] INFO: App listening on the port: 5000
[2023-05-22 14:14:28] INFO: SEQUELIZE
[2023-05-22 14:14:28] INFO: Database connection established successfully
[2023-05-22 14:14:33] INFO: POST
[2023-05-22 15:22:34] INFO: App listening on the port: 5000
[2023-05-22 15:22:34] INFO: SEQUELIZE
[2023-05-22 15:22:34] INFO: Database connection established successfully
[2023-05-22 15:22:48] INFO: App listening on the port: 5000
[2023-05-22 15:22:48] INFO: SEQUELIZE
[2023-05-22 15:22:48] INFO: Database connection established successfully
[2023-05-22 15:22:53] INFO: POST
[2023-05-22 15:27:42] INFO: App listening on the port: 5000
[2023-05-22 15:27:43] INFO: SEQUELIZE
[2023-05-22 15:27:43] INFO: Database connection established successfully
[2023-05-22 15:27:57] INFO: App listening on the port: 5000
[2023-05-22 15:27:57] INFO: SEQUELIZE
[2023-05-22 15:27:57] INFO: Database connection established successfully
[2023-05-22 15:28:02] INFO: POST
[2023-05-22 15:28:35] INFO: App listening on the port: 5000
[2023-05-22 15:28:35] INFO: SEQUELIZE
[2023-05-22 15:28:35] INFO: Database connection established successfully
[2023-05-22 15:28:40] INFO: POST
[2023-05-22 15:28:55] INFO: App listening on the port: 5000
[2023-05-22 15:28:55] INFO: SEQUELIZE
[2023-05-22 15:28:55] INFO: Database connection established successfully
[2023-05-22 15:29:00] INFO: POST
[2023-05-22 15:32:54] INFO: App listening on the port: 5000
[2023-05-22 15:32:54] INFO: SEQUELIZE
[2023-05-22 15:32:54] INFO: Database connection established successfully
[2023-05-22 15:32:59] INFO: POST
[2023-05-22 15:34:56] INFO: App listening on the port: 5000
[2023-05-22 15:34:57] INFO: SEQUELIZE
[2023-05-22 15:34:57] INFO: Database connection established successfully
[2023-05-22 15:35:01] INFO: POST
[2023-05-22 15:35:47] INFO: App listening on the port: 5000
[2023-05-22 15:35:47] INFO: SEQUELIZE
[2023-05-22 15:35:47] INFO: Database connection established successfully
[2023-05-22 15:35:52] INFO: POST
[2023-05-22 15:36:35] INFO: App listening on the port: 5000
[2023-05-22 15:36:35] INFO: SEQUELIZE
[2023-05-22 15:36:35] INFO: Database connection established successfully
[2023-05-22 15:36:40] INFO: POST
[2023-05-22 15:36:53] INFO: App listening on the port: 5000
[2023-05-22 15:36:53] INFO: SEQUELIZE
[2023-05-22 15:36:53] INFO: Database connection established successfully
[2023-05-22 15:36:58] INFO: POST
[2023-05-22 15:53:26] INFO: App listening on the port: 5000
[2023-05-22 15:53:26] INFO: SEQUELIZE
[2023-05-22 15:53:26] INFO: Database connection established successfully
[2023-05-22 15:53:31] INFO: POST
[2023-05-22 15:54:51] INFO: App listening on the port: 5000
[2023-05-22 15:54:51] INFO: SEQUELIZE
[2023-05-22 15:54:51] INFO: Database connection established successfully
[2023-05-22 15:55:18] INFO: App listening on the port: 5000
[2023-05-22 15:55:18] INFO: SEQUELIZE
[2023-05-22 15:55:18] INFO: Database connection established successfully
[2023-05-22 15:55:23] INFO: POST
[2023-05-22 15:55:52] INFO: App listening on the port: 5000
[2023-05-22 15:55:52] INFO: SEQUELIZE
[2023-05-22 15:55:52] INFO: Database connection established successfully
[2023-05-22 15:56:09] INFO: App listening on the port: 5000
[2023-05-22 15:56:09] INFO: SEQUELIZE
[2023-05-22 15:56:09] INFO: Database connection established successfully
[2023-05-22 15:56:14] INFO: POST
[2023-05-22 15:56:56] INFO: App listening on the port: 5000
[2023-05-22 15:56:56] INFO: SEQUELIZE
[2023-05-22 15:56:56] INFO: Database connection established successfully
[2023-05-22 15:57:01] INFO: POST
[2023-05-22 15:57:18] INFO: App listening on the port: 5000
[2023-05-22 15:57:19] INFO: SEQUELIZE
[2023-05-22 15:57:19] INFO: Database connection established successfully
[2023-05-22 15:57:23] INFO: POST
[2023-05-22 15:58:02] INFO: App listening on the port: 5000
[2023-05-22 15:58:02] INFO: SEQUELIZE
[2023-05-22 15:58:02] INFO: Database connection established successfully
[2023-05-22 15:58:07] INFO: POST
[2023-05-22 15:59:34] INFO: App listening on the port: 5000
[2023-05-22 15:59:34] INFO: SEQUELIZE
[2023-05-22 15:59:34] INFO: Database connection established successfully
[2023-05-22 15:59:39] INFO: POST
[2023-05-22 16:00:19] INFO: App listening on the port: 5000
[2023-05-22 16:00:19] INFO: SEQUELIZE
[2023-05-22 16:00:19] INFO: Database connection established successfully
[2023-05-22 16:00:24] INFO: POST
[2023-05-22 16:01:01] INFO: App listening on the port: 5000
[2023-05-22 16:01:01] INFO: SEQUELIZE
[2023-05-22 16:01:01] INFO: Database connection established successfully
[2023-05-22 16:01:06] INFO: POST
[2023-05-22 16:01:54] INFO: App listening on the port: 5000
[2023-05-22 16:01:54] INFO: SEQUELIZE
[2023-05-22 16:01:54] INFO: Database connection established successfully
[2023-05-22 16:01:59] INFO: POST
[2023-05-22 16:12:37] INFO: App listening on the port: 5000
[2023-05-22 16:12:37] INFO: SEQUELIZE
[2023-05-22 16:12:37] INFO: Database connection established successfully
[2023-05-22 16:12:42] INFO: POST
[2023-05-22 16:13:33] INFO: App listening on the port: 5000
[2023-05-22 16:13:33] INFO: SEQUELIZE
[2023-05-22 16:13:33] INFO: Database connection established successfully
[2023-05-22 16:13:38] INFO: POST
[2023-05-22 16:14:32] INFO: App listening on the port: 5000
[2023-05-22 16:14:32] INFO: SEQUELIZE
[2023-05-22 16:14:32] INFO: Database connection established successfully
[2023-05-22 16:14:37] INFO: POST
[2023-05-22 16:15:07] INFO: App listening on the port: 5000
[2023-05-22 16:15:07] INFO: SEQUELIZE
[2023-05-22 16:15:07] INFO: Database connection established successfully
[2023-05-22 16:15:12] INFO: POST
