[2023-06-27 11:05:59] INFO: App listening on the port: 5000
[2023-06-27 11:05:59] INFO: SEQUELIZE
[2023-06-27 11:05:59] INFO: Database connection established successfully
[2023-06-27 11:06:04] INFO: POST
[2023-06-27 11:06:18] INFO: SEQUELIZE
[2023-06-27 11:06:18] INFO: SEQUELIZE
[2023-06-27 11:06:18] INFO: SEQUELIZE
[2023-06-27 11:06:18] INFO: GET
[2023-06-27 11:06:19] INFO: POST
[2023-06-27 11:08:32] INFO: SEQUELIZE
[2023-06-27 11:08:32] INFO: SEQUELIZE
[2023-06-27 11:08:32] INFO: SEQUELIZE
[2023-06-27 11:08:32] INFO: SEQUELIZE
[2023-06-27 11:08:32] INFO: SEQUELIZE
[2023-06-27 11:08:32] INFO: SEQUELIZE
[2023-06-27 11:08:32] ERROR: Id must be unique
[2023-06-27 11:08:32] INFO: PUT
[2023-06-27 11:08:35] INFO: POST
[2023-06-27 11:10:02] INFO: App listening on the port: 5000
[2023-06-27 11:10:02] INFO: SEQUELIZE
[2023-06-27 11:10:02] INFO: Database connection established successfully
[2023-06-27 11:10:07] INFO: POST
[2023-06-27 11:10:19] INFO: SEQUELIZE
[2023-06-27 11:10:19] INFO: SEQUELIZE
[2023-06-27 11:10:19] INFO: SEQUELIZE
[2023-06-27 11:10:19] INFO: SEQUELIZE
[2023-06-27 11:10:19] INFO: SEQUELIZE
[2023-06-27 11:10:19] INFO: SEQUELIZE
[2023-06-27 11:10:19] ERROR: Id must be unique
[2023-06-27 11:10:19] INFO: PUT
[2023-06-27 11:10:22] INFO: POST
[2023-06-27 11:20:07] INFO: SEQUELIZE
[2023-06-27 11:20:07] INFO: Database connection established successfully
[2023-06-27 11:20:45] INFO: SEQUELIZE
[2023-06-27 11:20:45] INFO: Database connection established successfully
[2023-06-27 11:22:07] INFO: App listening on the port: 5000
[2023-06-27 11:22:07] INFO: SEQUELIZE
[2023-06-27 11:22:07] INFO: Database connection established successfully
[2023-06-27 11:22:12] INFO: POST
[2023-06-27 11:22:15] INFO: SEQUELIZE
[2023-06-27 11:22:15] INFO: SEQUELIZE
[2023-06-27 11:22:15] INFO: SEQUELIZE
[2023-06-27 11:22:15] INFO: SEQUELIZE
[2023-06-27 11:22:15] INFO: SEQUELIZE
[2023-06-27 11:22:15] INFO: SEQUELIZE
[2023-06-27 11:22:15] INFO: SEQUELIZE
[2023-06-27 11:22:15] INFO: SEQUELIZE
[2023-06-27 11:22:15] ERROR: Id must be unique
[2023-06-27 11:22:15] INFO: PUT
[2023-06-27 11:22:17] INFO: POST
[2023-06-27 11:24:54] INFO: App listening on the port: 5000
[2023-06-27 11:24:55] INFO: SEQUELIZE
[2023-06-27 11:24:55] INFO: Database connection established successfully
[2023-06-27 11:25:00] INFO: POST
[2023-06-27 11:25:34] INFO: App listening on the port: 5000
[2023-06-27 11:25:34] INFO: SEQUELIZE
[2023-06-27 11:25:34] INFO: Database connection established successfully
[2023-06-27 11:25:39] INFO: POST
[2023-06-27 11:25:42] INFO: SEQUELIZE
[2023-06-27 11:25:42] INFO: SEQUELIZE
[2023-06-27 11:25:42] INFO: SEQUELIZE
[2023-06-27 11:25:42] INFO: SEQUELIZE
[2023-06-27 11:25:42] INFO: SEQUELIZE
[2023-06-27 11:25:42] INFO: SEQUELIZE
[2023-06-27 11:25:42] INFO: SEQUELIZE
[2023-06-27 11:25:42] INFO: SEQUELIZE
[2023-06-27 11:25:42] ERROR: Id must be unique
[2023-06-27 11:25:42] INFO: PUT
[2023-06-27 11:25:44] INFO: POST
[2023-06-27 11:27:11] INFO: SEQUELIZE
[2023-06-27 11:27:11] INFO: SEQUELIZE
[2023-06-27 11:27:11] INFO: SEQUELIZE
[2023-06-27 11:27:11] INFO: SEQUELIZE
[2023-06-27 11:27:11] INFO: SEQUELIZE
[2023-06-27 11:27:11] INFO: SEQUELIZE
[2023-06-27 11:27:11] INFO: SEQUELIZE
[2023-06-27 11:27:11] INFO: SEQUELIZE
[2023-06-27 11:27:11] INFO: SEQUELIZE
[2023-06-27 11:27:11] INFO: PUT
[2023-06-27 11:27:15] INFO: POST
[2023-06-27 11:33:24] INFO: App listening on the port: 5000
[2023-06-27 11:33:24] INFO: SEQUELIZE
[2023-06-27 11:33:24] INFO: Database connection established successfully
[2023-06-27 11:33:29] INFO: POST
[2023-06-27 11:33:42] ERROR: Unexpected token } in JSON at position 1030
[2023-06-27 11:33:42] INFO: PUT
[2023-06-27 11:33:44] INFO: POST
[2023-06-27 11:33:50] INFO: SEQUELIZE
[2023-06-27 11:33:50] INFO: SEQUELIZE
[2023-06-27 11:33:50] INFO: SEQUELIZE
[2023-06-27 11:33:50] INFO: SEQUELIZE
[2023-06-27 11:33:50] INFO: SEQUELIZE
[2023-06-27 11:33:50] INFO: SEQUELIZE
[2023-06-27 11:33:50] INFO: SEQUELIZE
[2023-06-27 11:33:50] ERROR: Id must be unique
[2023-06-27 11:33:50] INFO: PUT
[2023-06-27 11:33:54] INFO: POST
[2023-06-27 11:35:11] INFO: SEQUELIZE
[2023-06-27 11:35:11] INFO: SEQUELIZE
[2023-06-27 11:35:11] INFO: SEQUELIZE
[2023-06-27 11:35:11] INFO: SEQUELIZE
[2023-06-27 11:35:11] INFO: SEQUELIZE
[2023-06-27 11:35:11] INFO: SEQUELIZE
[2023-06-27 11:35:11] INFO: SEQUELIZE
[2023-06-27 11:35:11] ERROR: Id must be unique
[2023-06-27 11:35:11] INFO: PUT
[2023-06-27 11:35:14] INFO: POST
[2023-06-27 11:36:10] INFO: App listening on the port: 5000
[2023-06-27 11:36:10] INFO: SEQUELIZE
[2023-06-27 11:36:10] INFO: Database connection established successfully
[2023-06-27 11:36:15] INFO: POST
[2023-06-27 11:37:05] INFO: App listening on the port: 5000
[2023-06-27 11:37:05] INFO: SEQUELIZE
[2023-06-27 11:37:05] INFO: Database connection established successfully
[2023-06-27 11:37:10] INFO: POST
[2023-06-27 11:37:33] INFO: App listening on the port: 5000
[2023-06-27 11:37:33] INFO: SEQUELIZE
[2023-06-27 11:37:33] INFO: Database connection established successfully
[2023-06-27 11:37:38] INFO: POST
[2023-06-27 11:37:52] INFO: SEQUELIZE
[2023-06-27 11:37:52] INFO: SEQUELIZE
[2023-06-27 11:37:52] INFO: SEQUELIZE
[2023-06-27 11:37:52] INFO: SEQUELIZE
[2023-06-27 11:37:52] INFO: SEQUELIZE
[2023-06-27 11:37:52] INFO: SEQUELIZE
[2023-06-27 11:37:53] INFO: SEQUELIZE
[2023-06-27 11:37:53] ERROR: Id must be unique
[2023-06-27 11:37:53] INFO: PUT
[2023-06-27 11:37:53] INFO: POST
[2023-06-27 11:39:05] INFO: App listening on the port: 5000
[2023-06-27 11:39:05] INFO: SEQUELIZE
[2023-06-27 11:39:05] INFO: Database connection established successfully
[2023-06-27 11:39:10] INFO: POST
[2023-06-27 11:39:41] INFO: SEQUELIZE
[2023-06-27 11:39:41] INFO: SEQUELIZE
[2023-06-27 11:39:41] INFO: SEQUELIZE
[2023-06-27 11:39:41] INFO: SEQUELIZE
[2023-06-27 11:39:41] INFO: SEQUELIZE
[2023-06-27 11:39:41] INFO: SEQUELIZE
[2023-06-27 11:39:41] INFO: SEQUELIZE
[2023-06-27 11:39:41] INFO: SEQUELIZE
[2023-06-27 11:39:41] INFO: PUT
[2023-06-27 11:39:45] INFO: POST
[2023-06-27 11:39:49] INFO: SEQUELIZE
[2023-06-27 11:39:49] INFO: SEQUELIZE
[2023-06-27 11:39:49] INFO: SEQUELIZE
[2023-06-27 11:39:49] INFO: GET
[2023-06-27 11:39:50] INFO: POST
[2023-06-27 14:16:10] ERROR: Wrong authentication token
[2023-06-27 14:16:10] INFO: PUT
[2023-06-27 14:16:15] INFO: POST
[2023-06-27 15:23:28] INFO: App listening on the port: 5000
[2023-06-27 15:23:28] INFO: SEQUELIZE
[2023-06-27 15:23:28] INFO: Database connection established successfully
[2023-06-27 15:23:33] INFO: POST
[2023-06-27 15:23:48] ERROR: Wrong authentication token
[2023-06-27 15:23:48] INFO: GET
[2023-06-27 15:23:53] INFO: POST
[2023-06-27 15:24:07] INFO: SEQUELIZE
[2023-06-27 15:24:07] INFO: SEQUELIZE
[2023-06-27 15:24:07] INFO: SEQUELIZE
[2023-06-27 15:24:07] INFO: GET
[2023-06-27 15:24:08] INFO: POST
[2023-06-27 15:24:31] INFO: SEQUELIZE
[2023-06-27 15:24:31] INFO: SEQUELIZE
[2023-06-27 15:24:33] INFO: POST
[2023-06-27 15:25:35] INFO: App listening on the port: 5000
[2023-06-27 15:25:35] INFO: SEQUELIZE
[2023-06-27 15:25:35] INFO: Database connection established successfully
[2023-06-27 15:25:40] INFO: POST
[2023-06-27 15:25:42] INFO: SEQUELIZE
[2023-06-27 15:25:42] INFO: SEQUELIZE
[2023-06-27 15:25:45] INFO: POST
[2023-06-27 15:39:25] INFO: SEQUELIZE
[2023-06-27 15:39:25] INFO: SEQUELIZE
[2023-06-27 15:39:25] INFO: SEQUELIZE
[2023-06-27 15:39:25] INFO: GET
[2023-06-27 15:39:26] INFO: POST
[2023-06-27 15:41:06] INFO: App listening on the port: 5000
[2023-06-27 15:41:06] INFO: SEQUELIZE
[2023-06-27 15:41:06] INFO: Database connection established successfully
[2023-06-27 15:41:11] INFO: POST
[2023-06-27 15:42:12] INFO: SEQUELIZE
[2023-06-27 15:42:12] INFO: SEQUELIZE
[2023-06-27 15:42:12] INFO: SEQUELIZE
[2023-06-27 15:42:12] INFO: GET
[2023-06-27 15:42:14] INFO: SEQUELIZE
[2023-06-27 15:42:14] INFO: SEQUELIZE
[2023-06-27 15:42:14] INFO: GET
[2023-06-27 15:42:16] INFO: POST
[2023-06-27 15:45:00] INFO: App listening on the port: 5000
[2023-06-27 15:45:00] INFO: SEQUELIZE
[2023-06-27 15:45:00] INFO: Database connection established successfully
[2023-06-27 15:45:14] INFO: App listening on the port: 5000
[2023-06-27 15:45:14] INFO: SEQUELIZE
[2023-06-27 15:45:14] INFO: Database connection established successfully
[2023-06-27 15:45:19] INFO: POST
[2023-06-27 15:45:29] INFO: SEQUELIZE
[2023-06-27 15:45:29] ERROR: invalid input syntax for type timestamp with time zone: "Invalid date"
[2023-06-27 15:45:29] INFO: POST
[2023-06-27 15:45:34] INFO: POST
[2023-06-27 15:46:08] INFO: SEQUELIZE
[2023-06-27 15:46:08] INFO: SEQUELIZE
[2023-06-27 15:46:08] INFO: SEQUELIZE
[2023-06-27 15:46:08] INFO: SEQUELIZE
[2023-06-27 15:46:08] INFO: SEQUELIZE
[2023-06-27 15:46:08] ERROR: Could not create inventory transaction!
[2023-06-27 15:46:08] INFO: POST
[2023-06-27 15:46:09] INFO: POST
[2023-06-27 15:46:20] INFO: SEQUELIZE
[2023-06-27 15:46:20] INFO: SEQUELIZE
[2023-06-27 15:46:20] INFO: SEQUELIZE
[2023-06-27 15:46:20] INFO: SEQUELIZE
[2023-06-27 15:46:20] INFO: SEQUELIZE
[2023-06-27 15:46:20] INFO: SEQUELIZE
[2023-06-27 15:46:20] INFO: POST
[2023-06-27 15:46:24] INFO: POST
[2023-06-27 15:47:46] INFO: SEQUELIZE
[2023-06-27 15:47:46] INFO: SEQUELIZE
[2023-06-27 15:47:46] INFO: GET
[2023-06-27 15:47:50] INFO: POST
[2023-06-27 15:48:29] ERROR: Unexpected token } in JSON at position 334
[2023-06-27 15:48:29] INFO: PUT
[2023-06-27 15:48:30] INFO: POST
[2023-06-27 15:48:33] INFO: SEQUELIZE
[2023-06-27 15:48:33] INFO: SEQUELIZE
[2023-06-27 15:48:33] INFO: SEQUELIZE
[2023-06-27 15:48:33] INFO: SEQUELIZE
[2023-06-27 15:48:33] INFO: SEQUELIZE
[2023-06-27 15:48:33] INFO: SEQUELIZE
[2023-06-27 15:48:33] INFO: PUT
[2023-06-27 15:48:35] INFO: POST
[2023-06-27 15:49:52] INFO: App listening on the port: 5000
[2023-06-27 15:49:52] INFO: SEQUELIZE
[2023-06-27 15:49:52] INFO: Database connection established successfully
[2023-06-27 15:49:57] INFO: POST
[2023-06-27 15:50:04] INFO: App listening on the port: 5000
[2023-06-27 15:50:04] INFO: SEQUELIZE
[2023-06-27 15:50:04] INFO: Database connection established successfully
[2023-06-27 15:50:09] INFO: POST
[2023-06-27 15:50:16] INFO: App listening on the port: 5000
[2023-06-27 15:50:16] INFO: SEQUELIZE
[2023-06-27 15:50:16] INFO: Database connection established successfully
[2023-06-27 15:50:21] INFO: POST
[2023-06-27 15:51:49] INFO: App listening on the port: 5000
[2023-06-27 15:51:49] INFO: SEQUELIZE
[2023-06-27 15:51:49] INFO: Database connection established successfully
[2023-06-27 15:51:54] INFO: POST
[2023-06-27 15:53:38] INFO: App listening on the port: 5000
[2023-06-27 15:53:38] INFO: SEQUELIZE
[2023-06-27 15:53:38] INFO: Database connection established successfully
[2023-06-27 15:53:43] INFO: POST
[2023-06-27 15:54:33] INFO: App listening on the port: 5000
[2023-06-27 15:54:34] INFO: SEQUELIZE
[2023-06-27 15:54:34] INFO: Database connection established successfully
[2023-06-27 15:54:38] INFO: POST
[2023-06-27 15:55:43] INFO: App listening on the port: 5000
[2023-06-27 15:55:43] INFO: SEQUELIZE
[2023-06-27 15:55:43] INFO: Database connection established successfully
[2023-06-27 15:55:48] INFO: POST
[2023-06-27 16:01:34] INFO: App listening on the port: 5000
[2023-06-27 16:01:34] INFO: SEQUELIZE
[2023-06-27 16:01:34] INFO: Database connection established successfully
[2023-06-27 16:01:39] INFO: POST
[2023-06-27 16:01:55] INFO: App listening on the port: 5000
[2023-06-27 16:01:55] INFO: SEQUELIZE
[2023-06-27 16:01:55] INFO: Database connection established successfully
[2023-06-27 16:02:00] INFO: POST
[2023-06-27 16:02:11] INFO: App listening on the port: 5000
[2023-06-27 16:02:11] INFO: SEQUELIZE
[2023-06-27 16:02:11] INFO: Database connection established successfully
[2023-06-27 16:02:16] INFO: POST
[2023-06-27 16:02:42] INFO: App listening on the port: 5000
[2023-06-27 16:02:42] INFO: SEQUELIZE
[2023-06-27 16:02:42] INFO: Database connection established successfully
[2023-06-27 16:02:47] INFO: POST
[2023-06-27 16:03:28] INFO: App listening on the port: 5000
[2023-06-27 16:03:28] INFO: SEQUELIZE
[2023-06-27 16:03:28] INFO: Database connection established successfully
[2023-06-27 16:03:33] INFO: POST
[2023-06-27 16:03:44] INFO: App listening on the port: 5000
[2023-06-27 16:03:44] INFO: SEQUELIZE
[2023-06-27 16:03:44] INFO: Database connection established successfully
[2023-06-27 16:03:49] INFO: POST
[2023-06-27 16:04:32] INFO: App listening on the port: 5000
[2023-06-27 16:04:32] INFO: SEQUELIZE
[2023-06-27 16:04:32] INFO: Database connection established successfully
[2023-06-27 16:04:37] INFO: POST
[2023-06-27 16:05:48] INFO: App listening on the port: 5000
[2023-06-27 16:05:48] INFO: SEQUELIZE
[2023-06-27 16:05:48] INFO: Database connection established successfully
[2023-06-27 16:05:53] INFO: POST
[2023-06-27 16:06:09] INFO: App listening on the port: 5000
[2023-06-27 16:06:09] INFO: SEQUELIZE
[2023-06-27 16:06:09] INFO: Database connection established successfully
[2023-06-27 16:06:14] INFO: POST
[2023-06-27 16:06:34] INFO: App listening on the port: 5000
[2023-06-27 16:06:34] INFO: SEQUELIZE
[2023-06-27 16:06:34] INFO: Database connection established successfully
[2023-06-27 16:06:39] INFO: POST
[2023-06-27 16:06:49] INFO: App listening on the port: 5000
[2023-06-27 16:06:49] INFO: SEQUELIZE
[2023-06-27 16:06:49] INFO: Database connection established successfully
[2023-06-27 16:06:58] INFO: App listening on the port: 5000
[2023-06-27 16:06:58] INFO: SEQUELIZE
[2023-06-27 16:06:58] INFO: Database connection established successfully
[2023-06-27 16:07:03] INFO: POST
[2023-06-27 16:07:58] INFO: App listening on the port: 5000
[2023-06-27 16:07:58] INFO: SEQUELIZE
[2023-06-27 16:07:58] INFO: Database connection established successfully
[2023-06-27 16:08:03] INFO: POST
[2023-06-27 16:40:40] INFO: App listening on the port: 5000
[2023-06-27 16:40:40] INFO: SEQUELIZE
[2023-06-27 16:40:40] INFO: Database connection established successfully
[2023-06-27 16:40:52] INFO: App listening on the port: 5000
[2023-06-27 16:40:52] INFO: SEQUELIZE
[2023-06-27 16:40:52] INFO: Database connection established successfully
[2023-06-27 16:40:57] INFO: POST
[2023-06-27 16:41:14] INFO: App listening on the port: 5000
[2023-06-27 16:41:14] INFO: SEQUELIZE
[2023-06-27 16:41:14] INFO: Database connection established successfully
[2023-06-27 16:41:19] INFO: App listening on the port: 5000
[2023-06-27 16:41:19] INFO: SEQUELIZE
[2023-06-27 16:41:19] INFO: Database connection established successfully
[2023-06-27 16:41:25] INFO: App listening on the port: 5000
[2023-06-27 16:41:25] INFO: SEQUELIZE
[2023-06-27 16:41:25] INFO: Database connection established successfully
[2023-06-27 16:41:30] INFO: POST
[2023-06-27 16:44:03] INFO: App listening on the port: 5000
[2023-06-27 16:44:03] INFO: SEQUELIZE
[2023-06-27 16:44:03] INFO: Database connection established successfully
[2023-06-27 16:44:08] INFO: POST
[2023-06-27 16:44:14] INFO: App listening on the port: 5000
[2023-06-27 16:44:14] INFO: SEQUELIZE
[2023-06-27 16:44:14] INFO: Database connection established successfully
[2023-06-27 16:44:19] INFO: POST
[2023-06-27 16:44:32] INFO: App listening on the port: 5000
[2023-06-27 16:44:32] INFO: SEQUELIZE
[2023-06-27 16:44:32] INFO: Database connection established successfully
[2023-06-27 16:44:41] INFO: App listening on the port: 5000
[2023-06-27 16:44:41] INFO: SEQUELIZE
[2023-06-27 16:44:41] INFO: Database connection established successfully
[2023-06-27 16:44:46] INFO: POST
[2023-06-27 16:45:56] ERROR: No authentication token provided
[2023-06-27 16:45:56] INFO: POST
[2023-06-27 16:46:01] INFO: POST
[2023-06-27 16:46:50] ERROR: No authentication token provided
[2023-06-27 16:46:50] INFO: POST
[2023-06-27 16:46:51] INFO: POST
[2023-06-27 16:47:06] ERROR: No authentication token provided
[2023-06-27 16:47:06] INFO: POST
[2023-06-27 16:47:11] INFO: POST
[2023-06-27 16:47:51] ERROR: No authentication token provided
[2023-06-27 16:47:51] INFO: POST
[2023-06-27 16:47:51] INFO: POST
[2023-06-27 16:48:55] INFO: App listening on the port: 5000
[2023-06-27 16:48:55] INFO: SEQUELIZE
[2023-06-27 16:48:55] INFO: Database connection established successfully
[2023-06-27 16:48:57] ERROR: No authentication token provided
[2023-06-27 16:48:57] INFO: POST
[2023-06-27 16:49:00] INFO: POST
[2023-06-27 16:49:21] INFO: SEQUELIZE
[2023-06-27 16:49:21] INFO: Database connection established successfully
[2023-06-27 16:49:32] INFO: App listening on the port: 5000
[2023-06-27 16:49:33] INFO: SEQUELIZE
[2023-06-27 16:49:33] INFO: Database connection established successfully
[2023-06-27 16:49:41] INFO: App listening on the port: 5000
[2023-06-27 16:49:41] INFO: SEQUELIZE
[2023-06-27 16:49:41] INFO: Database connection established successfully
[2023-06-27 16:49:43] INFO: SEQUELIZE
[2023-06-27 16:49:43] ERROR: Field name missing
[2023-06-27 16:49:43] INFO: POST
[2023-06-27 16:49:46] INFO: POST
[2023-06-27 16:50:22] INFO: App listening on the port: 5000
[2023-06-27 16:50:22] INFO: SEQUELIZE
[2023-06-27 16:50:22] INFO: Database connection established successfully
[2023-06-27 16:50:23] INFO: SEQUELIZE
[2023-06-27 16:50:23] ERROR: Field name missing
[2023-06-27 16:50:23] INFO: POST
[2023-06-27 16:50:27] INFO: POST
[2023-06-27 16:51:02] INFO: SEQUELIZE
[2023-06-27 16:51:02] ERROR: Cannot read properties of undefined (reading 'originalname')
[2023-06-27 16:51:02] INFO: POST
[2023-06-27 16:51:07] INFO: POST
[2023-06-27 16:51:20] INFO: SEQUELIZE
[2023-06-27 16:51:20] INFO: POST
[2023-06-27 16:51:22] INFO: POST
[2023-06-27 16:51:44] INFO: SEQUELIZE
[2023-06-27 16:51:44] INFO: GET
[2023-06-27 16:51:47] INFO: POST
