[2023-10-12 11:35:17] INFO: SEQUELIZE
[2023-10-12 11:35:17] INFO: Database connection established successfully
[2023-10-12 11:36:04] INFO: App listening on the port: 5000
[2023-10-12 11:36:04] INFO: SEQUELIZE
[2023-10-12 11:36:04] INFO: Database connection established successfully
[2023-10-12 11:36:09] INFO: POST
[2023-10-12 11:37:05] INFO: OPTIONS
[2023-10-12 11:37:06] INFO: SEQUELIZE
[2023-10-12 11:37:06] INFO: POST
[2023-10-12 11:37:09] INFO: POST
[2023-10-12 11:38:52] INFO: OPTIONS
[2023-10-12 11:38:52] INFO: SEQUELIZE
[2023-10-12 11:38:52] INFO: SEQUELIZE
[2023-10-12 11:38:52] INFO: POST
[2023-10-12 11:38:54] INFO: POST
[2023-10-12 11:42:51] ERROR: No authentication token provided
[2023-10-12 11:42:51] INFO: GET
[2023-10-12 11:42:51] ERROR: No authentication token provided
[2023-10-12 11:42:51] INFO: GET
[2023-10-12 11:42:55] INFO: POST
[2023-10-12 11:42:56] ERROR: No authentication token provided
[2023-10-12 11:42:57] INFO: GET
[2023-10-12 11:42:57] ERROR: No authentication token provided
[2023-10-12 11:42:57] INFO: GET
[2023-10-12 11:43:00] INFO: POST
[2023-10-12 11:43:05] ERROR: No authentication token provided
[2023-10-12 11:43:05] INFO: GET
[2023-10-12 11:43:05] ERROR: No authentication token provided
[2023-10-12 11:43:05] INFO: GET
[2023-10-12 11:43:10] INFO: POST
[2023-10-12 11:43:26] INFO: OPTIONS
[2023-10-12 11:43:26] INFO: OPTIONS
[2023-10-12 11:43:26] INFO: SEQUELIZE
[2023-10-12 11:43:26] INFO: SEQUELIZE
[2023-10-12 11:43:26] INFO: SEQUELIZE
[2023-10-12 11:43:26] INFO: POST
[2023-10-12 11:43:26] INFO: SEQUELIZE
[2023-10-12 11:43:26] INFO: POST
[2023-10-12 11:43:30] INFO: POST
[2023-10-12 11:43:35] ERROR: No authentication token provided
[2023-10-12 11:43:35] INFO: GET
[2023-10-12 11:43:35] ERROR: No authentication token provided
[2023-10-12 11:43:35] INFO: GET
[2023-10-12 11:43:35] INFO: POST
[2023-10-12 11:43:55] ERROR: No authentication token provided
[2023-10-12 11:43:55] INFO: GET
[2023-10-12 11:44:00] INFO: POST
[2023-10-12 11:44:00] INFO: SEQUELIZE
[2023-10-12 11:44:00] INFO: SEQUELIZE
[2023-10-12 11:44:00] INFO: SEQUELIZE
[2023-10-12 11:44:00] INFO: POST
[2023-10-12 11:44:00] INFO: SEQUELIZE
[2023-10-12 11:44:00] INFO: POST
[2023-10-12 11:44:03] ERROR: No authentication token provided
[2023-10-12 11:44:03] INFO: GET
[2023-10-12 11:44:03] ERROR: No authentication token provided
[2023-10-12 11:44:03] INFO: GET
[2023-10-12 11:44:05] INFO: POST
[2023-10-12 11:48:21] INFO: OPTIONS
[2023-10-12 11:48:21] ERROR: No authentication token provided
[2023-10-12 11:48:21] INFO: GET
[2023-10-12 11:48:24] ERROR: No authentication token provided
[2023-10-12 11:48:24] INFO: GET
[2023-10-12 11:48:24] ERROR: No authentication token provided
[2023-10-12 11:48:24] INFO: GET
[2023-10-12 11:48:25] INFO: POST
[2023-10-12 11:49:05] INFO: OPTIONS
[2023-10-12 11:49:05] INFO: SEQUELIZE
[2023-10-12 11:49:06] INFO: SEQUELIZE
[2023-10-12 11:49:06] INFO: SEQUELIZE
[2023-10-12 11:49:06] INFO: GET
[2023-10-12 11:49:10] INFO: POST
[2023-10-12 11:49:11] INFO: SEQUELIZE
[2023-10-12 11:49:11] INFO: SEQUELIZE
[2023-10-12 11:49:11] INFO: SEQUELIZE
[2023-10-12 11:49:11] INFO: POST
[2023-10-12 11:49:11] INFO: SEQUELIZE
[2023-10-12 11:49:11] INFO: POST
[2023-10-12 11:49:14] INFO: SEQUELIZE
[2023-10-12 11:49:14] INFO: SEQUELIZE
[2023-10-12 11:49:14] INFO: SEQUELIZE
[2023-10-12 11:49:14] INFO: GET
[2023-10-12 11:49:14] INFO: SEQUELIZE
[2023-10-12 11:49:14] INFO: SEQUELIZE
[2023-10-12 11:49:14] INFO: SEQUELIZE
[2023-10-12 11:49:14] INFO: GET
[2023-10-12 11:49:15] INFO: POST
[2023-10-12 11:49:32] INFO: SEQUELIZE
[2023-10-12 11:49:32] INFO: SEQUELIZE
[2023-10-12 11:49:32] INFO: SEQUELIZE
[2023-10-12 11:49:32] INFO: POST
[2023-10-12 11:49:32] INFO: SEQUELIZE
[2023-10-12 11:49:32] INFO: POST
[2023-10-12 11:49:33] INFO: SEQUELIZE
[2023-10-12 11:49:33] INFO: SEQUELIZE
[2023-10-12 11:49:33] INFO: SEQUELIZE
[2023-10-12 11:49:33] INFO: GET
[2023-10-12 11:49:33] INFO: SEQUELIZE
[2023-10-12 11:49:33] INFO: SEQUELIZE
[2023-10-12 11:49:33] INFO: SEQUELIZE
[2023-10-12 11:49:33] INFO: GET
[2023-10-12 11:49:35] INFO: POST
[2023-10-12 11:50:19] INFO: SEQUELIZE
[2023-10-12 11:50:19] INFO: SEQUELIZE
[2023-10-12 11:50:19] INFO: SEQUELIZE
[2023-10-12 11:50:19] INFO: POST
[2023-10-12 11:50:19] INFO: SEQUELIZE
[2023-10-12 11:50:19] INFO: POST
[2023-10-12 11:50:20] INFO: SEQUELIZE
[2023-10-12 11:50:20] INFO: SEQUELIZE
[2023-10-12 11:50:20] INFO: SEQUELIZE
[2023-10-12 11:50:20] INFO: GET
[2023-10-12 11:50:20] INFO: SEQUELIZE
[2023-10-12 11:50:20] INFO: SEQUELIZE
[2023-10-12 11:50:20] INFO: SEQUELIZE
[2023-10-12 11:50:20] INFO: GET
[2023-10-12 11:50:21] INFO: POST
[2023-10-12 11:50:53] INFO: SEQUELIZE
[2023-10-12 11:50:53] INFO: SEQUELIZE
[2023-10-12 11:50:53] INFO: SEQUELIZE
[2023-10-12 11:50:53] INFO: POST
[2023-10-12 11:50:53] INFO: SEQUELIZE
[2023-10-12 11:50:53] INFO: POST
[2023-10-12 11:50:55] INFO: SEQUELIZE
[2023-10-12 11:50:55] INFO: SEQUELIZE
[2023-10-12 11:50:55] INFO: SEQUELIZE
[2023-10-12 11:50:55] INFO: POST
[2023-10-12 11:50:55] INFO: SEQUELIZE
[2023-10-12 11:50:55] INFO: POST
[2023-10-12 11:50:56] INFO: POST
[2023-10-12 11:50:56] INFO: SEQUELIZE
[2023-10-12 11:50:57] INFO: SEQUELIZE
[2023-10-12 11:50:57] INFO: SEQUELIZE
[2023-10-12 11:50:57] INFO: GET
[2023-10-12 11:50:57] INFO: SEQUELIZE
[2023-10-12 11:50:57] INFO: SEQUELIZE
[2023-10-12 11:50:57] INFO: SEQUELIZE
[2023-10-12 11:50:57] INFO: GET
[2023-10-12 11:51:01] INFO: POST
[2023-10-12 11:51:20] INFO: SEQUELIZE
[2023-10-12 11:51:20] INFO: SEQUELIZE
[2023-10-12 11:51:20] INFO: SEQUELIZE
[2023-10-12 11:51:20] INFO: GET
[2023-10-12 11:51:21] INFO: POST
[2023-10-12 11:51:26] INFO: SEQUELIZE
[2023-10-12 11:51:26] INFO: SEQUELIZE
[2023-10-12 11:51:26] INFO: SEQUELIZE
[2023-10-12 11:51:26] INFO: GET
[2023-10-12 11:51:26] INFO: SEQUELIZE
[2023-10-12 11:51:26] INFO: SEQUELIZE
[2023-10-12 11:51:26] INFO: SEQUELIZE
[2023-10-12 11:51:26] INFO: GET
[2023-10-12 11:51:31] INFO: POST
[2023-10-12 11:51:53] INFO: SEQUELIZE
[2023-10-12 11:51:53] INFO: SEQUELIZE
[2023-10-12 11:51:53] INFO: SEQUELIZE
[2023-10-12 11:51:53] INFO: GET
[2023-10-12 11:51:56] INFO: POST
[2023-10-12 11:52:46] INFO: SEQUELIZE
[2023-10-12 11:52:46] INFO: SEQUELIZE
[2023-10-12 11:52:46] INFO: SEQUELIZE
[2023-10-12 11:52:46] INFO: POST
[2023-10-12 11:52:46] INFO: SEQUELIZE
[2023-10-12 11:52:46] INFO: POST
[2023-10-12 11:52:46] INFO: POST
[2023-10-12 11:52:49] INFO: SEQUELIZE
[2023-10-12 11:52:49] INFO: SEQUELIZE
[2023-10-12 11:52:49] INFO: SEQUELIZE
[2023-10-12 11:52:49] INFO: GET
[2023-10-12 11:52:49] INFO: SEQUELIZE
[2023-10-12 11:52:49] INFO: SEQUELIZE
[2023-10-12 11:52:49] INFO: SEQUELIZE
[2023-10-12 11:52:49] INFO: GET
[2023-10-12 11:52:51] INFO: POST
[2023-10-12 11:53:23] INFO: SEQUELIZE
[2023-10-12 11:53:23] INFO: SEQUELIZE
[2023-10-12 11:53:23] INFO: SEQUELIZE
[2023-10-12 11:53:23] INFO: GET
[2023-10-12 11:53:23] INFO: SEQUELIZE
[2023-10-12 11:53:23] INFO: SEQUELIZE
[2023-10-12 11:53:23] INFO: SEQUELIZE
[2023-10-12 11:53:23] INFO: GET
[2023-10-12 11:53:25] INFO: SEQUELIZE
[2023-10-12 11:53:25] INFO: SEQUELIZE
[2023-10-12 11:53:25] INFO: SEQUELIZE
[2023-10-12 11:53:25] INFO: GET
[2023-10-12 11:53:25] INFO: SEQUELIZE
[2023-10-12 11:53:25] INFO: SEQUELIZE
[2023-10-12 11:53:25] INFO: SEQUELIZE
[2023-10-12 11:53:25] INFO: GET
[2023-10-12 11:53:26] INFO: POST
[2023-10-12 11:53:35] INFO: SEQUELIZE
[2023-10-12 11:53:35] INFO: SEQUELIZE
[2023-10-12 11:53:35] INFO: SEQUELIZE
[2023-10-12 11:53:35] INFO: GET
[2023-10-12 11:53:35] INFO: SEQUELIZE
[2023-10-12 11:53:35] INFO: SEQUELIZE
[2023-10-12 11:53:35] INFO: SEQUELIZE
[2023-10-12 11:53:35] INFO: GET
[2023-10-12 11:53:36] INFO: POST
[2023-10-12 11:57:10] INFO: SEQUELIZE
[2023-10-12 11:57:10] INFO: SEQUELIZE
[2023-10-12 11:57:10] INFO: SEQUELIZE
[2023-10-12 11:57:10] INFO: POST
[2023-10-12 11:57:10] INFO: SEQUELIZE
[2023-10-12 11:57:10] INFO: POST
[2023-10-12 11:57:11] INFO: POST
[2023-10-12 11:57:12] INFO: OPTIONS
[2023-10-12 11:57:12] INFO: OPTIONS
[2023-10-12 11:57:12] ERROR: No authentication token provided
[2023-10-12 11:57:12] INFO: GET
[2023-10-12 11:57:12] ERROR: No authentication token provided
[2023-10-12 11:57:12] INFO: GET
[2023-10-12 11:57:16] INFO: POST
[2023-10-12 11:57:34] INFO: OPTIONS
[2023-10-12 11:57:34] INFO: SEQUELIZE
[2023-10-12 11:57:34] INFO: SEQUELIZE
[2023-10-12 11:57:34] INFO: SEQUELIZE
[2023-10-12 11:57:34] INFO: GET
[2023-10-12 11:57:36] INFO: POST
[2023-10-12 11:58:22] INFO: OPTIONS
[2023-10-12 11:58:22] ERROR: No authentication token provided
[2023-10-12 11:58:22] INFO: GET
[2023-10-12 11:58:26] INFO: POST
[2023-10-12 11:58:30] INFO: OPTIONS
[2023-10-12 11:58:30] INFO: SEQUELIZE
[2023-10-12 11:58:30] INFO: SEQUELIZE
[2023-10-12 11:58:30] INFO: SEQUELIZE
[2023-10-12 11:58:30] INFO: GET
[2023-10-12 11:58:31] INFO: POST
[2023-10-12 11:58:33] INFO: SEQUELIZE
[2023-10-12 11:58:33] INFO: SEQUELIZE
[2023-10-12 11:58:33] INFO: SEQUELIZE
[2023-10-12 11:58:33] INFO: GET
[2023-10-12 11:58:33] INFO: SEQUELIZE
[2023-10-12 11:58:33] INFO: SEQUELIZE
[2023-10-12 11:58:33] INFO: SEQUELIZE
[2023-10-12 11:58:33] INFO: GET
[2023-10-12 11:58:36] INFO: POST
[2023-10-12 12:00:26] INFO: SEQUELIZE
[2023-10-12 12:00:26] INFO: SEQUELIZE
[2023-10-12 12:00:26] INFO: SEQUELIZE
[2023-10-12 12:00:26] INFO: GET
[2023-10-12 12:00:26] INFO: SEQUELIZE
[2023-10-12 12:00:26] INFO: SEQUELIZE
[2023-10-12 12:00:26] INFO: SEQUELIZE
[2023-10-12 12:00:27] INFO: GET
[2023-10-12 12:00:27] INFO: POST
[2023-10-12 12:00:28] INFO: SEQUELIZE
[2023-10-12 12:00:28] INFO: SEQUELIZE
[2023-10-12 12:00:28] INFO: SEQUELIZE
[2023-10-12 12:00:28] INFO: GET
[2023-10-12 12:00:28] INFO: SEQUELIZE
[2023-10-12 12:00:28] INFO: SEQUELIZE
[2023-10-12 12:00:28] INFO: SEQUELIZE
[2023-10-12 12:00:28] INFO: GET
[2023-10-12 12:00:28] INFO: SEQUELIZE
[2023-10-12 12:00:28] INFO: SEQUELIZE
[2023-10-12 12:00:28] INFO: SEQUELIZE
[2023-10-12 12:00:28] INFO: GET
[2023-10-12 12:00:28] INFO: SEQUELIZE
[2023-10-12 12:00:28] INFO: SEQUELIZE
[2023-10-12 12:00:28] INFO: SEQUELIZE
[2023-10-12 12:00:28] INFO: GET
[2023-10-12 12:00:30] INFO: SEQUELIZE
[2023-10-12 12:00:30] INFO: SEQUELIZE
[2023-10-12 12:00:30] INFO: SEQUELIZE
[2023-10-12 12:00:30] INFO: GET
[2023-10-12 12:00:30] INFO: SEQUELIZE
[2023-10-12 12:00:30] INFO: SEQUELIZE
[2023-10-12 12:00:30] INFO: SEQUELIZE
[2023-10-12 12:00:30] INFO: GET
[2023-10-12 12:00:30] INFO: SEQUELIZE
[2023-10-12 12:00:30] INFO: SEQUELIZE
[2023-10-12 12:00:30] INFO: SEQUELIZE
[2023-10-12 12:00:30] INFO: GET
[2023-10-12 12:00:30] INFO: SEQUELIZE
[2023-10-12 12:00:30] INFO: SEQUELIZE
[2023-10-12 12:00:30] INFO: SEQUELIZE
[2023-10-12 12:00:30] INFO: GET
[2023-10-12 12:00:32] INFO: SEQUELIZE
[2023-10-12 12:00:32] INFO: SEQUELIZE
[2023-10-12 12:00:32] INFO: SEQUELIZE
[2023-10-12 12:00:32] INFO: GET
[2023-10-12 12:00:32] INFO: POST
[2023-10-12 12:00:32] INFO: SEQUELIZE
[2023-10-12 12:00:32] INFO: SEQUELIZE
[2023-10-12 12:00:32] INFO: SEQUELIZE
[2023-10-12 12:00:32] INFO: GET
[2023-10-12 12:00:37] INFO: POST
[2023-10-12 12:03:11] INFO: SEQUELIZE
[2023-10-12 12:03:11] INFO: SEQUELIZE
[2023-10-12 12:03:11] INFO: SEQUELIZE
[2023-10-12 12:03:11] INFO: GET
[2023-10-12 12:03:11] INFO: SEQUELIZE
[2023-10-12 12:03:11] INFO: SEQUELIZE
[2023-10-12 12:03:11] INFO: SEQUELIZE
[2023-10-12 12:03:11] INFO: GET
[2023-10-12 12:03:12] INFO: POST
[2023-10-12 12:03:31] INFO: SEQUELIZE
[2023-10-12 12:03:31] INFO: SEQUELIZE
[2023-10-12 12:03:31] INFO: SEQUELIZE
[2023-10-12 12:03:31] INFO: GET
[2023-10-12 12:03:32] INFO: POST
[2023-10-12 12:03:34] INFO: SEQUELIZE
[2023-10-12 12:03:34] INFO: SEQUELIZE
[2023-10-12 12:03:34] INFO: SEQUELIZE
[2023-10-12 12:03:34] INFO: POST
[2023-10-12 12:03:34] INFO: SEQUELIZE
[2023-10-12 12:03:34] INFO: POST
[2023-10-12 12:03:36] INFO: SEQUELIZE
[2023-10-12 12:03:36] INFO: SEQUELIZE
[2023-10-12 12:03:36] INFO: SEQUELIZE
[2023-10-12 12:03:36] INFO: GET
[2023-10-12 12:03:36] INFO: SEQUELIZE
[2023-10-12 12:03:36] INFO: SEQUELIZE
[2023-10-12 12:03:36] INFO: SEQUELIZE
[2023-10-12 12:03:36] INFO: GET
[2023-10-12 12:03:37] INFO: POST
[2023-10-12 12:03:49] INFO: SEQUELIZE
[2023-10-12 12:03:49] INFO: SEQUELIZE
[2023-10-12 12:03:49] INFO: SEQUELIZE
[2023-10-12 12:03:49] INFO: GET
[2023-10-12 12:03:52] INFO: POST
[2023-10-12 12:03:55] INFO: SEQUELIZE
[2023-10-12 12:03:55] INFO: SEQUELIZE
[2023-10-12 12:03:55] INFO: SEQUELIZE
[2023-10-12 12:03:55] INFO: GET
[2023-10-12 12:03:57] INFO: POST
[2023-10-12 12:04:48] INFO: SEQUELIZE
[2023-10-12 12:04:48] INFO: SEQUELIZE
[2023-10-12 12:04:48] INFO: SEQUELIZE
[2023-10-12 12:04:48] INFO: GET
[2023-10-12 12:04:52] INFO: POST
[2023-10-12 12:05:19] INFO: SEQUELIZE
[2023-10-12 12:05:19] INFO: SEQUELIZE
[2023-10-12 12:05:19] INFO: SEQUELIZE
[2023-10-12 12:05:19] INFO: GET
[2023-10-12 12:05:19] INFO: SEQUELIZE
[2023-10-12 12:05:19] INFO: SEQUELIZE
[2023-10-12 12:05:19] INFO: SEQUELIZE
[2023-10-12 12:05:19] INFO: GET
[2023-10-12 12:05:22] INFO: POST
[2023-10-12 12:05:25] INFO: SEQUELIZE
[2023-10-12 12:05:25] INFO: SEQUELIZE
[2023-10-12 12:05:25] INFO: POST
[2023-10-12 12:05:25] INFO: SEQUELIZE
[2023-10-12 12:05:25] INFO: SEQUELIZE
[2023-10-12 12:05:25] INFO: POST
[2023-10-12 12:05:27] INFO: POST
[2023-10-12 12:05:28] INFO: SEQUELIZE
[2023-10-12 12:05:28] INFO: SEQUELIZE
[2023-10-12 12:05:28] INFO: SEQUELIZE
[2023-10-12 12:05:28] INFO: GET
[2023-10-12 12:05:28] INFO: SEQUELIZE
[2023-10-12 12:05:28] INFO: SEQUELIZE
[2023-10-12 12:05:28] INFO: SEQUELIZE
[2023-10-12 12:05:28] INFO: GET
[2023-10-12 12:05:32] INFO: POST
[2023-10-12 12:05:48] INFO: SEQUELIZE
[2023-10-12 12:05:48] INFO: SEQUELIZE
[2023-10-12 12:05:48] INFO: SEQUELIZE
[2023-10-12 12:05:48] INFO: GET
[2023-10-12 12:05:52] INFO: POST
[2023-10-12 12:15:09] INFO: SEQUELIZE
[2023-10-12 12:15:09] INFO: SEQUELIZE
[2023-10-12 12:15:09] INFO: SEQUELIZE
[2023-10-12 12:15:09] INFO: GET
[2023-10-12 12:15:09] INFO: SEQUELIZE
[2023-10-12 12:15:09] INFO: SEQUELIZE
[2023-10-12 12:15:09] INFO: SEQUELIZE
[2023-10-12 12:15:09] INFO: GET
[2023-10-12 12:15:13] INFO: POST
[2023-10-12 12:16:57] INFO: SEQUELIZE
[2023-10-12 12:16:57] INFO: SEQUELIZE
[2023-10-12 12:16:57] INFO: SEQUELIZE
[2023-10-12 12:16:57] INFO: GET
[2023-10-12 12:16:57] INFO: SEQUELIZE
[2023-10-12 12:16:57] INFO: SEQUELIZE
[2023-10-12 12:16:57] INFO: SEQUELIZE
[2023-10-12 12:16:57] INFO: GET
[2023-10-12 12:16:58] INFO: POST
[2023-10-12 12:19:13] INFO: SEQUELIZE
[2023-10-12 12:19:13] INFO: SEQUELIZE
[2023-10-12 12:19:13] INFO: SEQUELIZE
[2023-10-12 12:19:13] INFO: GET
[2023-10-12 12:19:13] INFO: SEQUELIZE
[2023-10-12 12:19:13] INFO: SEQUELIZE
[2023-10-12 12:19:13] INFO: SEQUELIZE
[2023-10-12 12:19:13] INFO: GET
[2023-10-12 12:19:13] INFO: POST
[2023-10-12 12:20:25] INFO: SEQUELIZE
[2023-10-12 12:20:25] INFO: SEQUELIZE
[2023-10-12 12:20:25] INFO: SEQUELIZE
[2023-10-12 12:20:25] INFO: GET
[2023-10-12 12:20:25] INFO: SEQUELIZE
[2023-10-12 12:20:25] INFO: SEQUELIZE
[2023-10-12 12:20:25] INFO: SEQUELIZE
[2023-10-12 12:20:25] INFO: GET
[2023-10-12 12:20:29] INFO: POST
[2023-10-12 12:22:48] INFO: SEQUELIZE
[2023-10-12 12:22:48] INFO: SEQUELIZE
[2023-10-12 12:22:48] INFO: SEQUELIZE
[2023-10-12 12:22:48] INFO: GET
[2023-10-12 12:22:48] INFO: SEQUELIZE
[2023-10-12 12:22:48] INFO: SEQUELIZE
[2023-10-12 12:22:48] INFO: SEQUELIZE
[2023-10-12 12:22:48] INFO: GET
[2023-10-12 12:22:49] INFO: POST
[2023-10-12 12:24:03] INFO: SEQUELIZE
[2023-10-12 12:24:03] INFO: SEQUELIZE
[2023-10-12 12:24:03] INFO: SEQUELIZE
[2023-10-12 12:24:03] INFO: GET
[2023-10-12 12:24:04] INFO: POST
[2023-10-12 12:24:21] INFO: SEQUELIZE
[2023-10-12 12:24:21] INFO: SEQUELIZE
[2023-10-12 12:24:21] INFO: SEQUELIZE
[2023-10-12 12:24:21] INFO: GET
[2023-10-12 12:24:24] INFO: POST
[2023-10-12 12:24:49] INFO: SEQUELIZE
[2023-10-12 12:24:49] INFO: SEQUELIZE
[2023-10-12 12:24:49] INFO: SEQUELIZE
[2023-10-12 12:24:49] INFO: POST
[2023-10-12 12:24:49] INFO: SEQUELIZE
[2023-10-12 12:24:49] INFO: POST
[2023-10-12 12:24:49] INFO: POST
[2023-10-12 12:24:51] INFO: SEQUELIZE
[2023-10-12 12:24:51] INFO: SEQUELIZE
[2023-10-12 12:24:51] INFO: SEQUELIZE
[2023-10-12 12:24:51] INFO: GET
[2023-10-12 12:24:51] INFO: SEQUELIZE
[2023-10-12 12:24:51] INFO: SEQUELIZE
[2023-10-12 12:24:51] INFO: SEQUELIZE
[2023-10-12 12:24:51] INFO: GET
[2023-10-12 12:24:54] INFO: POST
[2023-10-12 12:26:40] INFO: SEQUELIZE
[2023-10-12 12:26:40] INFO: SEQUELIZE
[2023-10-12 12:26:40] INFO: SEQUELIZE
[2023-10-12 12:26:40] INFO: GET
[2023-10-12 12:26:44] INFO: POST
[2023-10-12 12:26:58] INFO: OPTIONS
[2023-10-12 12:26:58] INFO: SEQUELIZE
[2023-10-12 12:26:58] INFO: SEQUELIZE
[2023-10-12 12:26:58] INFO: SEQUELIZE
[2023-10-12 12:26:58] INFO: SEQUELIZE
[2023-10-12 12:26:58] INFO: SEQUELIZE
[2023-10-12 12:26:58] INFO: POST
[2023-10-12 12:26:59] INFO: POST
[2023-10-12 12:27:07] INFO: SEQUELIZE
[2023-10-12 12:27:07] INFO: SEQUELIZE
[2023-10-12 12:27:07] INFO: SEQUELIZE
[2023-10-12 12:27:07] INFO: POST
[2023-10-12 12:27:07] INFO: SEQUELIZE
[2023-10-12 12:27:07] INFO: POST
[2023-10-12 12:27:09] INFO: SEQUELIZE
[2023-10-12 12:27:09] INFO: SEQUELIZE
[2023-10-12 12:27:09] INFO: SEQUELIZE
[2023-10-12 12:27:09] INFO: GET
[2023-10-12 12:27:09] INFO: SEQUELIZE
[2023-10-12 12:27:09] INFO: SEQUELIZE
[2023-10-12 12:27:09] INFO: SEQUELIZE
[2023-10-12 12:27:09] INFO: GET
[2023-10-12 12:27:09] INFO: POST
[2023-10-12 12:29:06] INFO: SEQUELIZE
[2023-10-12 12:29:06] INFO: SEQUELIZE
[2023-10-12 12:29:06] INFO: SEQUELIZE
[2023-10-12 12:29:06] INFO: GET
[2023-10-12 12:29:10] INFO: POST
[2023-10-12 12:29:20] INFO: SEQUELIZE
[2023-10-12 12:29:20] INFO: SEQUELIZE
[2023-10-12 12:29:20] INFO: SEQUELIZE
[2023-10-12 12:29:20] INFO: GET
[2023-10-12 12:29:25] INFO: POST
[2023-10-12 12:29:35] INFO: SEQUELIZE
[2023-10-12 12:29:35] INFO: SEQUELIZE
[2023-10-12 12:29:35] INFO: SEQUELIZE
[2023-10-12 12:29:35] INFO: GET
[2023-10-12 12:29:35] INFO: POST
[2023-10-12 12:29:37] INFO: SEQUELIZE
[2023-10-12 12:29:37] INFO: SEQUELIZE
[2023-10-12 12:29:37] INFO: SEQUELIZE
[2023-10-12 12:29:37] INFO: GET
[2023-10-12 12:29:37] INFO: SEQUELIZE
[2023-10-12 12:29:37] INFO: SEQUELIZE
[2023-10-12 12:29:37] INFO: SEQUELIZE
[2023-10-12 12:29:37] INFO: GET
[2023-10-12 12:29:40] INFO: POST
[2023-10-12 12:29:45] INFO: SEQUELIZE
[2023-10-12 12:29:45] INFO: SEQUELIZE
[2023-10-12 12:29:46] INFO: SEQUELIZE
[2023-10-12 12:29:46] INFO: SEQUELIZE
[2023-10-12 12:29:46] INFO: SEQUELIZE
[2023-10-12 12:29:46] INFO: POST
[2023-10-12 12:29:46] INFO: SEQUELIZE
[2023-10-12 12:29:46] INFO: SEQUELIZE
[2023-10-12 12:29:46] INFO: SEQUELIZE
[2023-10-12 12:29:46] INFO: GET
[2023-10-12 12:29:50] INFO: POST
[2023-10-12 12:31:20] INFO: SEQUELIZE
[2023-10-12 12:31:20] INFO: SEQUELIZE
[2023-10-12 12:31:20] INFO: SEQUELIZE
[2023-10-12 12:31:20] INFO: GET
[2023-10-12 12:31:20] INFO: SEQUELIZE
[2023-10-12 12:31:20] INFO: SEQUELIZE
[2023-10-12 12:31:20] INFO: SEQUELIZE
[2023-10-12 12:31:20] INFO: GET
[2023-10-12 12:31:20] INFO: POST
[2023-10-12 12:32:13] INFO: SEQUELIZE
[2023-10-12 12:32:13] INFO: SEQUELIZE
[2023-10-12 12:32:13] INFO: SEQUELIZE
[2023-10-12 12:32:13] INFO: POST
[2023-10-12 12:32:13] INFO: SEQUELIZE
[2023-10-12 12:32:13] INFO: POST
[2023-10-12 12:32:15] INFO: POST
[2023-10-12 12:32:55] INFO: SEQUELIZE
[2023-10-12 12:32:55] INFO: SEQUELIZE
[2023-10-12 12:32:55] INFO: SEQUELIZE
[2023-10-12 12:32:55] INFO: GET
[2023-10-12 12:32:55] INFO: SEQUELIZE
[2023-10-12 12:32:55] INFO: SEQUELIZE
[2023-10-12 12:32:55] INFO: SEQUELIZE
[2023-10-12 12:32:55] INFO: GET
[2023-10-12 12:33:00] INFO: POST
[2023-10-12 12:33:20] INFO: SEQUELIZE
[2023-10-12 12:33:20] INFO: SEQUELIZE
[2023-10-12 12:33:20] INFO: SEQUELIZE
[2023-10-12 12:33:20] INFO: GET
[2023-10-12 12:33:20] INFO: POST
[2023-10-12 12:33:49] INFO: SEQUELIZE
[2023-10-12 12:33:49] INFO: SEQUELIZE
[2023-10-12 12:33:49] INFO: SEQUELIZE
[2023-10-12 12:33:49] INFO: GET
[2023-10-12 12:33:49] INFO: SEQUELIZE
[2023-10-12 12:33:49] INFO: SEQUELIZE
[2023-10-12 12:33:49] INFO: SEQUELIZE
[2023-10-12 12:33:49] INFO: GET
[2023-10-12 12:33:50] INFO: POST
[2023-10-12 12:33:57] INFO: SEQUELIZE
[2023-10-12 12:33:57] INFO: SEQUELIZE
[2023-10-12 12:33:57] INFO: SEQUELIZE
[2023-10-12 12:33:57] INFO: GET
[2023-10-12 12:33:57] INFO: SEQUELIZE
[2023-10-12 12:33:57] INFO: SEQUELIZE
[2023-10-12 12:33:57] INFO: SEQUELIZE
[2023-10-12 12:33:57] INFO: GET
[2023-10-12 12:33:57] INFO: SEQUELIZE
[2023-10-12 12:33:57] INFO: SEQUELIZE
[2023-10-12 12:33:57] INFO: SEQUELIZE
[2023-10-12 12:33:57] INFO: GET
[2023-10-12 12:33:57] INFO: SEQUELIZE
[2023-10-12 12:33:57] INFO: SEQUELIZE
[2023-10-12 12:33:57] INFO: SEQUELIZE
[2023-10-12 12:33:57] INFO: GET
[2023-10-12 12:34:00] INFO: SEQUELIZE
[2023-10-12 12:34:00] INFO: SEQUELIZE
[2023-10-12 12:34:00] INFO: SEQUELIZE
[2023-10-12 12:34:00] INFO: GET
[2023-10-12 12:34:00] INFO: SEQUELIZE
[2023-10-12 12:34:00] INFO: SEQUELIZE
[2023-10-12 12:34:00] INFO: SEQUELIZE
[2023-10-12 12:34:00] INFO: GET
[2023-10-12 12:34:00] INFO: POST
[2023-10-12 12:36:03] INFO: OPTIONS
[2023-10-12 12:36:03] INFO: OPTIONS
[2023-10-12 12:36:03] INFO: GET
[2023-10-12 12:36:03] INFO: GET
[2023-10-12 12:36:05] INFO: POST
[2023-10-12 12:36:28] INFO: GET
[2023-10-12 12:36:30] INFO: POST
[2023-10-12 12:36:39] INFO: GET
[2023-10-12 12:36:40] INFO: POST
[2023-10-12 12:37:06] INFO: GET
[2023-10-12 12:37:10] INFO: POST
[2023-10-12 12:37:24] INFO: GET
[2023-10-12 12:37:24] INFO: GET
[2023-10-12 12:37:26] INFO: POST
[2023-10-12 12:37:32] INFO: SEQUELIZE
[2023-10-12 12:37:32] INFO: SEQUELIZE
[2023-10-12 12:37:32] INFO: SEQUELIZE
[2023-10-12 12:37:32] INFO: GET
[2023-10-12 12:37:32] INFO: SEQUELIZE
[2023-10-12 12:37:32] INFO: SEQUELIZE
[2023-10-12 12:37:32] INFO: SEQUELIZE
[2023-10-12 12:37:32] INFO: GET
[2023-10-12 12:37:33] INFO: OPTIONS
[2023-10-12 12:37:33] INFO: OPTIONS
[2023-10-12 12:37:33] INFO: GET
[2023-10-12 12:37:33] INFO: GET
[2023-10-12 12:37:36] INFO: POST
[2023-10-12 12:38:04] INFO: GET
[2023-10-12 12:38:04] INFO: GET
[2023-10-12 12:38:06] INFO: POST
[2023-10-12 12:38:07] INFO: SEQUELIZE
[2023-10-12 12:38:07] INFO: SEQUELIZE
[2023-10-12 12:38:07] INFO: SEQUELIZE
[2023-10-12 12:38:07] INFO: POST
[2023-10-12 12:38:07] INFO: SEQUELIZE
[2023-10-12 12:38:07] INFO: POST
[2023-10-12 12:38:11] INFO: POST
[2023-10-12 12:38:12] INFO: SEQUELIZE
[2023-10-12 12:38:12] INFO: SEQUELIZE
[2023-10-12 12:38:12] INFO: SEQUELIZE
[2023-10-12 12:38:12] INFO: GET
[2023-10-12 12:38:12] INFO: SEQUELIZE
[2023-10-12 12:38:12] INFO: SEQUELIZE
[2023-10-12 12:38:12] INFO: SEQUELIZE
[2023-10-12 12:38:12] INFO: GET
[2023-10-12 12:38:13] INFO: GET
[2023-10-12 12:38:13] INFO: GET
[2023-10-12 12:38:16] INFO: POST
[2023-10-12 12:39:57] INFO: SEQUELIZE
[2023-10-12 12:39:57] INFO: SEQUELIZE
[2023-10-12 12:39:57] INFO: SEQUELIZE
[2023-10-12 12:39:57] INFO: POST
[2023-10-12 12:39:57] INFO: SEQUELIZE
[2023-10-12 12:39:57] INFO: POST
[2023-10-12 12:40:01] INFO: POST
[2023-10-12 12:40:02] INFO: SEQUELIZE
[2023-10-12 12:40:02] INFO: SEQUELIZE
[2023-10-12 12:40:02] INFO: SEQUELIZE
[2023-10-12 12:40:02] INFO: GET
[2023-10-12 12:40:02] INFO: SEQUELIZE
[2023-10-12 12:40:02] INFO: SEQUELIZE
[2023-10-12 12:40:02] INFO: SEQUELIZE
[2023-10-12 12:40:02] INFO: GET
[2023-10-12 12:40:03] INFO: GET
[2023-10-12 12:40:03] INFO: GET
[2023-10-12 12:40:06] INFO: POST
[2023-10-12 12:40:35] INFO: OPTIONS
[2023-10-12 12:40:35] INFO: SEQUELIZE
[2023-10-12 12:40:35] INFO: SEQUELIZE
[2023-10-12 12:40:35] INFO: GET
[2023-10-12 12:40:36] INFO: POST
[2023-10-12 12:41:42] INFO: SEQUELIZE
[2023-10-12 12:41:42] INFO: SEQUELIZE
[2023-10-12 12:41:42] INFO: SEQUELIZE
[2023-10-12 12:41:42] INFO: POST
[2023-10-12 12:41:42] INFO: SEQUELIZE
[2023-10-12 12:41:42] INFO: POST
[2023-10-12 12:41:43] INFO: SEQUELIZE
[2023-10-12 12:41:43] INFO: SEQUELIZE
[2023-10-12 12:41:43] INFO: SEQUELIZE
[2023-10-12 12:41:43] INFO: GET
[2023-10-12 12:41:43] INFO: SEQUELIZE
[2023-10-12 12:41:43] INFO: SEQUELIZE
[2023-10-12 12:41:43] INFO: SEQUELIZE
[2023-10-12 12:41:43] INFO: GET
[2023-10-12 12:41:44] INFO: SEQUELIZE
[2023-10-12 12:41:44] INFO: SEQUELIZE
[2023-10-12 12:41:44] INFO: GET
[2023-10-12 12:41:44] INFO: SEQUELIZE
[2023-10-12 12:41:44] INFO: SEQUELIZE
[2023-10-12 12:41:44] INFO: GET
[2023-10-12 12:41:46] INFO: POST
[2023-10-12 12:45:00] INFO: SEQUELIZE
[2023-10-12 12:45:00] INFO: SEQUELIZE
[2023-10-12 12:45:00] INFO: GET
[2023-10-12 12:45:00] INFO: SEQUELIZE
[2023-10-12 12:45:00] INFO: SEQUELIZE
[2023-10-12 12:45:00] INFO: GET
[2023-10-12 12:45:01] INFO: POST
[2023-10-12 12:45:02] ERROR: No authentication token provided
[2023-10-12 12:45:02] INFO: DELETE
[2023-10-12 12:45:06] INFO: POST
[2023-10-12 12:45:58] INFO: SEQUELIZE
[2023-10-12 12:45:58] INFO: SEQUELIZE
[2023-10-12 12:45:58] INFO: GET
[2023-10-12 12:45:58] INFO: SEQUELIZE
[2023-10-12 12:45:58] INFO: SEQUELIZE
[2023-10-12 12:45:58] INFO: GET
[2023-10-12 12:46:00] INFO: SEQUELIZE
[2023-10-12 12:46:00] INFO: SEQUELIZE
[2023-10-12 12:46:00] INFO: SEQUELIZE
[2023-10-12 12:46:00] INFO: POST
[2023-10-12 12:46:00] INFO: SEQUELIZE
[2023-10-12 12:46:00] INFO: POST
[2023-10-12 12:46:01] INFO: POST
[2023-10-12 12:46:02] INFO: SEQUELIZE
[2023-10-12 12:46:02] INFO: SEQUELIZE
[2023-10-12 12:46:02] INFO: SEQUELIZE
[2023-10-12 12:46:02] INFO: GET
[2023-10-12 12:46:02] INFO: SEQUELIZE
[2023-10-12 12:46:02] INFO: SEQUELIZE
[2023-10-12 12:46:02] INFO: SEQUELIZE
[2023-10-12 12:46:02] INFO: GET
[2023-10-12 12:46:03] INFO: OPTIONS
[2023-10-12 12:46:03] INFO: OPTIONS
[2023-10-12 12:46:03] INFO: SEQUELIZE
[2023-10-12 12:46:03] INFO: SEQUELIZE
[2023-10-12 12:46:03] INFO: GET
[2023-10-12 12:46:03] INFO: SEQUELIZE
[2023-10-12 12:46:03] INFO: SEQUELIZE
[2023-10-12 12:46:03] INFO: GET
[2023-10-12 12:46:06] ERROR: No authentication token provided
[2023-10-12 12:46:06] INFO: DELETE
[2023-10-12 12:46:06] INFO: POST
[2023-10-12 12:46:46] INFO: SEQUELIZE
[2023-10-12 12:46:46] INFO: SEQUELIZE
[2023-10-12 12:46:46] INFO: GET
[2023-10-12 12:46:46] INFO: SEQUELIZE
[2023-10-12 12:46:46] INFO: SEQUELIZE
[2023-10-12 12:46:46] INFO: GET
[2023-10-12 12:46:47] INFO: POST
[2023-10-12 12:46:47] INFO: SEQUELIZE
[2023-10-12 12:46:47] INFO: SEQUELIZE
[2023-10-12 12:46:47] INFO: SEQUELIZE
[2023-10-12 12:46:47] INFO: DELETE
[2023-10-12 12:46:52] INFO: POST
[2023-10-12 12:46:55] INFO: SEQUELIZE
[2023-10-12 12:46:55] INFO: SEQUELIZE
[2023-10-12 12:46:55] INFO: SEQUELIZE
[2023-10-12 12:46:55] INFO: DELETE
[2023-10-12 12:46:56] INFO: SEQUELIZE
[2023-10-12 12:46:56] INFO: SEQUELIZE
[2023-10-12 12:46:56] INFO: SEQUELIZE
[2023-10-12 12:46:56] INFO: POST
[2023-10-12 12:46:56] INFO: SEQUELIZE
[2023-10-12 12:46:56] INFO: POST
[2023-10-12 12:46:57] INFO: POST
[2023-10-12 12:46:57] INFO: SEQUELIZE
[2023-10-12 12:46:57] INFO: SEQUELIZE
[2023-10-12 12:46:57] INFO: SEQUELIZE
[2023-10-12 12:46:57] INFO: GET
[2023-10-12 12:46:57] INFO: SEQUELIZE
[2023-10-12 12:46:57] INFO: SEQUELIZE
[2023-10-12 12:46:57] INFO: SEQUELIZE
[2023-10-12 12:46:57] INFO: GET
[2023-10-12 12:47:00] INFO: OPTIONS
[2023-10-12 12:47:00] INFO: OPTIONS
[2023-10-12 12:47:00] INFO: SEQUELIZE
[2023-10-12 12:47:00] INFO: SEQUELIZE
[2023-10-12 12:47:00] INFO: GET
[2023-10-12 12:47:00] INFO: SEQUELIZE
[2023-10-12 12:47:00] INFO: SEQUELIZE
[2023-10-12 12:47:00] INFO: GET
[2023-10-12 12:47:02] INFO: POST
[2023-10-12 12:47:02] INFO: SEQUELIZE
[2023-10-12 12:47:02] INFO: SEQUELIZE
[2023-10-12 12:47:02] INFO: SEQUELIZE
[2023-10-12 12:47:02] INFO: DELETE
[2023-10-12 12:47:07] INFO: POST
[2023-10-12 12:47:33] INFO: SEQUELIZE
[2023-10-12 12:47:33] INFO: SEQUELIZE
[2023-10-12 12:47:33] INFO: SEQUELIZE
[2023-10-12 12:47:33] INFO: DELETE
[2023-10-12 12:47:36] INFO: SEQUELIZE
[2023-10-12 12:47:36] INFO: SEQUELIZE
[2023-10-12 12:47:36] INFO: SEQUELIZE
[2023-10-12 12:47:36] INFO: GET
[2023-10-12 12:47:36] INFO: SEQUELIZE
[2023-10-12 12:47:36] INFO: SEQUELIZE
[2023-10-12 12:47:36] INFO: SEQUELIZE
[2023-10-12 12:47:36] INFO: GET
[2023-10-12 12:47:37] INFO: POST
[2023-10-12 12:47:38] INFO: OPTIONS
[2023-10-12 12:47:38] INFO: OPTIONS
[2023-10-12 12:47:38] INFO: SEQUELIZE
[2023-10-12 12:47:38] INFO: SEQUELIZE
[2023-10-12 12:47:38] INFO: GET
[2023-10-12 12:47:38] INFO: SEQUELIZE
[2023-10-12 12:47:38] INFO: SEQUELIZE
[2023-10-12 12:47:38] INFO: GET
[2023-10-12 12:47:41] INFO: SEQUELIZE
[2023-10-12 12:47:41] INFO: SEQUELIZE
[2023-10-12 12:47:41] INFO: SEQUELIZE
[2023-10-12 12:47:41] INFO: DELETE
[2023-10-12 12:47:42] INFO: POST
[2023-10-12 12:48:18] INFO: App listening on the port: 5000
[2023-10-12 12:48:18] INFO: SEQUELIZE
[2023-10-12 12:48:18] INFO: Database connection established successfully
[2023-10-12 12:48:19] INFO: SEQUELIZE
[2023-10-12 12:48:20] INFO: SEQUELIZE
[2023-10-12 12:48:20] INFO: SEQUELIZE
[2023-10-12 12:48:20] INFO: GET
[2023-10-12 12:48:20] INFO: SEQUELIZE
[2023-10-12 12:48:20] INFO: SEQUELIZE
[2023-10-12 12:48:20] INFO: SEQUELIZE
[2023-10-12 12:48:20] INFO: GET
[2023-10-12 12:48:23] INFO: OPTIONS
[2023-10-12 12:48:23] INFO: OPTIONS
[2023-10-12 12:48:23] INFO: SEQUELIZE
[2023-10-12 12:48:23] INFO: SEQUELIZE
[2023-10-12 12:48:23] INFO: GET
[2023-10-12 12:48:23] INFO: SEQUELIZE
[2023-10-12 12:48:23] INFO: SEQUELIZE
[2023-10-12 12:48:23] INFO: GET
[2023-10-12 12:48:23] INFO: POST
[2023-10-12 12:48:25] INFO: SEQUELIZE
[2023-10-12 12:48:25] INFO: SEQUELIZE
[2023-10-12 12:48:25] INFO: SEQUELIZE
[2023-10-12 12:48:25] INFO: DELETE
[2023-10-12 12:48:25] INFO: SEQUELIZE
[2023-10-12 12:48:25] INFO: SEQUELIZE
[2023-10-12 12:48:25] INFO: SEQUELIZE
[2023-10-12 12:48:25] INFO: GET
[2023-10-12 12:48:25] INFO: SEQUELIZE
[2023-10-12 12:48:25] INFO: SEQUELIZE
[2023-10-12 12:48:25] INFO: SEQUELIZE
[2023-10-12 12:48:25] INFO: GET
[2023-10-12 12:48:28] INFO: POST
[2023-10-12 12:48:30] INFO: SEQUELIZE
[2023-10-12 12:48:30] INFO: SEQUELIZE
[2023-10-12 12:48:30] INFO: SEQUELIZE
[2023-10-12 12:48:30] INFO: GET
[2023-10-12 12:48:30] INFO: SEQUELIZE
[2023-10-12 12:48:30] INFO: SEQUELIZE
[2023-10-12 12:48:30] INFO: SEQUELIZE
[2023-10-12 12:48:30] INFO: GET
[2023-10-12 12:48:31] INFO: SEQUELIZE
[2023-10-12 12:48:31] INFO: SEQUELIZE
[2023-10-12 12:48:31] INFO: SEQUELIZE
[2023-10-12 12:48:31] INFO: GET
[2023-10-12 12:48:31] INFO: SEQUELIZE
[2023-10-12 12:48:31] INFO: SEQUELIZE
[2023-10-12 12:48:31] INFO: SEQUELIZE
[2023-10-12 12:48:31] INFO: GET
[2023-10-12 12:48:31] INFO: SEQUELIZE
[2023-10-12 12:48:31] INFO: SEQUELIZE
[2023-10-12 12:48:31] INFO: SEQUELIZE
[2023-10-12 12:48:31] INFO: GET
[2023-10-12 12:48:31] INFO: SEQUELIZE
[2023-10-12 12:48:31] INFO: SEQUELIZE
[2023-10-12 12:48:31] INFO: SEQUELIZE
[2023-10-12 12:48:31] INFO: GET
[2023-10-12 12:48:33] INFO: SEQUELIZE
[2023-10-12 12:48:33] INFO: SEQUELIZE
[2023-10-12 12:48:33] INFO: SEQUELIZE
[2023-10-12 12:48:33] INFO: GET
[2023-10-12 12:48:33] INFO: SEQUELIZE
[2023-10-12 12:48:33] INFO: SEQUELIZE
[2023-10-12 12:48:33] INFO: SEQUELIZE
[2023-10-12 12:48:33] INFO: GET
[2023-10-12 12:48:33] INFO: POST
[2023-10-12 12:49:59] INFO: SEQUELIZE
[2023-10-12 12:49:59] INFO: SEQUELIZE
[2023-10-12 12:49:59] INFO: SEQUELIZE
[2023-10-12 12:49:59] INFO: GET
[2023-10-12 12:49:59] INFO: SEQUELIZE
[2023-10-12 12:49:59] INFO: SEQUELIZE
[2023-10-12 12:49:59] INFO: SEQUELIZE
[2023-10-12 12:49:59] INFO: GET
[2023-10-12 12:50:02] INFO: SEQUELIZE
[2023-10-12 12:50:02] INFO: SEQUELIZE
[2023-10-12 12:50:02] INFO: SEQUELIZE
[2023-10-12 12:50:02] INFO: GET
[2023-10-12 12:50:02] INFO: SEQUELIZE
[2023-10-12 12:50:02] INFO: SEQUELIZE
[2023-10-12 12:50:02] INFO: SEQUELIZE
[2023-10-12 12:50:02] INFO: GET
[2023-10-12 12:50:03] INFO: POST
[2023-10-12 12:50:11] INFO: SEQUELIZE
[2023-10-12 12:50:11] INFO: SEQUELIZE
[2023-10-12 12:50:12] INFO: SEQUELIZE
[2023-10-12 12:50:12] INFO: SEQUELIZE
[2023-10-12 12:50:12] INFO: SEQUELIZE
[2023-10-12 12:50:12] INFO: POST
[2023-10-12 12:50:12] INFO: SEQUELIZE
[2023-10-12 12:50:12] INFO: SEQUELIZE
[2023-10-12 12:50:12] INFO: SEQUELIZE
[2023-10-12 12:50:12] INFO: GET
[2023-10-12 12:50:13] INFO: POST
[2023-10-12 12:50:14] INFO: OPTIONS
[2023-10-12 12:50:14] INFO: OPTIONS
[2023-10-12 12:50:14] INFO: SEQUELIZE
[2023-10-12 12:50:14] INFO: SEQUELIZE
[2023-10-12 12:50:14] INFO: GET
[2023-10-12 12:50:14] INFO: SEQUELIZE
[2023-10-12 12:50:14] INFO: SEQUELIZE
[2023-10-12 12:50:14] INFO: GET
[2023-10-12 12:50:16] INFO: SEQUELIZE
[2023-10-12 12:50:16] INFO: SEQUELIZE
[2023-10-12 12:50:16] INFO: SEQUELIZE
[2023-10-12 12:50:16] INFO: DELETE
[2023-10-12 12:50:16] INFO: SEQUELIZE
[2023-10-12 12:50:16] INFO: SEQUELIZE
[2023-10-12 12:50:16] INFO: SEQUELIZE
[2023-10-12 12:50:16] INFO: GET
[2023-10-12 12:50:16] INFO: SEQUELIZE
[2023-10-12 12:50:16] INFO: SEQUELIZE
[2023-10-12 12:50:16] INFO: SEQUELIZE
[2023-10-12 12:50:16] INFO: GET
[2023-10-12 12:50:19] INFO: POST
[2023-10-12 12:50:53] INFO: OPTIONS
[2023-10-12 12:50:53] INFO: OPTIONS
[2023-10-12 12:50:53] INFO: SEQUELIZE
[2023-10-12 12:50:53] INFO: SEQUELIZE
[2023-10-12 12:50:53] INFO: GET
[2023-10-12 12:50:53] INFO: SEQUELIZE
[2023-10-12 12:50:53] INFO: SEQUELIZE
[2023-10-12 12:50:53] INFO: GET
[2023-10-12 12:50:54] INFO: POST
[2023-10-12 12:50:55] INFO: SEQUELIZE
[2023-10-12 12:50:55] INFO: SEQUELIZE
[2023-10-12 12:50:55] INFO: SEQUELIZE
[2023-10-12 12:50:55] INFO: POST
[2023-10-12 12:50:55] INFO: SEQUELIZE
[2023-10-12 12:50:55] INFO: POST
[2023-10-12 12:50:57] INFO: SEQUELIZE
[2023-10-12 12:50:57] INFO: SEQUELIZE
[2023-10-12 12:50:57] INFO: SEQUELIZE
[2023-10-12 12:50:57] INFO: GET
[2023-10-12 12:50:57] INFO: SEQUELIZE
[2023-10-12 12:50:57] INFO: SEQUELIZE
[2023-10-12 12:50:57] INFO: SEQUELIZE
[2023-10-12 12:50:57] INFO: GET
[2023-10-12 12:50:58] INFO: SEQUELIZE
[2023-10-12 12:50:58] INFO: SEQUELIZE
[2023-10-12 12:50:58] INFO: GET
[2023-10-12 12:50:58] INFO: SEQUELIZE
[2023-10-12 12:50:58] INFO: SEQUELIZE
[2023-10-12 12:50:58] INFO: GET
[2023-10-12 12:50:59] INFO: POST
[2023-10-12 12:51:08] INFO: SEQUELIZE
[2023-10-12 12:51:08] INFO: SEQUELIZE
[2023-10-12 12:51:08] INFO: GET
[2023-10-12 12:51:09] INFO: POST
[2023-10-12 12:51:26] INFO: SEQUELIZE
[2023-10-12 12:51:26] INFO: SEQUELIZE
[2023-10-12 12:51:26] INFO: GET
[2023-10-12 12:51:29] INFO: POST
[2023-10-12 12:51:29] INFO: SEQUELIZE
[2023-10-12 12:51:29] INFO: SEQUELIZE
[2023-10-12 12:51:29] INFO: SEQUELIZE
[2023-10-12 12:51:29] INFO: POST
[2023-10-12 12:51:29] INFO: SEQUELIZE
[2023-10-12 12:51:29] INFO: POST
[2023-10-12 12:51:30] INFO: SEQUELIZE
[2023-10-12 12:51:30] INFO: SEQUELIZE
[2023-10-12 12:51:30] INFO: SEQUELIZE
[2023-10-12 12:51:30] INFO: GET
[2023-10-12 12:51:30] INFO: SEQUELIZE
[2023-10-12 12:51:30] INFO: SEQUELIZE
[2023-10-12 12:51:30] INFO: SEQUELIZE
[2023-10-12 12:51:30] INFO: GET
[2023-10-12 12:51:31] INFO: SEQUELIZE
[2023-10-12 12:51:31] INFO: SEQUELIZE
[2023-10-12 12:51:31] INFO: GET
[2023-10-12 12:51:31] INFO: SEQUELIZE
[2023-10-12 12:51:31] INFO: SEQUELIZE
[2023-10-12 12:51:31] INFO: GET
[2023-10-12 12:51:34] INFO: POST
[2023-10-12 14:14:19] INFO: App listening on the port: 5000
[2023-10-12 14:14:19] INFO: SEQUELIZE
[2023-10-12 14:14:19] INFO: Database connection established successfully
[2023-10-12 14:14:24] INFO: POST
[2023-10-12 14:14:42] INFO: OPTIONS
[2023-10-12 14:14:42] INFO: OPTIONS
[2023-10-12 14:14:42] INFO: SEQUELIZE
[2023-10-12 14:14:42] INFO: SEQUELIZE
[2023-10-12 14:14:42] INFO: SEQUELIZE
[2023-10-12 14:14:42] INFO: POST
[2023-10-12 14:14:42] INFO: SEQUELIZE
[2023-10-12 14:14:42] INFO: POST
[2023-10-12 14:14:44] INFO: POST
[2023-10-12 14:14:45] INFO: SEQUELIZE
[2023-10-12 14:14:45] INFO: SEQUELIZE
[2023-10-12 14:14:45] INFO: SEQUELIZE
[2023-10-12 14:14:45] INFO: GET
[2023-10-12 14:14:45] INFO: SEQUELIZE
[2023-10-12 14:14:45] INFO: SEQUELIZE
[2023-10-12 14:14:45] INFO: SEQUELIZE
[2023-10-12 14:14:45] INFO: GET
[2023-10-12 14:14:47] INFO: SEQUELIZE
[2023-10-12 14:14:47] INFO: SEQUELIZE
[2023-10-12 14:14:47] INFO: SEQUELIZE
[2023-10-12 14:14:47] INFO: GET
[2023-10-12 14:14:47] INFO: SEQUELIZE
[2023-10-12 14:14:47] INFO: SEQUELIZE
[2023-10-12 14:14:47] INFO: SEQUELIZE
[2023-10-12 14:14:47] INFO: GET
[2023-10-12 14:14:48] INFO: SEQUELIZE
[2023-10-12 14:14:48] INFO: SEQUELIZE
[2023-10-12 14:14:48] INFO: SEQUELIZE
[2023-10-12 14:14:48] INFO: GET
[2023-10-12 14:14:48] INFO: SEQUELIZE
[2023-10-12 14:14:48] INFO: SEQUELIZE
[2023-10-12 14:14:48] INFO: SEQUELIZE
[2023-10-12 14:14:48] INFO: GET
[2023-10-12 14:14:49] INFO: SEQUELIZE
[2023-10-12 14:14:49] INFO: SEQUELIZE
[2023-10-12 14:14:49] INFO: SEQUELIZE
[2023-10-12 14:14:49] INFO: GET
[2023-10-12 14:14:49] INFO: SEQUELIZE
[2023-10-12 14:14:49] INFO: SEQUELIZE
[2023-10-12 14:14:49] INFO: SEQUELIZE
[2023-10-12 14:14:49] INFO: GET
[2023-10-12 14:14:49] INFO: POST
[2023-10-12 14:15:00] INFO: SEQUELIZE
[2023-10-12 14:15:00] INFO: SEQUELIZE
[2023-10-12 14:15:00] INFO: SEQUELIZE
[2023-10-12 14:15:00] INFO: GET
[2023-10-12 14:15:00] INFO: SEQUELIZE
[2023-10-12 14:15:00] INFO: SEQUELIZE
[2023-10-12 14:15:00] INFO: SEQUELIZE
[2023-10-12 14:15:00] INFO: GET
[2023-10-12 14:15:03] INFO: SEQUELIZE
[2023-10-12 14:15:03] INFO: SEQUELIZE
[2023-10-12 14:15:03] INFO: GET
[2023-10-12 14:15:03] INFO: SEQUELIZE
[2023-10-12 14:15:03] INFO: SEQUELIZE
[2023-10-12 14:15:03] INFO: GET
[2023-10-12 14:15:04] INFO: POST
[2023-10-12 14:15:41] INFO: SEQUELIZE
[2023-10-12 14:15:41] INFO: SEQUELIZE
[2023-10-12 14:15:41] INFO: GET
[2023-10-12 14:15:44] INFO: POST
[2023-10-12 14:16:38] INFO: SEQUELIZE
[2023-10-12 14:16:38] INFO: SEQUELIZE
[2023-10-12 14:16:38] INFO: GET
[2023-10-12 14:16:40] INFO: POST
[2023-10-12 14:17:28] INFO: SEQUELIZE
[2023-10-12 14:17:28] INFO: SEQUELIZE
[2023-10-12 14:17:28] INFO: GET
[2023-10-12 14:17:30] INFO: POST
[2023-10-12 14:18:05] INFO: SEQUELIZE
[2023-10-12 14:18:05] INFO: SEQUELIZE
[2023-10-12 14:18:05] INFO: GET
[2023-10-12 14:18:05] INFO: POST
[2023-10-12 14:18:11] INFO: SEQUELIZE
[2023-10-12 14:18:11] INFO: SEQUELIZE
[2023-10-12 14:18:11] INFO: SEQUELIZE
[2023-10-12 14:18:11] INFO: GET
[2023-10-12 14:18:11] INFO: SEQUELIZE
[2023-10-12 14:18:11] INFO: SEQUELIZE
[2023-10-12 14:18:11] INFO: SEQUELIZE
[2023-10-12 14:18:11] INFO: GET
[2023-10-12 14:18:15] INFO: POST
[2023-10-12 14:18:15] INFO: SEQUELIZE
[2023-10-12 14:18:15] INFO: SEQUELIZE
[2023-10-12 14:18:15] INFO: SEQUELIZE
[2023-10-12 14:18:15] INFO: GET
[2023-10-12 14:18:15] INFO: SEQUELIZE
[2023-10-12 14:18:15] INFO: SEQUELIZE
[2023-10-12 14:18:15] INFO: SEQUELIZE
[2023-10-12 14:18:15] INFO: GET
[2023-10-12 14:18:16] INFO: SEQUELIZE
[2023-10-12 14:18:16] INFO: SEQUELIZE
[2023-10-12 14:18:16] INFO: SEQUELIZE
[2023-10-12 14:18:16] INFO: GET
[2023-10-12 14:18:16] INFO: SEQUELIZE
[2023-10-12 14:18:16] INFO: SEQUELIZE
[2023-10-12 14:18:16] INFO: SEQUELIZE
[2023-10-12 14:18:16] INFO: GET
[2023-10-12 14:18:20] INFO: POST
[2023-10-12 15:17:14] INFO: SEQUELIZE
[2023-10-12 15:17:14] INFO: Database connection established successfully
[2023-10-12 15:17:33] INFO: App listening on the port: 5000
[2023-10-12 15:17:33] INFO: SEQUELIZE
[2023-10-12 15:17:33] INFO: Database connection established successfully
[2023-10-12 15:17:38] INFO: POST
[2023-10-12 15:17:58] INFO: SEQUELIZE
[2023-10-12 15:17:58] INFO: SEQUELIZE
[2023-10-12 15:17:58] INFO: SEQUELIZE
[2023-10-12 15:17:58] INFO: POST
[2023-10-12 15:17:58] INFO: SEQUELIZE
[2023-10-12 15:17:58] INFO: POST
[2023-10-12 15:17:58] INFO: POST
[2023-10-12 15:31:18] ERROR: No authentication token provided
[2023-10-12 15:31:18] INFO: GET
[2023-10-12 15:31:18] ERROR: No authentication token provided
[2023-10-12 15:31:18] INFO: GET
[2023-10-12 15:31:19] INFO: POST
[2023-10-12 15:31:21] INFO: OPTIONS
[2023-10-12 15:31:21] INFO: OPTIONS
[2023-10-12 15:31:21] INFO: SEQUELIZE
[2023-10-12 15:31:21] INFO: SEQUELIZE
[2023-10-12 15:31:21] INFO: SEQUELIZE
[2023-10-12 15:31:21] INFO: GET
[2023-10-12 15:31:21] INFO: SEQUELIZE
[2023-10-12 15:31:21] INFO: SEQUELIZE
[2023-10-12 15:31:21] INFO: SEQUELIZE
[2023-10-12 15:31:21] INFO: GET
[2023-10-12 15:31:21] ERROR: No authentication token provided
[2023-10-12 15:31:21] INFO: GET
[2023-10-12 15:31:21] ERROR: No authentication token provided
[2023-10-12 15:31:21] INFO: GET
[2023-10-12 15:31:24] INFO: POST
[2023-10-12 15:35:52] INFO: SEQUELIZE
[2023-10-12 15:35:52] INFO: SEQUELIZE
[2023-10-12 15:35:52] INFO: SEQUELIZE
[2023-10-12 15:35:52] INFO: POST
[2023-10-12 15:35:52] INFO: SEQUELIZE
[2023-10-12 15:35:52] INFO: POST
[2023-10-12 15:35:55] INFO: POST
[2023-10-12 15:35:59] INFO: SEQUELIZE
[2023-10-12 15:35:59] INFO: SEQUELIZE
[2023-10-12 15:35:59] INFO: SEQUELIZE
[2023-10-12 15:35:59] INFO: GET
[2023-10-12 15:35:59] INFO: SEQUELIZE
[2023-10-12 15:35:59] INFO: SEQUELIZE
[2023-10-12 15:35:59] INFO: SEQUELIZE
[2023-10-12 15:35:59] INFO: GET
[2023-10-12 15:36:00] INFO: POST
[2023-10-12 15:50:07] INFO: App listening on the port: 5000
[2023-10-12 15:50:07] INFO: SEQUELIZE
[2023-10-12 15:50:07] INFO: Database connection established successfully
[2023-10-12 15:50:12] INFO: POST
[2023-10-12 15:50:22] INFO: SEQUELIZE
[2023-10-12 15:50:22] INFO: SEQUELIZE
[2023-10-12 15:50:22] INFO: SEQUELIZE
[2023-10-12 15:50:22] INFO: POST
[2023-10-12 15:50:22] INFO: SEQUELIZE
[2023-10-12 15:50:22] INFO: POST
[2023-10-12 15:50:22] INFO: POST
[2023-10-12 15:51:31] INFO: OPTIONS
[2023-10-12 15:51:31] INFO: SEQUELIZE
[2023-10-12 15:51:31] ERROR: Validation error: quantity
[2023-10-12 15:51:31] INFO: POST
[2023-10-12 15:51:32] INFO: POST
[2023-10-12 15:52:05] INFO: SEQUELIZE
[2023-10-12 15:52:05] ERROR: Validation error: quantity
[2023-10-12 15:52:05] INFO: POST
[2023-10-12 15:52:07] INFO: POST
[2023-10-12 15:53:42] INFO: SEQUELIZE
[2023-10-12 15:53:42] ERROR: Validation error: quantity
[2023-10-12 15:53:42] INFO: POST
[2023-10-12 15:53:43] INFO: POST
[2023-10-12 15:54:12] INFO: SEQUELIZE
[2023-10-12 15:54:12] ERROR: Validation error: quantity
[2023-10-12 15:54:12] INFO: POST
[2023-10-12 15:54:13] INFO: POST
[2023-10-12 15:54:56] INFO: SEQUELIZE
[2023-10-12 15:54:56] ERROR: Validation error: quantity
[2023-10-12 15:54:56] INFO: POST
[2023-10-12 15:54:58] INFO: POST
[2023-10-12 15:55:23] INFO: SEQUELIZE
[2023-10-12 15:55:23] INFO: SEQUELIZE
[2023-10-12 15:55:23] INFO: SEQUELIZE
[2023-10-12 15:55:23] INFO: POST
[2023-10-12 15:55:23] INFO: SEQUELIZE
[2023-10-12 15:55:23] INFO: POST
[2023-10-12 15:55:28] INFO: POST
[2023-10-12 15:55:33] INFO: SEQUELIZE
[2023-10-12 15:55:33] INFO: SEQUELIZE
[2023-10-12 15:55:33] INFO: SEQUELIZE
[2023-10-12 15:55:33] INFO: SEQUELIZE
[2023-10-12 15:55:33] INFO: SEQUELIZE
[2023-10-12 15:55:33] INFO: POST
[2023-10-12 15:55:33] INFO: POST
[2023-10-12 15:55:35] INFO: SEQUELIZE
[2023-10-12 15:55:35] INFO: SEQUELIZE
[2023-10-12 15:55:35] INFO: SEQUELIZE
[2023-10-12 15:55:35] INFO: POST
[2023-10-12 15:55:35] INFO: SEQUELIZE
[2023-10-12 15:55:35] INFO: POST
[2023-10-12 15:55:38] INFO: POST
[2023-10-12 15:55:51] INFO: SEQUELIZE
[2023-10-12 15:55:51] INFO: SEQUELIZE
[2023-10-12 15:55:51] INFO: SEQUELIZE
[2023-10-12 15:55:51] INFO: POST
[2023-10-12 15:55:51] INFO: SEQUELIZE
[2023-10-12 15:55:51] INFO: POST
[2023-10-12 15:55:53] INFO: POST
[2023-10-12 15:57:16] ERROR: No authentication token provided
[2023-10-12 15:57:16] INFO: GET
[2023-10-12 15:57:16] ERROR: No authentication token provided
[2023-10-12 15:57:16] INFO: GET
[2023-10-12 15:57:18] INFO: POST
[2023-10-12 15:57:21] INFO: SEQUELIZE
[2023-10-12 15:57:21] INFO: SEQUELIZE
[2023-10-12 15:57:21] INFO: SEQUELIZE
[2023-10-12 15:57:21] INFO: POST
[2023-10-12 15:57:21] INFO: SEQUELIZE
[2023-10-12 15:57:21] INFO: POST
[2023-10-12 15:57:21] ERROR: No authentication token provided
[2023-10-12 15:57:21] INFO: GET
[2023-10-12 15:57:21] ERROR: No authentication token provided
[2023-10-12 15:57:21] INFO: GET
[2023-10-12 15:57:23] INFO: POST
[2023-10-12 15:57:46] ERROR: No authentication token provided
[2023-10-12 15:57:46] INFO: GET
[2023-10-12 15:57:48] INFO: POST
[2023-10-12 15:57:51] INFO: SEQUELIZE
[2023-10-12 15:57:51] INFO: SEQUELIZE
[2023-10-12 15:57:51] INFO: SEQUELIZE
[2023-10-12 15:57:51] INFO: POST
[2023-10-12 15:57:51] INFO: SEQUELIZE
[2023-10-12 15:57:51] INFO: POST
[2023-10-12 15:57:51] ERROR: No authentication token provided
[2023-10-12 15:57:51] INFO: GET
[2023-10-12 15:57:51] ERROR: No authentication token provided
[2023-10-12 15:57:51] INFO: GET
[2023-10-12 15:57:53] INFO: POST
[2023-10-12 15:58:39] ERROR: No authentication token provided
[2023-10-12 15:58:39] INFO: GET
[2023-10-12 15:58:43] INFO: POST
[2023-10-12 15:58:44] INFO: SEQUELIZE
[2023-10-12 15:58:44] INFO: SEQUELIZE
[2023-10-12 15:58:44] INFO: SEQUELIZE
[2023-10-12 15:58:44] INFO: POST
[2023-10-12 15:58:44] INFO: SEQUELIZE
[2023-10-12 15:58:44] INFO: POST
[2023-10-12 15:58:44] ERROR: No authentication token provided
[2023-10-12 15:58:44] INFO: GET
[2023-10-12 15:58:44] ERROR: No authentication token provided
[2023-10-12 15:58:44] INFO: GET
[2023-10-12 15:58:48] INFO: POST
[2023-10-12 15:58:54] INFO: SEQUELIZE
[2023-10-12 15:58:54] INFO: SEQUELIZE
[2023-10-12 15:58:54] INFO: SEQUELIZE
[2023-10-12 15:58:54] INFO: SEQUELIZE
[2023-10-12 15:58:54] INFO: SEQUELIZE
[2023-10-12 15:58:54] INFO: POST
[2023-10-12 15:58:55] ERROR: No authentication token provided
[2023-10-12 15:58:55] INFO: GET
[2023-10-12 15:58:58] INFO: POST
[2023-10-12 15:59:52] ERROR: No authentication token provided
[2023-10-12 15:59:52] INFO: GET
[2023-10-12 15:59:53] INFO: POST
[2023-10-12 16:00:01] ERROR: No authentication token provided
[2023-10-12 16:00:01] INFO: GET
[2023-10-12 16:00:03] INFO: POST
[2023-10-12 16:00:06] INFO: SEQUELIZE
[2023-10-12 16:00:06] INFO: SEQUELIZE
[2023-10-12 16:00:06] INFO: SEQUELIZE
[2023-10-12 16:00:06] INFO: POST
[2023-10-12 16:00:06] INFO: SEQUELIZE
[2023-10-12 16:00:06] INFO: POST
[2023-10-12 16:00:06] ERROR: No authentication token provided
[2023-10-12 16:00:06] INFO: GET
[2023-10-12 16:00:06] ERROR: No authentication token provided
[2023-10-12 16:00:06] INFO: GET
[2023-10-12 16:00:08] INFO: POST
[2023-10-12 16:00:31] ERROR: No authentication token provided
[2023-10-12 16:00:32] INFO: GET
[2023-10-12 16:00:33] INFO: POST
[2023-10-12 16:00:37] INFO: SEQUELIZE
[2023-10-12 16:00:37] INFO: SEQUELIZE
[2023-10-12 16:00:37] INFO: SEQUELIZE
[2023-10-12 16:00:37] INFO: GET
[2023-10-12 16:00:38] INFO: POST
[2023-10-12 16:00:51] INFO: SEQUELIZE
[2023-10-12 16:00:51] INFO: SEQUELIZE
[2023-10-12 16:00:51] INFO: SEQUELIZE
[2023-10-12 16:00:51] INFO: SEQUELIZE
[2023-10-12 16:00:51] INFO: POST
[2023-10-12 16:00:51] INFO: SEQUELIZE
[2023-10-12 16:00:51] INFO: POST
[2023-10-12 16:00:51] INFO: SEQUELIZE
[2023-10-12 16:00:51] INFO: SEQUELIZE
[2023-10-12 16:00:51] INFO: GET
[2023-10-12 16:00:51] INFO: SEQUELIZE
[2023-10-12 16:00:51] INFO: SEQUELIZE
[2023-10-12 16:00:51] INFO: SEQUELIZE
[2023-10-12 16:00:51] INFO: GET
[2023-10-12 16:00:54] INFO: POST
[2023-10-12 16:01:07] INFO: SEQUELIZE
[2023-10-12 16:01:07] INFO: SEQUELIZE
[2023-10-12 16:01:07] INFO: SEQUELIZE
[2023-10-12 16:01:07] INFO: GET
[2023-10-12 16:01:09] INFO: POST
[2023-10-12 16:01:24] INFO: SEQUELIZE
[2023-10-12 16:01:24] INFO: SEQUELIZE
[2023-10-12 16:01:24] INFO: SEQUELIZE
[2023-10-12 16:01:24] INFO: SEQUELIZE
[2023-10-12 16:01:24] INFO: SEQUELIZE
[2023-10-12 16:01:24] INFO: POST
[2023-10-12 16:01:24] INFO: SEQUELIZE
[2023-10-12 16:01:24] INFO: SEQUELIZE
[2023-10-12 16:01:24] INFO: SEQUELIZE
[2023-10-12 16:01:24] INFO: GET
[2023-10-12 16:01:29] INFO: POST
[2023-10-12 16:01:40] INFO: SEQUELIZE
[2023-10-12 16:01:40] INFO: SEQUELIZE
[2023-10-12 16:01:40] INFO: SEQUELIZE
[2023-10-12 16:01:40] INFO: GET
[2023-10-12 16:01:40] INFO: SEQUELIZE
[2023-10-12 16:01:40] INFO: SEQUELIZE
[2023-10-12 16:01:40] INFO: SEQUELIZE
[2023-10-12 16:01:40] INFO: GET
[2023-10-12 16:01:40] INFO: SEQUELIZE
[2023-10-12 16:01:40] INFO: SEQUELIZE
[2023-10-12 16:01:40] INFO: SEQUELIZE
[2023-10-12 16:01:40] INFO: GET
[2023-10-12 16:01:40] INFO: SEQUELIZE
[2023-10-12 16:01:40] INFO: SEQUELIZE
[2023-10-12 16:01:40] INFO: SEQUELIZE
[2023-10-12 16:01:40] INFO: GET
[2023-10-12 16:01:41] INFO: SEQUELIZE
[2023-10-12 16:01:41] INFO: SEQUELIZE
[2023-10-12 16:01:41] INFO: SEQUELIZE
[2023-10-12 16:01:41] INFO: GET
[2023-10-12 16:01:41] INFO: SEQUELIZE
[2023-10-12 16:01:41] INFO: SEQUELIZE
[2023-10-12 16:01:41] INFO: SEQUELIZE
[2023-10-12 16:01:41] INFO: GET
[2023-10-12 16:01:42] INFO: SEQUELIZE
[2023-10-12 16:01:42] INFO: SEQUELIZE
[2023-10-12 16:01:42] INFO: SEQUELIZE
[2023-10-12 16:01:42] INFO: GET
[2023-10-12 16:01:42] INFO: SEQUELIZE
[2023-10-12 16:01:42] INFO: SEQUELIZE
[2023-10-12 16:01:42] INFO: SEQUELIZE
[2023-10-12 16:01:42] INFO: GET
[2023-10-12 16:01:43] INFO: SEQUELIZE
[2023-10-12 16:01:43] INFO: SEQUELIZE
[2023-10-12 16:01:43] INFO: SEQUELIZE
[2023-10-12 16:01:43] INFO: GET
[2023-10-12 16:01:43] INFO: SEQUELIZE
[2023-10-12 16:01:43] INFO: SEQUELIZE
[2023-10-12 16:01:43] INFO: SEQUELIZE
[2023-10-12 16:01:43] INFO: GET
[2023-10-12 16:01:44] INFO: POST
[2023-10-12 16:01:52] INFO: SEQUELIZE
[2023-10-12 16:01:52] INFO: SEQUELIZE
[2023-10-12 16:01:52] INFO: SEQUELIZE
[2023-10-12 16:01:52] INFO: GET
[2023-10-12 16:01:52] INFO: SEQUELIZE
[2023-10-12 16:01:52] INFO: SEQUELIZE
[2023-10-12 16:01:52] INFO: SEQUELIZE
[2023-10-12 16:01:52] INFO: GET
[2023-10-12 16:01:54] INFO: SEQUELIZE
[2023-10-12 16:01:54] INFO: SEQUELIZE
[2023-10-12 16:01:54] INFO: SEQUELIZE
[2023-10-12 16:01:54] INFO: GET
[2023-10-12 16:01:54] INFO: SEQUELIZE
[2023-10-12 16:01:54] INFO: SEQUELIZE
[2023-10-12 16:01:54] INFO: SEQUELIZE
[2023-10-12 16:01:54] INFO: GET
[2023-10-12 16:01:54] INFO: POST
[2023-10-12 16:01:54] INFO: SEQUELIZE
[2023-10-12 16:01:54] INFO: SEQUELIZE
[2023-10-12 16:01:54] INFO: SEQUELIZE
[2023-10-12 16:01:54] INFO: GET
[2023-10-12 16:01:54] INFO: SEQUELIZE
[2023-10-12 16:01:54] INFO: SEQUELIZE
[2023-10-12 16:01:54] INFO: SEQUELIZE
[2023-10-12 16:01:54] INFO: GET
[2023-10-12 16:01:55] INFO: SEQUELIZE
[2023-10-12 16:01:55] INFO: SEQUELIZE
[2023-10-12 16:01:55] INFO: SEQUELIZE
[2023-10-12 16:01:55] INFO: GET
[2023-10-12 16:01:55] INFO: SEQUELIZE
[2023-10-12 16:01:55] INFO: SEQUELIZE
[2023-10-12 16:01:55] INFO: SEQUELIZE
[2023-10-12 16:01:55] INFO: GET
[2023-10-12 16:01:56] INFO: SEQUELIZE
[2023-10-12 16:01:56] INFO: SEQUELIZE
[2023-10-12 16:01:56] INFO: SEQUELIZE
[2023-10-12 16:01:56] INFO: GET
[2023-10-12 16:01:56] INFO: SEQUELIZE
[2023-10-12 16:01:56] INFO: SEQUELIZE
[2023-10-12 16:01:56] INFO: SEQUELIZE
[2023-10-12 16:01:56] INFO: GET
[2023-10-12 16:01:56] INFO: SEQUELIZE
[2023-10-12 16:01:56] INFO: SEQUELIZE
[2023-10-12 16:01:56] INFO: SEQUELIZE
[2023-10-12 16:01:56] INFO: GET
[2023-10-12 16:01:56] INFO: SEQUELIZE
[2023-10-12 16:01:56] INFO: SEQUELIZE
[2023-10-12 16:01:56] INFO: SEQUELIZE
[2023-10-12 16:01:56] INFO: GET
[2023-10-12 16:01:56] INFO: SEQUELIZE
[2023-10-12 16:01:56] INFO: SEQUELIZE
[2023-10-12 16:01:56] INFO: SEQUELIZE
[2023-10-12 16:01:56] INFO: GET
[2023-10-12 16:01:56] INFO: SEQUELIZE
[2023-10-12 16:01:56] INFO: SEQUELIZE
[2023-10-12 16:01:56] INFO: SEQUELIZE
[2023-10-12 16:01:56] INFO: GET
[2023-10-12 16:01:59] INFO: POST
[2023-10-12 16:03:37] INFO: SEQUELIZE
[2023-10-12 16:03:37] INFO: Database connection established successfully
[2023-10-12 16:03:55] INFO: SEQUELIZE
[2023-10-12 16:03:55] INFO: Database connection established successfully
[2023-10-12 16:04:36] INFO: SEQUELIZE
[2023-10-12 16:04:36] INFO: Database connection established successfully
[2023-10-12 16:05:06] INFO: SEQUELIZE
[2023-10-12 16:05:06] INFO: Database connection established successfully
[2023-10-12 16:08:05] INFO: SEQUELIZE
[2023-10-12 16:08:05] INFO: Database connection established successfully
[2023-10-12 16:08:10] INFO: SEQUELIZE
[2023-10-12 16:08:10] INFO: Database connection established successfully
[2023-10-12 16:08:15] INFO: SEQUELIZE
[2023-10-12 16:08:15] INFO: Database connection established successfully
[2023-10-12 16:08:30] INFO: SEQUELIZE
[2023-10-12 16:08:30] INFO: Database connection established successfully
[2023-10-12 16:08:33] INFO: App listening on the port: 5000
[2023-10-12 16:08:33] INFO: SEQUELIZE
[2023-10-12 16:08:33] INFO: Database connection established successfully
[2023-10-12 16:08:38] INFO: POST
[2023-10-12 16:09:24] INFO: App listening on the port: 5000
[2023-10-12 16:09:25] INFO: SEQUELIZE
[2023-10-12 16:09:25] INFO: Database connection established successfully
[2023-10-12 16:09:30] INFO: POST
[2023-10-12 16:09:37] INFO: App listening on the port: 5000
[2023-10-12 16:09:37] INFO: SEQUELIZE
[2023-10-12 16:09:37] INFO: Database connection established successfully
[2023-10-12 16:09:42] INFO: POST
[2023-10-12 16:11:27] INFO: OPTIONS
[2023-10-12 16:11:27] INFO: GET
[2023-10-12 16:11:27] INFO: OPTIONS
[2023-10-12 16:11:27] INFO: GET
[2023-10-12 16:11:32] INFO: POST
[2023-10-12 16:11:54] INFO: GET
[2023-10-12 16:11:57] INFO: POST
[2023-10-12 16:12:06] INFO: SEQUELIZE
[2023-10-12 16:12:06] INFO: SEQUELIZE
[2023-10-12 16:12:06] INFO: SEQUELIZE
[2023-10-12 16:12:06] INFO: POST
[2023-10-12 16:12:06] INFO: SEQUELIZE
[2023-10-12 16:12:06] INFO: POST
[2023-10-12 16:12:06] INFO: SEQUELIZE
[2023-10-12 16:12:06] INFO: SEQUELIZE
[2023-10-12 16:12:06] INFO: SEQUELIZE
[2023-10-12 16:12:06] INFO: GET
[2023-10-12 16:12:06] INFO: SEQUELIZE
[2023-10-12 16:12:06] INFO: SEQUELIZE
[2023-10-12 16:12:06] INFO: SEQUELIZE
[2023-10-12 16:12:06] INFO: GET
[2023-10-12 16:12:07] INFO: POST
[2023-10-12 16:12:13] INFO: GET
[2023-10-12 16:12:13] INFO: GET
[2023-10-12 16:12:17] INFO: POST
[2023-10-12 16:12:28] INFO: OPTIONS
[2023-10-12 16:12:28] INFO: SEQUELIZE
[2023-10-12 16:12:28] ERROR: Could not get user!
[2023-10-12 16:12:28] INFO: GET
[2023-10-12 16:12:32] INFO: POST
[2023-10-12 16:12:37] INFO: SEQUELIZE
[2023-10-12 16:12:37] INFO: SEQUELIZE
[2023-10-12 16:12:37] INFO: SEQUELIZE
[2023-10-12 16:12:37] INFO: POST
[2023-10-12 16:12:37] INFO: SEQUELIZE
[2023-10-12 16:12:37] INFO: POST
[2023-10-12 16:12:37] INFO: SEQUELIZE
[2023-10-12 16:12:37] INFO: SEQUELIZE
[2023-10-12 16:12:37] INFO: SEQUELIZE
[2023-10-12 16:12:37] INFO: GET
[2023-10-12 16:12:37] INFO: SEQUELIZE
[2023-10-12 16:12:37] INFO: SEQUELIZE
[2023-10-12 16:12:37] INFO: SEQUELIZE
[2023-10-12 16:12:37] INFO: GET
[2023-10-12 16:12:40] INFO: SEQUELIZE
[2023-10-12 16:12:40] ERROR: Could not get user!
[2023-10-12 16:12:40] INFO: GET
[2023-10-12 16:12:40] INFO: SEQUELIZE
[2023-10-12 16:12:40] ERROR: Could not get user!
[2023-10-12 16:12:40] INFO: GET
[2023-10-12 16:12:42] INFO: POST
[2023-10-12 16:13:26] INFO: App listening on the port: 5000
[2023-10-12 16:13:27] INFO: SEQUELIZE
[2023-10-12 16:13:27] INFO: Database connection established successfully
[2023-10-12 16:13:31] INFO: POST
[2023-10-12 16:13:33] INFO: OPTIONS
[2023-10-12 16:13:33] INFO: SEQUELIZE
[2023-10-12 16:13:33] INFO: SEQUELIZE
[2023-10-12 16:13:33] INFO: SEQUELIZE
[2023-10-12 16:13:34] INFO: SEQUELIZE
[2023-10-12 16:13:34] INFO: SEQUELIZE
[2023-10-12 16:13:34] INFO: GET
[2023-10-12 16:13:36] INFO: POST
[2023-10-12 16:13:48] INFO: SEQUELIZE
[2023-10-12 16:13:49] INFO: SEQUELIZE
[2023-10-12 16:13:49] INFO: SEQUELIZE
[2023-10-12 16:13:49] INFO: SEQUELIZE
[2023-10-12 16:13:49] INFO: SEQUELIZE
[2023-10-12 16:13:49] INFO: GET
[2023-10-12 16:13:51] INFO: POST
[2023-10-12 16:13:57] INFO: SEQUELIZE
[2023-10-12 16:13:57] INFO: SEQUELIZE
[2023-10-12 16:13:57] INFO: SEQUELIZE
[2023-10-12 16:13:57] INFO: GET
[2023-10-12 16:13:57] INFO: SEQUELIZE
[2023-10-12 16:13:57] INFO: SEQUELIZE
[2023-10-12 16:13:57] INFO: SEQUELIZE
[2023-10-12 16:13:57] INFO: GET
[2023-10-12 16:13:58] INFO: SEQUELIZE
[2023-10-12 16:13:58] INFO: SEQUELIZE
[2023-10-12 16:13:58] INFO: SEQUELIZE
[2023-10-12 16:13:58] INFO: GET
[2023-10-12 16:13:58] INFO: SEQUELIZE
[2023-10-12 16:13:58] INFO: SEQUELIZE
[2023-10-12 16:13:58] INFO: SEQUELIZE
[2023-10-12 16:13:58] INFO: GET
[2023-10-12 16:13:59] INFO: SEQUELIZE
[2023-10-12 16:13:59] INFO: SEQUELIZE
[2023-10-12 16:13:59] INFO: SEQUELIZE
[2023-10-12 16:13:59] INFO: GET
[2023-10-12 16:13:59] INFO: SEQUELIZE
[2023-10-12 16:13:59] INFO: SEQUELIZE
[2023-10-12 16:13:59] INFO: SEQUELIZE
[2023-10-12 16:13:59] INFO: GET
[2023-10-12 16:14:01] INFO: SEQUELIZE
[2023-10-12 16:14:01] INFO: SEQUELIZE
[2023-10-12 16:14:01] INFO: SEQUELIZE
[2023-10-12 16:14:01] INFO: GET
[2023-10-12 16:14:01] INFO: SEQUELIZE
[2023-10-12 16:14:01] INFO: SEQUELIZE
[2023-10-12 16:14:01] INFO: SEQUELIZE
[2023-10-12 16:14:01] INFO: GET
[2023-10-12 16:14:01] INFO: POST
