[2023-05-19 13:28:22] INFO: App listening on the port: 5000
[2023-05-19 13:28:22] ERROR: Unable to connect to the database. error=Error: password authentication failed for user "postgres"
[2023-05-19 13:28:27] INFO: POST
[2023-05-19 13:28:57] INFO: App listening on the port: 5000
[2023-05-19 13:28:57] INFO: SEQUELIZE
[2023-05-19 13:28:57] INFO: Database connection established successfully
[2023-05-19 13:29:02] INFO: POST
[2023-05-19 13:31:19] INFO: App listening on the port: 5000
[2023-05-19 13:31:19] INFO: SEQUELIZE
[2023-05-19 13:31:19] INFO: Database connection established successfully
[2023-05-19 13:31:24] INFO: POST
[2023-05-19 13:33:48] INFO: App listening on the port: 5000
[2023-05-19 13:33:48] INFO: SEQUELIZE
[2023-05-19 13:33:48] INFO: Database connection established successfully
[2023-05-19 13:33:53] INFO: POST
[2023-05-19 13:35:23] INFO: App listening on the port: 5000
[2023-05-19 13:35:24] INFO: SEQUELIZE
[2023-05-19 13:35:24] INFO: Database connection established successfully
[2023-05-19 13:35:29] INFO: POST
[2023-05-19 13:37:22] INFO: App listening on the port: 5000
[2023-05-19 13:37:22] INFO: SEQUELIZE
[2023-05-19 13:37:22] INFO: Database connection established successfully
[2023-05-19 13:37:27] INFO: POST
[2023-05-19 13:38:12] INFO: App listening on the port: 5000
[2023-05-19 13:38:12] INFO: SEQUELIZE
[2023-05-19 13:38:12] INFO: Database connection established successfully
[2023-05-19 13:38:17] INFO: POST
[2023-05-19 13:38:25] INFO: App listening on the port: 5000
[2023-05-19 13:38:25] INFO: SEQUELIZE
[2023-05-19 13:38:25] INFO: Database connection established successfully
[2023-05-19 13:38:30] INFO: POST
[2023-05-19 13:39:06] INFO: App listening on the port: 5000
[2023-05-19 13:39:06] INFO: SEQUELIZE
[2023-05-19 13:39:06] INFO: Database connection established successfully
[2023-05-19 13:39:11] INFO: POST
[2023-05-19 13:39:23] INFO: App listening on the port: 5000
[2023-05-19 13:39:23] INFO: SEQUELIZE
[2023-05-19 13:39:23] INFO: Database connection established successfully
[2023-05-19 13:39:28] INFO: POST
[2023-05-19 13:39:49] INFO: App listening on the port: 5000
[2023-05-19 13:39:49] INFO: SEQUELIZE
[2023-05-19 13:39:49] INFO: Database connection established successfully
[2023-05-19 13:39:54] INFO: POST
[2023-05-19 13:40:17] INFO: App listening on the port: 5000
[2023-05-19 13:40:17] INFO: SEQUELIZE
[2023-05-19 13:40:17] INFO: Database connection established successfully
[2023-05-19 13:40:22] INFO: POST
[2023-05-19 13:40:45] INFO: App listening on the port: 5000
[2023-05-19 13:40:45] INFO: SEQUELIZE
[2023-05-19 13:40:45] INFO: Database connection established successfully
[2023-05-19 13:40:50] INFO: POST
[2023-05-19 13:41:02] INFO: App listening on the port: 5000
[2023-05-19 13:41:02] INFO: SEQUELIZE
[2023-05-19 13:41:02] INFO: Database connection established successfully
[2023-05-19 13:41:07] INFO: POST
[2023-05-19 13:43:57] INFO: App listening on the port: 5000
[2023-05-19 13:43:57] INFO: SEQUELIZE
[2023-05-19 13:43:57] INFO: Database connection established successfully
[2023-05-19 13:44:02] INFO: POST
[2023-05-19 13:44:13] INFO: App listening on the port: 5000
[2023-05-19 13:44:13] INFO: SEQUELIZE
[2023-05-19 13:44:13] INFO: Database connection established successfully
[2023-05-19 13:44:18] INFO: POST
[2023-05-19 13:44:23] INFO: App listening on the port: 5000
[2023-05-19 13:44:23] INFO: SEQUELIZE
[2023-05-19 13:44:23] INFO: Database connection established successfully
[2023-05-19 13:44:28] INFO: POST
[2023-05-19 13:45:45] INFO: App listening on the port: 5000
[2023-05-19 13:45:45] INFO: SEQUELIZE
[2023-05-19 13:45:45] INFO: Database connection established successfully
[2023-05-19 13:45:50] INFO: POST
[2023-05-19 13:46:14] INFO: App listening on the port: 5000
[2023-05-19 13:46:14] INFO: SEQUELIZE
[2023-05-19 13:46:14] INFO: Database connection established successfully
[2023-05-19 13:46:19] INFO: POST
[2023-05-19 13:47:04] INFO: App listening on the port: 5000
[2023-05-19 13:47:04] INFO: SEQUELIZE
[2023-05-19 13:47:04] INFO: Database connection established successfully
[2023-05-19 13:47:09] INFO: POST
[2023-05-19 13:47:19] INFO: App listening on the port: 5000
[2023-05-19 13:47:19] INFO: SEQUELIZE
[2023-05-19 13:47:19] INFO: Database connection established successfully
[2023-05-19 13:47:24] INFO: POST
