[2023-05-25 12:58:24] INFO: App listening on the port: 5000
[2023-05-25 12:58:24] INFO: SEQUELIZE
[2023-05-25 12:58:24] INFO: Database connection established successfully
[2023-05-25 12:58:29] INFO: POST
[2023-05-25 12:58:29] INFO: PUT
[2023-05-25 12:58:34] INFO: POST
[2023-05-25 12:58:51] INFO: App listening on the port: 5000
[2023-05-25 12:58:51] INFO: SEQUELIZE
[2023-05-25 12:58:51] INFO: Database connection established successfully
[2023-05-25 12:58:56] INFO: POST
[2023-05-25 12:59:00] INFO: App listening on the port: 5000
[2023-05-25 12:59:00] INFO: SEQUELIZE
[2023-05-25 12:59:00] INFO: Database connection established successfully
[2023-05-25 12:59:05] INFO: POST
[2023-05-25 12:59:08] INFO: SEQUELIZE
[2023-05-25 12:59:08] INFO: SEQUELIZE
[2023-05-25 12:59:08] INFO: SEQUELIZE
[2023-05-25 12:59:08] INFO: PUT
[2023-05-25 12:59:10] INFO: POST
[2023-05-25 12:59:33] INFO: SEQUELIZE
[2023-05-25 12:59:33] ERROR: Could not get user with specific columns!
[2023-05-25 12:59:33] INFO: GET
[2023-05-25 12:59:35] INFO: POST
[2023-05-25 12:59:59] INFO: App listening on the port: 5000
[2023-05-25 12:59:59] INFO: SEQUELIZE
[2023-05-25 12:59:59] INFO: Database connection established successfully
[2023-05-25 13:00:04] INFO: POST
[2023-05-25 13:00:11] INFO: App listening on the port: 5000
[2023-05-25 13:00:11] INFO: SEQUELIZE
[2023-05-25 13:00:11] INFO: Database connection established successfully
[2023-05-25 13:00:15] INFO: SEQUELIZE
[2023-05-25 13:00:15] ERROR: Could not get user with specific columns!
[2023-05-25 13:00:15] INFO: GET
[2023-05-25 13:00:16] INFO: POST
[2023-05-25 13:00:40] ERROR: Wrong authentication token
[2023-05-25 13:00:40] INFO: GET
[2023-05-25 13:00:41] INFO: POST
[2023-05-25 13:01:51] INFO: App listening on the port: 5000
[2023-05-25 13:01:51] INFO: SEQUELIZE
[2023-05-25 13:01:51] INFO: Database connection established successfully
[2023-05-25 13:01:56] INFO: POST
[2023-05-25 13:02:09] INFO: SEQUELIZE
[2023-05-25 13:02:09] INFO: Database connection established successfully
[2023-05-25 13:02:22] INFO: App listening on the port: 5000
[2023-05-25 13:02:22] INFO: SEQUELIZE
[2023-05-25 13:02:22] INFO: Database connection established successfully
[2023-05-25 13:02:27] INFO: POST
[2023-05-25 13:02:35] INFO: SEQUELIZE
[2023-05-25 13:02:35] ERROR: Could not get user with specific columns!
[2023-05-25 13:02:35] INFO: GET
[2023-05-25 13:02:37] INFO: POST
[2023-05-25 13:04:07] INFO: App listening on the port: 5000
[2023-05-25 13:04:07] INFO: SEQUELIZE
[2023-05-25 13:04:07] INFO: Database connection established successfully
[2023-05-25 13:04:10] INFO: SEQUELIZE
[2023-05-25 13:04:10] ERROR: Could not get user with specific columns!
[2023-05-25 13:04:10] INFO: GET
[2023-05-25 13:04:12] INFO: POST
[2023-05-25 13:04:56] INFO: App listening on the port: 5000
[2023-05-25 13:04:56] INFO: SEQUELIZE
[2023-05-25 13:04:56] INFO: Database connection established successfully
[2023-05-25 13:05:00] INFO: SEQUELIZE
[2023-05-25 13:05:00] ERROR: Could not get user with specific columns!
[2023-05-25 13:05:00] INFO: GET
[2023-05-25 13:05:01] INFO: POST
[2023-05-25 13:06:48] INFO: App listening on the port: 5000
[2023-05-25 13:06:48] INFO: SEQUELIZE
[2023-05-25 13:06:48] INFO: Database connection established successfully
[2023-05-25 13:06:53] INFO: POST
[2023-05-25 13:07:03] INFO: App listening on the port: 5000
[2023-05-25 13:07:03] INFO: SEQUELIZE
[2023-05-25 13:07:03] INFO: Database connection established successfully
[2023-05-25 13:07:07] INFO: App listening on the port: 5000
[2023-05-25 13:07:07] INFO: SEQUELIZE
[2023-05-25 13:07:07] INFO: Database connection established successfully
[2023-05-25 13:07:12] INFO: POST
[2023-05-25 13:07:31] INFO: SEQUELIZE
[2023-05-25 13:07:31] INFO: Database connection established successfully
[2023-05-25 13:07:59] INFO: SEQUELIZE
[2023-05-25 13:07:59] INFO: Database connection established successfully
[2023-05-25 13:08:12] INFO: App listening on the port: 5000
[2023-05-25 13:08:12] INFO: SEQUELIZE
[2023-05-25 13:08:12] INFO: Database connection established successfully
[2023-05-25 13:08:17] INFO: POST
[2023-05-25 13:08:20] INFO: SEQUELIZE
[2023-05-25 13:08:20] INFO: SEQUELIZE
[2023-05-25 13:08:20] INFO: GET
[2023-05-25 13:08:22] INFO: POST
[2023-05-25 13:08:33] INFO: SEQUELIZE
[2023-05-25 13:08:33] INFO: SEQUELIZE
[2023-05-25 13:08:33] INFO: SEQUELIZE
[2023-05-25 13:08:33] INFO: PUT
[2023-05-25 13:08:35] INFO: SEQUELIZE
[2023-05-25 13:08:35] INFO: SEQUELIZE
[2023-05-25 13:08:35] INFO: GET
[2023-05-25 13:08:38] INFO: POST
[2023-05-25 13:10:24] INFO: App listening on the port: 5000
[2023-05-25 13:10:24] INFO: SEQUELIZE
[2023-05-25 13:10:24] INFO: Database connection established successfully
[2023-05-25 13:10:29] INFO: POST
[2023-05-25 13:11:27] ERROR: Wrong authentication token
[2023-05-25 13:11:27] INFO: GET
[2023-05-25 13:11:29] INFO: POST
[2023-05-25 13:11:36] INFO: SEQUELIZE
[2023-05-25 13:11:37] INFO: SEQUELIZE
[2023-05-25 13:11:37] INFO: POST
[2023-05-25 13:11:39] INFO: POST
[2023-05-25 13:11:49] INFO: SEQUELIZE
[2023-05-25 13:11:49] INFO: SEQUELIZE
[2023-05-25 13:11:49] INFO: POST
[2023-05-25 13:11:49] INFO: SEQUELIZE
[2023-05-25 13:11:49] INFO: SEQUELIZE
[2023-05-25 13:11:49] INFO: GET
[2023-05-25 13:11:54] INFO: POST
[2023-05-25 13:12:00] INFO: SEQUELIZE
[2023-05-25 13:12:00] INFO: SEQUELIZE
[2023-05-25 13:12:00] INFO: SEQUELIZE
[2023-05-25 13:12:00] INFO: GET
[2023-05-25 13:12:04] INFO: POST
[2023-05-25 13:12:08] INFO: SEQUELIZE
[2023-05-25 13:12:08] INFO: SEQUELIZE
[2023-05-25 13:12:08] INFO: SEQUELIZE
[2023-05-25 13:12:08] INFO: SEQUELIZE
[2023-05-25 13:12:08] INFO: SEQUELIZE
[2023-05-25 13:12:08] INFO: SEQUELIZE
[2023-05-25 13:12:08] INFO: SEQUELIZE
[2023-05-25 13:12:08] ERROR: Could not create inbound shipment item!
[2023-05-25 13:12:08] INFO: POST
[2023-05-25 13:12:09] INFO: POST
[2023-05-25 13:12:14] INFO: SEQUELIZE
[2023-05-25 13:12:14] INFO: SEQUELIZE
[2023-05-25 13:12:14] INFO: SEQUELIZE
[2023-05-25 13:12:14] INFO: SEQUELIZE
[2023-05-25 13:12:14] INFO: GET
[2023-05-25 13:12:14] INFO: POST
[2023-05-25 13:12:17] INFO: SEQUELIZE
[2023-05-25 13:12:17] INFO: SEQUELIZE
[2023-05-25 13:12:18] INFO: SEQUELIZE
[2023-05-25 13:12:18] INFO: POST
[2023-05-25 13:12:19] INFO: POST
[2023-05-25 13:12:28] INFO: SEQUELIZE
[2023-05-25 13:12:28] INFO: SEQUELIZE
[2023-05-25 13:12:28] INFO: SEQUELIZE
[2023-05-25 13:12:28] INFO: SEQUELIZE
[2023-05-25 13:12:28] INFO: SEQUELIZE
[2023-05-25 13:12:28] INFO: SEQUELIZE
[2023-05-25 13:12:28] INFO: SEQUELIZE
[2023-05-25 13:12:28] INFO: SEQUELIZE
[2023-05-25 13:12:28] INFO: SEQUELIZE
[2023-05-25 13:12:28] INFO: POST
[2023-05-25 13:12:29] INFO: POST
[2023-05-25 13:12:40] INFO: SEQUELIZE
[2023-05-25 13:12:40] INFO: SEQUELIZE
[2023-05-25 13:12:40] INFO: SEQUELIZE
[2023-05-25 13:12:40] INFO: SEQUELIZE
[2023-05-25 13:12:40] INFO: SEQUELIZE
[2023-05-25 13:12:40] INFO: SEQUELIZE
[2023-05-25 13:12:40] INFO: SEQUELIZE
[2023-05-25 13:12:40] INFO: SEQUELIZE
[2023-05-25 13:12:40] INFO: SEQUELIZE
[2023-05-25 13:12:40] INFO: SEQUELIZE
[2023-05-25 13:12:40] INFO: POST
[2023-05-25 13:12:44] INFO: POST
[2023-05-25 13:12:55] INFO: SEQUELIZE
[2023-05-25 13:12:55] INFO: SEQUELIZE
[2023-05-25 13:12:55] INFO: SEQUELIZE
[2023-05-25 13:12:55] INFO: SEQUELIZE
[2023-05-25 13:12:55] INFO: SEQUELIZE
[2023-05-25 13:12:56] INFO: SEQUELIZE
[2023-05-25 13:12:56] ERROR: insert or update on table "inbound_shipments" violates foreign key constraint "inbound_shipments_supplier_client_partner_id_fkey"
[2023-05-25 13:12:56] INFO: PUT
[2023-05-25 13:12:59] INFO: POST
[2023-05-25 13:15:30] INFO: SEQUELIZE
[2023-05-25 13:15:30] INFO: SEQUELIZE
[2023-05-25 13:15:30] INFO: SEQUELIZE
[2023-05-25 13:15:30] INFO: SEQUELIZE
[2023-05-25 13:15:30] INFO: SEQUELIZE
[2023-05-25 13:15:30] INFO: SEQUELIZE
[2023-05-25 13:15:30] INFO: SEQUELIZE
[2023-05-25 13:15:30] INFO: SEQUELIZE
[2023-05-25 13:15:30] INFO: SEQUELIZE
[2023-05-25 13:15:30] INFO: SEQUELIZE
[2023-05-25 13:15:30] INFO: SEQUELIZE
[2023-05-25 13:15:30] INFO: SEQUELIZE
[2023-05-25 13:15:30] INFO: PUT
[2023-05-25 13:15:34] INFO: POST
[2023-05-25 13:15:51] INFO: SEQUELIZE
[2023-05-25 13:15:51] INFO: SEQUELIZE
[2023-05-25 13:15:51] INFO: SEQUELIZE
[2023-05-25 13:15:51] INFO: SEQUELIZE
[2023-05-25 13:15:51] INFO: SEQUELIZE
[2023-05-25 13:15:51] INFO: SEQUELIZE
[2023-05-25 13:15:51] INFO: SEQUELIZE
[2023-05-25 13:15:51] INFO: SEQUELIZE
[2023-05-25 13:15:51] INFO: SEQUELIZE
[2023-05-25 13:15:51] INFO: SEQUELIZE
[2023-05-25 13:15:51] INFO: SEQUELIZE
[2023-05-25 13:15:51] INFO: SEQUELIZE
[2023-05-25 13:15:51] INFO: PUT
[2023-05-25 13:15:54] INFO: POST
[2023-05-25 13:16:01] INFO: SEQUELIZE
[2023-05-25 13:16:01] INFO: SEQUELIZE
[2023-05-25 13:16:01] INFO: SEQUELIZE
[2023-05-25 13:16:01] INFO: SEQUELIZE
[2023-05-25 13:16:01] INFO: SEQUELIZE
[2023-05-25 13:16:01] INFO: SEQUELIZE
[2023-05-25 13:16:01] INFO: SEQUELIZE
[2023-05-25 13:16:01] INFO: SEQUELIZE
[2023-05-25 13:16:01] INFO: SEQUELIZE
[2023-05-25 13:16:01] INFO: SEQUELIZE
[2023-05-25 13:16:01] ERROR: Could not create inbound shipment item!
[2023-05-25 13:16:01] INFO: PUT
[2023-05-25 13:16:04] INFO: POST
[2023-05-25 13:16:09] INFO: SEQUELIZE
[2023-05-25 13:16:09] INFO: SEQUELIZE
[2023-05-25 13:16:09] INFO: SEQUELIZE
[2023-05-25 13:16:09] INFO: SEQUELIZE
[2023-05-25 13:16:09] INFO: SEQUELIZE
[2023-05-25 13:16:09] INFO: SEQUELIZE
[2023-05-25 13:16:09] INFO: SEQUELIZE
[2023-05-25 13:16:09] INFO: SEQUELIZE
[2023-05-25 13:16:09] INFO: SEQUELIZE
[2023-05-25 13:16:09] INFO: SEQUELIZE
[2023-05-25 13:16:09] INFO: SEQUELIZE
[2023-05-25 13:16:09] INFO: SEQUELIZE
[2023-05-25 13:16:09] INFO: PUT
[2023-05-25 13:16:09] INFO: POST
[2023-05-25 13:17:26] INFO: App listening on the port: 5000
[2023-05-25 13:17:26] INFO: SEQUELIZE
[2023-05-25 13:17:26] INFO: Database connection established successfully
[2023-05-25 13:17:35] INFO: App listening on the port: 5000
[2023-05-25 13:17:35] INFO: SEQUELIZE
[2023-05-25 13:17:35] INFO: Database connection established successfully
[2023-05-25 13:17:40] INFO: POST
[2023-05-25 13:17:41] INFO: SEQUELIZE
[2023-05-25 13:17:41] INFO: SEQUELIZE
[2023-05-25 13:17:41] INFO: SEQUELIZE
[2023-05-25 13:17:41] INFO: SEQUELIZE
[2023-05-25 13:17:41] INFO: SEQUELIZE
[2023-05-25 13:17:41] INFO: SEQUELIZE
[2023-05-25 13:17:41] INFO: SEQUELIZE
[2023-05-25 13:17:41] INFO: SEQUELIZE
[2023-05-25 13:17:41] INFO: SEQUELIZE
[2023-05-25 13:17:41] INFO: SEQUELIZE
[2023-05-25 13:17:41] INFO: SEQUELIZE
[2023-05-25 13:17:41] INFO: SEQUELIZE
[2023-05-25 13:17:41] INFO: PUT
[2023-05-25 13:17:45] INFO: POST
[2023-05-25 13:17:49] INFO: SEQUELIZE
[2023-05-25 13:17:49] INFO: SEQUELIZE
[2023-05-25 13:17:49] INFO: SEQUELIZE
[2023-05-25 13:17:49] INFO: SEQUELIZE
[2023-05-25 13:17:49] INFO: SEQUELIZE
[2023-05-25 13:17:50] INFO: SEQUELIZE
[2023-05-25 13:17:50] INFO: SEQUELIZE
[2023-05-25 13:17:50] INFO: SEQUELIZE
[2023-05-25 13:17:50] INFO: SEQUELIZE
[2023-05-25 13:17:50] INFO: SEQUELIZE
[2023-05-25 13:17:50] INFO: SEQUELIZE
[2023-05-25 13:17:50] INFO: SEQUELIZE
[2023-05-25 13:17:50] INFO: PUT
[2023-05-25 13:17:50] INFO: POST
[2023-05-25 13:18:05] INFO: App listening on the port: 5000
[2023-05-25 13:18:06] INFO: SEQUELIZE
[2023-05-25 13:18:06] INFO: Database connection established successfully
[2023-05-25 13:18:09] INFO: SEQUELIZE
[2023-05-25 13:18:09] INFO: SEQUELIZE
[2023-05-25 13:18:09] INFO: SEQUELIZE
[2023-05-25 13:18:09] INFO: SEQUELIZE
[2023-05-25 13:18:09] INFO: SEQUELIZE
[2023-05-25 13:18:10] INFO: SEQUELIZE
[2023-05-25 13:18:10] INFO: SEQUELIZE
[2023-05-25 13:18:10] INFO: SEQUELIZE
[2023-05-25 13:18:10] INFO: SEQUELIZE
[2023-05-25 13:18:10] INFO: SEQUELIZE
[2023-05-25 13:18:10] INFO: SEQUELIZE
[2023-05-25 13:18:10] INFO: SEQUELIZE
[2023-05-25 13:18:10] INFO: PUT
[2023-05-25 13:18:11] INFO: POST
[2023-05-25 13:18:20] INFO: SEQUELIZE
[2023-05-25 13:18:20] INFO: SEQUELIZE
[2023-05-25 13:18:20] INFO: SEQUELIZE
[2023-05-25 13:18:20] INFO: SEQUELIZE
[2023-05-25 13:18:20] INFO: SEQUELIZE
[2023-05-25 13:18:20] INFO: SEQUELIZE
[2023-05-25 13:18:20] INFO: SEQUELIZE
[2023-05-25 13:18:20] INFO: SEQUELIZE
[2023-05-25 13:18:20] INFO: SEQUELIZE
[2023-05-25 13:18:20] INFO: SEQUELIZE
[2023-05-25 13:18:20] INFO: SEQUELIZE
[2023-05-25 13:18:20] INFO: SEQUELIZE
[2023-05-25 13:18:20] INFO: PUT
[2023-05-25 13:18:21] INFO: POST
[2023-05-25 13:18:22] INFO: SEQUELIZE
[2023-05-25 13:18:22] INFO: SEQUELIZE
[2023-05-25 13:18:22] INFO: SEQUELIZE
[2023-05-25 13:18:22] INFO: SEQUELIZE
[2023-05-25 13:18:22] INFO: SEQUELIZE
[2023-05-25 13:18:22] INFO: SEQUELIZE
[2023-05-25 13:18:22] INFO: SEQUELIZE
[2023-05-25 13:18:22] INFO: SEQUELIZE
[2023-05-25 13:18:22] INFO: SEQUELIZE
[2023-05-25 13:18:23] INFO: SEQUELIZE
[2023-05-25 13:18:23] INFO: SEQUELIZE
[2023-05-25 13:18:23] INFO: SEQUELIZE
[2023-05-25 13:18:23] INFO: PUT
[2023-05-25 13:18:26] INFO: POST
[2023-05-25 13:20:32] INFO: SEQUELIZE
[2023-05-25 13:20:33] INFO: SEQUELIZE
[2023-05-25 13:20:33] INFO: SEQUELIZE
[2023-05-25 13:20:33] INFO: SEQUELIZE
[2023-05-25 13:20:33] INFO: SEQUELIZE
[2023-05-25 13:20:33] INFO: SEQUELIZE
[2023-05-25 13:20:33] INFO: SEQUELIZE
[2023-05-25 13:20:33] INFO: SEQUELIZE
[2023-05-25 13:20:33] INFO: SEQUELIZE
[2023-05-25 13:20:33] INFO: SEQUELIZE
[2023-05-25 13:20:33] INFO: SEQUELIZE
[2023-05-25 13:20:33] INFO: SEQUELIZE
[2023-05-25 13:20:33] INFO: SEQUELIZE
[2023-05-25 13:20:33] INFO: PUT
[2023-05-25 13:20:36] INFO: POST
[2023-05-25 13:20:43] INFO: App listening on the port: 5000
[2023-05-25 13:20:43] INFO: SEQUELIZE
[2023-05-25 13:20:43] INFO: Database connection established successfully
[2023-05-25 13:20:48] INFO: POST
[2023-05-25 13:20:50] INFO: SEQUELIZE
[2023-05-25 13:20:50] INFO: SEQUELIZE
[2023-05-25 13:20:50] INFO: SEQUELIZE
[2023-05-25 13:20:50] INFO: SEQUELIZE
[2023-05-25 13:20:50] INFO: SEQUELIZE
[2023-05-25 13:20:50] INFO: SEQUELIZE
[2023-05-25 13:20:50] INFO: SEQUELIZE
[2023-05-25 13:20:50] ERROR: The status is closed, you cannot edit data
[2023-05-25 13:20:50] INFO: PUT
[2023-05-25 13:20:53] INFO: POST
[2023-05-25 13:21:10] INFO: SEQUELIZE
[2023-05-25 13:21:10] INFO: SEQUELIZE
[2023-05-25 13:21:10] INFO: SEQUELIZE
[2023-05-25 13:21:10] INFO: SEQUELIZE
[2023-05-25 13:21:10] INFO: SEQUELIZE
[2023-05-25 13:21:10] INFO: SEQUELIZE
[2023-05-25 13:21:10] INFO: SEQUELIZE
[2023-05-25 13:21:10] INFO: SEQUELIZE
[2023-05-25 13:21:10] INFO: SEQUELIZE
[2023-05-25 13:21:10] INFO: SEQUELIZE
[2023-05-25 13:21:10] INFO: SEQUELIZE
[2023-05-25 13:21:10] INFO: SEQUELIZE
[2023-05-25 13:21:10] INFO: SEQUELIZE
[2023-05-25 13:21:10] INFO: PUT
[2023-05-25 13:21:13] INFO: POST
[2023-05-25 13:21:30] INFO: SEQUELIZE
[2023-05-25 13:21:30] INFO: SEQUELIZE
[2023-05-25 13:21:30] INFO: SEQUELIZE
[2023-05-25 13:21:30] INFO: SEQUELIZE
[2023-05-25 13:21:30] INFO: SEQUELIZE
[2023-05-25 13:21:30] INFO: GET
[2023-05-25 13:21:33] INFO: POST
[2023-05-25 13:22:30] INFO: SEQUELIZE
[2023-05-25 13:22:30] INFO: SEQUELIZE
[2023-05-25 13:22:30] INFO: SEQUELIZE
[2023-05-25 13:22:30] INFO: SEQUELIZE
[2023-05-25 13:22:30] INFO: GET
[2023-05-25 13:22:33] INFO: POST
[2023-05-25 13:22:34] INFO: SEQUELIZE
[2023-05-25 13:22:34] INFO: SEQUELIZE
[2023-05-25 13:22:34] INFO: SEQUELIZE
[2023-05-25 13:22:34] INFO: GET
[2023-05-25 13:22:36] INFO: SEQUELIZE
[2023-05-25 13:22:36] INFO: SEQUELIZE
[2023-05-25 13:22:36] INFO: SEQUELIZE
[2023-05-25 13:22:36] INFO: GET
[2023-05-25 13:22:38] INFO: POST
[2023-05-25 13:23:02] INFO: SEQUELIZE
[2023-05-25 13:23:02] INFO: SEQUELIZE
[2023-05-25 13:23:02] INFO: SEQUELIZE
[2023-05-25 13:23:02] INFO: SEQUELIZE
[2023-05-25 13:23:02] INFO: SEQUELIZE
[2023-05-25 13:23:02] INFO: GET
[2023-05-25 13:23:03] INFO: POST
[2023-05-25 13:23:57] INFO: SEQUELIZE
[2023-05-25 13:23:57] INFO: SEQUELIZE
[2023-05-25 13:23:57] INFO: POST
[2023-05-25 13:23:58] INFO: POST
[2023-05-25 13:24:15] INFO: SEQUELIZE
[2023-05-25 13:24:15] INFO: SEQUELIZE
[2023-05-25 13:24:15] INFO: SEQUELIZE
[2023-05-25 13:24:15] INFO: GET
[2023-05-25 13:24:18] INFO: POST
[2023-05-25 13:24:20] INFO: SEQUELIZE
[2023-05-25 13:24:20] INFO: SEQUELIZE
[2023-05-25 13:24:21] ERROR: Could not create user!
[2023-05-25 13:24:21] INFO: POST
[2023-05-25 13:24:23] INFO: POST
[2023-05-25 13:24:29] INFO: SEQUELIZE
[2023-05-25 13:24:29] INFO: SEQUELIZE
[2023-05-25 13:24:29] ERROR: Could not create user!
[2023-05-25 13:24:29] INFO: POST
[2023-05-25 13:24:32] INFO: SEQUELIZE
[2023-05-25 13:24:32] INFO: SEQUELIZE
[2023-05-25 13:24:33] INFO: SEQUELIZE
[2023-05-25 13:24:33] INFO: SEQUELIZE
[2023-05-25 13:24:33] INFO: SEQUELIZE
[2023-05-25 13:24:33] INFO: SEQUELIZE
[2023-05-25 13:24:33] INFO: SEQUELIZE
[2023-05-25 13:24:33] INFO: SEQUELIZE
[2023-05-25 13:24:33] INFO: SEQUELIZE
[2023-05-25 13:24:33] INFO: SEQUELIZE
[2023-05-25 13:24:33] INFO: SEQUELIZE
[2023-05-25 13:24:33] INFO: POST
[2023-05-25 13:24:33] INFO: POST
[2023-05-25 13:24:38] INFO: SEQUELIZE
[2023-05-25 13:24:38] INFO: SEQUELIZE
[2023-05-25 13:24:38] ERROR: Validation error: firstName, lastName, phone, role, language
[2023-05-25 13:24:38] INFO: PUT
[2023-05-25 13:24:43] INFO: POST
[2023-05-25 13:25:15] INFO: SEQUELIZE
[2023-05-25 13:25:15] INFO: SEQUELIZE
[2023-05-25 13:25:15] INFO: SEQUELIZE
[2023-05-25 13:25:15] INFO: SEQUELIZE
[2023-05-25 13:25:15] INFO: SEQUELIZE
[2023-05-25 13:25:15] INFO: SEQUELIZE
[2023-05-25 13:25:15] INFO: SEQUELIZE
[2023-05-25 13:25:15] INFO: SEQUELIZE
[2023-05-25 13:25:15] INFO: SEQUELIZE
[2023-05-25 13:25:15] INFO: SEQUELIZE
[2023-05-25 13:25:15] INFO: SEQUELIZE
[2023-05-25 13:25:15] INFO: SEQUELIZE
[2023-05-25 13:25:15] INFO: SEQUELIZE
[2023-05-25 13:25:15] INFO: PUT
[2023-05-25 13:25:18] INFO: POST
[2023-05-25 13:26:48] INFO: App listening on the port: 5000
[2023-05-25 13:26:48] INFO: SEQUELIZE
[2023-05-25 13:26:48] INFO: Database connection established successfully
[2023-05-25 13:26:53] INFO: POST
[2023-05-25 13:26:58] INFO: App listening on the port: 5000
[2023-05-25 13:26:58] INFO: SEQUELIZE
[2023-05-25 13:26:58] INFO: Database connection established successfully
[2023-05-25 13:27:03] INFO: POST
[2023-05-25 13:40:23] INFO: App listening on the port: 5000
[2023-05-25 13:40:23] INFO: SEQUELIZE
[2023-05-25 13:40:23] INFO: Database connection established successfully
[2023-05-25 13:40:29] INFO: App listening on the port: 5000
[2023-05-25 13:40:29] INFO: SEQUELIZE
[2023-05-25 13:40:29] INFO: Database connection established successfully
[2023-05-25 13:40:37] INFO: App listening on the port: 5000
[2023-05-25 13:40:37] INFO: SEQUELIZE
[2023-05-25 13:40:37] INFO: Database connection established successfully
[2023-05-25 13:40:42] INFO: POST
[2023-05-25 16:46:41] INFO: App listening on the port: 5000
[2023-05-25 16:46:41] ERROR: Unable to connect to the database. error=Error: password authentication failed for user "accountant"
[2023-05-25 16:46:46] INFO: POST
[2023-05-25 16:47:40] INFO: App listening on the port: 5000
[2023-05-25 16:47:40] ERROR: Unable to connect to the database. error=Error: password authentication failed for user "accountant"
[2023-05-25 16:47:45] INFO: POST
[2023-05-25 16:48:02] INFO: App listening on the port: 5000
[2023-05-25 16:48:02] ERROR: Unable to connect to the database. error=Error: password authentication failed for user "accountant"
[2023-05-25 16:48:07] INFO: POST
[2023-05-25 16:48:33] INFO: App listening on the port: 5000
[2023-05-25 16:48:33] INFO: SEQUELIZE
[2023-05-25 16:48:33] INFO: Database connection established successfully
[2023-05-25 16:48:38] INFO: POST
[2023-05-25 16:51:44] INFO: App listening on the port: 5000
[2023-05-25 16:51:44] INFO: SEQUELIZE
[2023-05-25 16:51:44] INFO: Database connection established successfully
[2023-05-25 16:51:49] INFO: POST
[2023-05-25 17:00:35] INFO: App listening on the port: 5000
[2023-05-25 17:00:35] INFO: SEQUELIZE
[2023-05-25 17:00:35] INFO: Database connection established successfully
[2023-05-25 17:00:40] INFO: POST
[2023-05-25 17:03:23] INFO: App listening on the port: 5000
[2023-05-25 17:03:23] INFO: SEQUELIZE
[2023-05-25 17:03:23] INFO: Database connection established successfully
[2023-05-25 17:03:28] INFO: POST
[2023-05-25 17:04:49] INFO: App listening on the port: 5000
[2023-05-25 17:04:49] INFO: SEQUELIZE
[2023-05-25 17:04:49] INFO: Database connection established successfully
[2023-05-25 17:04:54] INFO: App listening on the port: 5000
[2023-05-25 17:04:54] INFO: SEQUELIZE
[2023-05-25 17:04:54] INFO: Database connection established successfully
[2023-05-25 17:04:59] INFO: POST
[2023-05-25 17:15:52] INFO: App listening on the port: 5000
[2023-05-25 17:15:52] INFO: SEQUELIZE
[2023-05-25 17:15:52] INFO: Database connection established successfully
[2023-05-25 17:15:57] INFO: POST
[2023-05-25 17:16:54] INFO: App listening on the port: 5000
[2023-05-25 17:16:54] INFO: SEQUELIZE
[2023-05-25 17:16:54] INFO: Database connection established successfully
[2023-05-25 17:16:59] INFO: POST
[2023-05-25 17:17:27] INFO: App listening on the port: 5000
[2023-05-25 17:17:27] INFO: SEQUELIZE
[2023-05-25 17:17:27] INFO: Database connection established successfully
[2023-05-25 17:17:32] INFO: POST
[2023-05-25 17:17:37] INFO: App listening on the port: 5000
[2023-05-25 17:17:37] INFO: SEQUELIZE
[2023-05-25 17:17:37] INFO: Database connection established successfully
[2023-05-25 17:17:42] INFO: POST
[2023-05-25 17:18:02] INFO: App listening on the port: 5000
[2023-05-25 17:18:02] INFO: SEQUELIZE
[2023-05-25 17:18:02] INFO: Database connection established successfully
[2023-05-25 17:18:10] INFO: App listening on the port: 5000
[2023-05-25 17:18:11] INFO: SEQUELIZE
[2023-05-25 17:18:11] INFO: Database connection established successfully
[2023-05-25 17:18:16] INFO: POST
[2023-05-25 17:18:25] INFO: App listening on the port: 5000
[2023-05-25 17:18:25] INFO: SEQUELIZE
[2023-05-25 17:18:25] INFO: Database connection established successfully
[2023-05-25 17:18:30] INFO: POST
