[2023-05-31 08:48:07] INFO: App listening on the port: 5000
[2023-05-31 08:48:07] INFO: SEQUELIZE
[2023-05-31 08:48:07] INFO: Database connection established successfully
[2023-05-31 08:48:12] INFO: POST
[2023-05-31 08:50:39] INFO: App listening on the port: 5000
[2023-05-31 08:50:39] INFO: SEQUELIZE
[2023-05-31 08:50:39] INFO: Database connection established successfully
[2023-05-31 08:50:44] INFO: POST
[2023-05-31 08:51:00] INFO: App listening on the port: 5000
[2023-05-31 08:51:01] INFO: SEQUELIZE
[2023-05-31 08:51:01] INFO: Database connection established successfully
[2023-05-31 08:51:14] INFO: App listening on the port: 5000
[2023-05-31 08:51:14] INFO: SEQUELIZE
[2023-05-31 08:51:14] INFO: Database connection established successfully
[2023-05-31 08:51:19] INFO: POST
[2023-05-31 08:51:33] INFO: App listening on the port: 5000
[2023-05-31 08:51:33] INFO: SEQUELIZE
[2023-05-31 08:51:33] INFO: Database connection established successfully
[2023-05-31 08:51:38] INFO: POST
[2023-05-31 08:53:00] INFO: App listening on the port: 5000
[2023-05-31 08:53:00] INFO: SEQUELIZE
[2023-05-31 08:53:00] INFO: Database connection established successfully
[2023-05-31 08:53:05] INFO: POST
[2023-05-31 08:53:53] INFO: App listening on the port: 5000
[2023-05-31 08:53:53] INFO: SEQUELIZE
[2023-05-31 08:53:53] INFO: Database connection established successfully
[2023-05-31 08:53:58] INFO: POST
[2023-05-31 08:54:23] INFO: App listening on the port: 5000
[2023-05-31 08:54:23] INFO: SEQUELIZE
[2023-05-31 08:54:23] INFO: Database connection established successfully
[2023-05-31 08:54:28] INFO: POST
[2023-05-31 08:55:12] INFO: App listening on the port: 5000
[2023-05-31 08:55:12] INFO: SEQUELIZE
[2023-05-31 08:55:12] INFO: Database connection established successfully
[2023-05-31 08:55:17] INFO: POST
[2023-05-31 08:56:18] INFO: App listening on the port: 5000
[2023-05-31 08:56:18] INFO: SEQUELIZE
[2023-05-31 08:56:18] INFO: Database connection established successfully
[2023-05-31 08:56:23] INFO: POST
[2023-05-31 08:56:57] INFO: App listening on the port: 5000
[2023-05-31 08:56:57] INFO: SEQUELIZE
[2023-05-31 08:56:57] INFO: Database connection established successfully
[2023-05-31 08:57:02] INFO: POST
[2023-05-31 08:58:08] INFO: App listening on the port: 5000
[2023-05-31 08:58:08] INFO: SEQUELIZE
[2023-05-31 08:58:08] INFO: Database connection established successfully
[2023-05-31 08:58:13] INFO: POST
[2023-05-31 08:58:38] INFO: App listening on the port: 5000
[2023-05-31 08:58:38] INFO: SEQUELIZE
[2023-05-31 08:58:38] INFO: Database connection established successfully
[2023-05-31 08:58:43] INFO: POST
[2023-05-31 09:00:55] INFO: App listening on the port: 5000
[2023-05-31 09:00:55] INFO: SEQUELIZE
[2023-05-31 09:00:55] INFO: Database connection established successfully
[2023-05-31 09:01:00] INFO: POST
[2023-05-31 09:23:32] INFO: App listening on the port: 5000
[2023-05-31 09:23:33] INFO: SEQUELIZE
[2023-05-31 09:23:33] INFO: Database connection established successfully
[2023-05-31 09:23:37] INFO: POST
[2023-05-31 09:24:14] INFO: App listening on the port: 5000
[2023-05-31 09:24:14] INFO: SEQUELIZE
[2023-05-31 09:24:14] INFO: Database connection established successfully
[2023-05-31 09:24:19] INFO: POST
[2023-05-31 09:25:13] INFO: App listening on the port: 5000
[2023-05-31 09:25:13] INFO: SEQUELIZE
[2023-05-31 09:25:13] INFO: Database connection established successfully
[2023-05-31 09:25:18] INFO: POST
[2023-05-31 09:25:53] INFO: App listening on the port: 5000
[2023-05-31 09:25:53] INFO: SEQUELIZE
[2023-05-31 09:25:53] INFO: Database connection established successfully
[2023-05-31 09:25:58] INFO: POST
[2023-05-31 09:26:24] INFO: App listening on the port: 5000
[2023-05-31 09:26:24] INFO: SEQUELIZE
[2023-05-31 09:26:24] INFO: Database connection established successfully
[2023-05-31 09:26:29] INFO: POST
[2023-05-31 09:28:22] INFO: App listening on the port: 5000
[2023-05-31 09:28:22] INFO: SEQUELIZE
[2023-05-31 09:28:22] INFO: Database connection established successfully
[2023-05-31 09:28:27] INFO: POST
[2023-05-31 09:36:44] INFO: App listening on the port: 5000
[2023-05-31 09:36:44] INFO: SEQUELIZE
[2023-05-31 09:36:44] INFO: Database connection established successfully
[2023-05-31 09:36:49] INFO: POST
[2023-05-31 09:38:26] INFO: App listening on the port: 5000
[2023-05-31 09:38:26] INFO: SEQUELIZE
[2023-05-31 09:38:26] INFO: Database connection established successfully
[2023-05-31 09:38:42] INFO: App listening on the port: 5000
[2023-05-31 09:38:42] INFO: SEQUELIZE
[2023-05-31 09:38:42] INFO: Database connection established successfully
[2023-05-31 09:38:47] INFO: POST
[2023-05-31 09:39:15] INFO: App listening on the port: 5000
[2023-05-31 09:39:15] INFO: SEQUELIZE
[2023-05-31 09:39:15] INFO: Database connection established successfully
[2023-05-31 09:39:20] INFO: POST
[2023-05-31 09:48:40] INFO: App listening on the port: 5000
[2023-05-31 09:48:40] INFO: SEQUELIZE
[2023-05-31 09:48:40] INFO: Database connection established successfully
[2023-05-31 09:48:52] INFO: App listening on the port: 5000
[2023-05-31 09:48:52] INFO: SEQUELIZE
[2023-05-31 09:48:52] INFO: Database connection established successfully
[2023-05-31 09:48:57] INFO: POST
[2023-05-31 09:49:32] INFO: App listening on the port: 5000
[2023-05-31 09:49:32] INFO: SEQUELIZE
[2023-05-31 09:49:32] INFO: Database connection established successfully
[2023-05-31 09:49:37] INFO: POST
[2023-05-31 09:50:32] INFO: App listening on the port: 5000
[2023-05-31 09:50:32] INFO: SEQUELIZE
[2023-05-31 09:50:32] INFO: Database connection established successfully
[2023-05-31 09:50:37] INFO: POST
[2023-05-31 09:50:50] INFO: App listening on the port: 5000
[2023-05-31 09:50:50] INFO: SEQUELIZE
[2023-05-31 09:50:50] INFO: Database connection established successfully
[2023-05-31 09:50:55] INFO: POST
[2023-05-31 09:52:17] INFO: App listening on the port: 5000
[2023-05-31 09:52:17] INFO: SEQUELIZE
[2023-05-31 09:52:17] INFO: Database connection established successfully
[2023-05-31 09:52:22] INFO: POST
[2023-05-31 09:52:51] INFO: App listening on the port: 5000
[2023-05-31 09:52:51] INFO: SEQUELIZE
[2023-05-31 09:52:51] INFO: Database connection established successfully
[2023-05-31 09:52:56] INFO: POST
[2023-05-31 09:53:19] INFO: App listening on the port: 5000
[2023-05-31 09:53:20] INFO: SEQUELIZE
[2023-05-31 09:53:20] INFO: Database connection established successfully
[2023-05-31 09:53:24] INFO: POST
[2023-05-31 09:58:40] INFO: App listening on the port: 5000
[2023-05-31 09:58:40] INFO: SEQUELIZE
[2023-05-31 09:58:40] INFO: Database connection established successfully
[2023-05-31 09:58:57] INFO: SEQUELIZE
[2023-05-31 09:58:57] INFO: Database connection established successfully
[2023-05-31 10:01:07] INFO: SEQUELIZE
[2023-05-31 10:01:07] INFO: Database connection established successfully
[2023-05-31 10:07:31] INFO: SEQUELIZE
[2023-05-31 10:07:31] INFO: Database connection established successfully
[2023-05-31 10:08:14] INFO: SEQUELIZE
[2023-05-31 10:08:14] INFO: Database connection established successfully
[2023-05-31 10:08:52] INFO: SEQUELIZE
[2023-05-31 10:08:52] INFO: Database connection established successfully
[2023-05-31 10:09:09] INFO: SEQUELIZE
[2023-05-31 10:09:09] INFO: Database connection established successfully
[2023-05-31 10:13:01] INFO: SEQUELIZE
[2023-05-31 10:13:01] INFO: Database connection established successfully
[2023-05-31 10:13:31] INFO: SEQUELIZE
[2023-05-31 10:13:31] INFO: Database connection established successfully
[2023-05-31 10:14:42] INFO: SEQUELIZE
[2023-05-31 10:14:43] INFO: Database connection established successfully
[2023-05-31 10:17:00] INFO: SEQUELIZE
[2023-05-31 10:17:00] INFO: Database connection established successfully
[2023-05-31 10:17:59] INFO: SEQUELIZE
[2023-05-31 10:17:59] INFO: Database connection established successfully
[2023-05-31 10:20:55] INFO: SEQUELIZE
[2023-05-31 10:20:55] INFO: Database connection established successfully
[2023-05-31 10:22:02] INFO: SEQUELIZE
[2023-05-31 10:22:02] INFO: Database connection established successfully
[2023-05-31 10:23:06] INFO: SEQUELIZE
[2023-05-31 10:23:06] INFO: Database connection established successfully
[2023-05-31 10:23:31] INFO: SEQUELIZE
[2023-05-31 10:23:31] INFO: Database connection established successfully
[2023-05-31 10:24:08] INFO: SEQUELIZE
[2023-05-31 10:24:08] INFO: Database connection established successfully
[2023-05-31 10:28:30] INFO: App listening on the port: 5000
[2023-05-31 10:28:30] INFO: SEQUELIZE
[2023-05-31 10:28:30] INFO: Database connection established successfully
[2023-05-31 10:28:35] INFO: POST
[2023-05-31 10:28:46] INFO: App listening on the port: 5000
[2023-05-31 10:28:47] INFO: SEQUELIZE
[2023-05-31 10:28:47] INFO: Database connection established successfully
[2023-05-31 10:28:52] INFO: POST
[2023-05-31 10:29:06] INFO: App listening on the port: 5000
[2023-05-31 10:29:06] INFO: SEQUELIZE
[2023-05-31 10:29:06] INFO: Database connection established successfully
[2023-05-31 10:29:11] INFO: POST
[2023-05-31 10:30:47] INFO: App listening on the port: 5000
[2023-05-31 10:30:47] INFO: SEQUELIZE
[2023-05-31 10:30:47] INFO: Database connection established successfully
[2023-05-31 10:30:52] INFO: POST
[2023-05-31 10:31:10] INFO: App listening on the port: 5000
[2023-05-31 10:31:10] INFO: SEQUELIZE
[2023-05-31 10:31:10] INFO: Database connection established successfully
[2023-05-31 10:31:15] INFO: POST
[2023-05-31 10:32:07] INFO: App listening on the port: 5000
[2023-05-31 10:32:07] INFO: SEQUELIZE
[2023-05-31 10:32:07] INFO: Database connection established successfully
[2023-05-31 10:32:12] INFO: POST
[2023-05-31 11:27:13] INFO: App listening on the port: 5000
[2023-05-31 11:27:13] INFO: SEQUELIZE
[2023-05-31 11:27:14] INFO: Database connection established successfully
[2023-05-31 11:27:19] INFO: POST
[2023-05-31 11:27:48] INFO: SEQUELIZE
[2023-05-31 11:27:48] INFO: Database connection established successfully
[2023-05-31 11:32:19] INFO: SEQUELIZE
[2023-05-31 11:32:19] INFO: Database connection established successfully
[2023-05-31 11:32:42] INFO: App listening on the port: 5000
[2023-05-31 11:32:42] INFO: SEQUELIZE
[2023-05-31 11:32:42] INFO: Database connection established successfully
[2023-05-31 11:32:47] INFO: POST
[2023-05-31 11:33:20] INFO: App listening on the port: 5000
[2023-05-31 11:33:20] INFO: SEQUELIZE
[2023-05-31 11:33:20] INFO: Database connection established successfully
[2023-05-31 11:33:25] INFO: POST
[2023-05-31 11:33:47] INFO: SEQUELIZE
[2023-05-31 11:33:47] INFO: Database connection established successfully
[2023-05-31 11:34:14] INFO: App listening on the port: 5000
[2023-05-31 11:34:14] INFO: SEQUELIZE
[2023-05-31 11:34:14] INFO: Database connection established successfully
[2023-05-31 11:34:19] INFO: POST
[2023-05-31 11:34:48] INFO: App listening on the port: 5000
[2023-05-31 11:34:48] INFO: SEQUELIZE
[2023-05-31 11:34:48] INFO: Database connection established successfully
[2023-05-31 11:35:02] INFO: App listening on the port: 5000
[2023-05-31 11:35:02] INFO: SEQUELIZE
[2023-05-31 11:35:02] INFO: Database connection established successfully
[2023-05-31 11:35:07] INFO: POST
[2023-05-31 11:35:37] INFO: App listening on the port: 5000
[2023-05-31 11:35:37] INFO: SEQUELIZE
[2023-05-31 11:35:37] INFO: Database connection established successfully
[2023-05-31 11:35:42] INFO: POST
[2023-05-31 11:36:05] INFO: App listening on the port: 5000
[2023-05-31 11:36:05] INFO: SEQUELIZE
[2023-05-31 11:36:05] INFO: Database connection established successfully
[2023-05-31 11:36:22] INFO: App listening on the port: 5000
[2023-05-31 11:36:22] INFO: SEQUELIZE
[2023-05-31 11:36:22] INFO: Database connection established successfully
[2023-05-31 11:36:27] INFO: POST
[2023-05-31 11:36:57] INFO: App listening on the port: 5000
[2023-05-31 11:36:57] INFO: SEQUELIZE
[2023-05-31 11:36:57] INFO: Database connection established successfully
[2023-05-31 11:37:02] INFO: POST
[2023-05-31 11:37:18] INFO: App listening on the port: 5000
[2023-05-31 11:37:18] INFO: SEQUELIZE
[2023-05-31 11:37:18] INFO: Database connection established successfully
[2023-05-31 11:37:23] INFO: POST
[2023-05-31 11:37:54] INFO: App listening on the port: 5000
[2023-05-31 11:37:54] INFO: SEQUELIZE
[2023-05-31 11:37:54] INFO: Database connection established successfully
[2023-05-31 11:37:59] INFO: POST
[2023-05-31 11:38:20] INFO: App listening on the port: 5000
[2023-05-31 11:38:20] INFO: SEQUELIZE
[2023-05-31 11:38:20] INFO: Database connection established successfully
[2023-05-31 11:38:25] INFO: POST
[2023-05-31 11:38:54] INFO: App listening on the port: 5000
[2023-05-31 11:38:55] INFO: SEQUELIZE
[2023-05-31 11:38:55] INFO: Database connection established successfully
[2023-05-31 11:38:59] INFO: POST
[2023-05-31 11:40:01] INFO: App listening on the port: 5000
[2023-05-31 11:40:01] INFO: SEQUELIZE
[2023-05-31 11:40:01] INFO: Database connection established successfully
[2023-05-31 11:40:58] INFO: App listening on the port: 5000
[2023-05-31 11:40:58] INFO: SEQUELIZE
[2023-05-31 11:40:58] INFO: Database connection established successfully
[2023-05-31 11:41:03] INFO: POST
[2023-05-31 11:41:16] INFO: SEQUELIZE
[2023-05-31 11:41:16] INFO: Database connection established successfully
[2023-05-31 11:41:36] INFO: App listening on the port: 5000
[2023-05-31 11:41:36] INFO: SEQUELIZE
[2023-05-31 11:41:36] INFO: Database connection established successfully
[2023-05-31 11:41:41] INFO: POST
[2023-05-31 11:50:06] INFO: App listening on the port: 5000
[2023-05-31 11:50:06] INFO: SEQUELIZE
[2023-05-31 11:50:06] INFO: Database connection established successfully
[2023-05-31 11:50:28] INFO: App listening on the port: 5000
[2023-05-31 11:50:28] INFO: SEQUELIZE
[2023-05-31 11:50:28] INFO: Database connection established successfully
[2023-05-31 11:50:40] INFO: App listening on the port: 5000
[2023-05-31 11:50:40] INFO: SEQUELIZE
[2023-05-31 11:50:40] INFO: Database connection established successfully
[2023-05-31 11:50:45] INFO: POST
[2023-05-31 11:50:58] INFO: App listening on the port: 5000
[2023-05-31 11:50:58] INFO: SEQUELIZE
[2023-05-31 11:50:58] INFO: Database connection established successfully
[2023-05-31 11:51:03] INFO: POST
[2023-05-31 11:51:48] INFO: App listening on the port: 5000
[2023-05-31 11:51:48] INFO: SEQUELIZE
[2023-05-31 11:51:48] INFO: Database connection established successfully
[2023-05-31 11:51:53] INFO: POST
[2023-05-31 11:52:35] INFO: App listening on the port: 5000
[2023-05-31 11:52:35] INFO: SEQUELIZE
[2023-05-31 11:52:35] INFO: Database connection established successfully
[2023-05-31 11:52:40] INFO: POST
[2023-05-31 11:53:13] INFO: App listening on the port: 5000
[2023-05-31 11:53:13] INFO: SEQUELIZE
[2023-05-31 11:53:13] INFO: Database connection established successfully
[2023-05-31 11:53:18] INFO: POST
[2023-05-31 11:54:10] INFO: App listening on the port: 5000
[2023-05-31 11:54:10] INFO: SEQUELIZE
[2023-05-31 11:54:10] INFO: Database connection established successfully
[2023-05-31 11:54:15] INFO: POST
[2023-05-31 11:54:38] INFO: App listening on the port: 5000
[2023-05-31 11:54:38] INFO: SEQUELIZE
[2023-05-31 11:54:38] INFO: Database connection established successfully
[2023-05-31 11:54:43] INFO: POST
[2023-05-31 11:55:07] INFO: App listening on the port: 5000
[2023-05-31 11:55:07] INFO: SEQUELIZE
[2023-05-31 11:55:07] INFO: Database connection established successfully
[2023-05-31 11:55:12] INFO: POST
[2023-05-31 12:05:51] INFO: App listening on the port: 5000
[2023-05-31 12:05:51] INFO: SEQUELIZE
[2023-05-31 12:05:51] INFO: Database connection established successfully
[2023-05-31 12:05:56] INFO: POST
[2023-05-31 12:06:41] INFO: App listening on the port: 5000
[2023-05-31 12:06:41] INFO: SEQUELIZE
[2023-05-31 12:06:41] INFO: Database connection established successfully
[2023-05-31 12:06:46] INFO: App listening on the port: 5000
[2023-05-31 12:06:46] INFO: SEQUELIZE
[2023-05-31 12:06:46] INFO: Database connection established successfully
[2023-05-31 12:06:51] INFO: POST
[2023-05-31 12:07:17] INFO: App listening on the port: 5000
[2023-05-31 12:07:17] INFO: SEQUELIZE
[2023-05-31 12:07:17] INFO: Database connection established successfully
[2023-05-31 12:07:30] INFO: App listening on the port: 5000
[2023-05-31 12:07:30] INFO: SEQUELIZE
[2023-05-31 12:07:30] INFO: Database connection established successfully
[2023-05-31 12:07:35] INFO: POST
[2023-05-31 12:08:06] INFO: App listening on the port: 5000
[2023-05-31 12:08:06] INFO: SEQUELIZE
[2023-05-31 12:08:06] INFO: Database connection established successfully
[2023-05-31 12:08:11] INFO: POST
[2023-05-31 12:08:16] INFO: App listening on the port: 5000
[2023-05-31 12:08:16] INFO: SEQUELIZE
[2023-05-31 12:08:16] INFO: Database connection established successfully
[2023-05-31 12:08:21] INFO: POST
[2023-05-31 12:11:18] INFO: App listening on the port: 5000
[2023-05-31 12:11:18] INFO: SEQUELIZE
[2023-05-31 12:11:18] INFO: Database connection established successfully
[2023-05-31 12:11:23] INFO: POST
[2023-05-31 12:12:05] INFO: App listening on the port: 5000
[2023-05-31 12:12:05] INFO: SEQUELIZE
[2023-05-31 12:12:05] INFO: Database connection established successfully
[2023-05-31 12:12:10] INFO: POST
[2023-05-31 12:12:30] INFO: App listening on the port: 5000
[2023-05-31 12:12:30] INFO: SEQUELIZE
[2023-05-31 12:12:30] INFO: Database connection established successfully
[2023-05-31 12:12:35] INFO: POST
[2023-05-31 12:12:50] INFO: App listening on the port: 5000
[2023-05-31 12:12:50] INFO: SEQUELIZE
[2023-05-31 12:12:50] INFO: Database connection established successfully
[2023-05-31 12:12:55] INFO: POST
[2023-05-31 12:15:33] INFO: App listening on the port: 5000
[2023-05-31 12:15:33] INFO: SEQUELIZE
[2023-05-31 12:15:33] INFO: Database connection established successfully
[2023-05-31 12:15:38] INFO: POST
[2023-05-31 12:16:04] INFO: App listening on the port: 5000
[2023-05-31 12:16:04] INFO: SEQUELIZE
[2023-05-31 12:16:04] INFO: Database connection established successfully
[2023-05-31 12:16:09] INFO: POST
[2023-05-31 12:16:21] INFO: SEQUELIZE
[2023-05-31 12:16:21] INFO: Database connection established successfully
[2023-05-31 12:16:29] INFO: App listening on the port: 5000
[2023-05-31 12:16:29] INFO: SEQUELIZE
[2023-05-31 12:16:29] INFO: Database connection established successfully
[2023-05-31 12:16:34] INFO: POST
[2023-05-31 12:19:30] INFO: App listening on the port: 5000
[2023-05-31 12:19:30] INFO: SEQUELIZE
[2023-05-31 12:19:30] INFO: Database connection established successfully
[2023-05-31 12:19:35] INFO: POST
[2023-05-31 12:23:49] INFO: SEQUELIZE
[2023-05-31 12:23:49] ERROR: User in provided token does not exist!
[2023-05-31 12:23:49] INFO: POST
[2023-05-31 12:23:50] INFO: POST
[2023-05-31 12:24:10] INFO: SEQUELIZE
[2023-05-31 12:24:10] INFO: SEQUELIZE
[2023-05-31 12:24:10] INFO: SEQUELIZE
[2023-05-31 12:24:10] INFO: SEQUELIZE
[2023-05-31 12:24:10] INFO: POST
[2023-05-31 12:24:11] ERROR: Could not get outbound shipment by id!
[2023-05-31 12:24:11] INFO: POST
[2023-05-31 12:24:15] INFO: POST
[2023-05-31 12:25:01] INFO: App listening on the port: 5000
[2023-05-31 12:25:01] INFO: SEQUELIZE
[2023-05-31 12:25:01] INFO: Database connection established successfully
[2023-05-31 12:25:02] INFO: SEQUELIZE
[2023-05-31 12:25:02] INFO: SEQUELIZE
[2023-05-31 12:25:02] INFO: SEQUELIZE
[2023-05-31 12:25:02] INFO: SEQUELIZE
[2023-05-31 12:25:03] INFO: SEQUELIZE
[2023-05-31 12:25:03] ERROR: Could not create outbound shipment!
[2023-05-31 12:25:03] INFO: POST
[2023-05-31 12:25:06] INFO: POST
[2023-05-31 12:25:24] INFO: App listening on the port: 5000
[2023-05-31 12:25:24] INFO: SEQUELIZE
[2023-05-31 12:25:24] INFO: Database connection established successfully
[2023-05-31 12:25:29] INFO: POST
[2023-05-31 12:25:30] INFO: SEQUELIZE
[2023-05-31 12:25:30] INFO: SEQUELIZE
[2023-05-31 12:25:30] INFO: SEQUELIZE
[2023-05-31 12:25:30] INFO: SEQUELIZE
[2023-05-31 12:25:30] INFO: SEQUELIZE
[2023-05-31 12:25:30] INFO: SEQUELIZE
[2023-05-31 12:25:30] ERROR: Could not create outbound shipment item!
[2023-05-31 12:25:30] INFO: POST
[2023-05-31 12:25:34] INFO: POST
[2023-05-31 12:25:36] INFO: SEQUELIZE
[2023-05-31 12:25:36] INFO: SEQUELIZE
[2023-05-31 12:25:36] INFO: SEQUELIZE
[2023-05-31 12:25:36] INFO: SEQUELIZE
[2023-05-31 12:25:36] INFO: GET
[2023-05-31 12:25:39] INFO: POST
[2023-05-31 12:25:40] INFO: SEQUELIZE
[2023-05-31 12:25:40] INFO: SEQUELIZE
[2023-05-31 12:25:40] INFO: SEQUELIZE
[2023-05-31 12:25:40] INFO: POST
[2023-05-31 12:25:44] INFO: POST
[2023-05-31 12:26:00] INFO: SEQUELIZE
[2023-05-31 12:26:00] INFO: SEQUELIZE
[2023-05-31 12:26:00] INFO: SEQUELIZE
[2023-05-31 12:26:00] INFO: SEQUELIZE
[2023-05-31 12:26:00] INFO: SEQUELIZE
[2023-05-31 12:26:00] INFO: SEQUELIZE
[2023-05-31 12:26:00] INFO: SEQUELIZE
[2023-05-31 12:26:00] INFO: SEQUELIZE
[2023-05-31 12:26:00] INFO: POST
[2023-05-31 12:26:04] INFO: POST
[2023-05-31 12:26:14] INFO: SEQUELIZE
[2023-05-31 12:26:14] INFO: SEQUELIZE
[2023-05-31 12:26:14] INFO: SEQUELIZE
[2023-05-31 12:26:15] INFO: SEQUELIZE
[2023-05-31 12:26:15] INFO: SEQUELIZE
[2023-05-31 12:26:15] INFO: SEQUELIZE
[2023-05-31 12:26:15] INFO: POST
[2023-05-31 12:26:19] INFO: POST
[2023-05-31 12:26:23] INFO: SEQUELIZE
[2023-05-31 12:26:23] INFO: SEQUELIZE
[2023-05-31 12:26:23] INFO: SEQUELIZE
[2023-05-31 12:26:23] INFO: SEQUELIZE
[2023-05-31 12:26:23] INFO: SEQUELIZE
[2023-05-31 12:26:23] INFO: SEQUELIZE
[2023-05-31 12:26:24] INFO: POST
[2023-05-31 12:26:24] INFO: POST
[2023-05-31 12:26:24] INFO: SEQUELIZE
[2023-05-31 12:26:24] INFO: SEQUELIZE
[2023-05-31 12:26:24] INFO: SEQUELIZE
[2023-05-31 12:26:24] INFO: SEQUELIZE
[2023-05-31 12:26:24] INFO: SEQUELIZE
[2023-05-31 12:26:24] INFO: SEQUELIZE
[2023-05-31 12:26:25] INFO: POST
[2023-05-31 12:26:25] INFO: SEQUELIZE
[2023-05-31 12:26:25] INFO: SEQUELIZE
[2023-05-31 12:26:25] INFO: SEQUELIZE
[2023-05-31 12:26:25] INFO: SEQUELIZE
[2023-05-31 12:26:25] INFO: SEQUELIZE
[2023-05-31 12:26:25] INFO: SEQUELIZE
[2023-05-31 12:26:26] INFO: POST
[2023-05-31 12:26:26] INFO: SEQUELIZE
[2023-05-31 12:26:26] INFO: SEQUELIZE
[2023-05-31 12:26:26] INFO: SEQUELIZE
[2023-05-31 12:26:26] INFO: SEQUELIZE
[2023-05-31 12:26:26] INFO: SEQUELIZE
[2023-05-31 12:26:26] INFO: SEQUELIZE
[2023-05-31 12:26:26] INFO: POST
[2023-05-31 12:26:29] INFO: POST
[2023-05-31 12:26:50] INFO: SEQUELIZE
[2023-05-31 12:26:50] INFO: SEQUELIZE
[2023-05-31 12:26:50] INFO: SEQUELIZE
[2023-05-31 12:26:50] INFO: SEQUELIZE
[2023-05-31 12:26:50] INFO: SEQUELIZE
[2023-05-31 12:26:50] INFO: SEQUELIZE
[2023-05-31 12:26:50] INFO: POST
[2023-05-31 12:26:51] INFO: SEQUELIZE
[2023-05-31 12:26:51] INFO: SEQUELIZE
[2023-05-31 12:26:51] INFO: SEQUELIZE
[2023-05-31 12:26:52] INFO: SEQUELIZE
[2023-05-31 12:26:52] INFO: SEQUELIZE
[2023-05-31 12:26:52] INFO: SEQUELIZE
[2023-05-31 12:26:52] INFO: POST
[2023-05-31 12:26:52] INFO: SEQUELIZE
[2023-05-31 12:26:52] INFO: SEQUELIZE
[2023-05-31 12:26:52] INFO: SEQUELIZE
[2023-05-31 12:26:52] INFO: SEQUELIZE
[2023-05-31 12:26:53] INFO: SEQUELIZE
[2023-05-31 12:26:53] INFO: SEQUELIZE
[2023-05-31 12:26:53] INFO: POST
[2023-05-31 12:26:53] INFO: SEQUELIZE
[2023-05-31 12:26:53] INFO: SEQUELIZE
[2023-05-31 12:26:53] INFO: SEQUELIZE
[2023-05-31 12:26:53] INFO: SEQUELIZE
[2023-05-31 12:26:53] INFO: SEQUELIZE
[2023-05-31 12:26:54] INFO: SEQUELIZE
[2023-05-31 12:26:54] INFO: POST
[2023-05-31 12:26:54] INFO: SEQUELIZE
[2023-05-31 12:26:54] INFO: SEQUELIZE
[2023-05-31 12:26:54] INFO: SEQUELIZE
[2023-05-31 12:26:54] INFO: SEQUELIZE
[2023-05-31 12:26:54] INFO: POST
[2023-05-31 12:26:54] INFO: SEQUELIZE
[2023-05-31 12:26:54] INFO: SEQUELIZE
[2023-05-31 12:26:54] INFO: POST
[2023-05-31 12:26:59] INFO: POST
[2023-05-31 12:27:15] INFO: SEQUELIZE
[2023-05-31 12:27:15] INFO: SEQUELIZE
[2023-05-31 12:27:15] INFO: SEQUELIZE
[2023-05-31 12:27:15] INFO: SEQUELIZE
[2023-05-31 12:27:15] INFO: SEQUELIZE
[2023-05-31 12:27:15] ERROR: Could not create invoice!
[2023-05-31 12:27:15] INFO: POST
[2023-05-31 12:27:19] INFO: POST
[2023-05-31 12:28:23] INFO: App listening on the port: 5000
[2023-05-31 12:28:23] INFO: SEQUELIZE
[2023-05-31 12:28:23] INFO: Database connection established successfully
[2023-05-31 12:28:28] INFO: POST
[2023-05-31 12:28:29] INFO: SEQUELIZE
[2023-05-31 12:28:30] INFO: SEQUELIZE
[2023-05-31 12:28:30] INFO: SEQUELIZE
[2023-05-31 12:28:30] INFO: SEQUELIZE
[2023-05-31 12:28:30] INFO: SEQUELIZE
[2023-05-31 12:28:30] ERROR: Could not create invoice!
[2023-05-31 12:28:30] INFO: POST
[2023-05-31 12:28:33] INFO: POST
[2023-05-31 12:29:18] INFO: App listening on the port: 5000
[2023-05-31 12:29:18] INFO: SEQUELIZE
[2023-05-31 12:29:18] INFO: Database connection established successfully
[2023-05-31 12:29:20] INFO: SEQUELIZE
[2023-05-31 12:29:20] INFO: SEQUELIZE
[2023-05-31 12:29:20] INFO: SEQUELIZE
[2023-05-31 12:29:20] INFO: SEQUELIZE
[2023-05-31 12:29:21] INFO: SEQUELIZE
[2023-05-31 12:29:21] ERROR: Could not create invoice!
[2023-05-31 12:29:21] INFO: POST
[2023-05-31 12:29:23] INFO: POST
[2023-05-31 12:29:58] INFO: App listening on the port: 5000
[2023-05-31 12:29:58] INFO: SEQUELIZE
[2023-05-31 12:29:58] INFO: Database connection established successfully
[2023-05-31 12:30:05] INFO: App listening on the port: 5000
[2023-05-31 12:30:05] INFO: SEQUELIZE
[2023-05-31 12:30:05] INFO: Database connection established successfully
[2023-05-31 12:30:10] INFO: POST
[2023-05-31 12:30:27] INFO: App listening on the port: 5000
[2023-05-31 12:30:27] INFO: SEQUELIZE
[2023-05-31 12:30:27] INFO: Database connection established successfully
[2023-05-31 12:30:32] INFO: POST
[2023-05-31 12:32:00] INFO: SEQUELIZE
[2023-05-31 12:32:00] INFO: SEQUELIZE
[2023-05-31 12:32:00] INFO: SEQUELIZE
[2023-05-31 12:32:00] INFO: POST
[2023-05-31 12:32:02] INFO: POST
[2023-05-31 12:32:16] INFO: SEQUELIZE
[2023-05-31 12:32:16] INFO: SEQUELIZE
[2023-05-31 12:32:16] INFO: SEQUELIZE
[2023-05-31 12:32:16] INFO: SEQUELIZE
[2023-05-31 12:32:16] INFO: SEQUELIZE
[2023-05-31 12:32:16] INFO: SEQUELIZE
[2023-05-31 12:32:16] INFO: SEQUELIZE
[2023-05-31 12:32:16] INFO: SEQUELIZE
[2023-05-31 12:32:16] INFO: SEQUELIZE
[2023-05-31 12:32:16] ERROR: Could not create outbound shipment item!
[2023-05-31 12:32:16] INFO: PUT
[2023-05-31 12:32:17] INFO: POST
[2023-05-31 12:32:34] INFO: SEQUELIZE
[2023-05-31 12:32:34] INFO: SEQUELIZE
[2023-05-31 12:32:34] INFO: SEQUELIZE
[2023-05-31 12:32:34] INFO: SEQUELIZE
[2023-05-31 12:32:34] INFO: SEQUELIZE
[2023-05-31 12:32:34] INFO: SEQUELIZE
[2023-05-31 12:32:34] INFO: SEQUELIZE
[2023-05-31 12:32:34] INFO: SEQUELIZE
[2023-05-31 12:32:34] INFO: POST
[2023-05-31 12:32:37] INFO: POST
[2023-05-31 12:32:50] INFO: SEQUELIZE
[2023-05-31 12:32:50] INFO: SEQUELIZE
[2023-05-31 12:32:50] INFO: SEQUELIZE
[2023-05-31 12:32:50] INFO: SEQUELIZE
[2023-05-31 12:32:51] INFO: SEQUELIZE
[2023-05-31 12:32:51] INFO: SEQUELIZE
[2023-05-31 12:32:51] INFO: POST
[2023-05-31 12:32:52] INFO: POST
[2023-05-31 12:32:53] INFO: SEQUELIZE
[2023-05-31 12:32:53] INFO: SEQUELIZE
[2023-05-31 12:32:53] INFO: SEQUELIZE
[2023-05-31 12:32:53] INFO: SEQUELIZE
[2023-05-31 12:32:54] INFO: SEQUELIZE
[2023-05-31 12:32:54] INFO: SEQUELIZE
[2023-05-31 12:32:54] INFO: POST
[2023-05-31 12:32:55] INFO: SEQUELIZE
[2023-05-31 12:32:55] INFO: SEQUELIZE
[2023-05-31 12:32:55] INFO: SEQUELIZE
[2023-05-31 12:32:55] INFO: SEQUELIZE
[2023-05-31 12:32:55] INFO: SEQUELIZE
[2023-05-31 12:32:55] INFO: SEQUELIZE
[2023-05-31 12:32:55] INFO: POST
[2023-05-31 12:32:56] INFO: SEQUELIZE
[2023-05-31 12:32:56] INFO: SEQUELIZE
[2023-05-31 12:32:56] INFO: SEQUELIZE
[2023-05-31 12:32:56] INFO: SEQUELIZE
[2023-05-31 12:32:56] INFO: SEQUELIZE
[2023-05-31 12:32:56] INFO: SEQUELIZE
[2023-05-31 12:32:57] INFO: POST
[2023-05-31 12:32:57] INFO: POST
[2023-05-31 12:32:58] INFO: SEQUELIZE
[2023-05-31 12:32:58] INFO: SEQUELIZE
[2023-05-31 12:32:58] INFO: SEQUELIZE
[2023-05-31 12:32:58] INFO: SEQUELIZE
[2023-05-31 12:32:58] INFO: SEQUELIZE
[2023-05-31 12:32:58] INFO: SEQUELIZE
[2023-05-31 12:32:58] INFO: POST
[2023-05-31 12:33:03] INFO: POST
[2023-05-31 12:33:34] INFO: SEQUELIZE
[2023-05-31 12:33:34] INFO: SEQUELIZE
[2023-05-31 12:33:34] INFO: SEQUELIZE
[2023-05-31 12:33:34] INFO: SEQUELIZE
[2023-05-31 12:33:34] INFO: SEQUELIZE
[2023-05-31 12:33:34] ERROR: Could not create delivery note!
[2023-05-31 12:33:34] INFO: POST
[2023-05-31 12:33:38] INFO: POST
[2023-05-31 12:33:50] INFO: App listening on the port: 5000
[2023-05-31 12:33:50] INFO: SEQUELIZE
[2023-05-31 12:33:50] INFO: Database connection established successfully
[2023-05-31 12:33:55] INFO: POST
[2023-05-31 12:34:16] INFO: App listening on the port: 5000
[2023-05-31 12:34:16] INFO: SEQUELIZE
[2023-05-31 12:34:16] INFO: Database connection established successfully
[2023-05-31 12:34:21] INFO: POST
[2023-05-31 12:34:36] INFO: App listening on the port: 5000
[2023-05-31 12:34:36] INFO: SEQUELIZE
[2023-05-31 12:34:36] INFO: Database connection established successfully
[2023-05-31 12:34:41] INFO: POST
[2023-05-31 12:35:25] INFO: SEQUELIZE
[2023-05-31 12:35:25] ERROR: User in provided token does not exist!
[2023-05-31 12:35:25] INFO: POST
[2023-05-31 12:35:26] INFO: SEQUELIZE
[2023-05-31 12:35:26] INFO: SEQUELIZE
[2023-05-31 12:35:26] INFO: POST
[2023-05-31 12:35:26] INFO: SEQUELIZE
[2023-05-31 12:35:26] INFO: POST
[2023-05-31 12:35:31] INFO: POST
[2023-05-31 12:35:40] INFO: SEQUELIZE
[2023-05-31 12:35:40] INFO: SEQUELIZE
[2023-05-31 12:35:40] INFO: SEQUELIZE
[2023-05-31 12:35:40] INFO: SEQUELIZE
[2023-05-31 12:35:40] INFO: SEQUELIZE
[2023-05-31 12:35:40] INFO: SEQUELIZE
[2023-05-31 12:35:40] INFO: SEQUELIZE
[2023-05-31 12:35:40] INFO: SEQUELIZE
[2023-05-31 12:35:40] INFO: POST
[2023-05-31 12:35:41] INFO: POST
[2023-05-31 12:35:52] INFO: SEQUELIZE
[2023-05-31 12:35:52] INFO: SEQUELIZE
[2023-05-31 12:35:52] INFO: SEQUELIZE
[2023-05-31 12:35:52] INFO: SEQUELIZE
[2023-05-31 12:35:53] INFO: SEQUELIZE
[2023-05-31 12:35:53] INFO: SEQUELIZE
[2023-05-31 12:35:53] INFO: POST
[2023-05-31 12:35:55] INFO: SEQUELIZE
[2023-05-31 12:35:55] INFO: SEQUELIZE
[2023-05-31 12:35:55] INFO: SEQUELIZE
[2023-05-31 12:35:55] INFO: SEQUELIZE
[2023-05-31 12:35:55] INFO: SEQUELIZE
[2023-05-31 12:35:55] INFO: SEQUELIZE
[2023-05-31 12:35:56] INFO: POST
[2023-05-31 12:35:56] INFO: POST
[2023-05-31 12:35:56] INFO: SEQUELIZE
[2023-05-31 12:35:56] INFO: SEQUELIZE
[2023-05-31 12:35:56] INFO: SEQUELIZE
[2023-05-31 12:35:56] INFO: SEQUELIZE
[2023-05-31 12:35:57] INFO: SEQUELIZE
[2023-05-31 12:35:57] INFO: SEQUELIZE
[2023-05-31 12:35:57] INFO: POST
[2023-05-31 12:36:01] INFO: POST
[2023-05-31 12:36:30] INFO: SEQUELIZE
[2023-05-31 12:36:30] INFO: SEQUELIZE
[2023-05-31 12:36:30] INFO: SEQUELIZE
[2023-05-31 12:36:30] INFO: SEQUELIZE
[2023-05-31 12:36:31] INFO: SEQUELIZE
[2023-05-31 12:36:31] INFO: SEQUELIZE
[2023-05-31 12:36:31] INFO: POST
[2023-05-31 12:36:31] INFO: POST
[2023-05-31 12:36:33] INFO: SEQUELIZE
[2023-05-31 12:36:33] INFO: SEQUELIZE
[2023-05-31 12:36:33] INFO: SEQUELIZE
[2023-05-31 12:36:33] INFO: SEQUELIZE
[2023-05-31 12:36:33] INFO: SEQUELIZE
[2023-05-31 12:36:33] INFO: SEQUELIZE
[2023-05-31 12:36:33] INFO: POST
[2023-05-31 12:36:34] INFO: SEQUELIZE
[2023-05-31 12:36:34] INFO: SEQUELIZE
[2023-05-31 12:36:34] INFO: SEQUELIZE
[2023-05-31 12:36:34] INFO: SEQUELIZE
[2023-05-31 12:36:34] INFO: SEQUELIZE
[2023-05-31 12:36:34] INFO: SEQUELIZE
[2023-05-31 12:36:34] INFO: POST
[2023-05-31 12:36:36] INFO: POST
[2023-05-31 12:37:50] INFO: App listening on the port: 5000
[2023-05-31 12:37:50] INFO: SEQUELIZE
[2023-05-31 12:37:50] INFO: Database connection established successfully
[2023-05-31 12:37:55] INFO: POST
[2023-05-31 12:38:04] INFO: App listening on the port: 5000
[2023-05-31 12:38:04] INFO: SEQUELIZE
[2023-05-31 12:38:04] INFO: Database connection established successfully
[2023-05-31 12:38:09] INFO: POST
[2023-05-31 12:38:21] INFO: SEQUELIZE
[2023-05-31 12:38:21] INFO: SEQUELIZE
[2023-05-31 12:38:21] INFO: SEQUELIZE
[2023-05-31 12:38:21] INFO: SEQUELIZE
[2023-05-31 12:38:21] INFO: SEQUELIZE
[2023-05-31 12:38:21] INFO: SEQUELIZE
[2023-05-31 12:38:21] INFO: SEQUELIZE
[2023-05-31 12:38:21] INFO: SEQUELIZE
[2023-05-31 12:38:21] INFO: POST
[2023-05-31 12:38:24] INFO: POST
[2023-05-31 12:38:56] INFO: SEQUELIZE
[2023-05-31 12:38:56] INFO: SEQUELIZE
[2023-05-31 12:38:56] INFO: SEQUELIZE
[2023-05-31 12:38:56] ERROR: Validation error: totalAmount
[2023-05-31 12:38:56] INFO: POST
[2023-05-31 12:38:59] INFO: POST
[2023-05-31 12:39:16] INFO: SEQUELIZE
[2023-05-31 12:39:16] INFO: SEQUELIZE
[2023-05-31 12:39:16] INFO: SEQUELIZE
[2023-05-31 12:39:16] INFO: SEQUELIZE
[2023-05-31 12:39:16] INFO: SEQUELIZE
[2023-05-31 12:39:16] INFO: SEQUELIZE
[2023-05-31 12:39:16] INFO: POST
[2023-05-31 12:39:19] INFO: POST
[2023-05-31 12:45:55] INFO: App listening on the port: 5000
[2023-05-31 12:45:55] INFO: SEQUELIZE
[2023-05-31 12:45:55] INFO: Database connection established successfully
[2023-05-31 12:46:00] INFO: POST
[2023-05-31 12:50:03] INFO: App listening on the port: 5000
[2023-05-31 12:50:03] INFO: SEQUELIZE
[2023-05-31 12:50:03] INFO: Database connection established successfully
[2023-05-31 12:50:13] INFO: App listening on the port: 5000
[2023-05-31 12:50:13] INFO: SEQUELIZE
[2023-05-31 12:50:13] INFO: Database connection established successfully
[2023-05-31 12:50:19] INFO: App listening on the port: 5000
[2023-05-31 12:50:19] INFO: SEQUELIZE
[2023-05-31 12:50:19] INFO: Database connection established successfully
[2023-05-31 12:50:24] INFO: POST
[2023-05-31 12:51:21] INFO: App listening on the port: 5000
[2023-05-31 12:51:21] INFO: SEQUELIZE
[2023-05-31 12:51:21] INFO: Database connection established successfully
[2023-05-31 12:51:26] INFO: POST
[2023-05-31 12:52:08] INFO: SEQUELIZE
[2023-05-31 12:52:08] INFO: Database connection established successfully
[2023-05-31 12:52:12] INFO: App listening on the port: 5000
[2023-05-31 12:52:12] INFO: SEQUELIZE
[2023-05-31 12:52:12] INFO: Database connection established successfully
[2023-05-31 12:52:17] INFO: POST
[2023-05-31 12:52:29] INFO: App listening on the port: 5000
[2023-05-31 12:52:29] INFO: SEQUELIZE
[2023-05-31 12:52:29] INFO: Database connection established successfully
[2023-05-31 12:52:34] INFO: POST
[2023-05-31 12:53:01] INFO: SEQUELIZE
[2023-05-31 12:53:01] INFO: Database connection established successfully
[2023-05-31 12:53:27] INFO: SEQUELIZE
[2023-05-31 12:53:27] INFO: Database connection established successfully
[2023-05-31 12:53:37] INFO: App listening on the port: 5000
[2023-05-31 12:53:37] INFO: SEQUELIZE
[2023-05-31 12:53:37] INFO: Database connection established successfully
[2023-05-31 12:53:42] INFO: POST
[2023-05-31 12:53:58] INFO: SEQUELIZE
[2023-05-31 12:53:58] INFO: Database connection established successfully
[2023-05-31 12:54:50] INFO: SEQUELIZE
[2023-05-31 12:54:50] INFO: Database connection established successfully
[2023-05-31 12:55:03] INFO: App listening on the port: 5000
[2023-05-31 12:55:03] INFO: SEQUELIZE
[2023-05-31 12:55:03] INFO: Database connection established successfully
[2023-05-31 12:55:08] INFO: POST
[2023-05-31 12:55:28] INFO: SEQUELIZE
[2023-05-31 12:55:28] INFO: Database connection established successfully
[2023-05-31 12:55:48] INFO: App listening on the port: 5000
[2023-05-31 12:55:48] INFO: SEQUELIZE
[2023-05-31 12:55:48] INFO: Database connection established successfully
[2023-05-31 12:55:54] INFO: App listening on the port: 5000
[2023-05-31 12:55:54] INFO: SEQUELIZE
[2023-05-31 12:55:54] INFO: Database connection established successfully
[2023-05-31 12:55:59] INFO: POST
[2023-05-31 12:57:02] INFO: SEQUELIZE
[2023-05-31 12:57:02] INFO: GET
[2023-05-31 12:57:04] INFO: POST
[2023-05-31 12:57:09] INFO: SEQUELIZE
[2023-05-31 12:57:09] INFO: SEQUELIZE
[2023-05-31 12:57:09] ERROR: Converting circular structure to JSON
    --> starting at object with constructor 'Sequelize'
    |     property 'dialect' -> object with constructor 'PostgresDialect'
    --- property 'sequelize' closes the circle
[2023-05-31 12:57:09] INFO: PUT
[2023-05-31 12:57:14] INFO: POST
[2023-05-31 12:57:32] INFO: App listening on the port: 5000
[2023-05-31 12:57:32] INFO: SEQUELIZE
[2023-05-31 12:57:32] INFO: Database connection established successfully
[2023-05-31 12:57:36] INFO: SEQUELIZE
[2023-05-31 12:57:36] INFO: SEQUELIZE
[2023-05-31 12:57:36] INFO: PUT
[2023-05-31 12:57:37] INFO: POST
[2023-05-31 13:01:07] INFO: App listening on the port: 5000
[2023-05-31 13:01:07] INFO: SEQUELIZE
[2023-05-31 13:01:07] INFO: Database connection established successfully
[2023-05-31 13:01:12] INFO: POST
[2023-05-31 13:04:23] INFO: App listening on the port: 5000
[2023-05-31 13:04:23] INFO: SEQUELIZE
[2023-05-31 13:04:23] INFO: Database connection established successfully
[2023-05-31 13:04:28] INFO: POST
[2023-05-31 13:04:36] INFO: App listening on the port: 5000
[2023-05-31 13:04:36] INFO: SEQUELIZE
[2023-05-31 13:04:36] INFO: Database connection established successfully
[2023-05-31 13:04:41] INFO: POST
[2023-05-31 13:04:49] INFO: App listening on the port: 5000
[2023-05-31 13:04:49] INFO: SEQUELIZE
[2023-05-31 13:04:49] INFO: Database connection established successfully
[2023-05-31 13:04:54] INFO: POST
[2023-05-31 14:14:01] INFO: App listening on the port: 5000
[2023-05-31 14:14:02] INFO: SEQUELIZE
[2023-05-31 14:14:02] INFO: Database connection established successfully
[2023-05-31 14:14:07] INFO: POST
[2023-05-31 14:15:08] INFO: App listening on the port: 5000
[2023-05-31 14:15:08] INFO: SEQUELIZE
[2023-05-31 14:15:08] INFO: Database connection established successfully
[2023-05-31 14:15:13] INFO: POST
[2023-05-31 14:15:34] INFO: App listening on the port: 5000
[2023-05-31 14:15:34] INFO: SEQUELIZE
[2023-05-31 14:15:34] INFO: Database connection established successfully
[2023-05-31 14:15:39] INFO: POST
[2023-05-31 14:21:26] INFO: App listening on the port: 5000
[2023-05-31 14:21:26] INFO: SEQUELIZE
[2023-05-31 14:21:26] INFO: Database connection established successfully
[2023-05-31 14:21:31] INFO: POST
[2023-05-31 14:21:51] INFO: App listening on the port: 5000
[2023-05-31 14:21:51] INFO: SEQUELIZE
[2023-05-31 14:21:51] INFO: Database connection established successfully
[2023-05-31 14:21:56] INFO: POST
[2023-05-31 14:23:02] INFO: App listening on the port: 5000
[2023-05-31 14:23:02] INFO: SEQUELIZE
[2023-05-31 14:23:02] INFO: Database connection established successfully
[2023-05-31 14:23:07] INFO: POST
[2023-05-31 14:24:05] INFO: App listening on the port: 5000
[2023-05-31 14:24:05] INFO: SEQUELIZE
[2023-05-31 14:24:05] INFO: Database connection established successfully
[2023-05-31 14:24:10] INFO: POST
[2023-05-31 14:24:41] INFO: App listening on the port: 5000
[2023-05-31 14:24:41] INFO: SEQUELIZE
[2023-05-31 14:24:41] INFO: Database connection established successfully
[2023-05-31 14:24:46] INFO: POST
[2023-05-31 14:25:00] INFO: App listening on the port: 5000
[2023-05-31 14:25:00] INFO: SEQUELIZE
[2023-05-31 14:25:00] INFO: Database connection established successfully
[2023-05-31 14:25:05] INFO: POST
[2023-05-31 15:14:29] INFO: App listening on the port: 5000
[2023-05-31 15:14:29] INFO: SEQUELIZE
[2023-05-31 15:14:29] INFO: Database connection established successfully
[2023-05-31 15:14:34] INFO: POST
[2023-05-31 15:15:02] INFO: App listening on the port: 5000
[2023-05-31 15:15:02] INFO: SEQUELIZE
[2023-05-31 15:15:02] INFO: Database connection established successfully
[2023-05-31 15:15:07] INFO: POST
[2023-05-31 15:15:39] INFO: App listening on the port: 5000
[2023-05-31 15:15:39] INFO: SEQUELIZE
[2023-05-31 15:15:39] INFO: Database connection established successfully
[2023-05-31 15:15:44] INFO: POST
[2023-05-31 15:16:05] INFO: SEQUELIZE
[2023-05-31 15:16:05] INFO: Database connection established successfully
[2023-05-31 15:16:29] INFO: App listening on the port: 5000
[2023-05-31 15:16:30] INFO: SEQUELIZE
[2023-05-31 15:16:30] INFO: Database connection established successfully
[2023-05-31 15:16:35] INFO: POST
[2023-05-31 15:16:57] INFO: SEQUELIZE
[2023-05-31 15:16:58] INFO: SEQUELIZE
[2023-05-31 15:16:58] INFO: SEQUELIZE
[2023-05-31 15:16:58] INFO: SEQUELIZE
[2023-05-31 15:17:00] INFO: POST
[2023-05-31 15:20:02] INFO: App listening on the port: 5000
[2023-05-31 15:20:02] INFO: SEQUELIZE
[2023-05-31 15:20:02] INFO: Database connection established successfully
[2023-05-31 15:20:07] INFO: POST
[2023-05-31 15:23:05] INFO: SEQUELIZE
[2023-05-31 15:23:05] INFO: SEQUELIZE
[2023-05-31 15:23:05] INFO: SEQUELIZE
[2023-05-31 15:23:05] INFO: SEQUELIZE
[2023-05-31 15:23:08] INFO: POST
[2023-05-31 15:25:52] INFO: App listening on the port: 5000
[2023-05-31 15:25:52] INFO: SEQUELIZE
[2023-05-31 15:25:52] INFO: Database connection established successfully
[2023-05-31 15:25:55] INFO: SEQUELIZE
[2023-05-31 15:25:55] INFO: SEQUELIZE
[2023-05-31 15:25:55] INFO: SEQUELIZE
[2023-05-31 15:25:56] INFO: SEQUELIZE
[2023-05-31 15:25:57] INFO: POST
[2023-05-31 15:25:59] INFO: SEQUELIZE
[2023-05-31 15:25:59] INFO: SEQUELIZE
[2023-05-31 15:26:01] INFO: POST
[2023-05-31 15:26:02] INFO: POST
[2023-05-31 15:27:03] INFO: SEQUELIZE
[2023-05-31 15:27:03] INFO: SEQUELIZE
[2023-05-31 15:27:03] INFO: SEQUELIZE
[2023-05-31 15:27:03] INFO: SEQUELIZE
[2023-05-31 15:27:07] INFO: POST
[2023-05-31 15:27:07] INFO: SEQUELIZE
[2023-05-31 15:27:07] INFO: SEQUELIZE
[2023-05-31 15:27:08] INFO: POST
[2023-05-31 15:27:12] INFO: POST
[2023-05-31 15:31:11] INFO: SEQUELIZE
[2023-05-31 15:31:11] INFO: SEQUELIZE
[2023-05-31 15:31:11] INFO: SEQUELIZE
[2023-05-31 15:31:11] INFO: SEQUELIZE
[2023-05-31 15:31:13] INFO: POST
[2023-05-31 15:31:15] INFO: SEQUELIZE
[2023-05-31 15:31:15] INFO: SEQUELIZE
[2023-05-31 15:31:15] INFO: POST
[2023-05-31 15:31:18] INFO: POST
[2023-05-31 15:36:19] INFO: App listening on the port: 5000
[2023-05-31 15:36:19] INFO: SEQUELIZE
[2023-05-31 15:36:19] INFO: Database connection established successfully
[2023-05-31 15:36:19] INFO: SEQUELIZE
[2023-05-31 15:36:19] INFO: SEQUELIZE
[2023-05-31 15:36:19] INFO: SEQUELIZE
[2023-05-31 15:36:19] INFO: SEQUELIZE
[2023-05-31 15:36:22] INFO: SEQUELIZE
[2023-05-31 15:36:22] INFO: SEQUELIZE
[2023-05-31 15:36:23] INFO: POST
[2023-05-31 15:36:24] INFO: POST
