[2023-05-23 09:19:00] INFO: App listening on the port: 5000
[2023-05-23 09:19:00] INFO: SEQUELIZE
[2023-05-23 09:19:00] INFO: Database connection established successfully
[2023-05-23 09:19:05] INFO: POST
[2023-05-23 09:23:51] INFO: App listening on the port: 5000
[2023-05-23 09:23:51] INFO: SEQUELIZE
[2023-05-23 09:23:51] INFO: Database connection established successfully
[2023-05-23 09:23:56] INFO: POST
[2023-05-23 09:24:06] INFO: App listening on the port: 5000
[2023-05-23 09:24:06] INFO: SEQUELIZE
[2023-05-23 09:24:06] INFO: Database connection established successfully
[2023-05-23 09:24:11] INFO: POST
[2023-05-23 09:27:59] INFO: App listening on the port: 5000
[2023-05-23 09:27:59] INFO: SEQUELIZE
[2023-05-23 09:27:59] INFO: Database connection established successfully
[2023-05-23 09:28:04] INFO: POST
[2023-05-23 09:28:33] INFO: App listening on the port: 5000
[2023-05-23 09:28:34] INFO: SEQUELIZE
[2023-05-23 09:28:34] INFO: Database connection established successfully
[2023-05-23 09:28:39] INFO: POST
[2023-05-23 09:29:45] INFO: App listening on the port: 5000
[2023-05-23 09:29:45] INFO: SEQUELIZE
[2023-05-23 09:29:45] INFO: Database connection established successfully
[2023-05-23 09:29:50] INFO: POST
[2023-05-23 09:31:19] INFO: App listening on the port: 5000
[2023-05-23 09:31:19] INFO: SEQUELIZE
[2023-05-23 09:31:19] INFO: Database connection established successfully
[2023-05-23 09:31:24] INFO: POST
[2023-05-23 09:31:42] INFO: App listening on the port: 5000
[2023-05-23 09:31:42] INFO: SEQUELIZE
[2023-05-23 09:31:42] INFO: Database connection established successfully
[2023-05-23 09:31:47] INFO: POST
[2023-05-23 09:31:59] INFO: App listening on the port: 5000
[2023-05-23 09:31:59] INFO: SEQUELIZE
[2023-05-23 09:31:59] INFO: Database connection established successfully
[2023-05-23 09:32:04] INFO: POST
[2023-05-23 09:32:26] INFO: SEQUELIZE
[2023-05-23 09:32:26] ERROR: User in provided token does not exist!
[2023-05-23 09:32:26] INFO: GET
[2023-05-23 09:32:29] INFO: POST
[2023-05-23 09:32:32] INFO: SEQUELIZE
[2023-05-23 09:32:32] ERROR: Not found error
[2023-05-23 09:32:32] INFO: POST
[2023-05-23 09:32:34] INFO: POST
[2023-05-23 09:32:41] INFO: SEQUELIZE
[2023-05-23 09:32:41] ERROR: Not found error
[2023-05-23 09:32:41] INFO: POST
[2023-05-23 09:32:45] INFO: POST
[2023-05-23 09:32:46] INFO: SEQUELIZE
[2023-05-23 09:32:46] ERROR: Not found error
[2023-05-23 09:32:46] INFO: POST
[2023-05-23 09:32:50] INFO: POST
[2023-05-23 09:33:15] INFO: SEQUELIZE
[2023-05-23 09:33:15] INFO: SEQUELIZE
[2023-05-23 09:33:15] INFO: SEQUELIZE
[2023-05-23 09:33:15] INFO: SEQUELIZE
[2023-05-23 09:33:15] INFO: GET
[2023-05-23 09:33:20] INFO: POST
[2023-05-23 09:33:44] INFO: SEQUELIZE
[2023-05-23 09:33:44] INFO: SEQUELIZE
[2023-05-23 09:33:44] INFO: SEQUELIZE
[2023-05-23 09:33:44] INFO: SEQUELIZE
[2023-05-23 09:33:44] INFO: SEQUELIZE
[2023-05-23 09:33:44] INFO: SEQUELIZE
[2023-05-23 09:33:44] INFO: SEQUELIZE
[2023-05-23 09:33:44] INFO: SEQUELIZE
[2023-05-23 09:33:44] ERROR: Could not create inbound shipment item!
[2023-05-23 09:33:44] INFO: POST
[2023-05-23 09:33:45] INFO: POST
[2023-05-23 09:34:02] INFO: SEQUELIZE
[2023-05-23 09:34:02] INFO: SEQUELIZE
[2023-05-23 09:34:02] INFO: SEQUELIZE
[2023-05-23 09:34:02] INFO: SEQUELIZE
[2023-05-23 09:34:02] INFO: SEQUELIZE
[2023-05-23 09:34:02] INFO: SEQUELIZE
[2023-05-23 09:34:02] INFO: SEQUELIZE
[2023-05-23 09:34:02] INFO: SEQUELIZE
[2023-05-23 09:34:02] INFO: SEQUELIZE
[2023-05-23 09:34:02] INFO: SEQUELIZE
[2023-05-23 09:34:02] INFO: POST
[2023-05-23 09:34:05] INFO: POST
[2023-05-23 09:34:19] INFO: SEQUELIZE
[2023-05-23 09:34:19] INFO: SEQUELIZE
[2023-05-23 09:34:19] INFO: SEQUELIZE
[2023-05-23 09:34:19] INFO: SEQUELIZE
[2023-05-23 09:34:19] INFO: SEQUELIZE
[2023-05-23 09:34:19] INFO: SEQUELIZE
[2023-05-23 09:34:19] INFO: SEQUELIZE
[2023-05-23 09:34:19] INFO: SEQUELIZE
[2023-05-23 09:34:19] INFO: SEQUELIZE
[2023-05-23 09:34:19] INFO: POST
[2023-05-23 09:34:20] INFO: POST
[2023-05-23 09:34:25] INFO: SEQUELIZE
[2023-05-23 09:34:25] INFO: SEQUELIZE
[2023-05-23 09:34:25] INFO: SEQUELIZE
[2023-05-23 09:34:25] INFO: SEQUELIZE
[2023-05-23 09:34:25] INFO: GET
[2023-05-23 09:34:30] INFO: POST
[2023-05-23 09:34:39] INFO: SEQUELIZE
[2023-05-23 09:34:39] INFO: SEQUELIZE
[2023-05-23 09:34:39] INFO: SEQUELIZE
[2023-05-23 09:34:39] INFO: GET
[2023-05-23 09:34:40] INFO: POST
[2023-05-23 09:34:53] INFO: SEQUELIZE
[2023-05-23 09:34:53] INFO: SEQUELIZE
[2023-05-23 09:34:53] INFO: SEQUELIZE
[2023-05-23 09:34:53] INFO: SEQUELIZE
[2023-05-23 09:34:53] INFO: SEQUELIZE
[2023-05-23 09:34:53] INFO: SEQUELIZE
[2023-05-23 09:34:53] INFO: SEQUELIZE
[2023-05-23 09:34:53] INFO: SEQUELIZE
[2023-05-23 09:34:53] INFO: SEQUELIZE
[2023-05-23 09:34:53] ERROR: Could not create inbound shipment item!
[2023-05-23 09:34:53] INFO: PUT
[2023-05-23 09:34:55] INFO: POST
[2023-05-23 09:35:43] INFO: SEQUELIZE
[2023-05-23 09:35:43] INFO: SEQUELIZE
[2023-05-23 09:35:43] INFO: SEQUELIZE
[2023-05-23 09:35:43] INFO: SEQUELIZE
[2023-05-23 09:35:43] INFO: SEQUELIZE
[2023-05-23 09:35:43] INFO: SEQUELIZE
[2023-05-23 09:35:43] INFO: SEQUELIZE
[2023-05-23 09:35:43] INFO: SEQUELIZE
[2023-05-23 09:35:43] INFO: SEQUELIZE
[2023-05-23 09:35:43] INFO: SEQUELIZE
[2023-05-23 09:35:43] INFO: SEQUELIZE
[2023-05-23 09:35:43] INFO: PUT
[2023-05-23 09:35:45] INFO: POST
[2023-05-23 09:36:09] INFO: SEQUELIZE
[2023-05-23 09:36:09] INFO: SEQUELIZE
[2023-05-23 09:36:09] INFO: SEQUELIZE
[2023-05-23 09:36:09] INFO: SEQUELIZE
[2023-05-23 09:36:09] INFO: SEQUELIZE
[2023-05-23 09:36:09] INFO: SEQUELIZE
[2023-05-23 09:36:09] INFO: SEQUELIZE
[2023-05-23 09:36:09] INFO: SEQUELIZE
[2023-05-23 09:36:09] INFO: SEQUELIZE
[2023-05-23 09:36:09] INFO: SEQUELIZE
[2023-05-23 09:36:09] INFO: SEQUELIZE
[2023-05-23 09:36:09] INFO: PUT
[2023-05-23 09:36:10] INFO: POST
[2023-05-23 09:36:39] INFO: App listening on the port: 5000
[2023-05-23 09:36:39] INFO: SEQUELIZE
[2023-05-23 09:36:39] INFO: Database connection established successfully
[2023-05-23 09:36:44] INFO: POST
[2023-05-23 10:00:34] INFO: App listening on the port: 5000
[2023-05-23 10:00:34] INFO: SEQUELIZE
[2023-05-23 10:00:34] INFO: Database connection established successfully
[2023-05-23 10:00:39] INFO: POST
[2023-05-23 10:01:16] INFO: App listening on the port: 5000
[2023-05-23 10:01:16] INFO: SEQUELIZE
[2023-05-23 10:01:16] INFO: Database connection established successfully
[2023-05-23 10:01:21] INFO: POST
[2023-05-23 10:01:33] INFO: App listening on the port: 5000
[2023-05-23 10:01:33] INFO: SEQUELIZE
[2023-05-23 10:01:33] INFO: Database connection established successfully
[2023-05-23 10:01:38] INFO: POST
[2023-05-23 10:01:44] INFO: App listening on the port: 5000
[2023-05-23 10:01:44] INFO: SEQUELIZE
[2023-05-23 10:01:44] INFO: Database connection established successfully
[2023-05-23 10:01:49] INFO: POST
[2023-05-23 10:01:58] INFO: App listening on the port: 5000
[2023-05-23 10:01:59] INFO: SEQUELIZE
[2023-05-23 10:01:59] INFO: Database connection established successfully
[2023-05-23 10:02:04] INFO: POST
[2023-05-23 10:02:42] INFO: App listening on the port: 5000
[2023-05-23 10:02:42] INFO: SEQUELIZE
[2023-05-23 10:02:42] INFO: Database connection established successfully
[2023-05-23 10:02:47] INFO: POST
[2023-05-23 10:03:02] INFO: App listening on the port: 5000
[2023-05-23 10:03:02] INFO: SEQUELIZE
[2023-05-23 10:03:02] INFO: Database connection established successfully
[2023-05-23 10:03:07] INFO: POST
[2023-05-23 10:12:42] INFO: App listening on the port: 5000
[2023-05-23 10:12:42] INFO: SEQUELIZE
[2023-05-23 10:12:42] INFO: Database connection established successfully
[2023-05-23 10:12:47] INFO: POST
[2023-05-23 10:18:53] INFO: App listening on the port: 5000
[2023-05-23 10:18:53] INFO: SEQUELIZE
[2023-05-23 10:18:53] INFO: Database connection established successfully
[2023-05-23 10:18:58] INFO: POST
[2023-05-23 10:33:44] INFO: App listening on the port: 5000
[2023-05-23 10:33:44] INFO: SEQUELIZE
[2023-05-23 10:33:44] INFO: Database connection established successfully
[2023-05-23 10:33:49] INFO: POST
[2023-05-23 10:34:08] INFO: App listening on the port: 5000
[2023-05-23 10:34:09] INFO: SEQUELIZE
[2023-05-23 10:34:09] INFO: Database connection established successfully
[2023-05-23 10:34:13] INFO: POST
[2023-05-23 10:36:45] INFO: App listening on the port: 5000
[2023-05-23 10:36:45] INFO: SEQUELIZE
[2023-05-23 10:36:45] INFO: Database connection established successfully
[2023-05-23 10:36:50] INFO: POST
[2023-05-23 11:15:20] INFO: App listening on the port: 5000
[2023-05-23 11:15:20] INFO: SEQUELIZE
[2023-05-23 11:15:20] INFO: Database connection established successfully
[2023-05-23 11:15:25] INFO: POST
[2023-05-23 11:18:15] INFO: App listening on the port: 5000
[2023-05-23 11:18:16] INFO: SEQUELIZE
[2023-05-23 11:18:16] INFO: Database connection established successfully
[2023-05-23 11:18:21] INFO: POST
[2023-05-23 11:18:44] INFO: SEQUELIZE
[2023-05-23 11:18:44] ERROR: User in provided token does not exist!
[2023-05-23 11:18:44] INFO: POST
[2023-05-23 11:18:46] INFO: POST
[2023-05-23 11:19:11] INFO: SEQUELIZE
[2023-05-23 11:19:11] INFO: SEQUELIZE
[2023-05-23 11:19:11] INFO: SEQUELIZE
[2023-05-23 11:19:11] INFO: SEQUELIZE
[2023-05-23 11:19:11] INFO: SEQUELIZE
[2023-05-23 11:19:12] INFO: SEQUELIZE
[2023-05-23 11:19:12] INFO: SEQUELIZE
[2023-05-23 11:19:12] ERROR: Could not create inbound shipment item!
[2023-05-23 11:19:12] INFO: POST
[2023-05-23 11:19:16] INFO: POST
[2023-05-23 11:19:32] INFO: SEQUELIZE
[2023-05-23 11:19:32] INFO: SEQUELIZE
[2023-05-23 11:19:32] INFO: SEQUELIZE
[2023-05-23 11:19:32] INFO: SEQUELIZE
[2023-05-23 11:19:32] INFO: SEQUELIZE
[2023-05-23 11:19:33] INFO: SEQUELIZE
[2023-05-23 11:19:33] INFO: SEQUELIZE
[2023-05-23 11:19:33] INFO: SEQUELIZE
[2023-05-23 11:19:33] ERROR: Could not get inbound shipment!
[2023-05-23 11:19:33] INFO: POST
[2023-05-23 11:19:36] INFO: POST
[2023-05-23 11:20:41] INFO: App listening on the port: 5000
[2023-05-23 11:20:41] INFO: SEQUELIZE
[2023-05-23 11:20:41] INFO: Database connection established successfully
[2023-05-23 11:20:46] INFO: POST
[2023-05-23 11:20:50] INFO: SEQUELIZE
[2023-05-23 11:20:50] INFO: SEQUELIZE
[2023-05-23 11:20:50] INFO: SEQUELIZE
[2023-05-23 11:20:50] INFO: SEQUELIZE
[2023-05-23 11:20:50] INFO: SEQUELIZE
[2023-05-23 11:20:51] INFO: SEQUELIZE
[2023-05-23 11:20:51] INFO: SEQUELIZE
[2023-05-23 11:20:51] INFO: SEQUELIZE
[2023-05-23 11:20:51] INFO: SEQUELIZE
[2023-05-23 11:20:51] INFO: POST
[2023-05-23 11:20:51] INFO: POST
[2023-05-23 11:21:23] INFO: App listening on the port: 5000
[2023-05-23 11:21:23] INFO: SEQUELIZE
[2023-05-23 11:21:23] INFO: Database connection established successfully
[2023-05-23 11:21:28] INFO: POST
[2023-05-23 12:14:04] INFO: App listening on the port: 5000
[2023-05-23 12:14:04] INFO: SEQUELIZE
[2023-05-23 12:14:04] INFO: Database connection established successfully
[2023-05-23 12:14:09] INFO: POST
[2023-05-23 12:14:52] INFO: App listening on the port: 5000
[2023-05-23 12:14:52] INFO: SEQUELIZE
[2023-05-23 12:14:52] INFO: Database connection established successfully
[2023-05-23 12:14:57] INFO: POST
[2023-05-23 12:18:25] INFO: App listening on the port: 5000
[2023-05-23 12:18:25] INFO: SEQUELIZE
[2023-05-23 12:18:25] INFO: Database connection established successfully
[2023-05-23 12:18:30] INFO: POST
[2023-05-23 12:20:12] INFO: SEQUELIZE
[2023-05-23 12:20:12] INFO: SEQUELIZE
[2023-05-23 12:20:12] INFO: SEQUELIZE
[2023-05-23 12:20:12] INFO: SEQUELIZE
[2023-05-23 12:20:12] INFO: SEQUELIZE
[2023-05-23 12:20:12] INFO: SEQUELIZE
[2023-05-23 12:20:12] INFO: SEQUELIZE
[2023-05-23 12:20:12] INFO: SEQUELIZE
[2023-05-23 12:20:12] INFO: SEQUELIZE
[2023-05-23 12:20:12] INFO: POST
[2023-05-23 12:20:15] INFO: POST
[2023-05-23 12:24:58] INFO: SEQUELIZE
[2023-05-23 12:24:58] INFO: Database connection established successfully
[2023-05-23 12:27:55] INFO: App listening on the port: 5000
[2023-05-23 12:27:55] INFO: SEQUELIZE
[2023-05-23 12:27:55] INFO: Database connection established successfully
[2023-05-23 12:28:00] INFO: POST
[2023-05-23 12:28:42] INFO: App listening on the port: 5000
[2023-05-23 12:28:42] INFO: SEQUELIZE
[2023-05-23 12:28:42] INFO: Database connection established successfully
[2023-05-23 12:28:47] INFO: POST
[2023-05-23 12:37:53] INFO: SEQUELIZE
[2023-05-23 12:37:53] INFO: SEQUELIZE
[2023-05-23 12:37:53] INFO: SEQUELIZE
[2023-05-23 12:37:53] INFO: SEQUELIZE
[2023-05-23 12:37:53] INFO: GET
[2023-05-23 12:37:53] INFO: POST
[2023-05-23 12:38:30] INFO: SEQUELIZE
[2023-05-23 12:38:30] INFO: SEQUELIZE
[2023-05-23 12:38:30] ERROR: Validation error: items
[2023-05-23 12:38:30] INFO: PUT
[2023-05-23 12:38:33] INFO: POST
[2023-05-23 12:38:44] ERROR: Unexpected token } in JSON at position 1642
[2023-05-23 12:38:44] INFO: PUT
[2023-05-23 12:38:47] INFO: SEQUELIZE
[2023-05-23 12:38:47] INFO: SEQUELIZE
[2023-05-23 12:38:47] INFO: SEQUELIZE
[2023-05-23 12:38:47] INFO: SEQUELIZE
[2023-05-23 12:38:47] INFO: SEQUELIZE
[2023-05-23 12:38:47] INFO: SEQUELIZE
[2023-05-23 12:38:47] ERROR: The status is closed, you cannot edit data
[2023-05-23 12:38:47] INFO: PUT
[2023-05-23 12:38:48] INFO: POST
[2023-05-23 12:39:03] INFO: SEQUELIZE
[2023-05-23 12:39:03] INFO: SEQUELIZE
[2023-05-23 12:39:03] INFO: SEQUELIZE
[2023-05-23 12:39:03] INFO: SEQUELIZE
[2023-05-23 12:39:03] INFO: SEQUELIZE
[2023-05-23 12:39:03] INFO: SEQUELIZE
[2023-05-23 12:39:03] INFO: SEQUELIZE
[2023-05-23 12:39:03] INFO: SEQUELIZE
[2023-05-23 12:39:03] INFO: SEQUELIZE
[2023-05-23 12:39:03] INFO: SEQUELIZE
[2023-05-23 12:39:03] ERROR: Could not create inbound shipment item!
[2023-05-23 12:39:03] INFO: PUT
[2023-05-23 12:39:03] INFO: POST
[2023-05-23 12:40:33] INFO: SEQUELIZE
[2023-05-23 12:40:33] INFO: SEQUELIZE
[2023-05-23 12:40:33] ERROR: Validation error: items
[2023-05-23 12:40:33] INFO: PUT
[2023-05-23 12:40:34] INFO: POST
[2023-05-23 12:40:43] INFO: SEQUELIZE
[2023-05-23 12:40:43] INFO: SEQUELIZE
[2023-05-23 12:40:43] INFO: SEQUELIZE
[2023-05-23 12:40:43] INFO: SEQUELIZE
[2023-05-23 12:40:43] INFO: SEQUELIZE
[2023-05-23 12:40:43] INFO: SEQUELIZE
[2023-05-23 12:40:43] INFO: SEQUELIZE
[2023-05-23 12:40:43] INFO: SEQUELIZE
[2023-05-23 12:40:43] INFO: SEQUELIZE
[2023-05-23 12:40:43] INFO: SEQUELIZE
[2023-05-23 12:40:43] ERROR: Could not create inbound shipment item!
[2023-05-23 12:40:43] INFO: PUT
[2023-05-23 12:40:44] INFO: POST
[2023-05-23 12:41:05] INFO: SEQUELIZE
[2023-05-23 12:41:05] INFO: SEQUELIZE
[2023-05-23 12:41:05] INFO: SEQUELIZE
[2023-05-23 12:41:05] INFO: SEQUELIZE
[2023-05-23 12:41:05] INFO: SEQUELIZE
[2023-05-23 12:41:05] INFO: SEQUELIZE
[2023-05-23 12:41:05] INFO: SEQUELIZE
[2023-05-23 12:41:05] INFO: SEQUELIZE
[2023-05-23 12:41:05] INFO: SEQUELIZE
[2023-05-23 12:41:05] INFO: SEQUELIZE
[2023-05-23 12:41:05] INFO: SEQUELIZE
[2023-05-23 12:41:05] INFO: SEQUELIZE
[2023-05-23 12:41:05] INFO: PUT
[2023-05-23 12:41:09] INFO: POST
[2023-05-23 12:41:51] INFO: App listening on the port: 5000
[2023-05-23 12:41:51] INFO: SEQUELIZE
[2023-05-23 12:41:51] INFO: Database connection established successfully
[2023-05-23 12:41:56] INFO: POST
[2023-05-23 12:41:56] INFO: SEQUELIZE
[2023-05-23 12:41:56] INFO: SEQUELIZE
[2023-05-23 12:41:56] INFO: SEQUELIZE
[2023-05-23 12:41:56] INFO: SEQUELIZE
[2023-05-23 12:41:56] INFO: SEQUELIZE
[2023-05-23 12:41:56] INFO: SEQUELIZE
[2023-05-23 12:41:56] INFO: SEQUELIZE
[2023-05-23 12:41:56] INFO: SEQUELIZE
[2023-05-23 12:41:56] INFO: SEQUELIZE
[2023-05-23 12:41:56] INFO: SEQUELIZE
[2023-05-23 12:41:56] INFO: SEQUELIZE
[2023-05-23 12:41:56] INFO: SEQUELIZE
[2023-05-23 12:41:56] INFO: PUT
[2023-05-23 12:42:01] INFO: POST
[2023-05-23 12:43:55] INFO: App listening on the port: 5000
[2023-05-23 12:43:55] INFO: SEQUELIZE
[2023-05-23 12:43:55] INFO: Database connection established successfully
[2023-05-23 12:44:00] INFO: POST
[2023-05-23 12:46:01] INFO: App listening on the port: 5000
[2023-05-23 12:46:01] INFO: SEQUELIZE
[2023-05-23 12:46:01] INFO: Database connection established successfully
[2023-05-23 12:46:06] INFO: POST
[2023-05-23 12:46:11] INFO: App listening on the port: 5000
[2023-05-23 12:46:11] INFO: SEQUELIZE
[2023-05-23 12:46:11] INFO: Database connection established successfully
[2023-05-23 12:46:16] INFO: POST
[2023-05-23 12:46:29] INFO: SEQUELIZE
[2023-05-23 12:46:29] INFO: SEQUELIZE
[2023-05-23 12:46:29] INFO: SEQUELIZE
[2023-05-23 12:46:29] INFO: SEQUELIZE
[2023-05-23 12:46:29] INFO: SEQUELIZE
[2023-05-23 12:46:29] INFO: SEQUELIZE
[2023-05-23 12:46:29] INFO: SEQUELIZE
[2023-05-23 12:46:29] INFO: SEQUELIZE
[2023-05-23 12:46:29] INFO: SEQUELIZE
[2023-05-23 12:46:29] INFO: SEQUELIZE
[2023-05-23 12:46:29] INFO: SEQUELIZE
[2023-05-23 12:46:29] INFO: SEQUELIZE
[2023-05-23 12:46:29] INFO: SEQUELIZE
[2023-05-23 12:46:30] INFO: PUT
[2023-05-23 12:46:31] INFO: POST
[2023-05-23 12:46:35] INFO: SEQUELIZE
[2023-05-23 12:46:35] INFO: SEQUELIZE
[2023-05-23 12:46:35] INFO: SEQUELIZE
[2023-05-23 12:46:35] INFO: SEQUELIZE
[2023-05-23 12:46:35] INFO: SEQUELIZE
[2023-05-23 12:46:35] INFO: SEQUELIZE
[2023-05-23 12:46:35] INFO: SEQUELIZE
[2023-05-23 12:46:35] ERROR: The status is closed, you cannot edit data
[2023-05-23 12:46:35] INFO: PUT
[2023-05-23 12:46:36] INFO: POST
[2023-05-23 12:47:46] INFO: App listening on the port: 5000
[2023-05-23 12:47:46] INFO: SEQUELIZE
[2023-05-23 12:47:46] INFO: Database connection established successfully
[2023-05-23 12:47:51] INFO: POST
[2023-05-23 12:48:43] INFO: App listening on the port: 5000
[2023-05-23 12:48:43] INFO: SEQUELIZE
[2023-05-23 12:48:43] INFO: Database connection established successfully
[2023-05-23 12:48:48] INFO: POST
[2023-05-23 12:54:21] INFO: App listening on the port: 5000
[2023-05-23 12:54:21] INFO: SEQUELIZE
[2023-05-23 12:54:21] INFO: Database connection established successfully
[2023-05-23 12:54:26] INFO: POST
[2023-05-23 12:56:00] INFO: App listening on the port: 5000
[2023-05-23 12:56:00] INFO: SEQUELIZE
[2023-05-23 12:56:00] INFO: Database connection established successfully
[2023-05-23 12:56:05] INFO: POST
[2023-05-23 12:56:25] INFO: App listening on the port: 5000
[2023-05-23 12:56:25] INFO: SEQUELIZE
[2023-05-23 12:56:25] INFO: Database connection established successfully
[2023-05-23 12:56:30] INFO: POST
[2023-05-23 12:56:52] INFO: App listening on the port: 5000
[2023-05-23 12:56:52] INFO: SEQUELIZE
[2023-05-23 12:56:52] INFO: Database connection established successfully
[2023-05-23 12:56:57] INFO: POST
[2023-05-23 12:57:52] INFO: App listening on the port: 5000
[2023-05-23 12:57:52] INFO: SEQUELIZE
[2023-05-23 12:57:52] INFO: Database connection established successfully
[2023-05-23 12:57:57] INFO: POST
[2023-05-23 12:58:14] INFO: App listening on the port: 5000
[2023-05-23 12:58:14] INFO: SEQUELIZE
[2023-05-23 12:58:14] INFO: Database connection established successfully
[2023-05-23 12:58:28] INFO: App listening on the port: 5000
[2023-05-23 12:58:28] INFO: SEQUELIZE
[2023-05-23 12:58:28] INFO: Database connection established successfully
[2023-05-23 12:58:33] INFO: POST
[2023-05-23 12:58:47] INFO: App listening on the port: 5000
[2023-05-23 12:58:47] INFO: SEQUELIZE
[2023-05-23 12:58:47] INFO: Database connection established successfully
[2023-05-23 12:58:52] INFO: POST
[2023-05-23 12:59:11] INFO: App listening on the port: 5000
[2023-05-23 12:59:11] INFO: SEQUELIZE
[2023-05-23 12:59:11] INFO: Database connection established successfully
[2023-05-23 12:59:16] INFO: POST
[2023-05-23 12:59:34] INFO: App listening on the port: 5000
[2023-05-23 12:59:34] INFO: SEQUELIZE
[2023-05-23 12:59:34] INFO: Database connection established successfully
[2023-05-23 12:59:39] INFO: POST
[2023-05-23 13:00:46] INFO: App listening on the port: 5000
[2023-05-23 13:00:46] INFO: SEQUELIZE
[2023-05-23 13:00:46] INFO: Database connection established successfully
[2023-05-23 13:00:51] INFO: POST
[2023-05-23 13:01:33] INFO: App listening on the port: 5000
[2023-05-23 13:01:33] INFO: SEQUELIZE
[2023-05-23 13:01:33] INFO: Database connection established successfully
[2023-05-23 13:01:42] INFO: App listening on the port: 5000
[2023-05-23 13:01:42] INFO: SEQUELIZE
[2023-05-23 13:01:42] INFO: Database connection established successfully
[2023-05-23 13:01:47] INFO: POST
[2023-05-23 13:01:53] INFO: App listening on the port: 5000
[2023-05-23 13:01:53] INFO: SEQUELIZE
[2023-05-23 13:01:53] INFO: Database connection established successfully
[2023-05-23 13:01:58] INFO: POST
[2023-05-23 13:03:56] INFO: App listening on the port: 5000
[2023-05-23 13:03:56] INFO: SEQUELIZE
[2023-05-23 13:03:56] INFO: Database connection established successfully
[2023-05-23 13:04:01] INFO: POST
[2023-05-23 13:04:39] INFO: App listening on the port: 5000
[2023-05-23 13:04:39] INFO: SEQUELIZE
[2023-05-23 13:04:39] INFO: Database connection established successfully
[2023-05-23 13:04:44] INFO: POST
[2023-05-23 13:10:40] ERROR: Wrong authentication token
[2023-05-23 13:10:40] INFO: GET
[2023-05-23 13:10:45] INFO: POST
[2023-05-23 13:11:09] INFO: SEQUELIZE
[2023-05-23 13:11:09] INFO: SEQUELIZE
[2023-05-23 13:11:09] INFO: POST
[2023-05-23 13:11:10] INFO: POST
[2023-05-23 13:11:27] INFO: SEQUELIZE
[2023-05-23 13:11:27] INFO: SEQUELIZE
[2023-05-23 13:11:27] ERROR: Validation error: language
[2023-05-23 13:11:27] INFO: POST
[2023-05-23 13:11:30] INFO: POST
[2023-05-23 13:11:39] ERROR: Unexpected string in JSON at position 226
[2023-05-23 13:11:39] INFO: POST
[2023-05-23 13:11:40] INFO: POST
[2023-05-23 13:11:42] INFO: SEQUELIZE
[2023-05-23 13:11:42] INFO: SEQUELIZE
[2023-05-23 13:11:42] INFO: SEQUELIZE
[2023-05-23 13:11:42] INFO: SEQUELIZE
[2023-05-23 13:11:42] INFO: SEQUELIZE
[2023-05-23 13:11:42] INFO: SEQUELIZE
[2023-05-23 13:11:42] INFO: SEQUELIZE
[2023-05-23 13:11:42] INFO: SEQUELIZE
[2023-05-23 13:11:43] INFO: SEQUELIZE
[2023-05-23 13:11:43] INFO: SEQUELIZE
[2023-05-23 13:11:43] INFO: SEQUELIZE
[2023-05-23 13:11:43] INFO: POST
[2023-05-23 13:11:45] INFO: POST
[2023-05-23 13:12:03] INFO: App listening on the port: 5000
[2023-05-23 13:12:03] INFO: SEQUELIZE
[2023-05-23 13:12:03] INFO: Database connection established successfully
[2023-05-23 13:12:07] INFO: SEQUELIZE
[2023-05-23 13:12:07] INFO: SEQUELIZE
[2023-05-23 13:12:07] ERROR: Could not create user!
[2023-05-23 13:12:07] INFO: POST
[2023-05-23 13:12:08] INFO: POST
[2023-05-23 13:12:11] INFO: SEQUELIZE
[2023-05-23 13:12:11] INFO: SEQUELIZE
[2023-05-23 13:12:11] ERROR: Could not create user!
[2023-05-23 13:12:11] INFO: POST
[2023-05-23 13:12:13] INFO: POST
[2023-05-23 13:12:14] INFO: SEQUELIZE
[2023-05-23 13:12:14] INFO: SEQUELIZE
[2023-05-23 13:12:14] INFO: SEQUELIZE
[2023-05-23 13:12:14] INFO: SEQUELIZE
[2023-05-23 13:12:14] INFO: SEQUELIZE
[2023-05-23 13:12:14] INFO: SEQUELIZE
[2023-05-23 13:12:14] INFO: SEQUELIZE
[2023-05-23 13:12:14] INFO: SEQUELIZE
[2023-05-23 13:12:14] INFO: SEQUELIZE
[2023-05-23 13:12:14] ERROR: Could not create permissions!
[2023-05-23 13:12:14] INFO: POST
[2023-05-23 13:12:18] INFO: POST
[2023-05-23 13:13:42] INFO: SEQUELIZE
[2023-05-23 13:13:42] INFO: SEQUELIZE
[2023-05-23 13:13:42] ERROR: Could not create user!
[2023-05-23 13:13:42] INFO: POST
[2023-05-23 13:13:43] INFO: POST
[2023-05-23 13:13:46] INFO: SEQUELIZE
[2023-05-23 13:13:46] INFO: SEQUELIZE
[2023-05-23 13:13:46] INFO: SEQUELIZE
[2023-05-23 13:13:46] INFO: SEQUELIZE
[2023-05-23 13:13:46] INFO: SEQUELIZE
[2023-05-23 13:13:46] INFO: SEQUELIZE
[2023-05-23 13:13:46] INFO: SEQUELIZE
[2023-05-23 13:13:46] INFO: SEQUELIZE
[2023-05-23 13:13:46] INFO: SEQUELIZE
[2023-05-23 13:13:46] INFO: SEQUELIZE
[2023-05-23 13:13:46] INFO: SEQUELIZE
[2023-05-23 13:13:46] INFO: POST
[2023-05-23 13:13:48] INFO: POST
[2023-05-23 13:14:37] INFO: App listening on the port: 5000
[2023-05-23 13:14:37] INFO: SEQUELIZE
[2023-05-23 13:14:37] INFO: Database connection established successfully
[2023-05-23 13:14:42] INFO: POST
[2023-05-23 13:14:56] INFO: App listening on the port: 5000
[2023-05-23 13:14:56] INFO: SEQUELIZE
[2023-05-23 13:14:56] INFO: Database connection established successfully
[2023-05-23 13:15:02] INFO: App listening on the port: 5000
[2023-05-23 13:15:02] INFO: SEQUELIZE
[2023-05-23 13:15:02] INFO: Database connection established successfully
[2023-05-23 13:15:07] INFO: POST
[2023-05-23 13:15:27] INFO: App listening on the port: 5000
[2023-05-23 13:15:27] INFO: SEQUELIZE
[2023-05-23 13:15:27] INFO: Database connection established successfully
[2023-05-23 13:15:32] INFO: POST
[2023-05-23 13:15:52] INFO: App listening on the port: 5000
[2023-05-23 13:15:52] INFO: SEQUELIZE
[2023-05-23 13:15:52] INFO: Database connection established successfully
[2023-05-23 13:15:57] INFO: POST
[2023-05-23 13:16:12] INFO: App listening on the port: 5000
[2023-05-23 13:16:12] INFO: SEQUELIZE
[2023-05-23 13:16:12] INFO: Database connection established successfully
[2023-05-23 13:16:22] INFO: App listening on the port: 5000
[2023-05-23 13:16:22] INFO: SEQUELIZE
[2023-05-23 13:16:22] INFO: Database connection established successfully
[2023-05-23 13:16:23] INFO: SEQUELIZE
[2023-05-23 13:16:23] ERROR: User in provided token does not exist!
[2023-05-23 13:16:23] INFO: POST
[2023-05-23 13:16:27] INFO: POST
[2023-05-23 13:16:50] INFO: SEQUELIZE
[2023-05-23 13:16:50] INFO: SEQUELIZE
[2023-05-23 13:16:50] INFO: SEQUELIZE
[2023-05-23 13:16:50] INFO: SEQUELIZE
[2023-05-23 13:16:50] INFO: SEQUELIZE
[2023-05-23 13:16:50] INFO: SEQUELIZE
[2023-05-23 13:16:50] INFO: SEQUELIZE
[2023-05-23 13:16:50] INFO: SEQUELIZE
[2023-05-23 13:16:50] INFO: SEQUELIZE
[2023-05-23 13:16:50] INFO: SEQUELIZE
[2023-05-23 13:16:50] INFO: SEQUELIZE
[2023-05-23 13:16:50] INFO: POST
[2023-05-23 13:16:52] INFO: POST
[2023-05-23 13:17:58] INFO: App listening on the port: 5000
[2023-05-23 13:17:58] INFO: SEQUELIZE
[2023-05-23 13:17:58] INFO: Database connection established successfully
[2023-05-23 13:18:03] INFO: POST
[2023-05-23 13:19:11] INFO: App listening on the port: 5000
[2023-05-23 13:19:11] INFO: SEQUELIZE
[2023-05-23 13:19:11] INFO: Database connection established successfully
[2023-05-23 13:19:16] INFO: POST
[2023-05-23 13:33:30] INFO: App listening on the port: 5000
[2023-05-23 13:33:30] INFO: SEQUELIZE
[2023-05-23 13:33:30] INFO: Database connection established successfully
[2023-05-23 13:33:35] INFO: POST
[2023-05-23 13:35:31] INFO: App listening on the port: 5000
[2023-05-23 13:35:31] INFO: SEQUELIZE
[2023-05-23 13:35:31] INFO: Database connection established successfully
[2023-05-23 13:35:36] INFO: POST
[2023-05-23 13:35:47] INFO: App listening on the port: 5000
[2023-05-23 13:35:47] INFO: SEQUELIZE
[2023-05-23 13:35:47] INFO: Database connection established successfully
[2023-05-23 13:35:52] INFO: POST
[2023-05-23 13:36:05] INFO: App listening on the port: 5000
[2023-05-23 13:36:05] INFO: SEQUELIZE
[2023-05-23 13:36:05] INFO: Database connection established successfully
[2023-05-23 13:36:11] INFO: App listening on the port: 5000
[2023-05-23 13:36:11] INFO: SEQUELIZE
[2023-05-23 13:36:11] INFO: Database connection established successfully
[2023-05-23 13:36:16] INFO: POST
[2023-05-23 13:36:32] INFO: App listening on the port: 5000
[2023-05-23 13:36:32] INFO: SEQUELIZE
[2023-05-23 13:36:32] INFO: Database connection established successfully
[2023-05-23 13:36:37] INFO: POST
[2023-05-23 13:36:45] INFO: App listening on the port: 5000
[2023-05-23 13:36:45] INFO: SEQUELIZE
[2023-05-23 13:36:45] INFO: Database connection established successfully
[2023-05-23 13:36:50] INFO: POST
[2023-05-23 13:38:17] INFO: App listening on the port: 5000
[2023-05-23 13:38:17] INFO: SEQUELIZE
[2023-05-23 13:38:17] INFO: Database connection established successfully
[2023-05-23 13:38:22] INFO: POST
[2023-05-23 13:38:34] INFO: App listening on the port: 5000
[2023-05-23 13:38:34] INFO: SEQUELIZE
[2023-05-23 13:38:34] INFO: Database connection established successfully
[2023-05-23 13:38:39] INFO: POST
[2023-05-23 14:21:19] INFO: App listening on the port: 5000
[2023-05-23 14:21:19] INFO: SEQUELIZE
[2023-05-23 14:21:19] INFO: Database connection established successfully
[2023-05-23 14:21:24] INFO: POST
[2023-05-23 14:21:28] INFO: App listening on the port: 5000
[2023-05-23 14:21:28] INFO: SEQUELIZE
[2023-05-23 14:21:28] INFO: Database connection established successfully
[2023-05-23 14:21:34] INFO: App listening on the port: 5000
[2023-05-23 14:21:34] INFO: SEQUELIZE
[2023-05-23 14:21:34] INFO: Database connection established successfully
[2023-05-23 14:21:39] INFO: POST
[2023-05-23 14:22:19] INFO: App listening on the port: 5000
[2023-05-23 14:22:19] INFO: SEQUELIZE
[2023-05-23 14:22:19] INFO: Database connection established successfully
[2023-05-23 14:22:24] INFO: POST
[2023-05-23 14:22:29] INFO: App listening on the port: 5000
[2023-05-23 14:22:29] INFO: SEQUELIZE
[2023-05-23 14:22:29] INFO: Database connection established successfully
[2023-05-23 14:22:34] INFO: POST
[2023-05-23 14:23:04] INFO: App listening on the port: 5000
[2023-05-23 14:23:05] INFO: SEQUELIZE
[2023-05-23 14:23:05] INFO: Database connection established successfully
[2023-05-23 14:23:09] INFO: POST
[2023-05-23 14:24:59] INFO: App listening on the port: 5000
[2023-05-23 14:24:59] INFO: SEQUELIZE
[2023-05-23 14:24:59] INFO: Database connection established successfully
[2023-05-23 14:25:04] INFO: POST
[2023-05-23 14:25:12] INFO: App listening on the port: 5000
[2023-05-23 14:25:12] INFO: SEQUELIZE
[2023-05-23 14:25:12] INFO: Database connection established successfully
[2023-05-23 14:25:17] INFO: POST
[2023-05-23 14:25:55] INFO: PUT
[2023-05-23 14:25:57] INFO: POST
[2023-05-23 14:26:03] INFO: PUT
[2023-05-23 14:26:07] INFO: POST
[2023-05-23 14:26:32] INFO: App listening on the port: 5000
[2023-05-23 14:26:32] INFO: SEQUELIZE
[2023-05-23 14:26:32] INFO: Database connection established successfully
[2023-05-23 14:26:34] INFO: PUT
[2023-05-23 14:26:35] INFO: PUT
[2023-05-23 14:26:37] INFO: POST
[2023-05-23 14:27:07] INFO: PUT
[2023-05-23 14:27:12] INFO: POST
[2023-05-23 14:28:06] INFO: App listening on the port: 5000
[2023-05-23 14:28:06] INFO: SEQUELIZE
[2023-05-23 14:28:06] INFO: Database connection established successfully
[2023-05-23 14:28:09] INFO: PUT
[2023-05-23 14:28:10] INFO: PUT
[2023-05-23 14:28:11] INFO: PUT
[2023-05-23 14:28:11] INFO: POST
[2023-05-23 14:28:11] INFO: PUT
[2023-05-23 14:28:12] INFO: PUT
[2023-05-23 14:28:16] INFO: POST
[2023-05-23 14:29:50] INFO: App listening on the port: 5000
[2023-05-23 14:29:50] INFO: SEQUELIZE
[2023-05-23 14:29:50] INFO: Database connection established successfully
[2023-05-23 14:29:53] INFO: PUT
[2023-05-23 14:29:54] INFO: PUT
[2023-05-23 14:29:55] INFO: POST
[2023-05-23 14:29:56] INFO: PUT
[2023-05-23 14:29:57] INFO: PUT
[2023-05-23 14:30:00] INFO: POST
[2023-05-23 14:30:17] INFO: App listening on the port: 5000
[2023-05-23 14:30:18] INFO: SEQUELIZE
[2023-05-23 14:30:18] INFO: Database connection established successfully
[2023-05-23 14:30:23] INFO: POST
[2023-05-23 14:30:41] INFO: App listening on the port: 5000
[2023-05-23 14:30:41] INFO: SEQUELIZE
[2023-05-23 14:30:41] INFO: Database connection established successfully
[2023-05-23 14:30:46] INFO: POST
[2023-05-23 14:31:21] INFO: App listening on the port: 5000
[2023-05-23 14:31:21] INFO: SEQUELIZE
[2023-05-23 14:31:21] INFO: Database connection established successfully
[2023-05-23 14:31:26] INFO: POST
[2023-05-23 14:31:33] INFO: App listening on the port: 5000
[2023-05-23 14:31:33] INFO: SEQUELIZE
[2023-05-23 14:31:33] INFO: Database connection established successfully
[2023-05-23 14:31:37] INFO: App listening on the port: 5000
[2023-05-23 14:31:37] INFO: SEQUELIZE
[2023-05-23 14:31:37] INFO: Database connection established successfully
[2023-05-23 14:31:42] INFO: POST
[2023-05-23 14:32:05] INFO: App listening on the port: 5000
[2023-05-23 14:32:05] INFO: SEQUELIZE
[2023-05-23 14:32:05] INFO: Database connection established successfully
[2023-05-23 14:32:10] INFO: POST
[2023-05-23 14:32:13] INFO: PUT
[2023-05-23 14:32:14] INFO: PUT
[2023-05-23 14:32:15] INFO: POST
[2023-05-23 14:32:22] INFO: App listening on the port: 5000
[2023-05-23 14:32:22] INFO: SEQUELIZE
[2023-05-23 14:32:22] INFO: Database connection established successfully
[2023-05-23 14:32:27] INFO: POST
[2023-05-23 14:32:28] INFO: PUT
[2023-05-23 14:32:30] INFO: PUT
[2023-05-23 14:32:32] INFO: POST
[2023-05-23 14:32:45] INFO: PUT
[2023-05-23 14:32:47] INFO: POST
[2023-05-23 14:33:02] INFO: App listening on the port: 5000
[2023-05-23 14:33:02] INFO: SEQUELIZE
[2023-05-23 14:33:02] INFO: Database connection established successfully
[2023-05-23 14:33:07] INFO: POST
[2023-05-23 14:33:25] ERROR: No authentication token provided
[2023-05-23 14:33:25] INFO: PUT
[2023-05-23 14:33:27] INFO: POST
[2023-05-23 14:34:45] INFO: SEQUELIZE
[2023-05-23 14:34:45] INFO: PUT
[2023-05-23 14:34:48] INFO: POST
[2023-05-23 14:34:55] ERROR: Unexpected token } in JSON at position 26
[2023-05-23 14:34:55] INFO: PUT
[2023-05-23 14:34:58] INFO: POST
[2023-05-23 14:35:00] INFO: SEQUELIZE
[2023-05-23 14:35:00] ERROR: Validation error: phone
[2023-05-23 14:35:00] INFO: PUT
[2023-05-23 14:35:03] INFO: POST
[2023-05-23 14:35:09] INFO: SEQUELIZE
[2023-05-23 14:35:09] INFO: PUT
[2023-05-23 14:35:13] INFO: POST
[2023-05-23 14:35:27] INFO: App listening on the port: 5000
[2023-05-23 14:35:27] INFO: SEQUELIZE
[2023-05-23 14:35:27] INFO: Database connection established successfully
[2023-05-23 14:35:32] INFO: POST
[2023-05-23 14:35:37] INFO: App listening on the port: 5000
[2023-05-23 14:35:37] INFO: SEQUELIZE
[2023-05-23 14:35:37] INFO: Database connection established successfully
[2023-05-23 14:35:42] INFO: POST
[2023-05-23 14:44:37] INFO: App listening on the port: 5000
[2023-05-23 14:44:37] INFO: SEQUELIZE
[2023-05-23 14:44:37] INFO: Database connection established successfully
[2023-05-23 14:44:42] INFO: POST
[2023-05-23 14:47:06] INFO: App listening on the port: 5000
[2023-05-23 14:47:06] INFO: SEQUELIZE
[2023-05-23 14:47:06] INFO: Database connection established successfully
[2023-05-23 14:47:11] INFO: POST
[2023-05-23 14:53:02] INFO: App listening on the port: 5000
[2023-05-23 14:53:02] INFO: SEQUELIZE
[2023-05-23 14:53:02] INFO: Database connection established successfully
[2023-05-23 14:53:07] INFO: POST
[2023-05-23 14:53:33] INFO: App listening on the port: 5000
[2023-05-23 14:53:33] INFO: SEQUELIZE
[2023-05-23 14:53:33] INFO: Database connection established successfully
[2023-05-23 14:53:40] INFO: App listening on the port: 5000
[2023-05-23 14:53:40] INFO: SEQUELIZE
[2023-05-23 14:53:40] INFO: Database connection established successfully
[2023-05-23 14:53:45] INFO: POST
[2023-05-23 15:00:17] INFO: App listening on the port: 5000
[2023-05-23 15:00:17] INFO: SEQUELIZE
[2023-05-23 15:00:17] INFO: Database connection established successfully
[2023-05-23 15:00:22] INFO: POST
[2023-05-23 15:00:24] INFO: SEQUELIZE
[2023-05-23 15:00:24] INFO: SEQUELIZE
[2023-05-23 15:00:24] ERROR: Could not get inbound shipments!
[2023-05-23 15:00:24] INFO: GET
[2023-05-23 15:00:27] INFO: POST
[2023-05-23 15:00:44] INFO: App listening on the port: 5000
[2023-05-23 15:00:44] INFO: SEQUELIZE
[2023-05-23 15:00:44] INFO: Database connection established successfully
[2023-05-23 15:00:49] INFO: POST
[2023-05-23 15:00:53] INFO: SEQUELIZE
[2023-05-23 15:00:53] INFO: SEQUELIZE
[2023-05-23 15:00:53] INFO: SEQUELIZE
[2023-05-23 15:00:53] INFO: SEQUELIZE
[2023-05-23 15:00:53] INFO: SEQUELIZE
[2023-05-23 15:00:53] INFO: SEQUELIZE
[2023-05-23 15:00:53] INFO: SEQUELIZE
[2023-05-23 15:00:53] ERROR: Could not create inbound shipment item!
[2023-05-23 15:00:53] INFO: POST
[2023-05-23 15:00:54] INFO: POST
[2023-05-23 15:01:15] INFO: SEQUELIZE
[2023-05-23 15:01:15] INFO: SEQUELIZE
[2023-05-23 15:01:15] INFO: SEQUELIZE
[2023-05-23 15:01:15] INFO: SEQUELIZE
[2023-05-23 15:01:15] INFO: SEQUELIZE
[2023-05-23 15:01:15] INFO: SEQUELIZE
[2023-05-23 15:01:15] INFO: SEQUELIZE
[2023-05-23 15:01:15] INFO: SEQUELIZE
[2023-05-23 15:01:15] INFO: SEQUELIZE
[2023-05-23 15:01:15] INFO: POST
[2023-05-23 15:01:19] INFO: POST
[2023-05-23 15:01:22] INFO: SEQUELIZE
[2023-05-23 15:01:22] INFO: SEQUELIZE
[2023-05-23 15:01:22] ERROR: Could not get inbound shipments!
[2023-05-23 15:01:22] INFO: GET
[2023-05-23 15:01:24] INFO: POST
[2023-05-23 15:01:24] INFO: SEQUELIZE
[2023-05-23 15:01:24] INFO: SEQUELIZE
[2023-05-23 15:01:24] ERROR: Could not get inbound shipments!
[2023-05-23 15:01:24] INFO: GET
[2023-05-23 15:01:29] INFO: POST
[2023-05-23 15:01:37] INFO: App listening on the port: 5000
[2023-05-23 15:01:37] INFO: SEQUELIZE
[2023-05-23 15:01:37] INFO: Database connection established successfully
[2023-05-23 15:01:42] INFO: POST
[2023-05-23 15:01:46] INFO: SEQUELIZE
[2023-05-23 15:01:46] INFO: SEQUELIZE
[2023-05-23 15:01:46] INFO: SEQUELIZE
[2023-05-23 15:01:46] INFO: SEQUELIZE
[2023-05-23 15:01:46] INFO: GET
[2023-05-23 15:01:47] INFO: POST
[2023-05-23 15:02:12] INFO: App listening on the port: 5000
[2023-05-23 15:02:12] INFO: SEQUELIZE
[2023-05-23 15:02:12] INFO: Database connection established successfully
[2023-05-23 15:02:20] INFO: App listening on the port: 5000
[2023-05-23 15:02:20] INFO: SEQUELIZE
[2023-05-23 15:02:20] INFO: Database connection established successfully
[2023-05-23 15:02:25] INFO: POST
[2023-05-23 15:02:31] INFO: App listening on the port: 5000
[2023-05-23 15:02:32] INFO: SEQUELIZE
[2023-05-23 15:02:32] INFO: Database connection established successfully
[2023-05-23 15:02:40] INFO: App listening on the port: 5000
[2023-05-23 15:02:40] INFO: SEQUELIZE
[2023-05-23 15:02:40] INFO: Database connection established successfully
[2023-05-23 15:02:42] INFO: SEQUELIZE
[2023-05-23 15:02:43] INFO: SEQUELIZE
[2023-05-23 15:02:43] INFO: SEQUELIZE
[2023-05-23 15:02:43] INFO: SEQUELIZE
[2023-05-23 15:02:43] INFO: GET
[2023-05-23 15:02:45] INFO: POST
[2023-05-23 15:02:45] INFO: SEQUELIZE
[2023-05-23 15:02:45] INFO: SEQUELIZE
[2023-05-23 15:02:45] INFO: SEQUELIZE
[2023-05-23 15:02:45] INFO: SEQUELIZE
[2023-05-23 15:02:45] INFO: GET
[2023-05-23 15:02:50] INFO: POST
[2023-05-23 15:05:03] INFO: SEQUELIZE
[2023-05-23 15:05:03] INFO: SEQUELIZE
[2023-05-23 15:05:04] INFO: SEQUELIZE
[2023-05-23 15:05:04] INFO: SEQUELIZE
[2023-05-23 15:05:04] INFO: GET
[2023-05-23 15:05:05] INFO: POST
[2023-05-23 15:05:58] INFO: SEQUELIZE
[2023-05-23 15:05:58] INFO: Database connection established successfully
[2023-05-23 15:06:06] INFO: App listening on the port: 5000
[2023-05-23 15:06:06] INFO: SEQUELIZE
[2023-05-23 15:06:06] INFO: Database connection established successfully
[2023-05-23 15:06:11] INFO: POST
[2023-05-23 15:06:24] INFO: SEQUELIZE
[2023-05-23 15:06:24] INFO: SEQUELIZE
[2023-05-23 15:06:24] ERROR: Could not get inbound shipments!
[2023-05-23 15:06:24] INFO: GET
[2023-05-23 15:06:26] INFO: POST
[2023-05-23 15:06:35] INFO: App listening on the port: 5000
[2023-05-23 15:06:35] INFO: SEQUELIZE
[2023-05-23 15:06:35] INFO: Database connection established successfully
[2023-05-23 15:06:40] INFO: POST
[2023-05-23 15:06:49] INFO: SEQUELIZE
[2023-05-23 15:06:49] INFO: SEQUELIZE
[2023-05-23 15:06:49] ERROR: Could not get inbound shipments!
[2023-05-23 15:06:49] INFO: GET
[2023-05-23 15:06:50] INFO: POST
[2023-05-23 15:08:01] INFO: App listening on the port: 5000
[2023-05-23 15:08:01] INFO: SEQUELIZE
[2023-05-23 15:08:01] INFO: Database connection established successfully
[2023-05-23 15:08:06] INFO: POST
[2023-05-23 15:08:19] INFO: App listening on the port: 5000
[2023-05-23 15:08:19] INFO: SEQUELIZE
[2023-05-23 15:08:19] INFO: Database connection established successfully
[2023-05-23 15:08:24] INFO: SEQUELIZE
[2023-05-23 15:08:24] INFO: SEQUELIZE
[2023-05-23 15:08:24] INFO: SEQUELIZE
[2023-05-23 15:08:24] INFO: POST
[2023-05-23 15:08:24] INFO: SEQUELIZE
[2023-05-23 15:08:24] INFO: GET
[2023-05-23 15:08:47] INFO: App listening on the port: 5000
[2023-05-23 15:08:47] INFO: SEQUELIZE
[2023-05-23 15:08:47] INFO: Database connection established successfully
[2023-05-23 15:08:52] INFO: POST
[2023-05-23 15:09:03] INFO: SEQUELIZE
[2023-05-23 15:09:03] INFO: SEQUELIZE
[2023-05-23 15:09:03] INFO: SEQUELIZE
[2023-05-23 15:09:03] INFO: SEQUELIZE
[2023-05-23 15:09:03] INFO: GET
[2023-05-23 15:09:07] INFO: POST
[2023-05-23 15:09:54] INFO: App listening on the port: 5000
[2023-05-23 15:09:55] INFO: SEQUELIZE
[2023-05-23 15:09:55] INFO: Database connection established successfully
[2023-05-23 15:09:58] INFO: SEQUELIZE
[2023-05-23 15:09:58] INFO: SEQUELIZE
[2023-05-23 15:09:58] ERROR: Could not get inbound shipments!
[2023-05-23 15:09:58] INFO: GET
[2023-05-23 15:09:59] INFO: POST
[2023-05-23 15:10:00] INFO: SEQUELIZE
[2023-05-23 15:10:00] INFO: SEQUELIZE
[2023-05-23 15:10:00] ERROR: Could not get inbound shipments!
[2023-05-23 15:10:00] INFO: GET
[2023-05-23 15:10:05] INFO: POST
[2023-05-23 15:11:43] INFO: App listening on the port: 5000
[2023-05-23 15:11:43] INFO: SEQUELIZE
[2023-05-23 15:11:43] INFO: Database connection established successfully
[2023-05-23 15:11:48] INFO: POST
[2023-05-23 15:12:54] INFO: App listening on the port: 5000
[2023-05-23 15:12:54] INFO: SEQUELIZE
[2023-05-23 15:12:54] INFO: Database connection established successfully
[2023-05-23 15:12:59] INFO: POST
[2023-05-23 15:13:01] INFO: SEQUELIZE
[2023-05-23 15:13:01] INFO: SEQUELIZE
[2023-05-23 15:13:01] INFO: SEQUELIZE
[2023-05-23 15:13:01] INFO: SEQUELIZE
[2023-05-23 15:13:01] INFO: GET
[2023-05-23 15:13:04] INFO: POST
[2023-05-23 15:13:45] INFO: App listening on the port: 5000
[2023-05-23 15:13:45] INFO: SEQUELIZE
[2023-05-23 15:13:45] INFO: Database connection established successfully
[2023-05-23 15:13:50] INFO: POST
[2023-05-23 15:16:17] INFO: App listening on the port: 5000
[2023-05-23 15:16:17] INFO: SEQUELIZE
[2023-05-23 15:16:17] INFO: Database connection established successfully
[2023-05-23 15:16:21] INFO: App listening on the port: 5000
[2023-05-23 15:16:21] INFO: SEQUELIZE
[2023-05-23 15:16:21] INFO: Database connection established successfully
[2023-05-23 15:16:26] INFO: POST
[2023-05-23 15:17:15] INFO: SEQUELIZE
[2023-05-23 15:17:15] INFO: SEQUELIZE
[2023-05-23 15:17:15] INFO: SEQUELIZE
[2023-05-23 15:17:15] INFO: SEQUELIZE
[2023-05-23 15:17:15] INFO: GET
[2023-05-23 15:17:17] INFO: POST
[2023-05-23 15:17:26] INFO: SEQUELIZE
[2023-05-23 15:17:26] INFO: SEQUELIZE
[2023-05-23 15:17:26] INFO: SEQUELIZE
[2023-05-23 15:17:26] INFO: SEQUELIZE
[2023-05-23 15:17:26] INFO: SEQUELIZE
[2023-05-23 15:17:27] INFO: SEQUELIZE
[2023-05-23 15:17:27] ERROR: Could not create outbound shipment item!
[2023-05-23 15:17:27] INFO: POST
[2023-05-23 15:17:27] INFO: POST
[2023-05-23 15:17:43] INFO: SEQUELIZE
[2023-05-23 15:17:43] INFO: SEQUELIZE
[2023-05-23 15:17:43] INFO: SEQUELIZE
[2023-05-23 15:17:43] INFO: SEQUELIZE
[2023-05-23 15:17:43] INFO: SEQUELIZE
[2023-05-23 15:17:43] INFO: SEQUELIZE
[2023-05-23 15:17:43] INFO: SEQUELIZE
[2023-05-23 15:17:43] INFO: SEQUELIZE
[2023-05-23 15:17:43] INFO: POST
[2023-05-23 15:17:47] INFO: POST
[2023-05-23 15:19:48] INFO: App listening on the port: 5000
[2023-05-23 15:19:48] INFO: SEQUELIZE
[2023-05-23 15:19:48] INFO: Database connection established successfully
[2023-05-23 15:19:53] INFO: POST
[2023-05-23 15:20:07] INFO: SEQUELIZE
[2023-05-23 15:20:07] INFO: SEQUELIZE
[2023-05-23 15:20:07] INFO: SEQUELIZE
[2023-05-23 15:20:07] INFO: SEQUELIZE
[2023-05-23 15:20:07] INFO: GET
[2023-05-23 15:20:08] INFO: POST
[2023-05-23 15:22:08] INFO: App listening on the port: 5000
[2023-05-23 15:22:08] INFO: SEQUELIZE
[2023-05-23 15:22:08] INFO: Database connection established successfully
[2023-05-23 15:22:13] INFO: POST
[2023-05-23 15:22:20] INFO: App listening on the port: 5000
[2023-05-23 15:22:20] INFO: SEQUELIZE
[2023-05-23 15:22:20] INFO: Database connection established successfully
[2023-05-23 15:22:26] INFO: App listening on the port: 5000
[2023-05-23 15:22:26] INFO: SEQUELIZE
[2023-05-23 15:22:26] INFO: Database connection established successfully
[2023-05-23 15:22:30] INFO: App listening on the port: 5000
[2023-05-23 15:22:30] INFO: SEQUELIZE
[2023-05-23 15:22:30] INFO: Database connection established successfully
[2023-05-23 15:22:37] INFO: App listening on the port: 5000
[2023-05-23 15:22:37] INFO: SEQUELIZE
[2023-05-23 15:22:37] INFO: Database connection established successfully
[2023-05-23 15:22:45] INFO: App listening on the port: 5000
[2023-05-23 15:22:46] INFO: SEQUELIZE
[2023-05-23 15:22:46] INFO: Database connection established successfully
[2023-05-23 15:23:10] INFO: App listening on the port: 5000
[2023-05-23 15:23:10] INFO: SEQUELIZE
[2023-05-23 15:23:10] INFO: Database connection established successfully
[2023-05-23 15:23:15] INFO: POST
[2023-05-23 15:23:32] INFO: SEQUELIZE
[2023-05-23 15:23:32] INFO: SEQUELIZE
[2023-05-23 15:23:32] INFO: SEQUELIZE
[2023-05-23 15:23:32] INFO: SEQUELIZE
[2023-05-23 15:23:32] INFO: SEQUELIZE
[2023-05-23 15:23:32] INFO: SEQUELIZE
[2023-05-23 15:23:32] INFO: SEQUELIZE
[2023-05-23 15:23:32] INFO: SEQUELIZE
[2023-05-23 15:23:32] INFO: SEQUELIZE
[2023-05-23 15:23:32] INFO: POST
[2023-05-23 15:23:35] INFO: POST
[2023-05-23 15:24:12] INFO: App listening on the port: 5000
[2023-05-23 15:24:12] INFO: SEQUELIZE
[2023-05-23 15:24:12] INFO: Database connection established successfully
[2023-05-23 15:24:16] INFO: SEQUELIZE
[2023-05-23 15:24:16] INFO: SEQUELIZE
[2023-05-23 15:24:16] INFO: SEQUELIZE
[2023-05-23 15:24:16] INFO: SEQUELIZE
[2023-05-23 15:24:16] INFO: SEQUELIZE
[2023-05-23 15:24:16] INFO: SEQUELIZE
[2023-05-23 15:24:16] INFO: SEQUELIZE
[2023-05-23 15:24:16] INFO: SEQUELIZE
[2023-05-23 15:24:16] INFO: POST
[2023-05-23 15:24:17] INFO: POST
[2023-05-23 15:25:44] INFO: App listening on the port: 5000
[2023-05-23 15:25:44] INFO: SEQUELIZE
[2023-05-23 15:25:44] INFO: Database connection established successfully
[2023-05-23 15:25:49] INFO: POST
[2023-05-23 15:37:38] INFO: App listening on the port: 5000
[2023-05-23 15:37:39] INFO: SEQUELIZE
[2023-05-23 15:37:39] INFO: Database connection established successfully
[2023-05-23 15:37:50] INFO: App listening on the port: 5000
[2023-05-23 15:37:50] INFO: SEQUELIZE
[2023-05-23 15:37:50] INFO: Database connection established successfully
[2023-05-23 15:37:55] INFO: POST
[2023-05-23 15:59:17] ERROR: Wrong authentication token
[2023-05-23 15:59:17] INFO: GET
[2023-05-23 15:59:17] INFO: POST
[2023-05-23 16:00:24] INFO: App listening on the port: 5000
[2023-05-23 16:00:24] INFO: SEQUELIZE
[2023-05-23 16:00:24] INFO: Database connection established successfully
[2023-05-23 16:00:28] ERROR: [object Object]
[2023-05-23 16:00:28] INFO: POST
[2023-05-23 16:00:29] INFO: POST
[2023-05-23 16:00:30] ERROR: [object Object]
[2023-05-23 16:00:30] INFO: POST
[2023-05-23 16:00:31] ERROR: [object Object]
[2023-05-23 16:00:31] INFO: POST
[2023-05-23 16:00:31] ERROR: [object Object]
[2023-05-23 16:00:31] INFO: POST
[2023-05-23 16:00:32] ERROR: [object Object]
[2023-05-23 16:00:32] INFO: POST
[2023-05-23 16:00:34] INFO: POST
[2023-05-23 16:00:48] INFO: SEQUELIZE
[2023-05-23 16:00:48] INFO: SEQUELIZE
[2023-05-23 16:00:48] INFO: POST
[2023-05-23 16:00:49] INFO: POST
[2023-05-23 16:01:00] INFO: SEQUELIZE
[2023-05-23 16:01:00] INFO: SEQUELIZE
[2023-05-23 16:01:00] INFO: SEQUELIZE
[2023-05-23 16:01:00] INFO: SEQUELIZE
[2023-05-23 16:01:01] INFO: SEQUELIZE
[2023-05-23 16:01:01] INFO: SEQUELIZE
[2023-05-23 16:01:01] INFO: SEQUELIZE
[2023-05-23 16:01:01] INFO: SEQUELIZE
[2023-05-23 16:01:01] INFO: SEQUELIZE
[2023-05-23 16:01:01] INFO: POST
[2023-05-23 16:01:04] INFO: POST
[2023-05-23 16:05:45] INFO: App listening on the port: 5000
[2023-05-23 16:05:46] INFO: SEQUELIZE
[2023-05-23 16:05:46] INFO: Database connection established successfully
[2023-05-23 16:05:50] INFO: POST
[2023-05-23 16:07:44] INFO: App listening on the port: 5000
[2023-05-23 16:07:44] INFO: SEQUELIZE
[2023-05-23 16:07:44] INFO: Database connection established successfully
[2023-05-23 16:07:49] INFO: POST
[2023-05-23 16:09:34] INFO: App listening on the port: 5000
[2023-05-23 16:09:34] INFO: SEQUELIZE
[2023-05-23 16:09:34] INFO: Database connection established successfully
[2023-05-23 16:09:39] INFO: POST
[2023-05-23 16:09:48] INFO: App listening on the port: 5000
[2023-05-23 16:09:48] INFO: SEQUELIZE
[2023-05-23 16:09:48] INFO: Database connection established successfully
[2023-05-23 16:10:04] INFO: App listening on the port: 5000
[2023-05-23 16:10:04] INFO: SEQUELIZE
[2023-05-23 16:10:04] INFO: Database connection established successfully
[2023-05-23 16:10:09] INFO: POST
[2023-05-23 16:11:14] INFO: App listening on the port: 5000
[2023-05-23 16:11:14] INFO: SEQUELIZE
[2023-05-23 16:11:14] INFO: Database connection established successfully
[2023-05-23 16:11:19] INFO: POST
[2023-05-23 16:11:50] INFO: App listening on the port: 5000
[2023-05-23 16:11:50] INFO: SEQUELIZE
[2023-05-23 16:11:50] INFO: Database connection established successfully
[2023-05-23 16:11:55] INFO: POST
[2023-05-23 16:12:15] INFO: App listening on the port: 5000
[2023-05-23 16:12:15] INFO: SEQUELIZE
[2023-05-23 16:12:15] INFO: Database connection established successfully
[2023-05-23 16:12:20] INFO: POST
[2023-05-23 16:12:30] INFO: App listening on the port: 5000
[2023-05-23 16:12:30] INFO: SEQUELIZE
[2023-05-23 16:12:30] INFO: Database connection established successfully
[2023-05-23 16:12:35] INFO: POST
[2023-05-23 16:13:34] INFO: App listening on the port: 5000
[2023-05-23 16:13:34] INFO: SEQUELIZE
[2023-05-23 16:13:34] INFO: Database connection established successfully
[2023-05-23 16:13:39] INFO: POST
[2023-05-23 16:16:11] INFO: App listening on the port: 5000
[2023-05-23 16:16:11] INFO: SEQUELIZE
[2023-05-23 16:16:11] INFO: Database connection established successfully
[2023-05-23 16:16:16] INFO: POST
