[2023-06-18 11:32:06] INFO: App listening on the port: 5000
[2023-06-18 11:32:06] INFO: SEQUELIZE
[2023-06-18 11:32:06] INFO: Database connection established successfully
[2023-06-18 11:32:11] INFO: POST
[2023-06-18 11:33:21] INFO: SEQUELIZE
[2023-06-18 11:33:21] INFO: Database connection established successfully
[2023-06-18 11:34:25] INFO: SEQUELIZE
[2023-06-18 11:34:25] INFO: Database connection established successfully
[2023-06-18 11:34:44] INFO: SEQUELIZE
[2023-06-18 11:34:44] INFO: Database connection established successfully
[2023-06-18 11:35:02] INFO: SEQUELIZE
[2023-06-18 11:35:02] INFO: Database connection established successfully
[2023-06-18 11:35:22] INFO: SEQUELIZE
[2023-06-18 11:35:22] INFO: Database connection established successfully
[2023-06-18 11:37:08] INFO: SEQUELIZE
[2023-06-18 11:37:08] INFO: Database connection established successfully
[2023-06-18 11:37:40] INFO: App listening on the port: 5000
[2023-06-18 11:37:40] INFO: SEQUELIZE
[2023-06-18 11:37:40] INFO: Database connection established successfully
[2023-06-18 11:37:45] INFO: POST
[2023-06-18 11:38:04] INFO: App listening on the port: 5000
[2023-06-18 11:38:04] INFO: SEQUELIZE
[2023-06-18 11:38:04] INFO: Database connection established successfully
[2023-06-18 11:38:09] INFO: POST
[2023-06-18 12:02:16] INFO: App listening on the port: 5000
[2023-06-18 12:02:16] INFO: SEQUELIZE
[2023-06-18 12:02:16] INFO: Database connection established successfully
[2023-06-18 12:02:21] INFO: POST
[2023-06-18 12:09:21] INFO: App listening on the port: 5000
[2023-06-18 12:09:21] INFO: SEQUELIZE
[2023-06-18 12:09:21] INFO: Database connection established successfully
[2023-06-18 12:09:26] INFO: POST
[2023-06-18 12:10:07] INFO: App listening on the port: 5000
[2023-06-18 12:10:07] INFO: SEQUELIZE
[2023-06-18 12:10:07] INFO: Database connection established successfully
[2023-06-18 12:10:12] INFO: POST
[2023-06-18 12:10:33] INFO: App listening on the port: 5000
[2023-06-18 12:10:33] INFO: SEQUELIZE
[2023-06-18 12:10:33] INFO: Database connection established successfully
[2023-06-18 12:10:38] INFO: POST
[2023-06-18 12:21:01] INFO: App listening on the port: 5000
[2023-06-18 12:21:01] INFO: SEQUELIZE
[2023-06-18 12:21:01] INFO: Database connection established successfully
[2023-06-18 12:21:06] INFO: POST
[2023-06-18 12:21:19] INFO: App listening on the port: 5000
[2023-06-18 12:21:19] INFO: SEQUELIZE
[2023-06-18 12:21:19] INFO: Database connection established successfully
[2023-06-18 12:21:43] INFO: App listening on the port: 5000
[2023-06-18 12:21:43] INFO: SEQUELIZE
[2023-06-18 12:21:43] INFO: Database connection established successfully
[2023-06-18 12:21:48] INFO: POST
[2023-06-18 12:22:47] INFO: App listening on the port: 5000
[2023-06-18 12:22:47] INFO: SEQUELIZE
[2023-06-18 12:22:47] INFO: Database connection established successfully
[2023-06-18 12:22:52] INFO: POST
[2023-06-18 12:26:35] INFO: App listening on the port: 5000
[2023-06-18 12:26:35] INFO: SEQUELIZE
[2023-06-18 12:26:35] INFO: Database connection established successfully
[2023-06-18 12:26:40] INFO: POST
[2023-06-18 12:27:06] INFO: App listening on the port: 5000
[2023-06-18 12:27:06] INFO: SEQUELIZE
[2023-06-18 12:27:06] INFO: Database connection established successfully
[2023-06-18 12:27:42] INFO: App listening on the port: 5000
[2023-06-18 12:27:42] INFO: SEQUELIZE
[2023-06-18 12:27:42] INFO: Database connection established successfully
[2023-06-18 12:27:47] INFO: POST
[2023-06-18 12:28:07] INFO: App listening on the port: 5000
[2023-06-18 12:28:07] INFO: SEQUELIZE
[2023-06-18 12:28:07] INFO: Database connection established successfully
[2023-06-18 12:28:26] INFO: App listening on the port: 5000
[2023-06-18 12:28:26] INFO: SEQUELIZE
[2023-06-18 12:28:26] INFO: Database connection established successfully
[2023-06-18 12:28:31] INFO: POST
[2023-06-18 12:28:47] INFO: SEQUELIZE
[2023-06-18 12:28:47] INFO: Database connection established successfully
[2023-06-18 12:29:38] INFO: App listening on the port: 5000
[2023-06-18 12:29:38] INFO: SEQUELIZE
[2023-06-18 12:29:38] INFO: Database connection established successfully
[2023-06-18 12:29:43] INFO: POST
[2023-06-18 12:32:31] INFO: App listening on the port: 5000
[2023-06-18 12:32:31] INFO: SEQUELIZE
[2023-06-18 12:32:31] INFO: Database connection established successfully
[2023-06-18 12:32:36] INFO: POST
[2023-06-18 12:33:34] INFO: App listening on the port: 5000
[2023-06-18 12:33:34] INFO: SEQUELIZE
[2023-06-18 12:33:34] INFO: Database connection established successfully
[2023-06-18 12:33:39] INFO: POST
[2023-06-18 12:34:24] INFO: App listening on the port: 5000
[2023-06-18 12:34:24] INFO: SEQUELIZE
[2023-06-18 12:34:24] INFO: Database connection established successfully
[2023-06-18 12:34:29] INFO: POST
[2023-06-18 12:35:06] INFO: App listening on the port: 5000
[2023-06-18 12:35:06] INFO: SEQUELIZE
[2023-06-18 12:35:06] INFO: Database connection established successfully
[2023-06-18 12:35:11] INFO: POST
[2023-06-18 12:35:30] INFO: App listening on the port: 5000
[2023-06-18 12:35:30] INFO: SEQUELIZE
[2023-06-18 12:35:30] INFO: Database connection established successfully
[2023-06-18 12:35:50] INFO: App listening on the port: 5000
[2023-06-18 12:35:50] INFO: SEQUELIZE
[2023-06-18 12:35:50] INFO: Database connection established successfully
[2023-06-18 12:35:55] INFO: POST
[2023-06-18 12:36:10] INFO: App listening on the port: 5000
[2023-06-18 12:36:10] INFO: SEQUELIZE
[2023-06-18 12:36:10] INFO: Database connection established successfully
[2023-06-18 12:36:15] INFO: POST
[2023-06-18 14:16:35] ERROR: Wrong authentication token
[2023-06-18 14:16:35] INFO: POST
[2023-06-18 14:16:39] INFO: POST
[2023-06-18 14:17:16] ERROR: Wrong authentication token
[2023-06-18 14:17:16] INFO: POST
[2023-06-18 14:17:19] INFO: POST
[2023-06-18 14:17:45] INFO: SEQUELIZE
[2023-06-18 14:17:45] INFO: SEQUELIZE
[2023-06-18 14:17:45] INFO: SEQUELIZE
[2023-06-18 14:17:45] INFO: SEQUELIZE
[2023-06-18 14:17:45] INFO: SEQUELIZE
[2023-06-18 14:17:45] INFO: SEQUELIZE
[2023-06-18 14:17:45] ERROR: Could not create invoice with all automatic changes!
[2023-06-18 14:17:45] INFO: POST
[2023-06-18 14:17:50] INFO: POST
[2023-06-18 14:17:51] INFO: SEQUELIZE
[2023-06-18 14:17:51] INFO: SEQUELIZE
[2023-06-18 14:17:51] INFO: SEQUELIZE
[2023-06-18 14:17:52] INFO: SEQUELIZE
[2023-06-18 14:17:52] INFO: SEQUELIZE
[2023-06-18 14:17:52] INFO: SEQUELIZE
[2023-06-18 14:17:52] INFO: SEQUELIZE
[2023-06-18 14:17:52] INFO: SEQUELIZE
[2023-06-18 14:17:52] INFO: POST
[2023-06-18 14:17:55] INFO: POST
[2023-06-18 14:18:08] INFO: SEQUELIZE
[2023-06-18 14:18:08] INFO: SEQUELIZE
[2023-06-18 14:18:08] INFO: SEQUELIZE
[2023-06-18 14:18:08] INFO: SEQUELIZE
[2023-06-18 14:18:08] INFO: SEQUELIZE
[2023-06-18 14:18:08] INFO: SEQUELIZE
[2023-06-18 14:18:08] INFO: SEQUELIZE
[2023-06-18 14:18:08] ERROR: Could not create invoice with all automatic changes!
[2023-06-18 14:18:08] INFO: POST
[2023-06-18 14:18:10] INFO: POST
[2023-06-18 14:18:23] INFO: SEQUELIZE
[2023-06-18 14:18:23] INFO: SEQUELIZE
[2023-06-18 14:18:23] INFO: SEQUELIZE
[2023-06-18 14:18:23] INFO: SEQUELIZE
[2023-06-18 14:18:23] INFO: GET
[2023-06-18 14:18:25] INFO: POST
[2023-06-18 14:19:14] INFO: SEQUELIZE
[2023-06-18 14:19:14] INFO: SEQUELIZE
[2023-06-18 14:19:14] INFO: SEQUELIZE
[2023-06-18 14:19:14] INFO: SEQUELIZE
[2023-06-18 14:19:14] INFO: SEQUELIZE
[2023-06-18 14:19:14] INFO: SEQUELIZE
[2023-06-18 14:19:14] INFO: SEQUELIZE
[2023-06-18 14:19:15] INFO: POST
[2023-06-18 14:19:16] INFO: SEQUELIZE
[2023-06-18 14:19:16] INFO: SEQUELIZE
[2023-06-18 14:19:16] INFO: SEQUELIZE
[2023-06-18 14:19:16] INFO: SEQUELIZE
[2023-06-18 14:19:16] INFO: SEQUELIZE
[2023-06-18 14:19:16] INFO: SEQUELIZE
[2023-06-18 14:19:16] INFO: SEQUELIZE
[2023-06-18 14:19:16] INFO: SEQUELIZE
[2023-06-18 14:19:16] ERROR: Could not create invoice with all automatic changes!
[2023-06-18 14:19:16] INFO: POST
[2023-06-18 14:19:20] INFO: POST
[2023-06-18 14:22:05] INFO: App listening on the port: 5000
[2023-06-18 14:22:05] INFO: SEQUELIZE
[2023-06-18 14:22:05] INFO: Database connection established successfully
[2023-06-18 14:22:10] INFO: POST
[2023-06-18 14:22:42] INFO: App listening on the port: 5000
[2023-06-18 14:22:42] INFO: SEQUELIZE
[2023-06-18 14:22:42] INFO: Database connection established successfully
[2023-06-18 14:22:47] INFO: POST
[2023-06-18 14:23:25] INFO: SEQUELIZE
[2023-06-18 14:23:25] INFO: Database connection established successfully
[2023-06-18 14:23:31] INFO: SEQUELIZE
[2023-06-18 14:23:31] INFO: Database connection established successfully
[2023-06-18 14:23:45] INFO: App listening on the port: 5000
[2023-06-18 14:23:45] INFO: SEQUELIZE
[2023-06-18 14:23:45] INFO: Database connection established successfully
[2023-06-18 14:23:50] INFO: POST
[2023-06-18 14:24:04] INFO: App listening on the port: 5000
[2023-06-18 14:24:05] INFO: SEQUELIZE
[2023-06-18 14:24:05] INFO: Database connection established successfully
[2023-06-18 14:24:07] INFO: SEQUELIZE
[2023-06-18 14:24:07] INFO: SEQUELIZE
[2023-06-18 14:24:07] INFO: SEQUELIZE
[2023-06-18 14:24:07] INFO: SEQUELIZE
[2023-06-18 14:24:07] INFO: SEQUELIZE
[2023-06-18 14:24:07] INFO: SEQUELIZE
[2023-06-18 14:24:07] INFO: SEQUELIZE
[2023-06-18 14:24:09] INFO: SEQUELIZE
[2023-06-18 14:24:09] INFO: SEQUELIZE
[2023-06-18 14:24:09] INFO: SEQUELIZE
[2023-06-18 14:24:09] INFO: SEQUELIZE
[2023-06-18 14:24:09] INFO: SEQUELIZE
[2023-06-18 14:24:09] INFO: SEQUELIZE
[2023-06-18 14:24:09] INFO: SEQUELIZE
[2023-06-18 14:24:09] INFO: SEQUELIZE
[2023-06-18 14:24:09] INFO: SEQUELIZE
[2023-06-18 14:24:09] INFO: POST
[2023-06-18 14:24:09] INFO: POST
[2023-06-18 14:25:40] INFO: App listening on the port: 5000
[2023-06-18 14:25:40] INFO: SEQUELIZE
[2023-06-18 14:25:40] INFO: Database connection established successfully
[2023-06-18 14:25:45] INFO: POST
[2023-06-18 14:25:50] INFO: SEQUELIZE
[2023-06-18 14:25:50] INFO: SEQUELIZE
[2023-06-18 14:25:50] INFO: SEQUELIZE
[2023-06-18 14:25:50] INFO: SEQUELIZE
[2023-06-18 14:25:50] ERROR: You have items which are not services!
[2023-06-18 14:25:50] INFO: POST
[2023-06-18 14:25:50] INFO: POST
[2023-06-18 14:25:59] INFO: SEQUELIZE
[2023-06-18 14:25:59] INFO: SEQUELIZE
[2023-06-18 14:25:59] INFO: SEQUELIZE
[2023-06-18 14:25:59] INFO: SEQUELIZE
[2023-06-18 14:25:59] INFO: SEQUELIZE
[2023-06-18 14:25:59] INFO: SEQUELIZE
[2023-06-18 14:25:59] INFO: SEQUELIZE
[2023-06-18 14:26:00] INFO: POST
[2023-06-18 14:26:01] INFO: SEQUELIZE
[2023-06-18 14:26:01] INFO: SEQUELIZE
[2023-06-18 14:26:01] INFO: SEQUELIZE
[2023-06-18 14:26:01] INFO: SEQUELIZE
[2023-06-18 14:26:01] INFO: SEQUELIZE
[2023-06-18 14:26:01] INFO: SEQUELIZE
[2023-06-18 14:26:01] INFO: POST
[2023-06-18 14:26:05] INFO: POST
[2023-06-18 14:26:37] INFO: App listening on the port: 5000
[2023-06-18 14:26:37] INFO: SEQUELIZE
[2023-06-18 14:26:37] INFO: Database connection established successfully
[2023-06-18 14:26:42] INFO: POST
[2023-06-18 14:28:22] INFO: App listening on the port: 5000
[2023-06-18 14:28:23] INFO: SEQUELIZE
[2023-06-18 14:28:23] INFO: Database connection established successfully
[2023-06-18 14:28:27] INFO: POST
[2023-06-18 14:28:39] INFO: App listening on the port: 5000
[2023-06-18 14:28:39] INFO: SEQUELIZE
[2023-06-18 14:28:39] INFO: Database connection established successfully
[2023-06-18 14:28:44] INFO: POST
[2023-06-18 14:29:14] INFO: App listening on the port: 5000
[2023-06-18 14:29:14] INFO: SEQUELIZE
[2023-06-18 14:29:14] INFO: Database connection established successfully
[2023-06-18 14:29:19] INFO: POST
[2023-06-18 14:29:40] INFO: SEQUELIZE
[2023-06-18 14:29:40] INFO: Database connection established successfully
[2023-06-18 14:30:01] INFO: App listening on the port: 5000
[2023-06-18 14:30:01] INFO: SEQUELIZE
[2023-06-18 14:30:01] INFO: Database connection established successfully
[2023-06-18 14:30:06] INFO: POST
[2023-06-18 14:30:42] INFO: App listening on the port: 5000
[2023-06-18 14:30:42] INFO: SEQUELIZE
[2023-06-18 14:30:42] INFO: Database connection established successfully
[2023-06-18 14:30:47] INFO: POST
[2023-06-18 14:31:06] INFO: App listening on the port: 5000
[2023-06-18 14:31:06] INFO: SEQUELIZE
[2023-06-18 14:31:06] INFO: Database connection established successfully
[2023-06-18 14:31:11] INFO: POST
[2023-06-18 14:31:42] INFO: App listening on the port: 5000
[2023-06-18 14:31:42] INFO: SEQUELIZE
[2023-06-18 14:31:42] INFO: Database connection established successfully
[2023-06-18 14:31:47] INFO: POST
[2023-06-18 14:32:07] INFO: App listening on the port: 5000
[2023-06-18 14:32:07] INFO: SEQUELIZE
[2023-06-18 14:32:07] INFO: Database connection established successfully
[2023-06-18 14:32:08] INFO: SEQUELIZE
[2023-06-18 14:32:08] INFO: SEQUELIZE
[2023-06-18 14:32:08] INFO: SEQUELIZE
[2023-06-18 14:32:08] INFO: SEQUELIZE
[2023-06-18 14:32:08] INFO: SEQUELIZE
[2023-06-18 14:32:08] INFO: SEQUELIZE
[2023-06-18 14:32:08] INFO: SEQUELIZE
[2023-06-18 14:32:10] INFO: SEQUELIZE
[2023-06-18 14:32:10] INFO: SEQUELIZE
[2023-06-18 14:32:10] INFO: SEQUELIZE
[2023-06-18 14:32:10] INFO: SEQUELIZE
[2023-06-18 14:32:10] INFO: SEQUELIZE
[2023-06-18 14:32:10] INFO: SEQUELIZE
[2023-06-18 14:32:10] INFO: POST
[2023-06-18 14:32:12] INFO: POST
[2023-06-18 14:33:44] INFO: SEQUELIZE
[2023-06-18 14:33:44] INFO: SEQUELIZE
[2023-06-18 14:33:44] INFO: SEQUELIZE
[2023-06-18 14:33:44] INFO: SEQUELIZE
[2023-06-18 14:33:44] INFO: GET
[2023-06-18 14:33:48] INFO: POST
[2023-06-18 14:33:49] INFO: SEQUELIZE
[2023-06-18 14:33:49] INFO: SEQUELIZE
[2023-06-18 14:33:49] INFO: SEQUELIZE
[2023-06-18 14:33:49] ERROR: Could not find invoice!}
[2023-06-18 14:33:50] INFO: GET
[2023-06-18 14:33:53] INFO: POST
[2023-06-18 14:34:05] INFO: SEQUELIZE
[2023-06-18 14:34:05] INFO: SEQUELIZE
[2023-06-18 14:34:05] INFO: SEQUELIZE
[2023-06-18 14:34:05] INFO: GET
[2023-06-18 14:34:08] INFO: POST
[2023-06-18 14:34:21] INFO: SEQUELIZE
[2023-06-18 14:34:21] INFO: SEQUELIZE
[2023-06-18 14:34:21] INFO: SEQUELIZE
[2023-06-18 14:34:21] INFO: SEQUELIZE
[2023-06-18 14:34:21] INFO: SEQUELIZE
[2023-06-18 14:34:21] INFO: SEQUELIZE
[2023-06-18 14:34:21] INFO: SEQUELIZE
[2023-06-18 14:34:23] INFO: SEQUELIZE
[2023-06-18 14:34:23] INFO: POST
[2023-06-18 14:34:23] INFO: SEQUELIZE
[2023-06-18 14:34:23] INFO: SEQUELIZE
[2023-06-18 14:34:23] INFO: SEQUELIZE
[2023-06-18 14:34:23] INFO: SEQUELIZE
[2023-06-18 14:34:23] INFO: SEQUELIZE
[2023-06-18 14:34:23] INFO: POST
[2023-06-18 14:34:28] INFO: POST
[2023-06-18 14:34:43] INFO: SEQUELIZE
[2023-06-18 14:34:43] INFO: SEQUELIZE
[2023-06-18 14:34:43] INFO: SEQUELIZE
[2023-06-18 14:34:43] INFO: SEQUELIZE
[2023-06-18 14:34:43] INFO: GET
[2023-06-18 14:34:48] INFO: POST
[2023-06-18 14:34:49] INFO: SEQUELIZE
[2023-06-18 14:34:49] INFO: SEQUELIZE
[2023-06-18 14:34:49] INFO: SEQUELIZE
[2023-06-18 14:34:49] ERROR: Validation error: storageLocationId, discountType, comment, currencyId, exchangeRate
[2023-06-18 14:34:49] INFO: POST
[2023-06-18 14:34:53] INFO: POST
[2023-06-18 14:35:02] INFO: SEQUELIZE
[2023-06-18 14:35:02] INFO: SEQUELIZE
[2023-06-18 14:35:02] INFO: SEQUELIZE
[2023-06-18 14:35:02] INFO: SEQUELIZE
[2023-06-18 14:35:02] INFO: SEQUELIZE
[2023-06-18 14:35:02] INFO: SEQUELIZE
[2023-06-18 14:35:02] ERROR: Could not create creditNote!
[2023-06-18 14:35:02] INFO: POST
[2023-06-18 14:35:03] INFO: POST
[2023-06-18 14:39:32] INFO: App listening on the port: 5000
[2023-06-18 14:39:32] INFO: SEQUELIZE
[2023-06-18 14:39:32] INFO: Database connection established successfully
[2023-06-18 14:39:37] INFO: POST
[2023-06-18 14:39:45] INFO: App listening on the port: 5000
[2023-06-18 14:39:45] INFO: SEQUELIZE
[2023-06-18 14:39:45] INFO: Database connection established successfully
[2023-06-18 14:39:50] INFO: POST
[2023-06-18 15:01:05] INFO: App listening on the port: 5000
[2023-06-18 15:01:05] INFO: SEQUELIZE
[2023-06-18 15:01:05] INFO: Database connection established successfully
[2023-06-18 15:01:10] INFO: POST
[2023-06-18 15:01:23] INFO: App listening on the port: 5000
[2023-06-18 15:01:23] INFO: SEQUELIZE
[2023-06-18 15:01:23] INFO: Database connection established successfully
[2023-06-18 15:01:28] INFO: POST
[2023-06-18 15:10:13] INFO: App listening on the port: 5000
[2023-06-18 15:10:13] INFO: SEQUELIZE
[2023-06-18 15:10:13] INFO: Database connection established successfully
[2023-06-18 15:10:18] INFO: POST
[2023-06-18 15:12:57] INFO: App listening on the port: 5000
[2023-06-18 15:12:57] INFO: SEQUELIZE
[2023-06-18 15:12:57] INFO: Database connection established successfully
[2023-06-18 15:13:08] INFO: App listening on the port: 5000
[2023-06-18 15:13:08] INFO: SEQUELIZE
[2023-06-18 15:13:08] INFO: Database connection established successfully
[2023-06-18 15:13:13] INFO: POST
[2023-06-18 15:13:53] INFO: App listening on the port: 5000
[2023-06-18 15:13:53] INFO: SEQUELIZE
[2023-06-18 15:13:53] INFO: Database connection established successfully
[2023-06-18 15:13:58] INFO: POST
[2023-06-18 15:14:13] INFO: SEQUELIZE
[2023-06-18 15:14:13] INFO: SEQUELIZE
[2023-06-18 15:14:13] INFO: SEQUELIZE
[2023-06-18 15:14:13] INFO: SEQUELIZE
[2023-06-18 15:14:13] INFO: SEQUELIZE
[2023-06-18 15:14:13] INFO: SEQUELIZE
[2023-06-18 15:14:13] ERROR: Could not create creditNote!
[2023-06-18 15:14:13] INFO: POST
[2023-06-18 15:14:13] INFO: POST
[2023-06-18 15:16:37] INFO: App listening on the port: 5000
[2023-06-18 15:16:37] INFO: SEQUELIZE
[2023-06-18 15:16:37] INFO: Database connection established successfully
[2023-06-18 15:16:42] INFO: POST
[2023-06-18 15:17:29] INFO: SEQUELIZE
[2023-06-18 15:17:29] INFO: SEQUELIZE
[2023-06-18 15:17:29] INFO: SEQUELIZE
[2023-06-18 15:17:29] INFO: SEQUELIZE
[2023-06-18 15:17:29] INFO: SEQUELIZE
[2023-06-18 15:17:29] INFO: SEQUELIZE
[2023-06-18 15:17:29] ERROR: Could not create creditNote!
[2023-06-18 15:17:29] INFO: POST
[2023-06-18 15:17:32] INFO: POST
[2023-06-18 15:18:11] INFO: App listening on the port: 5000
[2023-06-18 15:18:11] INFO: SEQUELIZE
[2023-06-18 15:18:11] INFO: Database connection established successfully
[2023-06-18 15:18:16] INFO: POST
[2023-06-18 15:24:11] INFO: App listening on the port: 5000
[2023-06-18 15:24:12] INFO: SEQUELIZE
[2023-06-18 15:24:12] INFO: Database connection established successfully
[2023-06-18 15:24:17] INFO: POST
[2023-06-18 15:25:11] INFO: App listening on the port: 5000
[2023-06-18 15:25:12] INFO: SEQUELIZE
[2023-06-18 15:25:12] INFO: Database connection established successfully
[2023-06-18 15:25:23] INFO: App listening on the port: 5000
[2023-06-18 15:25:23] INFO: SEQUELIZE
[2023-06-18 15:25:23] INFO: Database connection established successfully
[2023-06-18 15:25:28] INFO: POST
[2023-06-18 15:26:11] INFO: App listening on the port: 5000
[2023-06-18 15:26:11] INFO: SEQUELIZE
[2023-06-18 15:26:11] INFO: Database connection established successfully
[2023-06-18 15:26:16] INFO: POST
[2023-06-18 15:26:33] INFO: App listening on the port: 5000
[2023-06-18 15:26:34] INFO: SEQUELIZE
[2023-06-18 15:26:34] INFO: Database connection established successfully
[2023-06-18 15:26:45] INFO: App listening on the port: 5000
[2023-06-18 15:26:45] INFO: SEQUELIZE
[2023-06-18 15:26:45] INFO: Database connection established successfully
[2023-06-18 15:26:50] INFO: POST
[2023-06-18 15:27:48] INFO: App listening on the port: 5000
[2023-06-18 15:27:48] INFO: SEQUELIZE
[2023-06-18 15:27:48] INFO: Database connection established successfully
[2023-06-18 15:27:53] INFO: POST
[2023-06-18 15:31:30] INFO: App listening on the port: 5000
[2023-06-18 15:31:30] INFO: SEQUELIZE
[2023-06-18 15:31:30] INFO: Database connection established successfully
[2023-06-18 15:31:35] INFO: POST
[2023-06-18 15:32:13] INFO: App listening on the port: 5000
[2023-06-18 15:32:13] INFO: SEQUELIZE
[2023-06-18 15:32:13] INFO: Database connection established successfully
[2023-06-18 15:32:18] INFO: POST
[2023-06-18 15:32:44] INFO: App listening on the port: 5000
[2023-06-18 15:32:44] INFO: SEQUELIZE
[2023-06-18 15:32:44] INFO: Database connection established successfully
[2023-06-18 15:32:48] INFO: SEQUELIZE
[2023-06-18 15:32:48] INFO: SEQUELIZE
[2023-06-18 15:32:48] INFO: SEQUELIZE
[2023-06-18 15:32:48] INFO: SEQUELIZE
[2023-06-18 15:32:48] INFO: SEQUELIZE
[2023-06-18 15:32:48] INFO: SEQUELIZE
[2023-06-18 15:32:48] ERROR: Could not create creditNote!
[2023-06-18 15:32:48] INFO: POST
[2023-06-18 15:32:49] INFO: POST
[2023-06-18 15:33:29] INFO: App listening on the port: 5000
[2023-06-18 15:33:29] INFO: SEQUELIZE
[2023-06-18 15:33:29] INFO: Database connection established successfully
[2023-06-18 15:33:34] INFO: POST
[2023-06-18 15:34:08] INFO: App listening on the port: 5000
[2023-06-18 15:34:08] INFO: SEQUELIZE
[2023-06-18 15:34:08] INFO: Database connection established successfully
[2023-06-18 15:34:08] INFO: SEQUELIZE
[2023-06-18 15:34:08] INFO: SEQUELIZE
[2023-06-18 15:34:08] INFO: SEQUELIZE
[2023-06-18 15:34:08] INFO: SEQUELIZE
[2023-06-18 15:34:08] INFO: SEQUELIZE
[2023-06-18 15:34:08] INFO: SEQUELIZE
[2023-06-18 15:34:08] ERROR: Could not create creditNote!
[2023-06-18 15:34:09] INFO: POST
[2023-06-18 15:34:13] INFO: POST
[2023-06-18 15:34:47] INFO: App listening on the port: 5000
[2023-06-18 15:34:47] INFO: SEQUELIZE
[2023-06-18 15:34:47] INFO: Database connection established successfully
[2023-06-18 15:34:55] INFO: App listening on the port: 5000
[2023-06-18 15:34:55] INFO: SEQUELIZE
[2023-06-18 15:34:55] INFO: Database connection established successfully
[2023-06-18 15:35:00] INFO: POST
[2023-06-18 15:35:22] INFO: App listening on the port: 5000
[2023-06-18 15:35:22] INFO: SEQUELIZE
[2023-06-18 15:35:22] INFO: Database connection established successfully
[2023-06-18 15:35:22] INFO: SEQUELIZE
[2023-06-18 15:35:22] INFO: SEQUELIZE
[2023-06-18 15:35:22] INFO: SEQUELIZE
[2023-06-18 15:35:22] INFO: SEQUELIZE
[2023-06-18 15:35:22] INFO: SEQUELIZE
[2023-06-18 15:35:22] INFO: SEQUELIZE
[2023-06-18 15:35:22] ERROR: Could not create creditNote!
[2023-06-18 15:35:22] INFO: POST
[2023-06-18 15:35:27] INFO: POST
[2023-06-18 15:37:01] INFO: App listening on the port: 5000
[2023-06-18 15:37:01] INFO: SEQUELIZE
[2023-06-18 15:37:01] INFO: Database connection established successfully
[2023-06-18 15:37:06] INFO: POST
[2023-06-18 15:37:38] INFO: App listening on the port: 5000
[2023-06-18 15:37:38] INFO: SEQUELIZE
[2023-06-18 15:37:38] INFO: Database connection established successfully
[2023-06-18 15:37:43] INFO: POST
[2023-06-18 15:38:49] INFO: App listening on the port: 5000
[2023-06-18 15:38:49] INFO: SEQUELIZE
[2023-06-18 15:38:49] INFO: Database connection established successfully
[2023-06-18 15:38:54] INFO: POST
[2023-06-18 15:39:06] INFO: App listening on the port: 5000
[2023-06-18 15:39:06] INFO: SEQUELIZE
[2023-06-18 15:39:06] INFO: Database connection established successfully
[2023-06-18 15:39:15] INFO: App listening on the port: 5000
[2023-06-18 15:39:15] INFO: SEQUELIZE
[2023-06-18 15:39:15] INFO: Database connection established successfully
[2023-06-18 15:39:20] INFO: POST
[2023-06-18 15:39:26] INFO: App listening on the port: 5000
[2023-06-18 15:39:26] INFO: SEQUELIZE
[2023-06-18 15:39:26] INFO: Database connection established successfully
[2023-06-18 15:39:31] INFO: POST
[2023-06-18 17:27:22] INFO: App listening on the port: 5000
[2023-06-18 17:27:22] INFO: SEQUELIZE
[2023-06-18 17:27:22] INFO: Database connection established successfully
[2023-06-18 17:27:27] INFO: POST
[2023-06-18 17:28:11] INFO: SEQUELIZE
[2023-06-18 17:28:11] INFO: SEQUELIZE
[2023-06-18 17:28:11] INFO: SEQUELIZE
[2023-06-18 17:28:11] INFO: SEQUELIZE
[2023-06-18 17:28:11] INFO: SEQUELIZE
[2023-06-18 17:28:12] INFO: SEQUELIZE
[2023-06-18 17:28:12] ERROR: Could not create creditNote!
[2023-06-18 17:28:12] INFO: POST
[2023-06-18 17:28:12] INFO: POST
[2023-06-18 17:31:00] INFO: App listening on the port: 5000
[2023-06-18 17:31:00] INFO: SEQUELIZE
[2023-06-18 17:31:00] INFO: Database connection established successfully
[2023-06-18 17:31:05] INFO: POST
[2023-06-18 17:31:35] INFO: App listening on the port: 5000
[2023-06-18 17:31:35] INFO: SEQUELIZE
[2023-06-18 17:31:35] INFO: Database connection established successfully
[2023-06-18 17:31:39] INFO: SEQUELIZE
[2023-06-18 17:31:39] INFO: SEQUELIZE
[2023-06-18 17:31:39] INFO: SEQUELIZE
[2023-06-18 17:31:39] INFO: SEQUELIZE
[2023-06-18 17:31:39] INFO: SEQUELIZE
[2023-06-18 17:31:39] INFO: SEQUELIZE
[2023-06-18 17:31:39] ERROR: Could not create creditNote!
[2023-06-18 17:31:39] INFO: POST
[2023-06-18 17:31:40] INFO: POST
[2023-06-18 17:32:41] INFO: App listening on the port: 5000
[2023-06-18 17:32:42] INFO: SEQUELIZE
[2023-06-18 17:32:42] INFO: Database connection established successfully
[2023-06-18 17:32:46] INFO: POST
[2023-06-18 17:32:51] INFO: SEQUELIZE
[2023-06-18 17:32:52] INFO: SEQUELIZE
[2023-06-18 17:32:52] INFO: SEQUELIZE
[2023-06-18 17:32:52] INFO: SEQUELIZE
[2023-06-18 17:32:52] INFO: SEQUELIZE
[2023-06-18 17:32:52] INFO: SEQUELIZE
[2023-06-18 17:32:52] INFO: SEQUELIZE
[2023-06-18 17:32:55] INFO: SEQUELIZE
[2023-06-18 17:32:55] INFO: SEQUELIZE
[2023-06-18 17:32:55] INFO: SEQUELIZE
[2023-06-18 17:32:55] INFO: SEQUELIZE
[2023-06-18 17:32:55] INFO: SEQUELIZE
[2023-06-18 17:32:55] INFO: SEQUELIZE
[2023-06-18 17:32:55] INFO: POST
[2023-06-18 17:32:57] INFO: POST
[2023-06-18 17:33:08] INFO: SEQUELIZE
[2023-06-18 17:33:08] INFO: SEQUELIZE
[2023-06-18 17:33:08] INFO: SEQUELIZE
[2023-06-18 17:33:08] INFO: SEQUELIZE
[2023-06-18 17:33:08] INFO: SEQUELIZE
[2023-06-18 17:33:08] INFO: SEQUELIZE
[2023-06-18 17:33:08] INFO: SEQUELIZE
[2023-06-18 17:33:09] INFO: SEQUELIZE
[2023-06-18 17:33:09] INFO: SEQUELIZE
[2023-06-18 17:33:09] INFO: SEQUELIZE
[2023-06-18 17:33:09] ERROR: Could not create creditNote!
[2023-06-18 17:33:09] INFO: POST
[2023-06-18 17:33:12] INFO: POST
[2023-06-18 17:33:50] INFO: App listening on the port: 5000
[2023-06-18 17:33:50] INFO: SEQUELIZE
[2023-06-18 17:33:50] INFO: Database connection established successfully
[2023-06-18 17:33:53] INFO: SEQUELIZE
[2023-06-18 17:33:53] INFO: SEQUELIZE
[2023-06-18 17:33:53] INFO: SEQUELIZE
[2023-06-18 17:33:53] INFO: SEQUELIZE
[2023-06-18 17:33:53] INFO: SEQUELIZE
[2023-06-18 17:33:53] INFO: SEQUELIZE
[2023-06-18 17:33:53] INFO: SEQUELIZE
[2023-06-18 17:33:54] INFO: SEQUELIZE
[2023-06-18 17:33:54] INFO: SEQUELIZE
[2023-06-18 17:33:54] INFO: SEQUELIZE
[2023-06-18 17:33:54] INFO: SEQUELIZE
[2023-06-18 17:33:54] INFO: POST
[2023-06-18 17:33:55] INFO: POST
[2023-06-18 17:34:07] INFO: SEQUELIZE
[2023-06-18 17:34:07] INFO: SEQUELIZE
[2023-06-18 17:34:07] INFO: SEQUELIZE
[2023-06-18 17:34:08] INFO: SEQUELIZE
[2023-06-18 17:34:08] INFO: SEQUELIZE
[2023-06-18 17:34:08] INFO: SEQUELIZE
[2023-06-18 17:34:08] ERROR: Could not create creditNote!
[2023-06-18 17:34:08] INFO: POST
[2023-06-18 17:34:10] INFO: POST
[2023-06-18 17:35:12] INFO: App listening on the port: 5000
[2023-06-18 17:35:12] INFO: SEQUELIZE
[2023-06-18 17:35:12] INFO: Database connection established successfully
[2023-06-18 17:35:15] INFO: SEQUELIZE
[2023-06-18 17:35:15] INFO: SEQUELIZE
[2023-06-18 17:35:15] INFO: SEQUELIZE
[2023-06-18 17:35:15] INFO: SEQUELIZE
[2023-06-18 17:35:15] INFO: SEQUELIZE
[2023-06-18 17:35:16] INFO: SEQUELIZE
[2023-06-18 17:35:16] ERROR: Could not create creditNote!
[2023-06-18 17:35:16] INFO: POST
[2023-06-18 17:35:17] INFO: POST
[2023-06-18 17:36:07] INFO: App listening on the port: 5000
[2023-06-18 17:36:07] INFO: SEQUELIZE
[2023-06-18 17:36:07] INFO: Database connection established successfully
[2023-06-18 17:36:12] INFO: POST
[2023-06-18 17:36:16] INFO: SEQUELIZE
[2023-06-18 17:36:16] INFO: SEQUELIZE
[2023-06-18 17:36:16] INFO: SEQUELIZE
[2023-06-18 17:36:16] INFO: SEQUELIZE
[2023-06-18 17:36:16] INFO: SEQUELIZE
[2023-06-18 17:36:16] INFO: SEQUELIZE
[2023-06-18 17:36:16] ERROR: Could not create creditNote!
[2023-06-18 17:36:16] INFO: POST
[2023-06-18 17:36:17] INFO: POST
[2023-06-18 17:36:21] INFO: SEQUELIZE
[2023-06-18 17:36:21] INFO: SEQUELIZE
[2023-06-18 17:36:21] INFO: SEQUELIZE
[2023-06-18 17:36:21] INFO: SEQUELIZE
[2023-06-18 17:36:21] INFO: SEQUELIZE
[2023-06-18 17:36:21] INFO: SEQUELIZE
[2023-06-18 17:36:21] ERROR: Could not create creditNote!
[2023-06-18 17:36:21] INFO: POST
[2023-06-18 17:36:22] INFO: POST
[2023-06-18 17:38:29] INFO: App listening on the port: 5000
[2023-06-18 17:38:29] INFO: SEQUELIZE
[2023-06-18 17:38:29] INFO: Database connection established successfully
[2023-06-18 17:38:34] INFO: POST
[2023-06-18 17:40:50] INFO: SEQUELIZE
[2023-06-18 17:40:50] INFO: SEQUELIZE
[2023-06-18 17:40:50] INFO: SEQUELIZE
[2023-06-18 17:40:50] INFO: SEQUELIZE
[2023-06-18 17:40:50] INFO: SEQUELIZE
[2023-06-18 17:40:51] INFO: SEQUELIZE
[2023-06-18 17:40:51] ERROR: Could not create creditNote!
[2023-06-18 17:40:51] INFO: POST
[2023-06-18 17:40:54] INFO: POST
[2023-06-18 17:43:25] INFO: SEQUELIZE
[2023-06-18 17:43:25] INFO: SEQUELIZE
[2023-06-18 17:43:25] INFO: SEQUELIZE
[2023-06-18 17:43:25] INFO: SEQUELIZE
[2023-06-18 17:43:25] INFO: SEQUELIZE
[2023-06-18 17:43:25] INFO: SEQUELIZE
[2023-06-18 17:43:25] ERROR: Could not create creditNote!
[2023-06-18 17:43:25] INFO: POST
[2023-06-18 17:43:29] INFO: POST
[2023-06-18 17:43:29] INFO: SEQUELIZE
[2023-06-18 17:43:30] INFO: SEQUELIZE
[2023-06-18 17:43:30] INFO: SEQUELIZE
[2023-06-18 17:43:30] INFO: SEQUELIZE
[2023-06-18 17:43:30] INFO: GET
[2023-06-18 17:43:34] INFO: POST
[2023-06-18 17:44:22] INFO: SEQUELIZE
[2023-06-18 17:44:22] INFO: SEQUELIZE
[2023-06-18 17:44:22] INFO: SEQUELIZE
[2023-06-18 17:44:22] INFO: GET
[2023-06-18 17:44:25] INFO: POST
[2023-06-18 17:45:23] INFO: SEQUELIZE
[2023-06-18 17:45:23] INFO: SEQUELIZE
[2023-06-18 17:45:23] INFO: SEQUELIZE
[2023-06-18 17:45:23] INFO: SEQUELIZE
[2023-06-18 17:45:23] INFO: SEQUELIZE
[2023-06-18 17:45:24] INFO: SEQUELIZE
[2023-06-18 17:45:24] ERROR: Could not create creditNote!
[2023-06-18 17:45:24] INFO: POST
[2023-06-18 17:45:25] INFO: POST
[2023-06-18 17:48:26] INFO: App listening on the port: 5000
[2023-06-18 17:48:26] INFO: SEQUELIZE
[2023-06-18 17:48:26] INFO: Database connection established successfully
[2023-06-18 17:48:31] INFO: POST
[2023-06-18 17:48:32] INFO: SEQUELIZE
[2023-06-18 17:48:32] INFO: SEQUELIZE
[2023-06-18 17:48:32] INFO: SEQUELIZE
[2023-06-18 17:48:32] INFO: SEQUELIZE
[2023-06-18 17:48:32] INFO: SEQUELIZE
[2023-06-18 17:48:32] INFO: SEQUELIZE
[2023-06-18 17:48:32] ERROR: Could not create creditNote!
[2023-06-18 17:48:32] INFO: POST
[2023-06-18 17:48:36] INFO: POST
[2023-06-18 17:50:26] INFO: App listening on the port: 5000
[2023-06-18 17:50:26] INFO: SEQUELIZE
[2023-06-18 17:50:26] INFO: Database connection established successfully
[2023-06-18 17:50:31] INFO: POST
[2023-06-18 17:50:59] INFO: SEQUELIZE
[2023-06-18 17:50:59] INFO: SEQUELIZE
[2023-06-18 17:50:59] INFO: SEQUELIZE
[2023-06-18 17:50:59] INFO: SEQUELIZE
[2023-06-18 17:50:59] INFO: SEQUELIZE
[2023-06-18 17:50:59] INFO: SEQUELIZE
[2023-06-18 17:50:59] INFO: SEQUELIZE
[2023-06-18 17:51:00] INFO: SEQUELIZE
[2023-06-18 17:51:00] INFO: SEQUELIZE
[2023-06-18 17:51:00] INFO: SEQUELIZE
[2023-06-18 17:51:01] INFO: SEQUELIZE
[2023-06-18 17:51:01] INFO: POST
[2023-06-18 17:51:01] INFO: POST
[2023-06-18 17:51:37] INFO: App listening on the port: 5000
[2023-06-18 17:51:37] INFO: SEQUELIZE
[2023-06-18 17:51:37] INFO: Database connection established successfully
[2023-06-18 17:51:42] INFO: POST
[2023-06-18 17:52:25] INFO: App listening on the port: 5000
[2023-06-18 17:52:25] INFO: SEQUELIZE
[2023-06-18 17:52:25] INFO: Database connection established successfully
[2023-06-18 17:52:30] INFO: POST
[2023-06-18 17:56:32] INFO: App listening on the port: 5000
[2023-06-18 17:56:32] INFO: SEQUELIZE
[2023-06-18 17:56:32] INFO: Database connection established successfully
[2023-06-18 17:56:37] INFO: POST
[2023-06-18 17:57:56] INFO: App listening on the port: 5000
[2023-06-18 17:57:56] INFO: SEQUELIZE
[2023-06-18 17:57:56] INFO: Database connection established successfully
[2023-06-18 17:58:01] INFO: POST
[2023-06-18 18:00:01] INFO: App listening on the port: 5000
[2023-06-18 18:00:01] INFO: SEQUELIZE
[2023-06-18 18:00:01] INFO: Database connection established successfully
[2023-06-18 18:00:06] INFO: POST
[2023-06-18 18:02:20] INFO: App listening on the port: 5000
[2023-06-18 18:02:20] INFO: SEQUELIZE
[2023-06-18 18:02:20] INFO: Database connection established successfully
[2023-06-18 18:02:25] INFO: POST
[2023-06-18 18:02:51] INFO: App listening on the port: 5000
[2023-06-18 18:02:51] INFO: SEQUELIZE
[2023-06-18 18:02:51] INFO: Database connection established successfully
[2023-06-18 18:02:56] INFO: POST
[2023-06-18 18:04:48] INFO: App listening on the port: 5000
[2023-06-18 18:04:48] INFO: SEQUELIZE
[2023-06-18 18:04:48] INFO: Database connection established successfully
[2023-06-18 18:04:53] INFO: POST
[2023-06-18 22:01:43] INFO: App listening on the port: 5000
[2023-06-18 22:01:43] INFO: SEQUELIZE
[2023-06-18 22:01:43] INFO: Database connection established successfully
[2023-06-18 22:01:48] INFO: POST
[2023-06-18 22:03:30] INFO: SEQUELIZE
[2023-06-18 22:03:30] INFO: SEQUELIZE
[2023-06-18 22:03:30] INFO: SEQUELIZE
[2023-06-18 22:03:30] INFO: SEQUELIZE
[2023-06-18 22:03:30] INFO: SEQUELIZE
[2023-06-18 22:03:30] INFO: SEQUELIZE
[2023-06-18 22:03:30] INFO: SEQUELIZE
[2023-06-18 22:03:32] INFO: SEQUELIZE
[2023-06-18 22:03:32] INFO: SEQUELIZE
[2023-06-18 22:03:32] INFO: SEQUELIZE
[2023-06-18 22:03:32] INFO: SEQUELIZE
[2023-06-18 22:03:32] INFO: POST
[2023-06-18 22:03:34] INFO: POST
[2023-06-18 22:04:39] INFO: SEQUELIZE
[2023-06-18 22:04:39] INFO: SEQUELIZE
[2023-06-18 22:04:39] INFO: SEQUELIZE
[2023-06-18 22:04:40] INFO: GET
[2023-06-18 22:04:44] INFO: POST
[2023-06-18 22:05:02] INFO: SEQUELIZE
[2023-06-18 22:05:02] INFO: SEQUELIZE
[2023-06-18 22:05:02] INFO: SEQUELIZE
[2023-06-18 22:05:03] INFO: GET
[2023-06-18 22:05:04] INFO: POST
[2023-06-18 22:07:28] INFO: SEQUELIZE
[2023-06-18 22:07:29] INFO: POST
[2023-06-18 22:07:29] INFO: POST
[2023-06-18 22:07:43] INFO: SEQUELIZE
[2023-06-18 22:07:44] INFO: GET
[2023-06-18 22:07:44] INFO: POST
[2023-06-18 22:13:27] INFO: App listening on the port: 5000
[2023-06-18 22:13:27] INFO: SEQUELIZE
[2023-06-18 22:13:27] INFO: Database connection established successfully
[2023-06-18 22:13:45] INFO: App listening on the port: 5000
[2023-06-18 22:13:45] INFO: SEQUELIZE
[2023-06-18 22:13:45] INFO: Database connection established successfully
[2023-06-18 22:13:50] INFO: POST
