[2023-06-01 10:57:13] INFO: App listening on the port: 5000
[2023-06-01 10:57:13] INFO: SEQUELIZE
[2023-06-01 10:57:13] INFO: Database connection established successfully
[2023-06-01 10:57:18] INFO: POST
[2023-06-01 10:57:36] INFO: SEQUELIZE
[2023-06-01 10:57:36] INFO: SEQUELIZE
[2023-06-01 10:57:36] INFO: SEQUELIZE
[2023-06-01 10:57:36] INFO: SEQUELIZE
[2023-06-01 10:57:38] INFO: POST
[2023-06-01 10:57:39] INFO: SEQUELIZE
[2023-06-01 10:57:39] INFO: SEQUELIZE
[2023-06-01 10:57:39] INFO: POST
[2023-06-01 10:57:43] INFO: POST
[2023-06-01 11:03:01] INFO: App listening on the port: 5000
[2023-06-01 11:03:01] INFO: SEQUELIZE
[2023-06-01 11:03:01] INFO: Database connection established successfully
[2023-06-01 11:03:06] INFO: App listening on the port: 5000
[2023-06-01 11:03:06] INFO: SEQUELIZE
[2023-06-01 11:03:06] INFO: Database connection established successfully
[2023-06-01 11:03:11] INFO: POST
[2023-06-01 11:03:27] INFO: SEQUELIZE
[2023-06-01 11:03:27] INFO: Database connection established successfully
[2023-06-01 11:03:35] INFO: App listening on the port: 5000
[2023-06-01 11:03:35] INFO: SEQUELIZE
[2023-06-01 11:03:35] INFO: Database connection established successfully
[2023-06-01 11:03:43] INFO: App listening on the port: 5000
[2023-06-01 11:03:43] INFO: SEQUELIZE
[2023-06-01 11:03:43] INFO: Database connection established successfully
[2023-06-01 11:03:48] INFO: POST
[2023-06-01 11:03:51] INFO: SEQUELIZE
[2023-06-01 11:03:51] INFO: SEQUELIZE
[2023-06-01 11:03:51] INFO: SEQUELIZE
[2023-06-01 11:03:51] INFO: SEQUELIZE
[2023-06-01 11:03:53] INFO: POST
[2023-06-01 11:03:54] INFO: SEQUELIZE
[2023-06-01 11:03:54] INFO: SEQUELIZE
[2023-06-01 11:03:55] INFO: POST
[2023-06-01 11:03:58] INFO: POST
[2023-06-01 11:04:11] INFO: SEQUELIZE
[2023-06-01 11:04:12] INFO: SEQUELIZE
[2023-06-01 11:04:12] INFO: SEQUELIZE
[2023-06-01 11:04:12] INFO: SEQUELIZE
[2023-06-01 11:04:13] INFO: POST
[2023-06-01 11:04:15] INFO: SEQUELIZE
[2023-06-01 11:04:15] INFO: SEQUELIZE
[2023-06-01 11:04:15] INFO: POST
[2023-06-01 11:04:18] INFO: POST
[2023-06-01 11:06:22] INFO: SEQUELIZE
[2023-06-01 11:06:22] INFO: Database connection established successfully
[2023-06-01 11:06:36] INFO: SEQUELIZE
[2023-06-01 11:06:36] INFO: Database connection established successfully
[2023-06-01 11:06:43] INFO: App listening on the port: 5000
[2023-06-01 11:06:43] INFO: SEQUELIZE
[2023-06-01 11:06:43] INFO: Database connection established successfully
[2023-06-01 11:06:48] INFO: POST
[2023-06-01 11:06:50] INFO: SEQUELIZE
[2023-06-01 11:06:50] INFO: SEQUELIZE
[2023-06-01 11:06:50] INFO: SEQUELIZE
[2023-06-01 11:06:50] INFO: SEQUELIZE
[2023-06-01 11:06:53] INFO: POST
[2023-06-01 11:06:54] INFO: SEQUELIZE
[2023-06-01 11:06:54] INFO: SEQUELIZE
[2023-06-01 11:06:54] INFO: POST
[2023-06-01 11:06:58] INFO: POST
[2023-06-01 11:08:01] INFO: SEQUELIZE
[2023-06-01 11:08:01] INFO: Database connection established successfully
[2023-06-01 11:08:10] INFO: App listening on the port: 5000
[2023-06-01 11:08:10] INFO: SEQUELIZE
[2023-06-01 11:08:10] INFO: Database connection established successfully
[2023-06-01 11:08:16] INFO: SEQUELIZE
[2023-06-01 11:08:16] INFO: Database connection established successfully
[2023-06-01 11:09:15] INFO: SEQUELIZE
[2023-06-01 11:09:15] INFO: Database connection established successfully
[2023-06-01 11:09:23] INFO: App listening on the port: 5000
[2023-06-01 11:09:23] INFO: SEQUELIZE
[2023-06-01 11:09:23] INFO: Database connection established successfully
[2023-06-01 11:09:25] INFO: SEQUELIZE
[2023-06-01 11:09:25] INFO: SEQUELIZE
[2023-06-01 11:09:25] INFO: SEQUELIZE
[2023-06-01 11:09:25] INFO: SEQUELIZE
[2023-06-01 11:09:28] INFO: POST
[2023-06-01 11:10:26] INFO: App listening on the port: 5000
[2023-06-01 11:10:26] INFO: SEQUELIZE
[2023-06-01 11:10:26] INFO: Database connection established successfully
[2023-06-01 11:10:31] INFO: POST
[2023-06-01 11:10:37] INFO: SEQUELIZE
[2023-06-01 11:10:37] INFO: SEQUELIZE
[2023-06-01 11:10:37] INFO: SEQUELIZE
[2023-06-01 11:10:37] INFO: SEQUELIZE
[2023-06-01 11:10:41] INFO: POST
[2023-06-01 11:11:31] INFO: App listening on the port: 5000
[2023-06-01 11:11:31] INFO: SEQUELIZE
[2023-06-01 11:11:31] INFO: Database connection established successfully
[2023-06-01 11:11:34] INFO: SEQUELIZE
[2023-06-01 11:11:34] INFO: SEQUELIZE
[2023-06-01 11:11:34] INFO: SEQUELIZE
[2023-06-01 11:11:35] INFO: SEQUELIZE
[2023-06-01 11:11:36] INFO: POST
[2023-06-01 11:11:37] ERROR: Could not generate document!
[2023-06-01 11:11:37] INFO: POST
[2023-06-01 11:11:41] INFO: POST
[2023-06-01 11:12:04] INFO: App listening on the port: 5000
[2023-06-01 11:12:04] INFO: SEQUELIZE
[2023-06-01 11:12:04] INFO: Database connection established successfully
[2023-06-01 11:12:07] INFO: SEQUELIZE
[2023-06-01 11:12:07] INFO: SEQUELIZE
[2023-06-01 11:12:07] INFO: SEQUELIZE
[2023-06-01 11:12:07] INFO: SEQUELIZE
[2023-06-01 11:12:09] INFO: POST
[2023-06-01 11:12:10] ERROR: Could not generate document!
[2023-06-01 11:12:10] INFO: POST
[2023-06-01 11:12:14] INFO: POST
[2023-06-01 11:14:08] INFO: App listening on the port: 5000
[2023-06-01 11:14:08] INFO: SEQUELIZE
[2023-06-01 11:14:08] INFO: Database connection established successfully
[2023-06-01 11:14:11] INFO: SEQUELIZE
[2023-06-01 11:14:11] INFO: SEQUELIZE
[2023-06-01 11:14:11] INFO: SEQUELIZE
[2023-06-01 11:14:11] INFO: SEQUELIZE
[2023-06-01 11:14:13] INFO: POST
[2023-06-01 11:14:14] INFO: SEQUELIZE
[2023-06-01 11:14:14] INFO: SEQUELIZE
[2023-06-01 11:14:14] INFO: POST
[2023-06-01 11:14:18] INFO: POST
[2023-06-01 11:14:35] INFO: App listening on the port: 5000
[2023-06-01 11:14:35] INFO: SEQUELIZE
[2023-06-01 11:14:35] INFO: Database connection established successfully
[2023-06-01 11:14:40] INFO: POST
[2023-06-01 11:14:45] INFO: SEQUELIZE
[2023-06-01 11:14:45] INFO: SEQUELIZE
[2023-06-01 11:14:45] INFO: SEQUELIZE
[2023-06-01 11:14:45] INFO: SEQUELIZE
[2023-06-01 11:14:48] INFO: SEQUELIZE
[2023-06-01 11:14:48] INFO: SEQUELIZE
[2023-06-01 11:14:48] INFO: POST
[2023-06-01 11:14:50] INFO: POST
[2023-06-01 11:15:13] INFO: App listening on the port: 5000
[2023-06-01 11:15:13] INFO: SEQUELIZE
[2023-06-01 11:15:13] INFO: Database connection established successfully
[2023-06-01 11:15:18] INFO: POST
[2023-06-01 11:16:49] INFO: App listening on the port: 5000
[2023-06-01 11:16:49] INFO: SEQUELIZE
[2023-06-01 11:16:49] INFO: Database connection established successfully
[2023-06-01 11:16:54] INFO: POST
[2023-06-01 11:17:14] INFO: App listening on the port: 5000
[2023-06-01 11:17:14] INFO: SEQUELIZE
[2023-06-01 11:17:14] INFO: Database connection established successfully
[2023-06-01 11:17:19] INFO: POST
[2023-06-01 11:17:20] INFO: SEQUELIZE
[2023-06-01 11:17:20] INFO: SEQUELIZE
[2023-06-01 11:17:20] INFO: SEQUELIZE
[2023-06-01 11:17:20] INFO: SEQUELIZE
[2023-06-01 11:17:22] INFO: POST
[2023-06-01 11:17:24] INFO: POST
[2023-06-01 11:18:07] INFO: App listening on the port: 5000
[2023-06-01 11:18:07] INFO: SEQUELIZE
[2023-06-01 11:18:07] INFO: Database connection established successfully
[2023-06-01 11:18:10] INFO: SEQUELIZE
[2023-06-01 11:18:10] INFO: SEQUELIZE
[2023-06-01 11:18:10] INFO: SEQUELIZE
[2023-06-01 11:18:10] INFO: SEQUELIZE
[2023-06-01 11:18:12] INFO: POST
[2023-06-01 11:18:12] INFO: POST
[2023-06-01 11:18:17] INFO: POST
[2023-06-01 11:19:35] INFO: App listening on the port: 5000
[2023-06-01 11:19:35] INFO: SEQUELIZE
[2023-06-01 11:19:35] INFO: Database connection established successfully
[2023-06-01 11:19:40] INFO: POST
[2023-06-01 11:20:11] INFO: App listening on the port: 5000
[2023-06-01 11:20:11] INFO: SEQUELIZE
[2023-06-01 11:20:11] INFO: Database connection established successfully
[2023-06-01 11:20:16] INFO: POST
[2023-06-01 11:20:29] INFO: SEQUELIZE
[2023-06-01 11:20:29] INFO: SEQUELIZE
[2023-06-01 11:20:29] INFO: SEQUELIZE
[2023-06-01 11:20:29] INFO: SEQUELIZE
[2023-06-01 11:20:31] INFO: POST
[2023-06-01 11:20:32] INFO: POST
[2023-06-01 11:20:36] INFO: POST
[2023-06-01 11:21:29] INFO: App listening on the port: 5000
[2023-06-01 11:21:29] INFO: SEQUELIZE
[2023-06-01 11:21:29] INFO: Database connection established successfully
[2023-06-01 11:21:34] INFO: POST
[2023-06-01 11:21:42] INFO: SEQUELIZE
[2023-06-01 11:21:42] INFO: SEQUELIZE
[2023-06-01 11:21:42] INFO: SEQUELIZE
[2023-06-01 11:21:43] INFO: SEQUELIZE
[2023-06-01 11:21:44] INFO: POST
[2023-06-01 11:21:50] INFO: App listening on the port: 5000
[2023-06-01 11:21:50] INFO: SEQUELIZE
[2023-06-01 11:21:50] INFO: Database connection established successfully
[2023-06-01 11:22:02] INFO: App listening on the port: 5000
[2023-06-01 11:22:02] INFO: SEQUELIZE
[2023-06-01 11:22:02] INFO: Database connection established successfully
[2023-06-01 11:22:04] INFO: SEQUELIZE
[2023-06-01 11:22:04] INFO: SEQUELIZE
[2023-06-01 11:22:04] INFO: SEQUELIZE
[2023-06-01 11:22:04] INFO: SEQUELIZE
[2023-06-01 11:22:07] INFO: POST
[2023-06-01 11:22:07] INFO: POST
[2023-06-01 11:22:36] INFO: App listening on the port: 5000
[2023-06-01 11:22:36] INFO: SEQUELIZE
[2023-06-01 11:22:36] INFO: Database connection established successfully
[2023-06-01 11:22:41] INFO: POST
[2023-06-01 11:22:41] INFO: SEQUELIZE
[2023-06-01 11:22:41] INFO: SEQUELIZE
[2023-06-01 11:22:41] INFO: SEQUELIZE
[2023-06-01 11:22:41] INFO: SEQUELIZE
[2023-06-01 11:22:44] INFO: POST
[2023-06-01 11:22:46] INFO: POST
[2023-06-01 11:27:09] INFO: App listening on the port: 5000
[2023-06-01 11:27:09] INFO: SEQUELIZE
[2023-06-01 11:27:09] INFO: Database connection established successfully
[2023-06-01 11:27:14] INFO: POST
[2023-06-01 11:27:17] INFO: SEQUELIZE
[2023-06-01 11:27:17] INFO: SEQUELIZE
[2023-06-01 11:27:17] INFO: SEQUELIZE
[2023-06-01 11:27:17] INFO: SEQUELIZE
[2023-06-01 11:27:19] INFO: POST
[2023-06-01 11:27:20] INFO: POST
[2023-06-01 11:27:24] INFO: POST
[2023-06-01 11:27:43] INFO: App listening on the port: 5000
[2023-06-01 11:27:43] INFO: SEQUELIZE
[2023-06-01 11:27:43] INFO: Database connection established successfully
[2023-06-01 11:27:46] INFO: SEQUELIZE
[2023-06-01 11:27:46] INFO: SEQUELIZE
[2023-06-01 11:27:46] INFO: SEQUELIZE
[2023-06-01 11:27:46] INFO: SEQUELIZE
[2023-06-01 11:27:48] INFO: POST
[2023-06-01 11:27:48] INFO: POST
[2023-06-01 11:27:53] INFO: POST
[2023-06-01 11:28:07] INFO: App listening on the port: 5000
[2023-06-01 11:28:07] INFO: SEQUELIZE
[2023-06-01 11:28:07] INFO: Database connection established successfully
[2023-06-01 11:28:12] INFO: POST
[2023-06-01 11:29:10] INFO: App listening on the port: 5000
[2023-06-01 11:29:10] INFO: SEQUELIZE
[2023-06-01 11:29:10] INFO: Database connection established successfully
[2023-06-01 11:29:15] INFO: POST
[2023-06-01 11:29:28] INFO: SEQUELIZE
[2023-06-01 11:29:28] INFO: SEQUELIZE
[2023-06-01 11:29:28] INFO: SEQUELIZE
[2023-06-01 11:29:28] INFO: SEQUELIZE
[2023-06-01 11:29:30] INFO: POST
[2023-06-01 11:29:31] INFO: POST
[2023-06-01 11:29:35] INFO: POST
[2023-06-01 11:29:47] INFO: App listening on the port: 5000
[2023-06-01 11:29:47] INFO: SEQUELIZE
[2023-06-01 11:29:47] INFO: Database connection established successfully
[2023-06-01 11:29:48] INFO: SEQUELIZE
[2023-06-01 11:29:49] INFO: SEQUELIZE
[2023-06-01 11:29:49] INFO: SEQUELIZE
[2023-06-01 11:29:49] INFO: SEQUELIZE
[2023-06-01 11:29:51] INFO: POST
[2023-06-01 11:29:52] INFO: POST
[2023-06-01 11:30:03] INFO: App listening on the port: 5000
[2023-06-01 11:30:03] INFO: SEQUELIZE
[2023-06-01 11:30:03] INFO: Database connection established successfully
[2023-06-01 11:30:08] INFO: POST
[2023-06-01 11:30:17] INFO: SEQUELIZE
[2023-06-01 11:30:17] INFO: SEQUELIZE
[2023-06-01 11:30:17] INFO: SEQUELIZE
[2023-06-01 11:30:17] INFO: SEQUELIZE
[2023-06-01 11:30:18] INFO: POST
[2023-06-01 11:30:20] INFO: POST
[2023-06-01 11:30:23] INFO: POST
[2023-06-01 11:53:30] INFO: App listening on the port: 5000
[2023-06-01 11:53:31] INFO: SEQUELIZE
[2023-06-01 11:53:31] INFO: Database connection established successfully
[2023-06-01 11:53:33] INFO: SEQUELIZE
[2023-06-01 11:53:33] INFO: SEQUELIZE
[2023-06-01 11:53:33] INFO: SEQUELIZE
[2023-06-01 11:53:33] INFO: SEQUELIZE
[2023-06-01 11:53:36] INFO: POST
[2023-06-01 11:53:37] INFO: POST
[2023-06-01 11:53:41] INFO: POST
[2023-06-01 11:54:27] INFO: App listening on the port: 5000
[2023-06-01 11:54:28] INFO: SEQUELIZE
[2023-06-01 11:54:28] INFO: Database connection established successfully
[2023-06-01 11:54:32] INFO: POST
[2023-06-01 11:56:12] INFO: App listening on the port: 5000
[2023-06-01 11:56:12] INFO: SEQUELIZE
[2023-06-01 11:56:12] INFO: Database connection established successfully
[2023-06-01 11:56:17] INFO: POST
[2023-06-01 11:56:28] INFO: App listening on the port: 5000
[2023-06-01 11:56:28] INFO: SEQUELIZE
[2023-06-01 11:56:28] INFO: Database connection established successfully
[2023-06-01 11:56:33] INFO: POST
[2023-06-01 11:57:34] INFO: SEQUELIZE
[2023-06-01 11:57:34] INFO: Database connection established successfully
[2023-06-01 11:58:09] INFO: SEQUELIZE
[2023-06-01 11:58:09] INFO: Database connection established successfully
[2023-06-01 11:58:35] INFO: App listening on the port: 5000
[2023-06-01 11:58:35] INFO: SEQUELIZE
[2023-06-01 11:58:35] INFO: Database connection established successfully
[2023-06-01 11:58:40] INFO: POST
[2023-06-01 12:01:18] INFO: GET
[2023-06-01 12:01:20] INFO: POST
[2023-06-01 12:04:40] INFO: App listening on the port: 5000
[2023-06-01 12:04:40] INFO: SEQUELIZE
[2023-06-01 12:04:40] INFO: Database connection established successfully
[2023-06-01 12:04:53] INFO: App listening on the port: 5000
[2023-06-01 12:04:53] INFO: SEQUELIZE
[2023-06-01 12:04:53] INFO: Database connection established successfully
[2023-06-01 12:05:07] INFO: App listening on the port: 5000
[2023-06-01 12:05:07] INFO: SEQUELIZE
[2023-06-01 12:05:07] INFO: Database connection established successfully
[2023-06-01 12:05:12] INFO: POST
[2023-06-01 12:05:33] INFO: App listening on the port: 5000
[2023-06-01 12:05:34] INFO: SEQUELIZE
[2023-06-01 12:05:34] INFO: Database connection established successfully
[2023-06-01 12:05:38] INFO: POST
[2023-06-01 12:05:50] INFO: App listening on the port: 5000
[2023-06-01 12:05:50] INFO: SEQUELIZE
[2023-06-01 12:05:50] INFO: Database connection established successfully
[2023-06-01 12:05:51] INFO: SEQUELIZE
[2023-06-01 12:05:51] INFO: SEQUELIZE
[2023-06-01 12:05:51] INFO: SEQUELIZE
[2023-06-01 12:05:55] INFO: POST
[2023-06-01 12:08:56] INFO: App listening on the port: 5000
[2023-06-01 12:08:56] INFO: SEQUELIZE
[2023-06-01 12:08:56] INFO: Database connection established successfully
[2023-06-01 12:09:01] INFO: POST
[2023-06-01 12:09:04] INFO: GET
[2023-06-01 12:09:06] INFO: POST
[2023-06-01 12:09:58] INFO: App listening on the port: 5000
[2023-06-01 12:09:58] INFO: SEQUELIZE
[2023-06-01 12:09:58] INFO: Database connection established successfully
[2023-06-01 12:09:59] INFO: GET
[2023-06-01 12:10:03] INFO: POST
[2023-06-01 12:11:00] INFO: App listening on the port: 5000
[2023-06-01 12:11:00] INFO: SEQUELIZE
[2023-06-01 12:11:00] INFO: Database connection established successfully
[2023-06-01 12:11:05] INFO: POST
[2023-06-01 12:11:30] INFO: App listening on the port: 5000
[2023-06-01 12:11:30] INFO: SEQUELIZE
[2023-06-01 12:11:30] INFO: Database connection established successfully
[2023-06-01 12:11:34] INFO: SEQUELIZE
[2023-06-01 12:11:34] INFO: SEQUELIZE
[2023-06-01 12:11:34] INFO: SEQUELIZE
[2023-06-01 12:11:34] INFO: GET
[2023-06-01 12:11:35] INFO: POST
[2023-06-01 12:12:12] INFO: App listening on the port: 5000
[2023-06-01 12:12:12] INFO: SEQUELIZE
[2023-06-01 12:12:12] INFO: Database connection established successfully
[2023-06-01 12:12:13] INFO: SEQUELIZE
[2023-06-01 12:12:13] INFO: SEQUELIZE
[2023-06-01 12:12:13] INFO: SEQUELIZE
[2023-06-01 12:12:13] INFO: GET
[2023-06-01 12:12:17] INFO: POST
[2023-06-01 12:12:40] INFO: App listening on the port: 5000
[2023-06-01 12:12:40] INFO: SEQUELIZE
[2023-06-01 12:12:40] INFO: Database connection established successfully
[2023-06-01 12:12:45] INFO: POST
[2023-06-01 12:12:46] INFO: SEQUELIZE
[2023-06-01 12:12:46] INFO: SEQUELIZE
[2023-06-01 12:12:46] INFO: SEQUELIZE
[2023-06-01 12:12:46] INFO: GET
[2023-06-01 12:12:46] ERROR: Cannot set headers after they are sent to the client
[2023-06-01 12:12:50] INFO: POST
[2023-06-01 12:13:55] INFO: App listening on the port: 5000
[2023-06-01 12:13:55] INFO: SEQUELIZE
[2023-06-01 12:13:55] INFO: Database connection established successfully
[2023-06-01 12:14:00] INFO: POST
[2023-06-01 12:14:07] INFO: GET
[2023-06-01 12:14:10] INFO: POST
[2023-06-01 12:14:25] ERROR: No authentication token provided
[2023-06-01 12:14:25] INFO: GET
[2023-06-01 12:14:25] INFO: POST
[2023-06-01 12:14:25] INFO: GET
[2023-06-01 12:14:30] INFO: POST
[2023-06-01 12:15:35] INFO: App listening on the port: 5000
[2023-06-01 12:15:35] INFO: SEQUELIZE
[2023-06-01 12:15:35] INFO: Database connection established successfully
[2023-06-01 12:15:40] INFO: POST
[2023-06-01 12:16:33] INFO: SEQUELIZE
[2023-06-01 12:16:33] INFO: SEQUELIZE
[2023-06-01 12:16:33] INFO: SEQUELIZE
[2023-06-01 12:16:33] INFO: SEQUELIZE
[2023-06-01 12:16:36] INFO: POST
[2023-06-01 12:16:36] INFO: POST
[2023-06-01 12:16:41] INFO: POST
[2023-06-01 12:17:51] INFO: App listening on the port: 5000
[2023-06-01 12:17:51] INFO: SEQUELIZE
[2023-06-01 12:17:51] INFO: Database connection established successfully
[2023-06-01 12:17:56] INFO: POST
[2023-06-01 12:17:58] INFO: SEQUELIZE
[2023-06-01 12:17:58] INFO: SEQUELIZE
[2023-06-01 12:17:58] INFO: SEQUELIZE
[2023-06-01 12:17:58] INFO: SEQUELIZE
[2023-06-01 12:18:01] INFO: POST
[2023-06-01 12:18:01] INFO: SEQUELIZE
[2023-06-01 12:18:02] INFO: SEQUELIZE
[2023-06-01 12:18:02] INFO: POST
[2023-06-01 12:18:06] INFO: POST
[2023-06-01 12:20:13] INFO: App listening on the port: 5000
[2023-06-01 12:20:13] INFO: SEQUELIZE
[2023-06-01 12:20:13] INFO: Database connection established successfully
[2023-06-01 12:20:18] INFO: POST
[2023-06-01 12:20:45] INFO: App listening on the port: 5000
[2023-06-01 12:20:45] INFO: SEQUELIZE
[2023-06-01 12:20:45] INFO: Database connection established successfully
[2023-06-01 12:20:50] INFO: POST
[2023-06-01 12:22:56] INFO: App listening on the port: 5000
[2023-06-01 12:22:56] INFO: SEQUELIZE
[2023-06-01 12:22:56] INFO: Database connection established successfully
[2023-06-01 12:23:01] INFO: POST
[2023-06-01 12:23:32] INFO: App listening on the port: 5000
[2023-06-01 12:23:32] INFO: SEQUELIZE
[2023-06-01 12:23:32] INFO: Database connection established successfully
[2023-06-01 12:23:37] INFO: POST
[2023-06-01 12:24:18] INFO: SEQUELIZE
[2023-06-01 12:24:18] INFO: SEQUELIZE
[2023-06-01 12:24:18] INFO: SEQUELIZE
[2023-06-01 12:24:18] INFO: SEQUELIZE
[2023-06-01 12:24:21] INFO: SEQUELIZE
[2023-06-01 12:24:21] INFO: SEQUELIZE
[2023-06-01 12:24:21] INFO: POST
[2023-06-01 12:24:22] INFO: POST
[2023-06-01 12:26:46] INFO: App listening on the port: 5000
[2023-06-01 12:26:46] INFO: SEQUELIZE
[2023-06-01 12:26:46] INFO: Database connection established successfully
[2023-06-01 12:27:06] INFO: App listening on the port: 5000
[2023-06-01 12:27:06] INFO: SEQUELIZE
[2023-06-01 12:27:06] INFO: Database connection established successfully
[2023-06-01 12:27:19] INFO: App listening on the port: 5000
[2023-06-01 12:27:19] INFO: SEQUELIZE
[2023-06-01 12:27:19] INFO: Database connection established successfully
[2023-06-01 12:27:24] INFO: POST
[2023-06-01 12:27:39] INFO: SEQUELIZE
[2023-06-01 12:27:39] INFO: SEQUELIZE
[2023-06-01 12:27:39] INFO: SEQUELIZE
[2023-06-01 12:27:39] INFO: SEQUELIZE
[2023-06-01 12:27:39] INFO: POST
[2023-06-01 12:27:41] INFO: POST
[2023-06-01 12:27:44] INFO: POST
[2023-06-01 12:28:32] INFO: App listening on the port: 5000
[2023-06-01 12:28:32] INFO: SEQUELIZE
[2023-06-01 12:28:32] INFO: Database connection established successfully
[2023-06-01 12:28:33] INFO: SEQUELIZE
[2023-06-01 12:28:33] INFO: SEQUELIZE
[2023-06-01 12:28:33] INFO: SEQUELIZE
[2023-06-01 12:28:33] INFO: SEQUELIZE
[2023-06-01 12:28:33] INFO: POST
[2023-06-01 12:28:37] INFO: POST
[2023-06-01 12:29:40] INFO: SEQUELIZE
[2023-06-01 12:29:40] INFO: Database connection established successfully
[2023-06-01 12:29:55] INFO: App listening on the port: 5000
[2023-06-01 12:29:55] INFO: SEQUELIZE
[2023-06-01 12:29:55] INFO: Database connection established successfully
[2023-06-01 12:30:00] INFO: POST
[2023-06-01 12:30:10] INFO: SEQUELIZE
[2023-06-01 12:30:10] INFO: SEQUELIZE
[2023-06-01 12:30:10] INFO: SEQUELIZE
[2023-06-01 12:30:10] INFO: SEQUELIZE
[2023-06-01 12:30:11] INFO: POST
[2023-06-01 12:30:15] INFO: POST
[2023-06-01 12:33:38] INFO: App listening on the port: 5000
[2023-06-01 12:33:38] INFO: SEQUELIZE
[2023-06-01 12:33:38] INFO: Database connection established successfully
[2023-06-01 12:33:43] ERROR: Not allowed by CORS
[2023-06-01 12:33:43] INFO: POST
[2023-06-01 12:33:57] ERROR: Not allowed by CORS
[2023-06-01 12:33:57] INFO: POST
[2023-06-01 12:33:58] ERROR: Not allowed by CORS
[2023-06-01 12:33:58] INFO: POST
[2023-06-01 12:34:18] INFO: App listening on the port: 5000
[2023-06-01 12:34:18] INFO: SEQUELIZE
[2023-06-01 12:34:18] INFO: Database connection established successfully
[2023-06-01 12:34:23] INFO: POST
[2023-06-01 12:35:40] INFO: App listening on the port: 5000
[2023-06-01 12:35:40] INFO: SEQUELIZE
[2023-06-01 12:35:40] INFO: Database connection established successfully
[2023-06-01 12:35:43] INFO: SEQUELIZE
[2023-06-01 12:35:43] INFO: SEQUELIZE
[2023-06-01 12:35:43] INFO: SEQUELIZE
[2023-06-01 12:35:43] INFO: SEQUELIZE
[2023-06-01 12:35:43] INFO: POST
[2023-06-01 12:35:45] INFO: POST
[2023-06-01 12:37:30] INFO: App listening on the port: 5000
[2023-06-01 12:37:30] INFO: SEQUELIZE
[2023-06-01 12:37:30] INFO: Database connection established successfully
[2023-06-01 12:37:35] INFO: POST
[2023-06-01 12:38:00] INFO: GET
[2023-06-01 12:38:05] INFO: POST
[2023-06-01 12:39:27] INFO: App listening on the port: 5000
[2023-06-01 12:39:27] INFO: SEQUELIZE
[2023-06-01 12:39:27] INFO: Database connection established successfully
[2023-06-01 12:39:32] INFO: POST
[2023-06-01 12:39:39] INFO: GET
[2023-06-01 12:39:42] INFO: POST
[2023-06-01 12:41:55] INFO: App listening on the port: 5000
[2023-06-01 12:41:55] INFO: SEQUELIZE
[2023-06-01 12:41:55] INFO: Database connection established successfully
[2023-06-01 12:42:17] INFO: App listening on the port: 5000
[2023-06-01 12:42:17] INFO: SEQUELIZE
[2023-06-01 12:42:17] INFO: Database connection established successfully
[2023-06-01 12:42:22] INFO: POST
[2023-06-01 12:42:46] INFO: SEQUELIZE
[2023-06-01 12:42:46] INFO: SEQUELIZE
[2023-06-01 12:42:46] INFO: SEQUELIZE
[2023-06-01 12:42:46] INFO: SEQUELIZE
[2023-06-01 12:42:47] INFO: POST
[2023-06-01 12:42:47] INFO: SEQUELIZE
[2023-06-01 12:42:47] INFO: SEQUELIZE
[2023-06-01 12:42:47] INFO: POST
[2023-06-01 12:42:52] INFO: POST
[2023-06-01 12:43:28] INFO: GET
[2023-06-01 12:43:32] INFO: POST
[2023-06-01 12:46:59] INFO: App listening on the port: 5000
[2023-06-01 12:46:59] INFO: SEQUELIZE
[2023-06-01 12:46:59] INFO: Database connection established successfully
[2023-06-01 12:47:04] INFO: POST
[2023-06-01 12:47:41] INFO: App listening on the port: 5000
[2023-06-01 12:47:41] INFO: SEQUELIZE
[2023-06-01 12:47:41] INFO: Database connection established successfully
[2023-06-01 12:47:46] INFO: POST
[2023-06-01 12:48:40] INFO: App listening on the port: 5000
[2023-06-01 12:48:41] INFO: SEQUELIZE
[2023-06-01 12:48:41] INFO: Database connection established successfully
[2023-06-01 12:48:42] INFO: SEQUELIZE
[2023-06-01 12:48:42] INFO: SEQUELIZE
[2023-06-01 12:48:42] INFO: SEQUELIZE
[2023-06-01 12:48:42] INFO: SEQUELIZE
[2023-06-01 12:48:45] INFO: SEQUELIZE
[2023-06-01 12:48:45] INFO: SEQUELIZE
[2023-06-01 12:48:45] INFO: POST
[2023-06-01 12:48:46] INFO: POST
[2023-06-01 12:49:44] INFO: App listening on the port: 5000
[2023-06-01 12:49:44] INFO: SEQUELIZE
[2023-06-01 12:49:44] INFO: Database connection established successfully
[2023-06-01 12:49:45] INFO: SEQUELIZE
[2023-06-01 12:49:45] INFO: SEQUELIZE
[2023-06-01 12:49:45] INFO: SEQUELIZE
[2023-06-01 12:49:45] INFO: SEQUELIZE
[2023-06-01 12:49:49] INFO: POST
[2023-06-01 12:49:49] INFO: SEQUELIZE
[2023-06-01 12:49:50] INFO: SEQUELIZE
[2023-06-01 12:49:50] INFO: POST
[2023-06-01 12:49:54] INFO: POST
[2023-06-01 12:50:57] INFO: App listening on the port: 5000
[2023-06-01 12:50:57] INFO: SEQUELIZE
[2023-06-01 12:50:57] INFO: Database connection established successfully
[2023-06-01 12:51:02] INFO: POST
[2023-06-01 12:52:05] INFO: App listening on the port: 5000
[2023-06-01 12:52:06] INFO: SEQUELIZE
[2023-06-01 12:52:06] INFO: Database connection established successfully
[2023-06-01 12:52:06] INFO: SEQUELIZE
[2023-06-01 12:52:06] INFO: SEQUELIZE
[2023-06-01 12:52:06] INFO: SEQUELIZE
[2023-06-01 12:52:06] INFO: SEQUELIZE
[2023-06-01 12:52:11] INFO: POST
[2023-06-01 12:52:12] INFO: SEQUELIZE
[2023-06-01 12:52:12] INFO: SEQUELIZE
[2023-06-01 12:52:12] INFO: POST
[2023-06-01 12:52:16] INFO: POST
[2023-06-01 12:53:53] INFO: App listening on the port: 5000
[2023-06-01 12:53:54] INFO: SEQUELIZE
[2023-06-01 12:53:54] INFO: Database connection established successfully
[2023-06-01 12:53:59] INFO: POST
[2023-06-01 12:53:59] INFO: SEQUELIZE
[2023-06-01 12:53:59] INFO: SEQUELIZE
[2023-06-01 12:53:59] INFO: SEQUELIZE
[2023-06-01 12:53:59] INFO: SEQUELIZE
[2023-06-01 12:54:04] INFO: POST
[2023-06-01 12:54:04] INFO: SEQUELIZE
[2023-06-01 12:54:04] INFO: SEQUELIZE
[2023-06-01 12:54:04] INFO: POST
[2023-06-01 12:54:09] INFO: POST
[2023-06-01 12:54:51] INFO: App listening on the port: 5000
[2023-06-01 12:54:51] INFO: SEQUELIZE
[2023-06-01 12:54:51] INFO: Database connection established successfully
[2023-06-01 12:55:11] INFO: App listening on the port: 5000
[2023-06-01 12:55:11] INFO: SEQUELIZE
[2023-06-01 12:55:11] INFO: Database connection established successfully
[2023-06-01 12:55:16] INFO: POST
[2023-06-01 12:57:12] INFO: App listening on the port: 5000
[2023-06-01 12:57:13] INFO: SEQUELIZE
[2023-06-01 12:57:13] INFO: Database connection established successfully
[2023-06-01 12:57:18] INFO: POST
[2023-06-01 12:57:33] INFO: App listening on the port: 5000
[2023-06-01 12:57:33] INFO: SEQUELIZE
[2023-06-01 12:57:33] INFO: Database connection established successfully
[2023-06-01 12:57:34] INFO: SEQUELIZE
[2023-06-01 12:57:34] INFO: SEQUELIZE
[2023-06-01 12:57:34] INFO: SEQUELIZE
[2023-06-01 12:57:34] INFO: SEQUELIZE
[2023-06-01 12:57:37] ERROR: Could not generate document!
[2023-06-01 12:57:37] INFO: POST
[2023-06-01 12:57:38] INFO: POST
[2023-06-01 12:57:55] INFO: App listening on the port: 5000
[2023-06-01 12:57:55] INFO: SEQUELIZE
[2023-06-01 12:57:55] INFO: Database connection established successfully
[2023-06-01 12:57:56] INFO: SEQUELIZE
[2023-06-01 12:57:56] INFO: SEQUELIZE
[2023-06-01 12:57:56] INFO: SEQUELIZE
[2023-06-01 12:57:56] INFO: SEQUELIZE
[2023-06-01 12:57:58] INFO: SEQUELIZE
[2023-06-01 12:57:58] INFO: SEQUELIZE
[2023-06-01 12:57:58] INFO: POST
[2023-06-01 12:58:00] INFO: POST
[2023-06-01 12:59:23] INFO: App listening on the port: 5000
[2023-06-01 12:59:23] INFO: SEQUELIZE
[2023-06-01 12:59:23] INFO: Database connection established successfully
[2023-06-01 12:59:37] INFO: App listening on the port: 5000
[2023-06-01 12:59:37] INFO: SEQUELIZE
[2023-06-01 12:59:37] INFO: Database connection established successfully
[2023-06-01 12:59:42] INFO: POST
[2023-06-01 13:00:25] INFO: App listening on the port: 5000
[2023-06-01 13:00:25] INFO: SEQUELIZE
[2023-06-01 13:00:25] INFO: Database connection established successfully
[2023-06-01 13:00:30] INFO: SEQUELIZE
[2023-06-01 13:00:30] INFO: SEQUELIZE
[2023-06-01 13:00:30] INFO: SEQUELIZE
[2023-06-01 13:00:30] INFO: POST
[2023-06-01 13:00:30] INFO: SEQUELIZE
[2023-06-01 13:01:01] ERROR: Could not generate document!
[2023-06-01 13:01:01] INFO: POST
[2023-06-01 13:01:06] INFO: POST
[2023-06-01 13:01:53] INFO: App listening on the port: 5000
[2023-06-01 13:01:53] INFO: SEQUELIZE
[2023-06-01 13:01:53] INFO: Database connection established successfully
[2023-06-01 13:01:56] INFO: SEQUELIZE
[2023-06-01 13:01:56] INFO: SEQUELIZE
[2023-06-01 13:01:56] INFO: SEQUELIZE
[2023-06-01 13:01:56] INFO: SEQUELIZE
[2023-06-01 13:01:58] INFO: POST
[2023-06-01 13:02:26] ERROR: Could not generate document!
[2023-06-01 13:02:26] INFO: POST
[2023-06-01 13:02:28] INFO: POST
[2023-06-01 13:03:00] INFO: App listening on the port: 5000
[2023-06-01 13:03:00] INFO: SEQUELIZE
[2023-06-01 13:03:00] INFO: Database connection established successfully
[2023-06-01 13:03:05] INFO: POST
[2023-06-01 13:03:08] INFO: SEQUELIZE
[2023-06-01 13:03:08] INFO: SEQUELIZE
[2023-06-01 13:03:08] INFO: SEQUELIZE
[2023-06-01 13:03:08] INFO: SEQUELIZE
[2023-06-01 13:03:10] INFO: POST
[2023-06-01 13:03:39] ERROR: Could not generate document!
[2023-06-01 13:03:39] INFO: POST
[2023-06-01 13:03:40] INFO: POST
[2023-06-01 13:04:23] INFO: SEQUELIZE
[2023-06-01 13:04:23] INFO: Database connection established successfully
[2023-06-01 13:05:37] INFO: SEQUELIZE
[2023-06-01 13:05:37] INFO: Database connection established successfully
[2023-06-01 13:05:52] INFO: App listening on the port: 5000
[2023-06-01 13:05:52] INFO: SEQUELIZE
[2023-06-01 13:05:52] INFO: Database connection established successfully
[2023-06-01 13:05:52] INFO: SEQUELIZE
[2023-06-01 13:05:52] INFO: SEQUELIZE
[2023-06-01 13:05:52] INFO: SEQUELIZE
[2023-06-01 13:05:52] INFO: SEQUELIZE
[2023-06-01 13:05:57] INFO: POST
[2023-06-01 13:06:23] ERROR: Could not generate document!
[2023-06-01 13:06:23] INFO: POST
[2023-06-01 13:06:27] INFO: POST
[2023-06-01 13:06:53] INFO: App listening on the port: 5000
[2023-06-01 13:06:53] INFO: SEQUELIZE
[2023-06-01 13:06:53] INFO: Database connection established successfully
[2023-06-01 13:06:54] INFO: SEQUELIZE
[2023-06-01 13:06:54] INFO: SEQUELIZE
[2023-06-01 13:06:54] INFO: SEQUELIZE
[2023-06-01 13:06:54] INFO: SEQUELIZE
[2023-06-01 13:06:56] INFO: SEQUELIZE
[2023-06-01 13:06:56] INFO: SEQUELIZE
[2023-06-01 13:06:56] INFO: POST
[2023-06-01 13:06:58] INFO: POST
[2023-06-01 13:08:15] INFO: App listening on the port: 5000
[2023-06-01 13:08:15] INFO: SEQUELIZE
[2023-06-01 13:08:15] INFO: Database connection established successfully
[2023-06-01 13:08:19] INFO: SEQUELIZE
[2023-06-01 13:08:19] INFO: SEQUELIZE
[2023-06-01 13:08:19] INFO: SEQUELIZE
[2023-06-01 13:08:19] INFO: SEQUELIZE
[2023-06-01 13:08:20] INFO: POST
[2023-06-01 13:08:21] ERROR: Could not generate document!
[2023-06-01 13:08:21] INFO: POST
[2023-06-01 13:08:25] INFO: POST
[2023-06-01 13:10:11] INFO: App listening on the port: 5000
[2023-06-01 13:10:11] INFO: SEQUELIZE
[2023-06-01 13:10:11] INFO: Database connection established successfully
[2023-06-01 13:10:16] INFO: POST
[2023-06-01 13:10:39] INFO: App listening on the port: 5000
[2023-06-01 13:10:39] INFO: SEQUELIZE
[2023-06-01 13:10:39] INFO: Database connection established successfully
[2023-06-01 13:10:44] INFO: POST
[2023-06-01 13:10:45] INFO: SEQUELIZE
[2023-06-01 13:10:45] INFO: SEQUELIZE
[2023-06-01 13:10:45] INFO: SEQUELIZE
[2023-06-01 13:10:45] INFO: SEQUELIZE
[2023-06-01 13:10:47] ERROR: Could not generate document!
[2023-06-01 13:10:47] INFO: POST
[2023-06-01 13:10:49] INFO: POST
[2023-06-01 13:11:58] INFO: App listening on the port: 5000
[2023-06-01 13:11:58] INFO: SEQUELIZE
[2023-06-01 13:11:58] INFO: Database connection established successfully
[2023-06-01 13:12:03] INFO: POST
[2023-06-01 13:12:19] INFO: App listening on the port: 5000
[2023-06-01 13:12:19] INFO: SEQUELIZE
[2023-06-01 13:12:19] INFO: Database connection established successfully
[2023-06-01 13:12:22] INFO: SEQUELIZE
[2023-06-01 13:12:22] INFO: SEQUELIZE
[2023-06-01 13:12:22] INFO: SEQUELIZE
[2023-06-01 13:12:22] INFO: SEQUELIZE
[2023-06-01 13:12:23] INFO: SEQUELIZE
[2023-06-01 13:12:23] INFO: SEQUELIZE
[2023-06-01 13:12:23] INFO: POST
[2023-06-01 13:12:24] INFO: POST
[2023-06-01 13:12:37] INFO: GET
[2023-06-01 13:12:39] INFO: POST
[2023-06-01 13:13:17] INFO: App listening on the port: 5000
[2023-06-01 13:13:17] INFO: SEQUELIZE
[2023-06-01 13:13:17] INFO: Database connection established successfully
[2023-06-01 13:13:22] INFO: POST
[2023-06-01 13:15:11] INFO: GET
[2023-06-01 13:15:12] INFO: POST
[2023-06-01 13:50:23] INFO: GET
[2023-06-01 13:50:25] INFO: POST
[2023-06-01 13:50:29] INFO: GET
[2023-06-01 13:50:30] INFO: POST
[2023-06-01 13:50:53] INFO: App listening on the port: 5000
[2023-06-01 13:50:53] INFO: SEQUELIZE
[2023-06-01 13:50:53] INFO: Database connection established successfully
[2023-06-01 13:50:58] INFO: POST
[2023-06-01 13:53:10] INFO: SEQUELIZE
[2023-06-01 13:53:10] INFO: Database connection established successfully
[2023-06-01 13:53:32] INFO: App listening on the port: 5000
[2023-06-01 13:53:32] INFO: SEQUELIZE
[2023-06-01 13:53:32] INFO: Database connection established successfully
[2023-06-01 13:53:37] INFO: POST
[2023-06-01 13:53:43] INFO: GET
[2023-06-01 13:53:47] INFO: POST
[2023-06-01 13:54:29] INFO: App listening on the port: 5000
[2023-06-01 13:54:29] INFO: SEQUELIZE
[2023-06-01 13:54:29] INFO: Database connection established successfully
[2023-06-01 13:54:34] INFO: POST
[2023-06-01 13:54:52] INFO: App listening on the port: 5000
[2023-06-01 13:54:53] INFO: SEQUELIZE
[2023-06-01 13:54:53] INFO: Database connection established successfully
[2023-06-01 13:54:57] INFO: POST
[2023-06-01 13:55:48] INFO: App listening on the port: 5000
[2023-06-01 13:55:48] INFO: SEQUELIZE
[2023-06-01 13:55:48] INFO: Database connection established successfully
[2023-06-01 13:55:53] INFO: POST
[2023-06-01 13:56:30] INFO: App listening on the port: 5000
[2023-06-01 13:56:30] INFO: SEQUELIZE
[2023-06-01 13:56:30] INFO: Database connection established successfully
[2023-06-01 13:56:35] INFO: POST
[2023-06-01 14:13:58] INFO: App listening on the port: 5000
[2023-06-01 14:13:58] INFO: SEQUELIZE
[2023-06-01 14:13:58] INFO: Database connection established successfully
[2023-06-01 14:14:03] INFO: POST
[2023-06-01 14:16:16] INFO: App listening on the port: 5000
[2023-06-01 14:16:16] INFO: SEQUELIZE
[2023-06-01 14:16:16] INFO: Database connection established successfully
[2023-06-01 14:16:21] INFO: POST
[2023-06-01 14:16:55] INFO: App listening on the port: 5000
[2023-06-01 14:16:55] INFO: SEQUELIZE
[2023-06-01 14:16:55] INFO: Database connection established successfully
[2023-06-01 14:17:00] INFO: POST
[2023-06-01 14:23:44] INFO: App listening on the port: 5000
[2023-06-01 14:23:44] INFO: SEQUELIZE
[2023-06-01 14:23:44] INFO: Database connection established successfully
[2023-06-01 14:23:57] INFO: App listening on the port: 5000
[2023-06-01 14:23:57] INFO: SEQUELIZE
[2023-06-01 14:23:57] INFO: Database connection established successfully
[2023-06-01 14:24:02] INFO: POST
[2023-06-01 14:27:24] INFO: App listening on the port: 5000
[2023-06-01 14:27:24] INFO: SEQUELIZE
[2023-06-01 14:27:24] INFO: Database connection established successfully
[2023-06-01 14:27:29] INFO: POST
[2023-06-01 14:28:03] INFO: App listening on the port: 5000
[2023-06-01 14:28:03] INFO: SEQUELIZE
[2023-06-01 14:28:03] INFO: Database connection established successfully
[2023-06-01 14:28:08] INFO: POST
[2023-06-01 14:28:46] INFO: App listening on the port: 5000
[2023-06-01 14:28:46] INFO: SEQUELIZE
[2023-06-01 14:28:46] INFO: Database connection established successfully
[2023-06-01 14:28:51] INFO: POST
[2023-06-01 14:29:54] INFO: App listening on the port: 5000
[2023-06-01 14:29:54] INFO: SEQUELIZE
[2023-06-01 14:29:54] INFO: Database connection established successfully
[2023-06-01 14:29:59] INFO: POST
[2023-06-01 14:31:49] INFO: App listening on the port: 5000
[2023-06-01 14:31:49] INFO: SEQUELIZE
[2023-06-01 14:31:50] INFO: Database connection established successfully
[2023-06-01 14:31:54] INFO: POST
[2023-06-01 14:32:19] INFO: App listening on the port: 5000
[2023-06-01 14:32:19] INFO: SEQUELIZE
[2023-06-01 14:32:19] INFO: Database connection established successfully
[2023-06-01 14:32:24] INFO: POST
[2023-06-01 14:32:36] INFO: App listening on the port: 5000
[2023-06-01 14:32:36] INFO: SEQUELIZE
[2023-06-01 14:32:36] INFO: Database connection established successfully
[2023-06-01 14:32:41] INFO: POST
[2023-06-01 14:35:01] INFO: App listening on the port: 5000
[2023-06-01 14:35:01] INFO: SEQUELIZE
[2023-06-01 14:35:01] INFO: Database connection established successfully
[2023-06-01 14:35:06] INFO: POST
[2023-06-01 14:43:41] INFO: App listening on the port: 5000
[2023-06-01 14:43:41] INFO: SEQUELIZE
[2023-06-01 14:43:41] INFO: Database connection established successfully
[2023-06-01 14:43:46] INFO: POST
[2023-06-01 14:44:58] INFO: App listening on the port: 5000
[2023-06-01 14:44:58] INFO: SEQUELIZE
[2023-06-01 14:44:58] INFO: Database connection established successfully
[2023-06-01 14:45:03] INFO: POST
[2023-06-01 14:45:16] INFO: App listening on the port: 5000
[2023-06-01 14:45:16] INFO: SEQUELIZE
[2023-06-01 14:45:16] INFO: Database connection established successfully
[2023-06-01 14:45:21] INFO: POST
[2023-06-01 14:46:16] INFO: App listening on the port: 5000
[2023-06-01 14:46:16] INFO: SEQUELIZE
[2023-06-01 14:46:16] INFO: Database connection established successfully
[2023-06-01 14:46:21] INFO: POST
[2023-06-01 14:57:30] INFO: App listening on the port: 5000
[2023-06-01 14:57:30] INFO: SEQUELIZE
[2023-06-01 14:57:30] INFO: Database connection established successfully
[2023-06-01 14:57:35] INFO: POST
[2023-06-01 14:57:41] INFO: App listening on the port: 5000
[2023-06-01 14:57:41] INFO: SEQUELIZE
[2023-06-01 14:57:41] INFO: Database connection established successfully
[2023-06-01 14:57:46] INFO: POST
[2023-06-01 14:58:54] INFO: App listening on the port: 5000
[2023-06-01 14:58:54] INFO: SEQUELIZE
[2023-06-01 14:58:54] INFO: Database connection established successfully
[2023-06-01 14:58:59] INFO: POST
[2023-06-01 14:59:06] INFO: App listening on the port: 5000
[2023-06-01 14:59:06] INFO: SEQUELIZE
[2023-06-01 14:59:06] INFO: Database connection established successfully
[2023-06-01 14:59:11] INFO: POST
[2023-06-01 15:02:58] INFO: App listening on the port: 5000
[2023-06-01 15:02:58] INFO: SEQUELIZE
[2023-06-01 15:02:58] INFO: Database connection established successfully
[2023-06-01 15:03:03] INFO: POST
[2023-06-01 15:03:38] INFO: App listening on the port: 5000
[2023-06-01 15:03:38] INFO: SEQUELIZE
[2023-06-01 15:03:38] INFO: Database connection established successfully
[2023-06-01 15:03:43] INFO: POST
[2023-06-01 15:25:09] INFO: App listening on the port: 5000
[2023-06-01 15:25:09] INFO: SEQUELIZE
[2023-06-01 15:25:09] INFO: Database connection established successfully
[2023-06-01 15:25:14] INFO: POST
[2023-06-01 15:29:37] INFO: App listening on the port: 5000
[2023-06-01 15:29:37] INFO: SEQUELIZE
[2023-06-01 15:29:37] INFO: Database connection established successfully
[2023-06-01 15:29:42] INFO: POST
[2023-06-01 15:29:51] INFO: App listening on the port: 5000
[2023-06-01 15:29:51] INFO: SEQUELIZE
[2023-06-01 15:29:51] INFO: Database connection established successfully
[2023-06-01 15:29:56] INFO: POST
[2023-06-01 15:30:01] INFO: App listening on the port: 5000
[2023-06-01 15:30:01] INFO: SEQUELIZE
[2023-06-01 15:30:01] INFO: Database connection established successfully
[2023-06-01 15:30:10] INFO: App listening on the port: 5000
[2023-06-01 15:30:10] INFO: SEQUELIZE
[2023-06-01 15:30:10] INFO: Database connection established successfully
[2023-06-01 15:30:15] INFO: POST
[2023-06-01 15:30:36] INFO: App listening on the port: 5000
[2023-06-01 15:30:36] INFO: SEQUELIZE
[2023-06-01 15:30:36] INFO: Database connection established successfully
[2023-06-01 15:30:41] INFO: POST
[2023-06-01 15:30:46] INFO: App listening on the port: 5000
[2023-06-01 15:30:46] INFO: SEQUELIZE
[2023-06-01 15:30:46] INFO: Database connection established successfully
[2023-06-01 15:30:51] INFO: POST
[2023-06-01 15:31:24] INFO: App listening on the port: 5000
[2023-06-01 15:31:25] INFO: SEQUELIZE
[2023-06-01 15:31:25] INFO: Database connection established successfully
[2023-06-01 15:31:29] INFO: POST
[2023-06-01 15:31:59] INFO: App listening on the port: 5000
[2023-06-01 15:31:59] INFO: SEQUELIZE
[2023-06-01 15:31:59] INFO: Database connection established successfully
[2023-06-01 15:32:04] INFO: POST
[2023-06-01 15:32:11] INFO: App listening on the port: 5000
[2023-06-01 15:32:11] INFO: SEQUELIZE
[2023-06-01 15:32:11] INFO: Database connection established successfully
[2023-06-01 15:32:18] INFO: App listening on the port: 5000
[2023-06-01 15:32:19] INFO: SEQUELIZE
[2023-06-01 15:32:19] INFO: Database connection established successfully
[2023-06-01 15:32:24] INFO: POST
[2023-06-01 15:32:39] INFO: App listening on the port: 5000
[2023-06-01 15:32:39] INFO: SEQUELIZE
[2023-06-01 15:32:39] INFO: Database connection established successfully
[2023-06-01 15:32:44] INFO: POST
[2023-06-01 15:32:56] INFO: App listening on the port: 5000
[2023-06-01 15:32:56] INFO: SEQUELIZE
[2023-06-01 15:32:56] INFO: Database connection established successfully
[2023-06-01 15:33:06] INFO: App listening on the port: 5000
[2023-06-01 15:33:06] INFO: SEQUELIZE
[2023-06-01 15:33:06] INFO: Database connection established successfully
[2023-06-01 15:33:11] INFO: POST
[2023-06-01 15:35:12] INFO: App listening on the port: 5000
[2023-06-01 15:35:12] INFO: SEQUELIZE
[2023-06-01 15:35:12] INFO: Database connection established successfully
[2023-06-01 15:35:17] INFO: POST
[2023-06-01 15:35:23] INFO: App listening on the port: 5000
[2023-06-01 15:35:23] INFO: SEQUELIZE
[2023-06-01 15:35:23] INFO: Database connection established successfully
[2023-06-01 15:35:29] INFO: App listening on the port: 5000
[2023-06-01 15:35:29] INFO: SEQUELIZE
[2023-06-01 15:35:29] INFO: Database connection established successfully
[2023-06-01 15:35:34] INFO: POST
[2023-06-01 15:40:22] INFO: App listening on the port: 5000
[2023-06-01 15:40:22] INFO: SEQUELIZE
[2023-06-01 15:40:22] INFO: Database connection established successfully
[2023-06-01 15:40:27] INFO: POST
[2023-06-01 15:41:01] INFO: App listening on the port: 5000
[2023-06-01 15:41:01] INFO: SEQUELIZE
[2023-06-01 15:41:01] INFO: Database connection established successfully
[2023-06-01 15:41:06] INFO: POST
[2023-06-01 15:41:22] INFO: App listening on the port: 5000
[2023-06-01 15:41:22] INFO: SEQUELIZE
[2023-06-01 15:41:22] INFO: Database connection established successfully
[2023-06-01 15:41:27] INFO: POST
[2023-06-01 15:43:31] INFO: App listening on the port: 5000
[2023-06-01 15:43:31] INFO: SEQUELIZE
[2023-06-01 15:43:31] INFO: Database connection established successfully
[2023-06-01 15:43:36] INFO: POST
[2023-06-01 15:49:11] INFO: App listening on the port: 5000
[2023-06-01 15:49:11] INFO: SEQUELIZE
[2023-06-01 15:49:11] INFO: Database connection established successfully
[2023-06-01 15:49:16] INFO: POST
[2023-06-01 15:49:40] INFO: App listening on the port: 5000
[2023-06-01 15:49:40] INFO: SEQUELIZE
[2023-06-01 15:49:40] INFO: Database connection established successfully
[2023-06-01 15:49:45] INFO: POST
[2023-06-01 15:51:57] INFO: App listening on the port: 5000
[2023-06-01 15:51:57] INFO: SEQUELIZE
[2023-06-01 15:51:57] INFO: Database connection established successfully
[2023-06-01 15:52:02] INFO: POST
[2023-06-01 15:52:24] INFO: App listening on the port: 5000
[2023-06-01 15:52:24] INFO: SEQUELIZE
[2023-06-01 15:52:24] INFO: Database connection established successfully
[2023-06-01 15:52:29] INFO: POST
[2023-06-01 15:53:13] INFO: App listening on the port: 5000
[2023-06-01 15:53:13] INFO: SEQUELIZE
[2023-06-01 15:53:13] INFO: Database connection established successfully
[2023-06-01 15:53:18] INFO: POST
[2023-06-01 15:54:17] INFO: App listening on the port: 5000
[2023-06-01 15:54:17] INFO: SEQUELIZE
[2023-06-01 15:54:17] INFO: Database connection established successfully
[2023-06-01 15:54:22] INFO: POST
[2023-06-01 15:54:35] INFO: App listening on the port: 5000
[2023-06-01 15:54:35] INFO: SEQUELIZE
[2023-06-01 15:54:35] INFO: Database connection established successfully
[2023-06-01 15:54:40] INFO: POST
[2023-06-01 15:54:47] INFO: App listening on the port: 5000
[2023-06-01 15:54:48] INFO: SEQUELIZE
[2023-06-01 15:54:48] INFO: Database connection established successfully
[2023-06-01 15:54:53] INFO: POST
[2023-06-01 15:58:04] INFO: App listening on the port: 5000
[2023-06-01 15:58:04] INFO: SEQUELIZE
[2023-06-01 15:58:04] INFO: Database connection established successfully
[2023-06-01 15:58:09] INFO: POST
[2023-06-01 15:58:42] INFO: App listening on the port: 5000
[2023-06-01 15:58:42] INFO: SEQUELIZE
[2023-06-01 15:58:42] INFO: Database connection established successfully
[2023-06-01 15:58:47] INFO: POST
[2023-06-01 16:19:09] INFO: App listening on the port: 5000
[2023-06-01 16:19:09] INFO: SEQUELIZE
[2023-06-01 16:19:09] INFO: Database connection established successfully
[2023-06-01 16:19:14] INFO: POST
[2023-06-01 16:22:53] INFO: App listening on the port: 5000
[2023-06-01 16:22:53] INFO: SEQUELIZE
[2023-06-01 16:22:53] INFO: Database connection established successfully
[2023-06-01 16:22:58] INFO: POST
[2023-06-01 16:23:24] INFO: App listening on the port: 5000
[2023-06-01 16:23:24] INFO: SEQUELIZE
[2023-06-01 16:23:24] INFO: Database connection established successfully
[2023-06-01 16:23:29] INFO: POST
[2023-06-01 16:24:49] INFO: App listening on the port: 5000
[2023-06-01 16:24:49] INFO: SEQUELIZE
[2023-06-01 16:24:49] INFO: Database connection established successfully
[2023-06-01 16:24:54] INFO: POST
[2023-06-01 16:25:24] INFO: App listening on the port: 5000
[2023-06-01 16:25:24] INFO: SEQUELIZE
[2023-06-01 16:25:24] INFO: Database connection established successfully
[2023-06-01 16:25:29] INFO: POST
[2023-06-01 16:26:33] INFO: SEQUELIZE
[2023-06-01 16:26:33] INFO: SEQUELIZE
[2023-06-01 16:26:33] INFO: SEQUELIZE
[2023-06-01 16:26:33] INFO: SEQUELIZE
[2023-06-01 16:26:33] INFO: GET
[2023-06-01 16:26:34] INFO: POST
[2023-06-01 16:26:45] INFO: SEQUELIZE
[2023-06-01 16:26:45] INFO: SEQUELIZE
[2023-06-01 16:26:45] INFO: SEQUELIZE
[2023-06-01 16:26:45] INFO: SEQUELIZE
[2023-06-01 16:26:46] INFO: SEQUELIZE
[2023-06-01 16:26:46] INFO: SEQUELIZE
[2023-06-01 16:26:46] INFO: POST
[2023-06-01 16:26:49] INFO: POST
[2023-06-01 16:26:57] INFO: SEQUELIZE
[2023-06-01 16:26:57] INFO: SEQUELIZE
[2023-06-01 16:26:57] INFO: SEQUELIZE
[2023-06-01 16:26:57] INFO: SEQUELIZE
[2023-06-01 16:26:57] INFO: SEQUELIZE
[2023-06-01 16:26:57] INFO: SEQUELIZE
[2023-06-01 16:26:58] INFO: POST
[2023-06-01 16:26:59] INFO: POST
[2023-06-01 16:27:38] INFO: SEQUELIZE
[2023-06-01 16:27:38] INFO: SEQUELIZE
[2023-06-01 16:27:38] INFO: SEQUELIZE
[2023-06-01 16:27:38] INFO: GET
[2023-06-01 16:27:39] INFO: POST
[2023-06-01 16:27:45] INFO: SEQUELIZE
[2023-06-01 16:27:45] INFO: SEQUELIZE
[2023-06-01 16:27:45] INFO: SEQUELIZE
[2023-06-01 16:27:45] INFO: SEQUELIZE
[2023-06-01 16:27:46] INFO: SEQUELIZE
[2023-06-01 16:27:46] INFO: SEQUELIZE
[2023-06-01 16:27:46] INFO: POST
[2023-06-01 16:27:49] INFO: POST
[2023-06-01 16:28:39] INFO: App listening on the port: 5000
[2023-06-01 16:28:39] INFO: SEQUELIZE
[2023-06-01 16:28:39] INFO: Database connection established successfully
[2023-06-01 16:28:44] INFO: POST
[2023-06-01 16:29:50] INFO: SEQUELIZE
[2023-06-01 16:29:50] INFO: SEQUELIZE
[2023-06-01 16:29:50] INFO: SEQUELIZE
[2023-06-01 16:29:51] INFO: GET
[2023-06-01 16:29:54] INFO: POST
[2023-06-01 16:30:18] INFO: SEQUELIZE
[2023-06-01 16:30:18] INFO: SEQUELIZE
[2023-06-01 16:30:18] INFO: SEQUELIZE
[2023-06-01 16:30:18] INFO: SEQUELIZE
[2023-06-01 16:30:18] INFO: SEQUELIZE
[2023-06-01 16:30:18] INFO: SEQUELIZE
[2023-06-01 16:30:18] INFO: POST
[2023-06-01 16:30:19] INFO: POST
[2023-06-01 16:30:52] INFO: App listening on the port: 5000
[2023-06-01 16:30:52] INFO: SEQUELIZE
[2023-06-01 16:30:52] INFO: Database connection established successfully
[2023-06-01 16:30:57] INFO: SEQUELIZE
[2023-06-01 16:30:57] INFO: SEQUELIZE
[2023-06-01 16:30:57] INFO: SEQUELIZE
[2023-06-01 16:30:57] INFO: SEQUELIZE
[2023-06-01 16:30:57] INFO: POST
[2023-06-01 16:30:57] INFO: POST
[2023-06-01 16:31:00] INFO: SEQUELIZE
[2023-06-01 16:31:00] INFO: SEQUELIZE
[2023-06-01 16:31:00] INFO: SEQUELIZE
[2023-06-01 16:31:00] INFO: SEQUELIZE
[2023-06-01 16:31:00] INFO: POST
[2023-06-01 16:31:02] INFO: POST
[2023-06-01 16:31:18] INFO: SEQUELIZE
[2023-06-01 16:31:18] INFO: Database connection established successfully
[2023-06-01 16:31:24] INFO: App listening on the port: 5000
[2023-06-01 16:31:24] INFO: SEQUELIZE
[2023-06-01 16:31:24] INFO: Database connection established successfully
[2023-06-01 16:31:29] INFO: POST
[2023-06-01 16:31:34] INFO: SEQUELIZE
[2023-06-01 16:31:34] INFO: SEQUELIZE
[2023-06-01 16:31:34] INFO: SEQUELIZE
[2023-06-01 16:31:34] INFO: SEQUELIZE
[2023-06-01 16:31:34] INFO: POST
[2023-06-01 16:31:36] INFO: POST
[2023-06-01 16:31:39] INFO: POST
[2023-06-01 16:32:05] INFO: SEQUELIZE
[2023-06-01 16:32:05] INFO: SEQUELIZE
[2023-06-01 16:32:05] INFO: SEQUELIZE
[2023-06-01 16:32:05] INFO: SEQUELIZE
[2023-06-01 16:32:06] INFO: POST
[2023-06-01 16:32:09] INFO: POST
[2023-06-01 16:32:27] INFO: App listening on the port: 5000
[2023-06-01 16:32:27] INFO: SEQUELIZE
[2023-06-01 16:32:27] INFO: Database connection established successfully
[2023-06-01 16:32:32] INFO: POST
[2023-06-01 16:32:47] INFO: App listening on the port: 5000
[2023-06-01 16:32:47] INFO: SEQUELIZE
[2023-06-01 16:32:47] INFO: Database connection established successfully
[2023-06-01 16:32:52] INFO: POST
[2023-06-01 16:34:09] INFO: App listening on the port: 5000
[2023-06-01 16:34:09] INFO: SEQUELIZE
[2023-06-01 16:34:09] INFO: Database connection established successfully
[2023-06-01 16:34:14] INFO: POST
[2023-06-01 16:34:33] INFO: App listening on the port: 5000
[2023-06-01 16:34:33] INFO: SEQUELIZE
[2023-06-01 16:34:33] INFO: Database connection established successfully
[2023-06-01 16:34:38] INFO: POST
[2023-06-01 16:35:36] INFO: App listening on the port: 5000
[2023-06-01 16:35:36] INFO: SEQUELIZE
[2023-06-01 16:35:36] INFO: Database connection established successfully
[2023-06-01 16:35:38] INFO: SEQUELIZE
[2023-06-01 16:35:38] INFO: SEQUELIZE
[2023-06-01 16:35:38] INFO: SEQUELIZE
[2023-06-01 16:35:38] INFO: SEQUELIZE
[2023-06-01 16:35:39] INFO: SEQUELIZE
[2023-06-01 16:35:39] INFO: SEQUELIZE
[2023-06-01 16:35:39] INFO: POST
[2023-06-01 16:35:41] INFO: POST
[2023-06-01 16:35:45] INFO: SEQUELIZE
[2023-06-01 16:35:45] INFO: SEQUELIZE
[2023-06-01 16:35:45] INFO: SEQUELIZE
[2023-06-01 16:35:45] INFO: SEQUELIZE
[2023-06-01 16:35:46] INFO: SEQUELIZE
[2023-06-01 16:35:46] INFO: SEQUELIZE
[2023-06-01 16:35:46] INFO: POST
[2023-06-01 16:35:46] INFO: POST
[2023-06-01 16:35:51] INFO: POST
[2023-06-01 16:35:51] INFO: SEQUELIZE
[2023-06-01 16:35:51] INFO: SEQUELIZE
[2023-06-01 16:35:51] INFO: SEQUELIZE
[2023-06-01 16:35:51] INFO: SEQUELIZE
[2023-06-01 16:35:52] INFO: SEQUELIZE
[2023-06-01 16:35:52] INFO: SEQUELIZE
[2023-06-01 16:35:52] INFO: POST
[2023-06-01 16:35:56] INFO: POST
[2023-06-01 16:35:58] INFO: SEQUELIZE
[2023-06-01 16:35:58] INFO: SEQUELIZE
[2023-06-01 16:35:58] INFO: SEQUELIZE
[2023-06-01 16:35:58] INFO: SEQUELIZE
[2023-06-01 16:35:58] INFO: SEQUELIZE
[2023-06-01 16:35:58] INFO: SEQUELIZE
[2023-06-01 16:35:59] INFO: POST
[2023-06-01 16:36:01] INFO: POST
[2023-06-01 16:36:04] INFO: SEQUELIZE
[2023-06-01 16:36:04] INFO: SEQUELIZE
[2023-06-01 16:36:04] INFO: SEQUELIZE
[2023-06-01 16:36:04] INFO: SEQUELIZE
[2023-06-01 16:36:04] INFO: SEQUELIZE
[2023-06-01 16:36:04] INFO: SEQUELIZE
[2023-06-01 16:36:04] INFO: POST
[2023-06-01 16:36:06] INFO: POST
[2023-06-01 16:36:17] INFO: SEQUELIZE
[2023-06-01 16:36:17] INFO: SEQUELIZE
[2023-06-01 16:36:17] INFO: SEQUELIZE
[2023-06-01 16:36:17] INFO: GET
[2023-06-01 16:36:21] INFO: POST
[2023-06-01 16:37:05] INFO: App listening on the port: 5000
[2023-06-01 16:37:05] INFO: SEQUELIZE
[2023-06-01 16:37:05] INFO: Database connection established successfully
[2023-06-01 16:37:07] INFO: SEQUELIZE
[2023-06-01 16:37:07] INFO: SEQUELIZE
[2023-06-01 16:37:07] INFO: SEQUELIZE
[2023-06-01 16:37:07] INFO: GET
[2023-06-01 16:37:10] INFO: POST
[2023-06-01 16:37:24] INFO: SEQUELIZE
[2023-06-01 16:37:24] INFO: SEQUELIZE
[2023-06-01 16:37:24] INFO: SEQUELIZE
[2023-06-01 16:37:24] INFO: SEQUELIZE
[2023-06-01 16:37:24] INFO: GET
[2023-06-01 16:37:25] INFO: POST
[2023-06-01 16:37:33] INFO: SEQUELIZE
[2023-06-01 16:37:33] INFO: SEQUELIZE
[2023-06-01 16:37:33] INFO: SEQUELIZE
[2023-06-01 16:37:33] INFO: SEQUELIZE
[2023-06-01 16:37:33] INFO: SEQUELIZE
[2023-06-01 16:37:33] INFO: SEQUELIZE
[2023-06-01 16:37:33] INFO: SEQUELIZE
[2023-06-01 16:37:33] INFO: SEQUELIZE
[2023-06-01 16:37:33] INFO: POST
[2023-06-01 16:37:35] INFO: POST
[2023-06-01 16:37:44] INFO: SEQUELIZE
[2023-06-01 16:37:44] INFO: SEQUELIZE
[2023-06-01 16:37:44] ERROR: Validation error: totalAmount
[2023-06-01 16:37:44] INFO: PUT
[2023-06-01 16:37:45] INFO: POST
[2023-06-01 16:38:03] INFO: SEQUELIZE
[2023-06-01 16:38:03] INFO: SEQUELIZE
[2023-06-01 16:38:03] INFO: SEQUELIZE
[2023-06-01 16:38:03] INFO: SEQUELIZE
[2023-06-01 16:38:03] INFO: SEQUELIZE
[2023-06-01 16:38:03] INFO: SEQUELIZE
[2023-06-01 16:38:03] INFO: SEQUELIZE
[2023-06-01 16:38:03] INFO: SEQUELIZE
[2023-06-01 16:38:03] INFO: SEQUELIZE
[2023-06-01 16:38:03] ERROR: Could not create outbound shipment item!
[2023-06-01 16:38:03] INFO: PUT
[2023-06-01 16:38:05] INFO: POST
[2023-06-01 16:38:14] INFO: SEQUELIZE
[2023-06-01 16:38:14] INFO: SEQUELIZE
[2023-06-01 16:38:14] INFO: SEQUELIZE
[2023-06-01 16:38:14] INFO: SEQUELIZE
[2023-06-01 16:38:14] INFO: SEQUELIZE
[2023-06-01 16:38:14] INFO: SEQUELIZE
[2023-06-01 16:38:14] INFO: SEQUELIZE
[2023-06-01 16:38:14] INFO: SEQUELIZE
[2023-06-01 16:38:14] INFO: SEQUELIZE
[2023-06-01 16:38:14] ERROR: Could not create outbound shipment item!
[2023-06-01 16:38:14] INFO: PUT
[2023-06-01 16:38:15] INFO: POST
[2023-06-01 16:38:24] INFO: SEQUELIZE
[2023-06-01 16:38:24] INFO: SEQUELIZE
[2023-06-01 16:38:24] INFO: SEQUELIZE
[2023-06-01 16:38:24] INFO: SEQUELIZE
[2023-06-01 16:38:24] INFO: SEQUELIZE
[2023-06-01 16:38:24] INFO: SEQUELIZE
[2023-06-01 16:38:24] INFO: SEQUELIZE
[2023-06-01 16:38:24] INFO: SEQUELIZE
[2023-06-01 16:38:24] INFO: SEQUELIZE
[2023-06-01 16:38:24] INFO: SEQUELIZE
[2023-06-01 16:38:24] INFO: SEQUELIZE
[2023-06-01 16:38:24] INFO: PUT
[2023-06-01 16:38:25] INFO: POST
[2023-06-01 16:40:24] INFO: SEQUELIZE
[2023-06-01 16:40:24] INFO: SEQUELIZE
[2023-06-01 16:40:24] INFO: SEQUELIZE
[2023-06-01 16:40:24] INFO: SEQUELIZE
[2023-06-01 16:40:25] INFO: SEQUELIZE
[2023-06-01 16:40:25] INFO: SEQUELIZE
[2023-06-01 16:40:25] INFO: POST
[2023-06-01 16:40:26] INFO: POST
[2023-06-01 16:44:47] INFO: App listening on the port: 5000
[2023-06-01 16:44:47] INFO: SEQUELIZE
[2023-06-01 16:44:47] INFO: Database connection established successfully
[2023-06-01 16:44:52] INFO: POST
[2023-06-01 16:45:29] INFO: App listening on the port: 5000
[2023-06-01 16:45:29] INFO: SEQUELIZE
[2023-06-01 16:45:29] INFO: Database connection established successfully
[2023-06-01 16:45:34] INFO: POST
[2023-06-01 16:47:46] INFO: App listening on the port: 5000
[2023-06-01 16:47:46] INFO: SEQUELIZE
[2023-06-01 16:47:46] INFO: Database connection established successfully
[2023-06-01 16:47:51] INFO: POST
[2023-06-01 16:50:37] INFO: App listening on the port: 5000
[2023-06-01 16:50:38] INFO: SEQUELIZE
[2023-06-01 16:50:38] INFO: Database connection established successfully
[2023-06-01 16:50:42] INFO: POST
[2023-06-01 16:51:23] INFO: App listening on the port: 5000
[2023-06-01 16:51:23] INFO: SEQUELIZE
[2023-06-01 16:51:23] INFO: Database connection established successfully
[2023-06-01 16:51:28] INFO: POST
[2023-06-01 16:52:12] INFO: App listening on the port: 5000
[2023-06-01 16:52:12] INFO: SEQUELIZE
[2023-06-01 16:52:12] INFO: Database connection established successfully
[2023-06-01 16:52:17] INFO: POST
[2023-06-01 16:52:34] INFO: App listening on the port: 5000
[2023-06-01 16:52:34] INFO: SEQUELIZE
[2023-06-01 16:52:34] INFO: Database connection established successfully
[2023-06-01 16:52:39] INFO: POST
[2023-06-01 16:55:04] INFO: App listening on the port: 5000
[2023-06-01 16:55:04] INFO: SEQUELIZE
[2023-06-01 16:55:04] INFO: Database connection established successfully
[2023-06-01 16:55:09] INFO: POST
[2023-06-01 16:55:16] INFO: App listening on the port: 5000
[2023-06-01 16:55:16] INFO: SEQUELIZE
[2023-06-01 16:55:16] INFO: Database connection established successfully
[2023-06-01 16:55:26] INFO: App listening on the port: 5000
[2023-06-01 16:55:26] INFO: SEQUELIZE
[2023-06-01 16:55:26] INFO: Database connection established successfully
[2023-06-01 16:55:31] INFO: POST
[2023-06-01 16:55:45] INFO: App listening on the port: 5000
[2023-06-01 16:55:45] INFO: SEQUELIZE
[2023-06-01 16:55:45] INFO: Database connection established successfully
[2023-06-01 16:55:50] INFO: POST
[2023-06-01 16:56:51] INFO: App listening on the port: 5000
[2023-06-01 16:56:51] INFO: SEQUELIZE
[2023-06-01 16:56:51] INFO: Database connection established successfully
[2023-06-01 16:56:56] INFO: POST
[2023-06-01 16:57:13] INFO: App listening on the port: 5000
[2023-06-01 16:57:13] INFO: SEQUELIZE
[2023-06-01 16:57:13] INFO: Database connection established successfully
[2023-06-01 16:57:19] INFO: App listening on the port: 5000
[2023-06-01 16:57:19] INFO: SEQUELIZE
[2023-06-01 16:57:19] INFO: Database connection established successfully
[2023-06-01 16:57:24] INFO: POST
[2023-06-01 16:57:34] INFO: App listening on the port: 5000
[2023-06-01 16:57:34] INFO: SEQUELIZE
[2023-06-01 16:57:34] INFO: Database connection established successfully
[2023-06-01 16:57:39] INFO: POST
[2023-06-01 16:59:01] INFO: App listening on the port: 5000
[2023-06-01 16:59:01] INFO: SEQUELIZE
[2023-06-01 16:59:01] INFO: Database connection established successfully
[2023-06-01 16:59:13] INFO: App listening on the port: 5000
[2023-06-01 16:59:13] INFO: SEQUELIZE
[2023-06-01 16:59:13] INFO: Database connection established successfully
[2023-06-01 16:59:18] INFO: POST
[2023-06-01 17:00:50] INFO: App listening on the port: 5000
[2023-06-01 17:00:50] INFO: SEQUELIZE
[2023-06-01 17:00:50] INFO: Database connection established successfully
[2023-06-01 17:00:55] INFO: POST
[2023-06-01 17:04:36] INFO: App listening on the port: 5000
[2023-06-01 17:04:36] INFO: SEQUELIZE
[2023-06-01 17:04:36] INFO: Database connection established successfully
[2023-06-01 17:04:41] INFO: POST
[2023-06-01 17:06:04] INFO: App listening on the port: 5000
[2023-06-01 17:06:04] INFO: SEQUELIZE
[2023-06-01 17:06:04] INFO: Database connection established successfully
[2023-06-01 17:06:09] INFO: POST
[2023-06-01 17:06:43] INFO: App listening on the port: 5000
[2023-06-01 17:06:43] INFO: SEQUELIZE
[2023-06-01 17:06:43] INFO: Database connection established successfully
[2023-06-01 17:06:48] INFO: POST
[2023-06-01 17:07:04] INFO: App listening on the port: 5000
[2023-06-01 17:07:04] INFO: SEQUELIZE
[2023-06-01 17:07:04] INFO: Database connection established successfully
[2023-06-01 17:07:09] INFO: POST
[2023-06-01 17:08:03] INFO: App listening on the port: 5000
[2023-06-01 17:08:04] INFO: SEQUELIZE
[2023-06-01 17:08:04] INFO: Database connection established successfully
[2023-06-01 17:08:09] INFO: POST
[2023-06-01 17:08:32] INFO: App listening on the port: 5000
[2023-06-01 17:08:32] INFO: SEQUELIZE
[2023-06-01 17:08:32] INFO: Database connection established successfully
[2023-06-01 17:08:37] INFO: POST
[2023-06-01 17:13:48] INFO: App listening on the port: 5000
[2023-06-01 17:13:48] INFO: SEQUELIZE
[2023-06-01 17:13:48] INFO: Database connection established successfully
[2023-06-01 17:13:53] INFO: POST
[2023-06-01 17:14:20] INFO: App listening on the port: 5000
[2023-06-01 17:14:20] INFO: SEQUELIZE
[2023-06-01 17:14:20] INFO: Database connection established successfully
[2023-06-01 17:14:25] INFO: POST
[2023-06-01 17:14:58] INFO: App listening on the port: 5000
[2023-06-01 17:14:58] INFO: SEQUELIZE
[2023-06-01 17:14:58] INFO: Database connection established successfully
[2023-06-01 17:15:03] INFO: POST
[2023-06-01 17:15:21] INFO: App listening on the port: 5000
[2023-06-01 17:15:22] INFO: SEQUELIZE
[2023-06-01 17:15:22] INFO: Database connection established successfully
[2023-06-01 17:15:26] INFO: SEQUELIZE
[2023-06-01 17:15:26] INFO: SEQUELIZE
[2023-06-01 17:15:26] INFO: SEQUELIZE
[2023-06-01 17:15:26] INFO: GET
[2023-06-01 17:15:27] INFO: POST
[2023-06-01 17:15:51] INFO: SEQUELIZE
[2023-06-01 17:15:51] INFO: SEQUELIZE
[2023-06-01 17:15:51] INFO: SEQUELIZE
[2023-06-01 17:15:51] INFO: SEQUELIZE
[2023-06-01 17:15:51] INFO: GET
[2023-06-01 17:15:52] INFO: POST
[2023-06-01 17:16:19] INFO: App listening on the port: 5000
[2023-06-01 17:16:19] INFO: SEQUELIZE
[2023-06-01 17:16:19] INFO: Database connection established successfully
[2023-06-01 17:16:24] INFO: POST
