[2023-06-19 09:23:43] INFO: App listening on the port: 5000
[2023-06-19 09:23:43] INFO: SEQUELIZE
[2023-06-19 09:23:43] INFO: Database connection established successfully
[2023-06-19 09:23:48] INFO: POST
[2023-06-19 09:31:28] INFO: App listening on the port: 5000
[2023-06-19 09:31:28] INFO: SEQUELIZE
[2023-06-19 09:31:28] INFO: Database connection established successfully
[2023-06-19 09:31:33] INFO: POST
[2023-06-19 09:40:28] INFO: App listening on the port: 5000
[2023-06-19 09:40:28] INFO: SEQUELIZE
[2023-06-19 09:40:28] INFO: Database connection established successfully
[2023-06-19 09:40:33] INFO: POST
[2023-06-19 09:41:19] INFO: App listening on the port: 5000
[2023-06-19 09:41:19] INFO: SEQUELIZE
[2023-06-19 09:41:19] INFO: Database connection established successfully
[2023-06-19 09:41:24] INFO: POST
[2023-06-19 09:41:50] INFO: App listening on the port: 5000
[2023-06-19 09:41:50] INFO: SEQUELIZE
[2023-06-19 09:41:50] INFO: Database connection established successfully
[2023-06-19 09:42:03] INFO: App listening on the port: 5000
[2023-06-19 09:42:03] INFO: SEQUELIZE
[2023-06-19 09:42:03] INFO: Database connection established successfully
[2023-06-19 09:42:08] INFO: POST
[2023-06-19 09:42:35] INFO: App listening on the port: 5000
[2023-06-19 09:42:35] INFO: SEQUELIZE
[2023-06-19 09:42:35] INFO: Database connection established successfully
[2023-06-19 09:42:40] INFO: POST
[2023-06-19 09:44:45] INFO: App listening on the port: 5000
[2023-06-19 09:44:45] INFO: SEQUELIZE
[2023-06-19 09:44:45] INFO: Database connection established successfully
[2023-06-19 09:44:50] INFO: POST
[2023-06-19 09:45:11] INFO: App listening on the port: 5000
[2023-06-19 09:45:11] INFO: SEQUELIZE
[2023-06-19 09:45:11] INFO: Database connection established successfully
[2023-06-19 09:45:26] INFO: App listening on the port: 5000
[2023-06-19 09:45:26] INFO: SEQUELIZE
[2023-06-19 09:45:26] INFO: Database connection established successfully
[2023-06-19 09:45:31] INFO: POST
[2023-06-19 09:47:06] ERROR: Wrong authentication token
[2023-06-19 09:47:06] INFO: GET
[2023-06-19 09:47:11] INFO: POST
[2023-06-19 09:48:28] INFO: App listening on the port: 5000
[2023-06-19 09:48:29] INFO: SEQUELIZE
[2023-06-19 09:48:29] INFO: Database connection established successfully
[2023-06-19 09:48:33] INFO: POST
[2023-06-19 09:51:05] INFO: App listening on the port: 5000
[2023-06-19 09:51:05] INFO: SEQUELIZE
[2023-06-19 09:51:05] INFO: Database connection established successfully
[2023-06-19 09:51:10] INFO: POST
[2023-06-19 09:51:36] ERROR: Wrong authentication token
[2023-06-19 09:51:36] INFO: GET
[2023-06-19 09:51:40] INFO: POST
[2023-06-19 09:51:59] INFO: SEQUELIZE
[2023-06-19 09:51:59] INFO: SEQUELIZE
[2023-06-19 09:51:59] INFO: SEQUELIZE
[2023-06-19 09:51:59] INFO: GET
[2023-06-19 09:52:00] INFO: POST
[2023-06-19 09:53:24] INFO: SEQUELIZE
[2023-06-19 09:53:24] INFO: SEQUELIZE
[2023-06-19 09:53:24] INFO: SEQUELIZE
[2023-06-19 09:53:24] ERROR: Could not find outbound shipment!
[2023-06-19 09:53:24] INFO: GET
[2023-06-19 09:53:25] INFO: POST
[2023-06-19 09:53:45] INFO: SEQUELIZE
[2023-06-19 09:53:45] INFO: SEQUELIZE
[2023-06-19 09:53:45] INFO: SEQUELIZE
[2023-06-19 09:53:45] INFO: SEQUELIZE
[2023-06-19 09:53:45] INFO: GET
[2023-06-19 09:53:45] INFO: POST
[2023-06-19 09:55:39] INFO: App listening on the port: 5000
[2023-06-19 09:55:39] INFO: SEQUELIZE
[2023-06-19 09:55:39] INFO: Database connection established successfully
[2023-06-19 09:55:44] INFO: POST
[2023-06-19 09:56:06] INFO: App listening on the port: 5000
[2023-06-19 09:56:06] INFO: SEQUELIZE
[2023-06-19 09:56:06] INFO: Database connection established successfully
[2023-06-19 09:56:11] INFO: POST
[2023-06-19 09:57:03] INFO: App listening on the port: 5000
[2023-06-19 09:57:03] INFO: SEQUELIZE
[2023-06-19 09:57:03] INFO: Database connection established successfully
[2023-06-19 09:57:08] INFO: POST
[2023-06-19 09:57:34] INFO: App listening on the port: 5000
[2023-06-19 09:57:34] INFO: SEQUELIZE
[2023-06-19 09:57:34] INFO: Database connection established successfully
[2023-06-19 09:57:40] INFO: POST
[2023-06-19 09:57:54] INFO: App listening on the port: 5000
[2023-06-19 09:57:54] INFO: SEQUELIZE
[2023-06-19 09:57:54] INFO: Database connection established successfully
[2023-06-19 09:57:59] INFO: POST
[2023-06-19 09:58:43] INFO: App listening on the port: 5000
[2023-06-19 09:58:43] INFO: SEQUELIZE
[2023-06-19 09:58:43] INFO: Database connection established successfully
[2023-06-19 09:58:48] INFO: POST
[2023-06-19 09:59:25] INFO: App listening on the port: 5000
[2023-06-19 09:59:26] INFO: SEQUELIZE
[2023-06-19 09:59:26] INFO: Database connection established successfully
[2023-06-19 09:59:31] INFO: POST
[2023-06-19 10:05:09] INFO: App listening on the port: 5000
[2023-06-19 10:05:09] INFO: SEQUELIZE
[2023-06-19 10:05:09] INFO: Database connection established successfully
[2023-06-19 10:05:14] INFO: POST
[2023-06-19 10:09:54] INFO: App listening on the port: 5000
[2023-06-19 10:09:54] INFO: SEQUELIZE
[2023-06-19 10:09:54] INFO: Database connection established successfully
[2023-06-19 10:10:09] INFO: App listening on the port: 5000
[2023-06-19 10:10:09] INFO: SEQUELIZE
[2023-06-19 10:10:09] INFO: Database connection established successfully
[2023-06-19 10:10:14] INFO: POST
[2023-06-19 11:47:52] INFO: SEQUELIZE
[2023-06-19 11:47:52] INFO: Database connection established successfully
[2023-06-19 11:48:10] INFO: SEQUELIZE
[2023-06-19 11:48:10] INFO: Database connection established successfully
[2023-06-19 11:48:27] INFO: App listening on the port: 5000
[2023-06-19 11:48:27] INFO: SEQUELIZE
[2023-06-19 11:48:27] INFO: Database connection established successfully
[2023-06-19 11:48:32] INFO: POST
[2023-06-19 11:48:56] INFO: App listening on the port: 5000
[2023-06-19 11:48:56] INFO: SEQUELIZE
[2023-06-19 11:48:56] INFO: Database connection established successfully
[2023-06-19 11:49:01] INFO: POST
[2023-06-19 12:01:27] INFO: App listening on the port: 5000
[2023-06-19 12:01:27] INFO: SEQUELIZE
[2023-06-19 12:01:27] INFO: Database connection established successfully
[2023-06-19 12:01:32] INFO: POST
[2023-06-19 12:09:20] INFO: App listening on the port: 5000
[2023-06-19 12:09:20] INFO: SEQUELIZE
[2023-06-19 12:09:20] INFO: Database connection established successfully
[2023-06-19 12:09:29] INFO: App listening on the port: 5000
[2023-06-19 12:09:29] INFO: SEQUELIZE
[2023-06-19 12:09:29] INFO: Database connection established successfully
[2023-06-19 12:09:31] ERROR: Wrong authentication token
[2023-06-19 12:09:31] INFO: GET
[2023-06-19 12:09:34] INFO: POST
[2023-06-19 12:09:53] INFO: SEQUELIZE
[2023-06-19 12:09:53] INFO: SEQUELIZE
[2023-06-19 12:09:53] INFO: SEQUELIZE
[2023-06-19 12:09:53] INFO: SEQUELIZE
[2023-06-19 12:09:53] INFO: GET
[2023-06-19 12:09:55] INFO: POST
[2023-06-19 12:09:58] INFO: SEQUELIZE
[2023-06-19 12:09:58] INFO: SEQUELIZE
[2023-06-19 12:09:58] INFO: SEQUELIZE
[2023-06-19 12:09:58] INFO: SEQUELIZE
[2023-06-19 12:09:58] INFO: GET
[2023-06-19 12:10:00] INFO: POST
[2023-06-19 12:10:17] INFO: SEQUELIZE
[2023-06-19 12:10:17] INFO: SEQUELIZE
[2023-06-19 12:10:17] INFO: SEQUELIZE
[2023-06-19 12:10:17] INFO: SEQUELIZE
[2023-06-19 12:10:17] INFO: SEQUELIZE
[2023-06-19 12:10:17] INFO: SEQUELIZE
[2023-06-19 12:10:17] INFO: SEQUELIZE
[2023-06-19 12:10:18] INFO: SEQUELIZE
[2023-06-19 12:10:18] INFO: SEQUELIZE
[2023-06-19 12:10:18] INFO: SEQUELIZE
[2023-06-19 12:10:18] INFO: SEQUELIZE
[2023-06-19 12:10:18] INFO: SEQUELIZE
[2023-06-19 12:10:18] INFO: SEQUELIZE
[2023-06-19 12:10:18] INFO: SEQUELIZE
[2023-06-19 12:10:18] ERROR: Could not create invoice with all automatic changes!
[2023-06-19 12:10:18] INFO: POST
[2023-06-19 12:10:20] INFO: POST
[2023-06-19 12:14:23] INFO: SEQUELIZE
[2023-06-19 12:14:23] INFO: Database connection established successfully
[2023-06-19 12:15:36] INFO: SEQUELIZE
[2023-06-19 12:15:36] INFO: Database connection established successfully
[2023-06-19 12:17:33] INFO: SEQUELIZE
[2023-06-19 12:17:33] INFO: Database connection established successfully
[2023-06-19 12:17:54] INFO: SEQUELIZE
[2023-06-19 12:17:54] INFO: Database connection established successfully
[2023-06-19 12:18:17] INFO: SEQUELIZE
[2023-06-19 12:18:17] INFO: Database connection established successfully
[2023-06-19 12:18:39] INFO: SEQUELIZE
[2023-06-19 12:18:39] INFO: Database connection established successfully
[2023-06-19 12:19:15] INFO: SEQUELIZE
[2023-06-19 12:19:15] INFO: Database connection established successfully
[2023-06-19 12:19:21] INFO: SEQUELIZE
[2023-06-19 12:19:21] INFO: Database connection established successfully
[2023-06-19 12:20:43] INFO: SEQUELIZE
[2023-06-19 12:20:43] INFO: Database connection established successfully
[2023-06-19 12:20:48] INFO: SEQUELIZE
[2023-06-19 12:20:48] INFO: Database connection established successfully
[2023-06-19 12:21:05] INFO: SEQUELIZE
[2023-06-19 12:21:05] INFO: Database connection established successfully
[2023-06-19 12:21:52] INFO: App listening on the port: 5000
[2023-06-19 12:21:52] INFO: SEQUELIZE
[2023-06-19 12:21:52] INFO: Database connection established successfully
[2023-06-19 12:22:02] INFO: App listening on the port: 5000
[2023-06-19 12:22:02] INFO: SEQUELIZE
[2023-06-19 12:22:02] INFO: Database connection established successfully
[2023-06-19 12:22:06] INFO: SEQUELIZE
[2023-06-19 12:22:06] INFO: SEQUELIZE
[2023-06-19 12:22:06] INFO: SEQUELIZE
[2023-06-19 12:22:06] INFO: SEQUELIZE
[2023-06-19 12:22:06] INFO: SEQUELIZE
[2023-06-19 12:22:06] INFO: SEQUELIZE
[2023-06-19 12:22:06] INFO: SEQUELIZE
[2023-06-19 12:22:07] INFO: SEQUELIZE
[2023-06-19 12:22:07] INFO: SEQUELIZE
[2023-06-19 12:22:07] INFO: SEQUELIZE
[2023-06-19 12:22:07] INFO: SEQUELIZE
[2023-06-19 12:22:07] INFO: SEQUELIZE
[2023-06-19 12:22:07] INFO: SEQUELIZE
[2023-06-19 12:22:07] INFO: SEQUELIZE
[2023-06-19 12:22:07] INFO: SEQUELIZE
[2023-06-19 12:22:07] INFO: POST
[2023-06-19 12:22:07] INFO: POST
[2023-06-19 12:22:42] INFO: SEQUELIZE
[2023-06-19 12:22:42] INFO: SEQUELIZE
[2023-06-19 12:22:42] INFO: SEQUELIZE
[2023-06-19 12:22:42] INFO: SEQUELIZE
[2023-06-19 12:22:42] INFO: SEQUELIZE
[2023-06-19 12:22:42] INFO: SEQUELIZE
[2023-06-19 12:22:42] ERROR: Could not create invoice with all automatic changes!
[2023-06-19 12:22:42] INFO: POST
[2023-06-19 12:22:42] INFO: POST
[2023-06-19 12:23:00] INFO: SEQUELIZE
[2023-06-19 12:23:00] INFO: SEQUELIZE
[2023-06-19 12:23:00] INFO: SEQUELIZE
[2023-06-19 12:23:00] INFO: SEQUELIZE
[2023-06-19 12:23:00] INFO: SEQUELIZE
[2023-06-19 12:23:00] INFO: SEQUELIZE
[2023-06-19 12:23:00] INFO: SEQUELIZE
[2023-06-19 12:23:01] INFO: SEQUELIZE
[2023-06-19 12:23:01] INFO: SEQUELIZE
[2023-06-19 12:23:01] INFO: SEQUELIZE
[2023-06-19 12:23:01] INFO: SEQUELIZE
[2023-06-19 12:23:01] INFO: SEQUELIZE
[2023-06-19 12:23:01] INFO: SEQUELIZE
[2023-06-19 12:23:01] INFO: SEQUELIZE
[2023-06-19 12:23:01] INFO: SEQUELIZE
[2023-06-19 12:23:01] INFO: POST
[2023-06-19 12:23:02] INFO: POST
[2023-06-19 12:23:52] INFO: App listening on the port: 5000
[2023-06-19 12:23:52] INFO: SEQUELIZE
[2023-06-19 12:23:52] INFO: Database connection established successfully
[2023-06-19 12:23:57] INFO: POST
[2023-06-19 12:24:54] INFO: SEQUELIZE
[2023-06-19 12:24:54] INFO: SEQUELIZE
[2023-06-19 12:24:54] INFO: SEQUELIZE
[2023-06-19 12:24:54] INFO: SEQUELIZE
[2023-06-19 12:24:54] INFO: SEQUELIZE
[2023-06-19 12:24:54] INFO: SEQUELIZE
[2023-06-19 12:24:54] INFO: SEQUELIZE
[2023-06-19 12:24:55] INFO: SEQUELIZE
[2023-06-19 12:24:56] INFO: SEQUELIZE
[2023-06-19 12:24:56] INFO: SEQUELIZE
[2023-06-19 12:24:56] INFO: SEQUELIZE
[2023-06-19 12:24:56] INFO: SEQUELIZE
[2023-06-19 12:24:56] INFO: SEQUELIZE
[2023-06-19 12:24:56] INFO: SEQUELIZE
[2023-06-19 12:24:56] INFO: SEQUELIZE
[2023-06-19 12:24:56] INFO: POST
[2023-06-19 12:24:57] INFO: POST
[2023-06-19 12:28:06] INFO: App listening on the port: 5000
[2023-06-19 12:28:06] INFO: SEQUELIZE
[2023-06-19 12:28:06] INFO: Database connection established successfully
[2023-06-19 12:28:11] INFO: POST
[2023-06-19 12:28:19] INFO: SEQUELIZE
[2023-06-19 12:28:19] INFO: SEQUELIZE
[2023-06-19 12:28:19] INFO: SEQUELIZE
[2023-06-19 12:28:19] INFO: SEQUELIZE
[2023-06-19 12:28:19] INFO: SEQUELIZE
[2023-06-19 12:28:19] INFO: SEQUELIZE
[2023-06-19 12:28:19] INFO: SEQUELIZE
[2023-06-19 12:28:20] INFO: SEQUELIZE
[2023-06-19 12:28:20] INFO: SEQUELIZE
[2023-06-19 12:28:20] INFO: SEQUELIZE
[2023-06-19 12:28:20] INFO: SEQUELIZE
[2023-06-19 12:28:21] INFO: SEQUELIZE
[2023-06-19 12:28:21] INFO: SEQUELIZE
[2023-06-19 12:28:21] INFO: SEQUELIZE
[2023-06-19 12:28:21] INFO: SEQUELIZE
[2023-06-19 12:28:21] INFO: POST
[2023-06-19 12:28:21] INFO: POST
[2023-06-19 12:29:34] INFO: App listening on the port: 5000
[2023-06-19 12:29:34] INFO: SEQUELIZE
[2023-06-19 12:29:34] INFO: Database connection established successfully
[2023-06-19 12:29:39] INFO: POST
[2023-06-19 12:31:26] INFO: App listening on the port: 5000
[2023-06-19 12:31:26] INFO: SEQUELIZE
[2023-06-19 12:31:26] INFO: Database connection established successfully
[2023-06-19 12:31:31] INFO: POST
[2023-06-19 12:32:00] INFO: App listening on the port: 5000
[2023-06-19 12:32:00] INFO: SEQUELIZE
[2023-06-19 12:32:00] INFO: Database connection established successfully
[2023-06-19 12:32:05] INFO: POST
[2023-06-19 12:32:24] INFO: App listening on the port: 5000
[2023-06-19 12:32:24] INFO: SEQUELIZE
[2023-06-19 12:32:24] INFO: Database connection established successfully
[2023-06-19 12:32:29] INFO: POST
[2023-06-19 12:36:19] INFO: App listening on the port: 5000
[2023-06-19 12:36:19] INFO: SEQUELIZE
[2023-06-19 12:36:19] INFO: Database connection established successfully
[2023-06-19 12:36:24] INFO: POST
[2023-06-19 12:37:10] INFO: App listening on the port: 5000
[2023-06-19 12:37:10] INFO: SEQUELIZE
[2023-06-19 12:37:10] INFO: Database connection established successfully
[2023-06-19 12:37:15] INFO: POST
[2023-06-19 12:37:48] INFO: App listening on the port: 5000
[2023-06-19 12:37:48] INFO: SEQUELIZE
[2023-06-19 12:37:48] INFO: Database connection established successfully
[2023-06-19 12:37:53] INFO: POST
[2023-06-19 12:38:55] INFO: SEQUELIZE
[2023-06-19 12:38:55] INFO: Database connection established successfully
[2023-06-19 12:39:09] INFO: SEQUELIZE
[2023-06-19 12:39:09] INFO: Database connection established successfully
[2023-06-19 12:39:17] INFO: App listening on the port: 5000
[2023-06-19 12:39:17] INFO: SEQUELIZE
[2023-06-19 12:39:17] INFO: Database connection established successfully
[2023-06-19 12:39:22] INFO: POST
[2023-06-19 12:40:17] INFO: App listening on the port: 5000
[2023-06-19 12:40:17] INFO: SEQUELIZE
[2023-06-19 12:40:17] INFO: Database connection established successfully
[2023-06-19 12:40:22] INFO: POST
[2023-06-19 12:40:27] INFO: SEQUELIZE
[2023-06-19 12:40:27] INFO: Database connection established successfully
[2023-06-19 12:40:42] INFO: App listening on the port: 5000
[2023-06-19 12:40:42] INFO: SEQUELIZE
[2023-06-19 12:40:42] INFO: Database connection established successfully
[2023-06-19 12:40:52] INFO: App listening on the port: 5000
[2023-06-19 12:40:52] INFO: SEQUELIZE
[2023-06-19 12:40:52] INFO: Database connection established successfully
[2023-06-19 12:40:57] INFO: POST
[2023-06-19 12:59:51] INFO: App listening on the port: 5000
[2023-06-19 12:59:51] INFO: SEQUELIZE
[2023-06-19 12:59:51] INFO: Database connection established successfully
[2023-06-19 12:59:56] INFO: POST
[2023-06-19 13:00:13] INFO: App listening on the port: 5000
[2023-06-19 13:00:13] INFO: SEQUELIZE
[2023-06-19 13:00:13] INFO: Database connection established successfully
[2023-06-19 13:00:18] INFO: POST
[2023-06-19 13:01:03] INFO: App listening on the port: 5000
[2023-06-19 13:01:03] INFO: SEQUELIZE
[2023-06-19 13:01:03] INFO: Database connection established successfully
[2023-06-19 13:01:08] INFO: POST
[2023-06-19 13:01:30] INFO: App listening on the port: 5000
[2023-06-19 13:01:30] INFO: SEQUELIZE
[2023-06-19 13:01:30] INFO: Database connection established successfully
[2023-06-19 13:01:35] INFO: POST
[2023-06-19 13:02:12] INFO: App listening on the port: 5000
[2023-06-19 13:02:12] INFO: SEQUELIZE
[2023-06-19 13:02:12] INFO: Database connection established successfully
[2023-06-19 13:02:22] INFO: App listening on the port: 5000
[2023-06-19 13:02:22] INFO: SEQUELIZE
[2023-06-19 13:02:22] INFO: Database connection established successfully
[2023-06-19 13:02:27] INFO: POST
[2023-06-19 13:03:04] INFO: App listening on the port: 5000
[2023-06-19 13:03:04] INFO: SEQUELIZE
[2023-06-19 13:03:04] INFO: Database connection established successfully
[2023-06-19 13:03:09] INFO: POST
[2023-06-19 13:04:20] INFO: App listening on the port: 5000
[2023-06-19 13:04:20] INFO: SEQUELIZE
[2023-06-19 13:04:20] INFO: Database connection established successfully
[2023-06-19 13:04:25] INFO: POST
[2023-06-19 13:04:55] INFO: App listening on the port: 5000
[2023-06-19 13:04:55] INFO: SEQUELIZE
[2023-06-19 13:04:55] INFO: Database connection established successfully
[2023-06-19 13:05:00] INFO: POST
[2023-06-19 13:05:30] INFO: App listening on the port: 5000
[2023-06-19 13:05:30] INFO: SEQUELIZE
[2023-06-19 13:05:30] INFO: Database connection established successfully
[2023-06-19 13:05:35] INFO: POST
[2023-06-19 13:05:56] INFO: App listening on the port: 5000
[2023-06-19 13:05:56] INFO: SEQUELIZE
[2023-06-19 13:05:56] INFO: Database connection established successfully
[2023-06-19 13:06:01] INFO: POST
[2023-06-19 13:06:18] INFO: App listening on the port: 5000
[2023-06-19 13:06:18] INFO: SEQUELIZE
[2023-06-19 13:06:18] INFO: Database connection established successfully
[2023-06-19 13:06:23] INFO: POST
[2023-06-19 13:07:14] INFO: App listening on the port: 5000
[2023-06-19 13:07:14] INFO: SEQUELIZE
[2023-06-19 13:07:14] INFO: Database connection established successfully
[2023-06-19 13:07:19] INFO: POST
[2023-06-19 13:07:52] INFO: App listening on the port: 5000
[2023-06-19 13:07:52] INFO: SEQUELIZE
[2023-06-19 13:07:52] INFO: Database connection established successfully
[2023-06-19 13:08:02] INFO: App listening on the port: 5000
[2023-06-19 13:08:02] INFO: SEQUELIZE
[2023-06-19 13:08:02] INFO: Database connection established successfully
[2023-06-19 13:08:07] INFO: POST
[2023-06-19 13:09:55] INFO: App listening on the port: 5000
[2023-06-19 13:09:55] INFO: SEQUELIZE
[2023-06-19 13:09:55] INFO: Database connection established successfully
[2023-06-19 13:10:00] INFO: POST
[2023-06-19 13:11:53] INFO: App listening on the port: 5000
[2023-06-19 13:11:53] INFO: SEQUELIZE
[2023-06-19 13:11:53] INFO: Database connection established successfully
[2023-06-19 13:11:58] INFO: POST
[2023-06-19 13:12:09] INFO: App listening on the port: 5000
[2023-06-19 13:12:10] INFO: SEQUELIZE
[2023-06-19 13:12:10] INFO: Database connection established successfully
[2023-06-19 13:12:15] INFO: POST
[2023-06-19 13:13:24] INFO: App listening on the port: 5000
[2023-06-19 13:13:24] INFO: SEQUELIZE
[2023-06-19 13:13:24] INFO: Database connection established successfully
[2023-06-19 13:13:29] INFO: POST
[2023-06-19 13:14:05] INFO: App listening on the port: 5000
[2023-06-19 13:14:05] INFO: SEQUELIZE
[2023-06-19 13:14:05] INFO: Database connection established successfully
[2023-06-19 13:14:10] INFO: POST
[2023-06-19 13:26:50] INFO: App listening on the port: 5000
[2023-06-19 13:26:50] INFO: SEQUELIZE
[2023-06-19 13:26:50] INFO: Database connection established successfully
[2023-06-19 13:26:55] INFO: POST
[2023-06-19 13:28:44] INFO: App listening on the port: 5000
[2023-06-19 13:28:44] INFO: SEQUELIZE
[2023-06-19 13:28:44] INFO: Database connection established successfully
[2023-06-19 13:28:49] INFO: POST
[2023-06-19 13:29:17] INFO: App listening on the port: 5000
[2023-06-19 13:29:17] INFO: SEQUELIZE
[2023-06-19 13:29:17] INFO: Database connection established successfully
[2023-06-19 13:29:22] INFO: POST
[2023-06-19 13:29:46] INFO: App listening on the port: 5000
[2023-06-19 13:29:46] INFO: SEQUELIZE
[2023-06-19 13:29:46] INFO: Database connection established successfully
[2023-06-19 13:29:56] INFO: App listening on the port: 5000
[2023-06-19 13:29:56] INFO: SEQUELIZE
[2023-06-19 13:29:56] INFO: Database connection established successfully
[2023-06-19 13:30:01] INFO: POST
[2023-06-19 13:30:52] INFO: App listening on the port: 5000
[2023-06-19 13:30:52] INFO: SEQUELIZE
[2023-06-19 13:30:52] INFO: Database connection established successfully
[2023-06-19 13:30:57] INFO: POST
[2023-06-19 13:39:51] INFO: App listening on the port: 5000
[2023-06-19 13:39:51] INFO: SEQUELIZE
[2023-06-19 13:39:51] INFO: Database connection established successfully
[2023-06-19 13:39:56] INFO: POST
[2023-06-19 13:40:28] INFO: App listening on the port: 5000
[2023-06-19 13:40:28] INFO: SEQUELIZE
[2023-06-19 13:40:28] INFO: Database connection established successfully
[2023-06-19 13:40:33] INFO: POST
[2023-06-19 13:40:51] INFO: App listening on the port: 5000
[2023-06-19 13:40:51] INFO: SEQUELIZE
[2023-06-19 13:40:51] INFO: Database connection established successfully
[2023-06-19 13:40:56] INFO: POST
[2023-06-19 13:41:12] INFO: App listening on the port: 5000
[2023-06-19 13:41:12] INFO: SEQUELIZE
[2023-06-19 13:41:12] INFO: Database connection established successfully
[2023-06-19 13:41:17] INFO: POST
[2023-06-19 13:41:34] INFO: App listening on the port: 5000
[2023-06-19 13:41:34] INFO: SEQUELIZE
[2023-06-19 13:41:34] INFO: Database connection established successfully
[2023-06-19 13:41:39] INFO: POST
[2023-06-19 13:41:51] INFO: App listening on the port: 5000
[2023-06-19 13:41:51] INFO: SEQUELIZE
[2023-06-19 13:41:51] INFO: Database connection established successfully
[2023-06-19 13:41:56] INFO: POST
[2023-06-19 13:42:19] INFO: App listening on the port: 5000
[2023-06-19 13:42:19] INFO: SEQUELIZE
[2023-06-19 13:42:19] INFO: Database connection established successfully
[2023-06-19 13:42:24] INFO: POST
[2023-06-19 13:42:37] INFO: App listening on the port: 5000
[2023-06-19 13:42:37] INFO: SEQUELIZE
[2023-06-19 13:42:37] INFO: Database connection established successfully
[2023-06-19 13:42:42] INFO: POST
[2023-06-19 13:42:54] INFO: App listening on the port: 5000
[2023-06-19 13:42:54] INFO: SEQUELIZE
[2023-06-19 13:42:54] INFO: Database connection established successfully
[2023-06-19 13:42:59] INFO: POST
[2023-06-19 13:47:47] INFO: App listening on the port: 5000
[2023-06-19 13:47:47] INFO: SEQUELIZE
[2023-06-19 13:47:47] INFO: Database connection established successfully
[2023-06-19 13:47:52] INFO: POST
[2023-06-19 13:48:32] INFO: App listening on the port: 5000
[2023-06-19 13:48:32] INFO: SEQUELIZE
[2023-06-19 13:48:32] INFO: Database connection established successfully
[2023-06-19 13:48:37] INFO: POST
[2023-06-19 13:49:36] INFO: App listening on the port: 5000
[2023-06-19 13:49:36] INFO: SEQUELIZE
[2023-06-19 13:49:36] INFO: Database connection established successfully
[2023-06-19 13:49:41] INFO: POST
[2023-06-19 14:28:09] INFO: App listening on the port: 5000
[2023-06-19 14:28:09] INFO: SEQUELIZE
[2023-06-19 14:28:09] INFO: Database connection established successfully
[2023-06-19 14:28:16] INFO: App listening on the port: 5000
[2023-06-19 14:28:16] INFO: SEQUELIZE
[2023-06-19 14:28:16] INFO: Database connection established successfully
[2023-06-19 14:28:21] INFO: POST
[2023-06-19 14:28:37] INFO: App listening on the port: 5000
[2023-06-19 14:28:37] INFO: SEQUELIZE
[2023-06-19 14:28:37] INFO: Database connection established successfully
[2023-06-19 14:28:42] INFO: POST
[2023-06-19 14:28:54] INFO: App listening on the port: 5000
[2023-06-19 14:28:54] INFO: SEQUELIZE
[2023-06-19 14:28:54] INFO: Database connection established successfully
[2023-06-19 14:28:59] INFO: POST
[2023-06-19 14:29:18] INFO: App listening on the port: 5000
[2023-06-19 14:29:18] INFO: SEQUELIZE
[2023-06-19 14:29:18] INFO: Database connection established successfully
[2023-06-19 14:29:23] INFO: POST
[2023-06-19 14:29:48] INFO: App listening on the port: 5000
[2023-06-19 14:29:48] INFO: SEQUELIZE
[2023-06-19 14:29:48] INFO: Database connection established successfully
[2023-06-19 14:30:04] INFO: App listening on the port: 5000
[2023-06-19 14:30:04] INFO: SEQUELIZE
[2023-06-19 14:30:04] INFO: Database connection established successfully
[2023-06-19 14:30:09] INFO: POST
[2023-06-19 14:30:40] INFO: App listening on the port: 5000
[2023-06-19 14:30:40] INFO: SEQUELIZE
[2023-06-19 14:30:40] INFO: Database connection established successfully
[2023-06-19 14:30:45] INFO: POST
[2023-06-19 14:31:31] INFO: App listening on the port: 5000
[2023-06-19 14:31:31] INFO: SEQUELIZE
[2023-06-19 14:31:31] INFO: Database connection established successfully
[2023-06-19 14:31:36] INFO: POST
[2023-06-19 14:32:09] INFO: App listening on the port: 5000
[2023-06-19 14:32:09] INFO: SEQUELIZE
[2023-06-19 14:32:09] INFO: Database connection established successfully
[2023-06-19 14:32:14] INFO: POST
[2023-06-19 14:33:21] INFO: SEQUELIZE
[2023-06-19 14:33:21] INFO: Database connection established successfully
[2023-06-19 14:33:35] INFO: SEQUELIZE
[2023-06-19 14:33:35] INFO: Database connection established successfully
[2023-06-19 14:33:45] INFO: SEQUELIZE
[2023-06-19 14:33:45] INFO: Database connection established successfully
[2023-06-19 14:33:58] INFO: SEQUELIZE
[2023-06-19 14:33:58] INFO: Database connection established successfully
[2023-06-19 14:34:13] INFO: SEQUELIZE
[2023-06-19 14:34:13] INFO: Database connection established successfully
[2023-06-19 14:34:20] INFO: SEQUELIZE
[2023-06-19 14:34:20] INFO: Database connection established successfully
[2023-06-19 14:34:34] INFO: SEQUELIZE
[2023-06-19 14:34:34] INFO: Database connection established successfully
[2023-06-19 14:36:51] INFO: SEQUELIZE
[2023-06-19 14:36:51] INFO: Database connection established successfully
[2023-06-19 14:37:01] INFO: SEQUELIZE
[2023-06-19 14:37:01] INFO: Database connection established successfully
[2023-06-19 14:37:25] INFO: SEQUELIZE
[2023-06-19 14:37:25] INFO: Database connection established successfully
[2023-06-19 14:37:41] INFO: SEQUELIZE
[2023-06-19 14:37:41] INFO: Database connection established successfully
[2023-06-19 14:37:55] INFO: SEQUELIZE
[2023-06-19 14:37:55] INFO: Database connection established successfully
[2023-06-19 14:39:00] INFO: SEQUELIZE
[2023-06-19 14:39:00] INFO: Database connection established successfully
[2023-06-19 14:39:43] INFO: SEQUELIZE
[2023-06-19 14:39:43] INFO: Database connection established successfully
[2023-06-19 14:40:57] INFO: SEQUELIZE
[2023-06-19 14:40:57] INFO: Database connection established successfully
[2023-06-19 14:41:01] INFO: SEQUELIZE
[2023-06-19 14:41:01] INFO: Database connection established successfully
[2023-06-19 14:41:23] INFO: SEQUELIZE
[2023-06-19 14:41:23] INFO: Database connection established successfully
[2023-06-19 14:41:49] INFO: SEQUELIZE
[2023-06-19 14:41:49] INFO: Database connection established successfully
[2023-06-19 14:42:06] INFO: SEQUELIZE
[2023-06-19 14:42:06] INFO: Database connection established successfully
[2023-06-19 14:42:25] INFO: SEQUELIZE
[2023-06-19 14:42:25] INFO: Database connection established successfully
[2023-06-19 14:43:52] INFO: SEQUELIZE
[2023-06-19 14:43:52] INFO: Database connection established successfully
[2023-06-19 14:44:52] INFO: SEQUELIZE
[2023-06-19 14:44:52] INFO: Database connection established successfully
[2023-06-19 14:45:25] INFO: SEQUELIZE
[2023-06-19 14:45:25] INFO: Database connection established successfully
[2023-06-19 14:47:11] INFO: SEQUELIZE
[2023-06-19 14:47:11] INFO: Database connection established successfully
[2023-06-19 14:47:20] INFO: SEQUELIZE
[2023-06-19 14:47:20] INFO: Database connection established successfully
[2023-06-19 14:48:58] INFO: SEQUELIZE
[2023-06-19 14:48:58] INFO: Database connection established successfully
[2023-06-19 14:49:25] INFO: SEQUELIZE
[2023-06-19 14:49:25] INFO: Database connection established successfully
[2023-06-19 14:49:44] INFO: SEQUELIZE
[2023-06-19 14:49:44] INFO: Database connection established successfully
[2023-06-19 14:50:16] INFO: SEQUELIZE
[2023-06-19 14:50:16] INFO: Database connection established successfully
