[2023-06-14 13:02:56] INFO: App listening on the port: 5000
[2023-06-14 13:02:57] INFO: SEQUELIZE
[2023-06-14 13:02:57] INFO: Database connection established successfully
[2023-06-14 13:03:02] INFO: POST
[2023-06-14 13:03:17] ERROR: Wrong authentication token
[2023-06-14 13:03:17] INFO: POST
[2023-06-14 13:03:22] INFO: POST
[2023-06-14 13:03:41] INFO: SEQUELIZE
[2023-06-14 13:03:42] INFO: POST
[2023-06-14 13:03:42] INFO: SEQUELIZE
[2023-06-14 13:03:42] INFO: POST
[2023-06-14 13:04:07] INFO: SEQUELIZE
[2023-06-14 13:04:07] INFO: SEQUELIZE
[2023-06-14 13:04:08] INFO: SEQUELIZE
[2023-06-14 13:04:08] INFO: SEQUELIZE
[2023-06-14 13:04:08] INFO: SEQUELIZE
[2023-06-14 13:04:08] INFO: SEQUELIZE
[2023-06-14 13:04:08] INFO: SEQUELIZE
[2023-06-14 13:04:08] INFO: SEQUELIZE
[2023-06-14 13:04:08] INFO: SEQUELIZE
[2023-06-14 13:04:08] INFO: SEQUELIZE
[2023-06-14 13:04:08] INFO: SEQUELIZE
[2023-06-14 13:04:08] INFO: POST
[2023-06-14 13:04:12] INFO: POST
[2023-06-14 13:46:10] INFO: App listening on the port: 5000
[2023-06-14 13:46:11] INFO: SEQUELIZE
[2023-06-14 13:46:11] INFO: Database connection established successfully
[2023-06-14 13:46:15] INFO: POST
[2023-06-14 15:10:14] INFO: SEQUELIZE
[2023-06-14 15:10:14] INFO: SEQUELIZE
[2023-06-14 15:10:14] INFO: SEQUELIZE
[2023-06-14 15:10:14] INFO: SEQUELIZE
[2023-06-14 15:10:14] INFO: SEQUELIZE
[2023-06-14 15:10:14] INFO: SEQUELIZE
[2023-06-14 15:10:14] INFO: SEQUELIZE
[2023-06-14 15:10:15] INFO: SEQUELIZE
[2023-06-14 15:10:15] INFO: POST
[2023-06-14 15:10:18] INFO: POST
