[2023-06-06 14:10:07] INFO: App listening on the port: 5000
[2023-06-06 14:10:07] INFO: SEQUELIZE
[2023-06-06 14:10:07] INFO: Database connection established successfully
[2023-06-06 14:10:12] INFO: POST
[2023-06-06 14:10:18] ERROR: Wrong authentication token
[2023-06-06 14:10:18] INFO: POST
[2023-06-06 14:10:22] INFO: POST
[2023-06-06 14:10:37] INFO: SEQUELIZE
[2023-06-06 14:10:37] INFO: SEQUELIZE
[2023-06-06 14:10:37] INFO: POST
[2023-06-06 14:10:38] INFO: POST
[2023-06-06 14:10:51] INFO: SEQUELIZE
[2023-06-06 14:10:51] INFO: SEQUELIZE
[2023-06-06 14:10:51] INFO: SEQUELIZE
[2023-06-06 14:10:51] INFO: SEQUELIZE
[2023-06-06 14:10:51] INFO: SEQUELIZE
[2023-06-06 14:10:51] INFO: SEQUELIZE
[2023-06-06 14:10:51] INFO: SEQUELIZE
[2023-06-06 14:10:51] INFO: SEQUELIZE
[2023-06-06 14:10:51] INFO: SEQUELIZE
[2023-06-06 14:10:51] INFO: SEQUELIZE
[2023-06-06 14:10:51] INFO: POST
[2023-06-06 14:10:53] INFO: POST
[2023-06-06 14:11:00] INFO: SEQUELIZE
[2023-06-06 14:11:00] INFO: SEQUELIZE
[2023-06-06 14:11:01] INFO: SEQUELIZE
[2023-06-06 14:11:01] INFO: SEQUELIZE
[2023-06-06 14:11:01] INFO: SEQUELIZE
[2023-06-06 14:11:01] INFO: SEQUELIZE
[2023-06-06 14:11:01] INFO: SEQUELIZE
[2023-06-06 14:11:01] INFO: SEQUELIZE
[2023-06-06 14:11:01] INFO: SEQUELIZE
[2023-06-06 14:11:01] INFO: SEQUELIZE
[2023-06-06 14:11:01] INFO: POST
[2023-06-06 14:11:03] INFO: POST
[2023-06-06 14:11:26] INFO: App listening on the port: 5000
[2023-06-06 14:11:26] INFO: SEQUELIZE
[2023-06-06 14:11:26] INFO: Database connection established successfully
[2023-06-06 14:11:31] INFO: POST
[2023-06-06 14:12:14] INFO: App listening on the port: 5000
[2023-06-06 14:12:15] INFO: SEQUELIZE
[2023-06-06 14:12:15] INFO: Database connection established successfully
[2023-06-06 14:12:28] INFO: App listening on the port: 5000
[2023-06-06 14:12:28] INFO: SEQUELIZE
[2023-06-06 14:12:28] INFO: Database connection established successfully
[2023-06-06 14:12:33] INFO: POST
[2023-06-06 14:12:45] INFO: App listening on the port: 5000
[2023-06-06 14:12:45] INFO: SEQUELIZE
[2023-06-06 14:12:45] INFO: Database connection established successfully
[2023-06-06 14:12:50] INFO: POST
[2023-06-06 14:13:35] INFO: App listening on the port: 5000
[2023-06-06 14:13:35] INFO: SEQUELIZE
[2023-06-06 14:13:35] INFO: Database connection established successfully
[2023-06-06 14:13:40] INFO: POST
[2023-06-06 14:13:55] INFO: App listening on the port: 5000
[2023-06-06 14:13:55] INFO: SEQUELIZE
[2023-06-06 14:13:55] INFO: Database connection established successfully
[2023-06-06 14:14:05] INFO: App listening on the port: 5000
[2023-06-06 14:14:05] INFO: SEQUELIZE
[2023-06-06 14:14:05] INFO: Database connection established successfully
[2023-06-06 14:14:10] INFO: POST
[2023-06-06 14:14:13] INFO: SEQUELIZE
[2023-06-06 14:14:13] INFO: SEQUELIZE
[2023-06-06 14:14:13] INFO: SEQUELIZE
[2023-06-06 14:14:13] INFO: SEQUELIZE
[2023-06-06 14:14:13] INFO: SEQUELIZE
[2023-06-06 14:14:13] INFO: SEQUELIZE
[2023-06-06 14:14:13] INFO: SEQUELIZE
[2023-06-06 14:14:13] INFO: SEQUELIZE
[2023-06-06 14:14:13] INFO: SEQUELIZE
[2023-06-06 14:14:13] INFO: SEQUELIZE
[2023-06-06 14:14:13] INFO: POST
[2023-06-06 14:14:15] INFO: POST
[2023-06-06 14:14:17] INFO: SEQUELIZE
[2023-06-06 14:14:17] INFO: SEQUELIZE
[2023-06-06 14:14:17] INFO: SEQUELIZE
[2023-06-06 14:14:17] INFO: SEQUELIZE
[2023-06-06 14:14:17] INFO: SEQUELIZE
[2023-06-06 14:14:17] INFO: SEQUELIZE
[2023-06-06 14:14:17] ERROR: Cannot read properties of null (reading 'status')
[2023-06-06 14:14:17] INFO: PUT
[2023-06-06 14:14:20] INFO: POST
[2023-06-06 14:24:09] INFO: App listening on the port: 5000
[2023-06-06 14:24:09] INFO: SEQUELIZE
[2023-06-06 14:24:09] INFO: Database connection established successfully
[2023-06-06 14:24:14] INFO: POST
[2023-06-06 14:26:52] INFO: SEQUELIZE
[2023-06-06 14:26:52] INFO: SEQUELIZE
[2023-06-06 14:26:52] INFO: SEQUELIZE
[2023-06-06 14:26:52] ERROR: Validation error: taxAmount
[2023-06-06 14:26:52] INFO: PUT
[2023-06-06 14:26:54] INFO: POST
[2023-06-06 14:26:57] INFO: SEQUELIZE
[2023-06-06 14:26:57] INFO: SEQUELIZE
[2023-06-06 14:26:57] INFO: SEQUELIZE
[2023-06-06 14:26:57] INFO: SEQUELIZE
[2023-06-06 14:26:57] INFO: PUT
[2023-06-06 14:26:57] INFO: SEQUELIZE
[2023-06-06 14:26:59] INFO: POST
[2023-06-06 14:44:15] INFO: App listening on the port: 5000
[2023-06-06 14:44:15] ERROR: Unable to connect to the database. error=Error: password authentication failed for user "postgres"
[2023-06-06 14:44:20] INFO: POST
[2023-06-06 14:45:02] INFO: App listening on the port: 5000
[2023-06-06 14:45:02] INFO: SEQUELIZE
[2023-06-06 14:45:02] INFO: Database connection established successfully
[2023-06-06 14:45:07] INFO: POST
[2023-06-06 14:45:27] INFO: SEQUELIZE
[2023-06-06 14:45:27] INFO: SEQUELIZE
[2023-06-06 14:45:27] INFO: SEQUELIZE
[2023-06-06 14:45:27] INFO: SEQUELIZE
[2023-06-06 14:45:27] INFO: POST
[2023-06-06 14:45:38] INFO: SEQUELIZE
[2023-06-06 14:45:38] ERROR: Cannot read properties of null (reading 'toJSON')
[2023-06-06 14:45:38] INFO: POST
[2023-06-06 14:45:43] INFO: POST
[2023-06-06 14:45:47] INFO: SEQUELIZE
[2023-06-06 14:45:47] INFO: SEQUELIZE
[2023-06-06 14:45:47] INFO: SEQUELIZE
[2023-06-06 14:45:47] INFO: SEQUELIZE
[2023-06-06 14:45:47] INFO: GET
[2023-06-06 14:45:48] INFO: POST
[2023-06-06 14:46:00] INFO: SEQUELIZE
[2023-06-06 14:46:00] INFO: SEQUELIZE
[2023-06-06 14:46:00] INFO: SEQUELIZE
[2023-06-06 14:46:00] INFO: SEQUELIZE
[2023-06-06 14:46:01] INFO: SEQUELIZE
[2023-06-06 14:46:01] INFO: SEQUELIZE
[2023-06-06 14:46:01] INFO: POST
[2023-06-06 14:46:03] INFO: POST
[2023-06-06 14:46:36] INFO: SEQUELIZE
[2023-06-06 14:46:36] INFO: SEQUELIZE
[2023-06-06 14:46:36] INFO: SEQUELIZE
[2023-06-06 14:46:36] INFO: SEQUELIZE
[2023-06-06 14:46:37] INFO: SEQUELIZE
[2023-06-06 14:46:37] INFO: SEQUELIZE
[2023-06-06 14:46:37] INFO: POST
[2023-06-06 14:46:38] INFO: POST
[2023-06-06 14:47:58] INFO: SEQUELIZE
[2023-06-06 14:47:58] INFO: SEQUELIZE
[2023-06-06 14:47:58] INFO: SEQUELIZE
[2023-06-06 14:47:59] INFO: GET
[2023-06-06 14:48:03] INFO: POST
[2023-06-06 21:19:59] INFO: App listening on the port: 5000
[2023-06-06 21:19:59] INFO: SEQUELIZE
[2023-06-06 21:19:59] INFO: Database connection established successfully
[2023-06-06 21:20:04] INFO: POST
[2023-06-06 21:20:31] INFO: App listening on the port: 5000
[2023-06-06 21:20:31] INFO: SEQUELIZE
[2023-06-06 21:20:31] INFO: Database connection established successfully
[2023-06-06 21:20:36] INFO: POST
[2023-06-06 21:33:33] INFO: SEQUELIZE
[2023-06-06 21:33:33] INFO: Database connection established successfully
[2023-06-06 21:33:44] INFO: SEQUELIZE
[2023-06-06 21:33:44] INFO: Database connection established successfully
[2023-06-06 21:34:30] INFO: SEQUELIZE
[2023-06-06 21:34:30] INFO: Database connection established successfully
[2023-06-06 21:34:47] INFO: App listening on the port: 5000
[2023-06-06 21:34:47] INFO: SEQUELIZE
[2023-06-06 21:34:47] INFO: Database connection established successfully
[2023-06-06 21:34:52] INFO: POST
[2023-06-06 21:36:27] INFO: SEQUELIZE
[2023-06-06 21:36:27] INFO: SEQUELIZE
[2023-06-06 21:36:27] INFO: SEQUELIZE
[2023-06-06 21:36:27] INFO: SEQUELIZE
[2023-06-06 21:36:27] INFO: POST
[2023-06-06 21:36:27] INFO: POST
[2023-06-06 21:36:52] INFO: SEQUELIZE
[2023-06-06 21:36:52] INFO: SEQUELIZE
[2023-06-06 21:36:52] INFO: SEQUELIZE
[2023-06-06 21:36:52] INFO: SEQUELIZE
[2023-06-06 21:36:52] INFO: SEQUELIZE
[2023-06-06 21:36:52] INFO: SEQUELIZE
[2023-06-06 21:36:52] INFO: SEQUELIZE
[2023-06-06 21:36:53] INFO: POST
[2023-06-06 21:36:53] INFO: SEQUELIZE
[2023-06-06 21:36:53] INFO: POST
[2023-06-06 21:38:55] INFO: App listening on the port: 5000
[2023-06-06 21:38:55] INFO: SEQUELIZE
[2023-06-06 21:38:55] INFO: Database connection established successfully
[2023-06-06 21:39:00] INFO: POST
[2023-06-06 21:54:41] INFO: App listening on the port: 5000
[2023-06-06 21:54:41] INFO: SEQUELIZE
[2023-06-06 21:54:41] INFO: Database connection established successfully
[2023-06-06 21:54:46] INFO: POST
[2023-06-06 21:59:27] INFO: App listening on the port: 5000
[2023-06-06 21:59:27] INFO: SEQUELIZE
[2023-06-06 21:59:27] INFO: Database connection established successfully
[2023-06-06 21:59:32] INFO: POST
[2023-06-06 21:59:52] INFO: App listening on the port: 5000
[2023-06-06 21:59:52] INFO: SEQUELIZE
[2023-06-06 21:59:52] INFO: Database connection established successfully
[2023-06-06 22:00:05] INFO: App listening on the port: 5000
[2023-06-06 22:00:05] INFO: SEQUELIZE
[2023-06-06 22:00:05] INFO: Database connection established successfully
[2023-06-06 22:00:10] INFO: POST
[2023-06-06 22:00:23] INFO: App listening on the port: 5000
[2023-06-06 22:00:23] INFO: SEQUELIZE
[2023-06-06 22:00:23] INFO: Database connection established successfully
[2023-06-06 22:00:28] INFO: POST
[2023-06-06 22:00:58] INFO: App listening on the port: 5000
[2023-06-06 22:00:59] INFO: SEQUELIZE
[2023-06-06 22:00:59] INFO: Database connection established successfully
[2023-06-06 22:01:04] INFO: POST
[2023-06-06 22:02:02] INFO: App listening on the port: 5000
[2023-06-06 22:02:02] INFO: SEQUELIZE
[2023-06-06 22:02:02] INFO: Database connection established successfully
[2023-06-06 22:02:07] INFO: POST
[2023-06-06 22:02:29] INFO: App listening on the port: 5000
[2023-06-06 22:02:29] INFO: SEQUELIZE
[2023-06-06 22:02:29] INFO: Database connection established successfully
[2023-06-06 22:02:45] INFO: App listening on the port: 5000
[2023-06-06 22:02:46] INFO: SEQUELIZE
[2023-06-06 22:02:46] INFO: Database connection established successfully
[2023-06-06 22:02:50] INFO: POST
[2023-06-06 22:02:54] INFO: SEQUELIZE
[2023-06-06 22:02:55] INFO: SEQUELIZE
[2023-06-06 22:02:55] INFO: SEQUELIZE
[2023-06-06 22:02:55] INFO: SEQUELIZE
[2023-06-06 22:02:55] ERROR: Could not get count of open inbound shipments
[2023-06-06 22:02:55] INFO: GET
[2023-06-06 22:02:56] INFO: POST
[2023-06-06 22:03:30] INFO: App listening on the port: 5000
[2023-06-06 22:03:30] INFO: SEQUELIZE
[2023-06-06 22:03:30] INFO: Database connection established successfully
[2023-06-06 22:03:33] INFO: SEQUELIZE
[2023-06-06 22:03:33] INFO: SEQUELIZE
[2023-06-06 22:03:33] INFO: SEQUELIZE
[2023-06-06 22:03:33] INFO: SEQUELIZE
[2023-06-06 22:03:33] ERROR: Could not get count of open inbound shipments
[2023-06-06 22:03:33] INFO: GET
[2023-06-06 22:03:35] INFO: POST
[2023-06-06 22:04:06] INFO: App listening on the port: 5000
[2023-06-06 22:04:06] INFO: SEQUELIZE
[2023-06-06 22:04:06] INFO: Database connection established successfully
[2023-06-06 22:04:10] INFO: SEQUELIZE
[2023-06-06 22:04:10] INFO: SEQUELIZE
[2023-06-06 22:04:10] INFO: SEQUELIZE
[2023-06-06 22:04:10] INFO: SEQUELIZE
[2023-06-06 22:04:10] INFO: SEQUELIZE
[2023-06-06 22:04:10] INFO: SEQUELIZE
[2023-06-06 22:04:10] INFO: GET
[2023-06-06 22:04:11] INFO: POST
[2023-06-06 22:04:37] INFO: App listening on the port: 5000
[2023-06-06 22:04:37] INFO: SEQUELIZE
[2023-06-06 22:04:37] INFO: Database connection established successfully
[2023-06-06 22:04:40] INFO: SEQUELIZE
[2023-06-06 22:04:40] INFO: SEQUELIZE
[2023-06-06 22:04:40] INFO: SEQUELIZE
[2023-06-06 22:04:40] INFO: SEQUELIZE
[2023-06-06 22:04:40] INFO: SEQUELIZE
[2023-06-06 22:04:40] INFO: SEQUELIZE
[2023-06-06 22:04:40] INFO: GET
[2023-06-06 22:04:42] INFO: POST
[2023-06-06 22:05:01] INFO: App listening on the port: 5000
[2023-06-06 22:05:02] INFO: SEQUELIZE
[2023-06-06 22:05:02] INFO: Database connection established successfully
[2023-06-06 22:05:06] INFO: POST
[2023-06-06 22:05:13] INFO: SEQUELIZE
[2023-06-06 22:05:13] INFO: SEQUELIZE
[2023-06-06 22:05:13] INFO: SEQUELIZE
[2023-06-06 22:05:13] INFO: SEQUELIZE
[2023-06-06 22:05:13] INFO: SEQUELIZE
[2023-06-06 22:05:13] INFO: SEQUELIZE
[2023-06-06 22:05:13] INFO: GET
[2023-06-06 22:05:17] INFO: POST
