[2023-05-17 10:20:28] INFO: App listening on the port: 5000
[2023-05-17 10:20:28] INFO: SEQUELIZE
[2023-05-17 10:20:28] INFO: Database connection established successfully
[2023-05-17 10:20:33] INFO: POST
[2023-05-17 10:20:52] INFO: SEQUELIZE
[2023-05-17 10:20:52] INFO: SEQUELIZE
[2023-05-17 10:20:52] INFO: SEQUELIZE
[2023-05-17 10:20:52] INFO: SEQUELIZE
[2023-05-17 10:20:52] INFO: SEQUELIZE
[2023-05-17 10:20:52] INFO: GET
[2023-05-17 10:20:53] INFO: POST
[2023-05-17 10:22:35] INFO: App listening on the port: 5000
[2023-05-17 10:22:35] INFO: SEQUELIZE
[2023-05-17 10:22:35] INFO: Database connection established successfully
[2023-05-17 10:22:40] INFO: POST
[2023-05-17 10:24:56] INFO: App listening on the port: 5000
[2023-05-17 10:24:56] INFO: SEQUELIZE
[2023-05-17 10:24:56] INFO: Database connection established successfully
[2023-05-17 10:25:01] INFO: POST
[2023-05-17 10:25:52] INFO: App listening on the port: 5000
[2023-05-17 10:25:52] INFO: SEQUELIZE
[2023-05-17 10:25:52] INFO: Database connection established successfully
[2023-05-17 10:26:00] INFO: App listening on the port: 5000
[2023-05-17 10:26:00] INFO: SEQUELIZE
[2023-05-17 10:26:00] INFO: Database connection established successfully
[2023-05-17 10:26:05] INFO: POST
[2023-05-17 10:27:26] INFO: SEQUELIZE
[2023-05-17 10:27:26] INFO: SEQUELIZE
[2023-05-17 10:27:26] INFO: SEQUELIZE
[2023-05-17 10:27:26] INFO: SEQUELIZE
[2023-05-17 10:27:26] INFO: SEQUELIZE
[2023-05-17 10:27:26] INFO: GET
[2023-05-17 10:27:30] INFO: POST
[2023-05-17 16:41:05] INFO: App listening on the port: 5000
[2023-05-17 16:41:06] INFO: SEQUELIZE
[2023-05-17 16:41:06] INFO: Database connection established successfully
[2023-05-17 16:41:11] INFO: POST
[2023-05-17 16:41:41] INFO: SEQUELIZE
[2023-05-17 16:41:41] INFO: SEQUELIZE
[2023-05-17 16:41:41] INFO: SEQUELIZE
[2023-05-17 16:41:41] INFO: SEQUELIZE
[2023-05-17 16:41:41] INFO: SEQUELIZE
[2023-05-17 16:41:41] INFO: GET
[2023-05-17 16:41:46] INFO: POST
[2023-05-17 16:44:12] INFO: App listening on the port: 5000
[2023-05-17 16:44:12] INFO: SEQUELIZE
[2023-05-17 16:44:12] INFO: Database connection established successfully
[2023-05-17 16:44:17] INFO: POST
[2023-05-17 16:44:32] INFO: App listening on the port: 5000
[2023-05-17 16:44:32] INFO: SEQUELIZE
[2023-05-17 16:44:32] INFO: Database connection established successfully
[2023-05-17 16:44:37] INFO: POST
