[2023-06-20 09:57:41] INFO: App listening on the port: 5000
[2023-06-20 09:57:41] INFO: SEQUELIZE
[2023-06-20 09:57:41] INFO: Database connection established successfully
[2023-06-20 09:57:46] INFO: POST
[2023-06-20 09:58:49] INFO: App listening on the port: 5000
[2023-06-20 09:58:49] INFO: SEQUELIZE
[2023-06-20 09:58:49] INFO: Database connection established successfully
[2023-06-20 09:58:54] INFO: POST
[2023-06-20 09:59:57] INFO: App listening on the port: 5000
[2023-06-20 09:59:57] INFO: SEQUELIZE
[2023-06-20 09:59:57] INFO: Database connection established successfully
[2023-06-20 10:00:02] INFO: POST
[2023-06-20 10:01:00] INFO: App listening on the port: 5000
[2023-06-20 10:01:00] INFO: SEQUELIZE
[2023-06-20 10:01:00] INFO: Database connection established successfully
[2023-06-20 10:01:05] INFO: POST
[2023-06-20 10:01:33] INFO: App listening on the port: 5000
[2023-06-20 10:01:33] INFO: SEQUELIZE
[2023-06-20 10:01:33] INFO: Database connection established successfully
[2023-06-20 10:01:38] INFO: POST
[2023-06-20 10:02:23] INFO: App listening on the port: 5000
[2023-06-20 10:02:23] INFO: SEQUELIZE
[2023-06-20 10:02:23] INFO: Database connection established successfully
[2023-06-20 10:02:28] INFO: POST
[2023-06-20 10:02:55] INFO: App listening on the port: 5000
[2023-06-20 10:02:55] INFO: SEQUELIZE
[2023-06-20 10:02:55] INFO: Database connection established successfully
[2023-06-20 10:03:00] INFO: POST
[2023-06-20 10:04:08] INFO: App listening on the port: 5000
[2023-06-20 10:04:08] INFO: SEQUELIZE
[2023-06-20 10:04:08] INFO: Database connection established successfully
[2023-06-20 10:04:13] INFO: POST
[2023-06-20 10:05:27] INFO: App listening on the port: 5000
[2023-06-20 10:05:28] INFO: SEQUELIZE
[2023-06-20 10:05:28] INFO: Database connection established successfully
[2023-06-20 10:05:32] INFO: POST
[2023-06-20 10:05:51] INFO: SEQUELIZE
[2023-06-20 10:05:51] INFO: SEQUELIZE
[2023-06-20 10:05:51] ERROR: Validation error: logo
[2023-06-20 10:05:51] INFO: POST
[2023-06-20 10:05:53] INFO: POST
[2023-06-20 10:06:01] INFO: SEQUELIZE
[2023-06-20 10:06:01] INFO: SEQUELIZE
[2023-06-20 10:06:01] INFO: SEQUELIZE
[2023-06-20 10:06:01] INFO: SEQUELIZE
[2023-06-20 10:06:01] INFO: POST
[2023-06-20 10:06:03] INFO: POST
[2023-06-20 10:07:48] INFO: App listening on the port: 5000
[2023-06-20 10:07:48] INFO: SEQUELIZE
[2023-06-20 10:07:48] INFO: Database connection established successfully
[2023-06-20 10:07:53] INFO: POST
[2023-06-20 10:09:09] INFO: SEQUELIZE
[2023-06-20 10:09:09] INFO: SEQUELIZE
[2023-06-20 10:09:09] ERROR: Validation error: items
[2023-06-20 10:09:09] INFO: POST
[2023-06-20 10:09:13] INFO: POST
[2023-06-20 10:09:32] INFO: SEQUELIZE
[2023-06-20 10:09:32] INFO: SEQUELIZE
[2023-06-20 10:09:32] INFO: SEQUELIZE
[2023-06-20 10:09:32] INFO: SEQUELIZE
[2023-06-20 10:09:32] INFO: SEQUELIZE
[2023-06-20 10:09:32] INFO: SEQUELIZE
[2023-06-20 10:09:32] ERROR: Could not create outbound shipment item!
[2023-06-20 10:09:32] INFO: POST
[2023-06-20 10:09:33] INFO: POST
[2023-06-20 10:09:39] INFO: SEQUELIZE
[2023-06-20 10:09:39] INFO: SEQUELIZE
[2023-06-20 10:09:39] INFO: SEQUELIZE
[2023-06-20 10:09:39] INFO: SEQUELIZE
[2023-06-20 10:09:39] INFO: GET
[2023-06-20 10:09:43] INFO: POST
[2023-06-20 10:10:27] INFO: SEQUELIZE
[2023-06-20 10:10:27] INFO: SEQUELIZE
[2023-06-20 10:10:27] INFO: SEQUELIZE
[2023-06-20 10:10:27] INFO: SEQUELIZE
[2023-06-20 10:10:27] INFO: SEQUELIZE
[2023-06-20 10:10:27] INFO: SEQUELIZE
[2023-06-20 10:10:27] INFO: SEQUELIZE
[2023-06-20 10:10:27] INFO: SEQUELIZE
[2023-06-20 10:10:27] INFO: POST
[2023-06-20 10:10:29] INFO: POST
