[2023-06-15 10:22:01] INFO: App listening on the port: 5000
[2023-06-15 10:22:01] ERROR: Unable to connect to the database. error=Error: password authentication failed for user "postgres"
[2023-06-15 10:22:06] INFO: POST
[2023-06-15 10:26:06] INFO: SEQUELIZE
[2023-06-15 10:26:06] INFO: Database connection established successfully
[2023-06-15 10:26:48] INFO: App listening on the port: 5000
[2023-06-15 10:26:48] INFO: SEQUELIZE
[2023-06-15 10:26:48] INFO: Database connection established successfully
[2023-06-15 10:26:48] INFO: SEQUELIZE
[2023-06-15 10:26:48] INFO: Database connection established successfully
[2023-06-15 10:26:53] INFO: POST
[2023-06-15 10:27:03] INFO: SEQUELIZE
[2023-06-15 10:27:03] INFO: SEQUELIZE
[2023-06-15 10:27:03] INFO: SEQUELIZE
[2023-06-15 10:27:03] INFO: SEQUELIZE
[2023-06-15 10:27:03] INFO: SEQUELIZE
[2023-06-15 10:27:03] INFO: SEQUELIZE
[2023-06-15 10:27:03] ERROR: Could not create invoice with all automatic changes!
[2023-06-15 10:27:03] INFO: POST
[2023-06-15 10:27:08] INFO: POST
[2023-06-15 10:27:09] INFO: SEQUELIZE
[2023-06-15 10:27:09] INFO: SEQUELIZE
[2023-06-15 10:27:09] INFO: SEQUELIZE
[2023-06-15 10:27:09] INFO: SEQUELIZE
[2023-06-15 10:27:09] INFO: SEQUELIZE
[2023-06-15 10:27:09] INFO: SEQUELIZE
[2023-06-15 10:27:09] INFO: SEQUELIZE
[2023-06-15 10:27:10] INFO: SEQUELIZE
[2023-06-15 10:27:10] INFO: SEQUELIZE
[2023-06-15 10:27:10] INFO: SEQUELIZE
[2023-06-15 10:27:10] INFO: SEQUELIZE
[2023-06-15 10:27:10] INFO: SEQUELIZE
[2023-06-15 10:27:10] INFO: SEQUELIZE
[2023-06-15 10:27:10] INFO: SEQUELIZE
[2023-06-15 10:27:11] INFO: SEQUELIZE
[2023-06-15 10:27:11] INFO: SEQUELIZE
[2023-06-15 10:27:11] INFO: SEQUELIZE
[2023-06-15 10:27:11] INFO: POST
[2023-06-15 10:27:13] INFO: POST
[2023-06-15 10:27:16] INFO: SEQUELIZE
[2023-06-15 10:27:16] INFO: SEQUELIZE
[2023-06-15 10:27:16] INFO: SEQUELIZE
[2023-06-15 10:27:16] INFO: SEQUELIZE
[2023-06-15 10:27:16] INFO: SEQUELIZE
[2023-06-15 10:27:16] INFO: SEQUELIZE
[2023-06-15 10:27:16] INFO: SEQUELIZE
[2023-06-15 10:27:16] INFO: SEQUELIZE
[2023-06-15 10:27:16] INFO: POST
[2023-06-15 10:27:18] INFO: POST
[2023-06-15 10:28:27] INFO: SEQUELIZE
[2023-06-15 10:28:27] INFO: SEQUELIZE
[2023-06-15 10:28:27] INFO: SEQUELIZE
[2023-06-15 10:28:27] INFO: SEQUELIZE
[2023-06-15 10:28:27] INFO: SEQUELIZE
[2023-06-15 10:28:27] INFO: SEQUELIZE
[2023-06-15 10:28:27] INFO: SEQUELIZE
[2023-06-15 10:28:28] INFO: POST
[2023-06-15 10:28:28] INFO: SEQUELIZE
[2023-06-15 10:28:28] INFO: SEQUELIZE
[2023-06-15 10:28:28] INFO: SEQUELIZE
[2023-06-15 10:28:28] INFO: SEQUELIZE
[2023-06-15 10:28:28] INFO: SEQUELIZE
[2023-06-15 10:28:28] INFO: SEQUELIZE
[2023-06-15 10:28:28] INFO: SEQUELIZE
[2023-06-15 10:28:29] INFO: SEQUELIZE
[2023-06-15 10:28:29] INFO: SEQUELIZE
[2023-06-15 10:28:29] INFO: SEQUELIZE
[2023-06-15 10:28:29] INFO: SEQUELIZE
[2023-06-15 10:28:29] INFO: SEQUELIZE
[2023-06-15 10:28:29] INFO: SEQUELIZE
[2023-06-15 10:28:29] INFO: POST
[2023-06-15 10:28:33] INFO: POST
[2023-06-15 10:36:39] INFO: App listening on the port: 5000
[2023-06-15 10:36:39] INFO: SEQUELIZE
[2023-06-15 10:36:39] INFO: Database connection established successfully
[2023-06-15 10:36:40] INFO: SEQUELIZE
[2023-06-15 10:36:40] INFO: Database connection established successfully
[2023-06-15 10:36:48] INFO: App listening on the port: 5000
[2023-06-15 10:36:48] INFO: SEQUELIZE
[2023-06-15 10:36:48] INFO: Database connection established successfully
[2023-06-15 10:36:49] INFO: SEQUELIZE
[2023-06-15 10:36:49] INFO: Database connection established successfully
[2023-06-15 10:36:53] INFO: POST
[2023-06-15 10:37:08] INFO: App listening on the port: 5000
[2023-06-15 10:37:08] INFO: SEQUELIZE
[2023-06-15 10:37:08] INFO: Database connection established successfully
[2023-06-15 10:37:09] INFO: SEQUELIZE
[2023-06-15 10:37:09] INFO: Database connection established successfully
[2023-06-15 10:37:13] INFO: POST
[2023-06-15 10:37:41] INFO: App listening on the port: 5000
[2023-06-15 10:37:41] INFO: SEQUELIZE
[2023-06-15 10:37:41] INFO: Database connection established successfully
[2023-06-15 10:37:41] INFO: SEQUELIZE
[2023-06-15 10:37:41] INFO: Database connection established successfully
[2023-06-15 10:37:46] INFO: POST
[2023-06-15 10:38:12] INFO: App listening on the port: 5000
[2023-06-15 10:38:12] INFO: SEQUELIZE
[2023-06-15 10:38:12] INFO: Database connection established successfully
[2023-06-15 10:38:13] INFO: SEQUELIZE
[2023-06-15 10:38:13] INFO: Database connection established successfully
[2023-06-15 10:38:17] INFO: POST
[2023-06-15 10:38:55] INFO: App listening on the port: 5000
[2023-06-15 10:38:55] INFO: SEQUELIZE
[2023-06-15 10:38:55] INFO: Database connection established successfully
[2023-06-15 10:38:55] INFO: SEQUELIZE
[2023-06-15 10:38:55] INFO: Database connection established successfully
[2023-06-15 10:39:00] INFO: POST
[2023-06-15 10:39:16] INFO: SEQUELIZE
[2023-06-15 10:39:16] INFO: Database connection established successfully
[2023-06-15 11:06:20] INFO: App listening on the port: 5000
[2023-06-15 11:06:20] INFO: SEQUELIZE
[2023-06-15 11:06:20] INFO: Database connection established successfully
[2023-06-15 11:06:25] INFO: POST
[2023-06-15 11:06:44] INFO: App listening on the port: 5000
[2023-06-15 11:06:44] INFO: SEQUELIZE
[2023-06-15 11:06:44] INFO: Database connection established successfully
[2023-06-15 11:06:49] INFO: POST
[2023-06-15 11:07:50] INFO: App listening on the port: 5000
[2023-06-15 11:07:50] INFO: SEQUELIZE
[2023-06-15 11:07:50] INFO: Database connection established successfully
[2023-06-15 11:07:55] INFO: POST
[2023-06-15 11:08:23] INFO: App listening on the port: 5000
[2023-06-15 11:08:23] INFO: SEQUELIZE
[2023-06-15 11:08:23] INFO: Database connection established successfully
[2023-06-15 11:08:28] INFO: POST
[2023-06-15 11:17:11] INFO: App listening on the port: 5000
[2023-06-15 11:17:11] INFO: SEQUELIZE
[2023-06-15 11:17:11] INFO: Database connection established successfully
[2023-06-15 11:17:16] INFO: POST
[2023-06-15 11:21:49] INFO: SEQUELIZE
[2023-06-15 11:21:49] INFO: Database connection established successfully
[2023-06-15 11:22:08] INFO: App listening on the port: 5000
[2023-06-15 11:22:08] INFO: SEQUELIZE
[2023-06-15 11:22:08] INFO: Database connection established successfully
[2023-06-15 11:22:13] INFO: POST
[2023-06-15 11:23:35] INFO: App listening on the port: 5000
[2023-06-15 11:23:35] INFO: SEQUELIZE
[2023-06-15 11:23:35] INFO: Database connection established successfully
[2023-06-15 11:23:45] INFO: App listening on the port: 5000
[2023-06-15 11:23:45] INFO: SEQUELIZE
[2023-06-15 11:23:45] INFO: Database connection established successfully
[2023-06-15 11:24:00] INFO: App listening on the port: 5000
[2023-06-15 11:24:00] INFO: SEQUELIZE
[2023-06-15 11:24:00] INFO: Database connection established successfully
[2023-06-15 11:24:05] INFO: POST
[2023-06-15 11:24:15] INFO: App listening on the port: 5000
[2023-06-15 11:24:15] INFO: SEQUELIZE
[2023-06-15 11:24:15] INFO: Database connection established successfully
[2023-06-15 11:24:20] INFO: POST
[2023-06-15 11:24:43] INFO: App listening on the port: 5000
[2023-06-15 11:24:43] INFO: SEQUELIZE
[2023-06-15 11:24:43] INFO: Database connection established successfully
[2023-06-15 11:24:48] INFO: POST
[2023-06-15 11:30:13] INFO: App listening on the port: 5000
[2023-06-15 11:30:13] INFO: SEQUELIZE
[2023-06-15 11:30:13] INFO: Database connection established successfully
[2023-06-15 11:30:18] INFO: POST
[2023-06-15 11:34:07] INFO: App listening on the port: 5000
[2023-06-15 11:34:08] INFO: SEQUELIZE
[2023-06-15 11:34:08] INFO: Database connection established successfully
[2023-06-15 11:34:12] INFO: POST
[2023-06-15 21:55:33] INFO: App listening on the port: 5000
[2023-06-15 21:55:33] INFO: SEQUELIZE
[2023-06-15 21:55:33] INFO: Database connection established successfully
[2023-06-15 21:55:38] INFO: POST
[2023-06-15 22:02:23] ERROR: Wrong authentication token
[2023-06-15 22:02:23] INFO: POST
[2023-06-15 22:02:24] INFO: POST
[2023-06-15 22:02:54] INFO: SEQUELIZE
[2023-06-15 22:02:54] INFO: SEQUELIZE
[2023-06-15 22:02:54] INFO: SEQUELIZE
[2023-06-15 22:02:54] INFO: SEQUELIZE
[2023-06-15 22:02:54] INFO: POST
[2023-06-15 22:02:54] INFO: SEQUELIZE
[2023-06-15 22:02:54] INFO: SEQUELIZE
[2023-06-15 22:02:54] INFO: SEQUELIZE
[2023-06-15 22:02:54] INFO: SEQUELIZE
[2023-06-15 22:02:54] INFO: POST
[2023-06-15 22:02:59] INFO: POST
[2023-06-15 22:03:18] INFO: SEQUELIZE
[2023-06-15 22:03:18] INFO: SEQUELIZE
[2023-06-15 22:03:18] INFO: SEQUELIZE
[2023-06-15 22:03:18] INFO: SEQUELIZE
[2023-06-15 22:03:18] INFO: SEQUELIZE
[2023-06-15 22:03:18] INFO: SEQUELIZE
[2023-06-15 22:03:18] INFO: SEQUELIZE
[2023-06-15 22:03:18] INFO: SEQUELIZE
[2023-06-15 22:03:18] INFO: POST
[2023-06-15 22:03:19] INFO: POST
[2023-06-15 22:20:31] INFO: SEQUELIZE
[2023-06-15 22:20:31] INFO: SEQUELIZE
[2023-06-15 22:20:31] INFO: SEQUELIZE
[2023-06-15 22:20:31] INFO: SEQUELIZE
[2023-06-15 22:20:31] INFO: SEQUELIZE
[2023-06-15 22:20:31] INFO: SEQUELIZE
[2023-06-15 22:20:31] INFO: SEQUELIZE
[2023-06-15 22:20:31] ERROR: Could not create invoice with all automatic changes!
[2023-06-15 22:20:31] INFO: POST
[2023-06-15 22:20:31] INFO: POST
[2023-06-15 22:22:07] INFO: App listening on the port: 5000
[2023-06-15 22:22:08] INFO: SEQUELIZE
[2023-06-15 22:22:08] INFO: Database connection established successfully
[2023-06-15 22:22:12] INFO: POST
[2023-06-15 22:22:18] INFO: SEQUELIZE
[2023-06-15 22:22:18] INFO: SEQUELIZE
[2023-06-15 22:22:18] INFO: SEQUELIZE
[2023-06-15 22:22:18] INFO: SEQUELIZE
[2023-06-15 22:22:18] INFO: SEQUELIZE
[2023-06-15 22:22:18] INFO: SEQUELIZE
[2023-06-15 22:22:18] INFO: SEQUELIZE
[2023-06-15 22:22:18] ERROR: Could not create invoice with all automatic changes!
[2023-06-15 22:22:18] INFO: POST
[2023-06-15 22:22:22] INFO: POST
[2023-06-15 22:23:15] INFO: SEQUELIZE
[2023-06-15 22:23:15] INFO: SEQUELIZE
[2023-06-15 22:23:15] ERROR: Validation error: category
[2023-06-15 22:23:15] INFO: POST
[2023-06-15 22:23:18] INFO: POST
[2023-06-15 22:23:25] INFO: SEQUELIZE
[2023-06-15 22:23:25] INFO: SEQUELIZE
[2023-06-15 22:23:25] INFO: SEQUELIZE
[2023-06-15 22:23:25] INFO: POST
[2023-06-15 22:23:28] INFO: POST
[2023-06-15 22:23:50] INFO: SEQUELIZE
[2023-06-15 22:23:50] INFO: SEQUELIZE
[2023-06-15 22:23:50] INFO: SEQUELIZE
[2023-06-15 22:23:50] INFO: POST
[2023-06-15 22:23:53] INFO: POST
[2023-06-15 22:24:05] INFO: SEQUELIZE
[2023-06-15 22:24:05] INFO: SEQUELIZE
[2023-06-15 22:24:05] INFO: SEQUELIZE
[2023-06-15 22:24:05] INFO: SEQUELIZE
[2023-06-15 22:24:05] INFO: SEQUELIZE
[2023-06-15 22:24:05] INFO: SEQUELIZE
[2023-06-15 22:24:05] INFO: SEQUELIZE
[2023-06-15 22:24:08] INFO: POST
[2023-06-15 22:24:08] INFO: SEQUELIZE
[2023-06-15 22:24:08] INFO: SEQUELIZE
[2023-06-15 22:24:08] INFO: SEQUELIZE
[2023-06-15 22:24:08] INFO: SEQUELIZE
[2023-06-15 22:24:08] INFO: SEQUELIZE
[2023-06-15 22:24:08] INFO: SEQUELIZE
[2023-06-15 22:24:08] INFO: SEQUELIZE
[2023-06-15 22:24:08] INFO: SEQUELIZE
[2023-06-15 22:24:08] INFO: SEQUELIZE
[2023-06-15 22:24:08] INFO: POST
[2023-06-15 22:24:13] INFO: POST
[2023-06-15 22:25:38] INFO: App listening on the port: 5000
[2023-06-15 22:25:38] INFO: SEQUELIZE
[2023-06-15 22:25:38] INFO: Database connection established successfully
[2023-06-15 22:25:43] INFO: POST
[2023-06-15 22:31:00] ERROR: Wrong authentication token
[2023-06-15 22:31:00] INFO: GET
[2023-06-15 22:31:03] INFO: POST
[2023-06-15 22:31:51] ERROR: Wrong authentication token
[2023-06-15 22:31:51] INFO: POST
[2023-06-15 22:31:53] INFO: POST
