[2023-06-29 10:09:38] INFO: App listening on the port: 5000
[2023-06-29 10:09:38] INFO: SEQUELIZE
[2023-06-29 10:09:38] INFO: Database connection established successfully
[2023-06-29 10:09:43] INFO: POST
[2023-06-29 10:09:44] INFO: SEQUELIZE
[2023-06-29 10:09:44] ERROR: Cannot read properties of undefined (reading 'originalname')
[2023-06-29 10:09:44] INFO: POST
[2023-06-29 10:09:48] INFO: POST
[2023-06-29 10:09:58] INFO: SEQUELIZE
[2023-06-29 10:09:59] INFO: POST
[2023-06-29 10:10:03] INFO: POST
[2023-06-29 10:11:19] INFO: SEQUELIZE
[2023-06-29 10:11:20] INFO: GET
[2023-06-29 10:11:23] INFO: POST
[2023-06-29 10:11:42] ERROR: Wrong authentication token
[2023-06-29 10:11:42] INFO: GET
[2023-06-29 10:11:44] INFO: POST
[2023-06-29 10:11:45] INFO: SEQUELIZE
[2023-06-29 10:11:45] INFO: GET
[2023-06-29 10:11:49] INFO: POST
[2023-06-29 10:12:22] INFO: App listening on the port: 5000
[2023-06-29 10:12:22] INFO: SEQUELIZE
[2023-06-29 10:12:22] INFO: Database connection established successfully
[2023-06-29 10:12:27] INFO: POST
[2023-06-29 10:13:24] INFO: App listening on the port: 5000
[2023-06-29 10:13:24] INFO: SEQUELIZE
[2023-06-29 10:13:24] INFO: Database connection established successfully
[2023-06-29 10:13:40] INFO: App listening on the port: 5000
[2023-06-29 10:13:40] INFO: SEQUELIZE
[2023-06-29 10:13:40] INFO: Database connection established successfully
[2023-06-29 10:13:54] INFO: App listening on the port: 5000
[2023-06-29 10:13:54] INFO: SEQUELIZE
[2023-06-29 10:13:54] INFO: Database connection established successfully
[2023-06-29 10:13:59] INFO: POST
[2023-06-29 10:14:02] INFO: SEQUELIZE
[2023-06-29 10:14:03] INFO: POST
[2023-06-29 10:14:04] INFO: POST
[2023-06-29 10:14:34] INFO: App listening on the port: 5000
[2023-06-29 10:14:35] INFO: SEQUELIZE
[2023-06-29 10:14:35] INFO: Database connection established successfully
[2023-06-29 10:14:39] INFO: POST
[2023-06-29 10:14:56] INFO: App listening on the port: 5000
[2023-06-29 10:14:56] INFO: SEQUELIZE
[2023-06-29 10:14:56] INFO: Database connection established successfully
[2023-06-29 10:15:01] INFO: POST
[2023-06-29 10:15:18] INFO: App listening on the port: 5000
[2023-06-29 10:15:18] INFO: SEQUELIZE
[2023-06-29 10:15:18] INFO: Database connection established successfully
[2023-06-29 10:15:19] INFO: SEQUELIZE
[2023-06-29 10:15:20] INFO: POST
[2023-06-29 10:15:23] INFO: POST
[2023-06-29 10:15:32] INFO: SEQUELIZE
[2023-06-29 10:15:33] INFO: GET
[2023-06-29 10:15:33] INFO: POST
[2023-06-29 10:17:16] INFO: App listening on the port: 5000
[2023-06-29 10:17:16] INFO: SEQUELIZE
[2023-06-29 10:17:16] INFO: Database connection established successfully
[2023-06-29 10:17:21] INFO: POST
[2023-06-29 10:21:09] INFO: SEQUELIZE
[2023-06-29 10:21:09] INFO: SEQUELIZE
[2023-06-29 10:21:09] INFO: SEQUELIZE
[2023-06-29 10:21:09] INFO: SEQUELIZE
[2023-06-29 10:21:09] INFO: SEQUELIZE
[2023-06-29 10:21:09] INFO: SEQUELIZE
[2023-06-29 10:21:09] INFO: SEQUELIZE
[2023-06-29 10:21:09] INFO: SEQUELIZE
[2023-06-29 10:21:09] INFO: POST
[2023-06-29 10:21:12] INFO: POST
[2023-06-29 10:30:27] INFO: App listening on the port: 5000
[2023-06-29 10:30:27] INFO: SEQUELIZE
[2023-06-29 10:30:27] INFO: Database connection established successfully
[2023-06-29 10:30:32] INFO: POST
[2023-06-29 10:30:49] INFO: SEQUELIZE
[2023-06-29 10:30:49] INFO: SEQUELIZE
[2023-06-29 10:30:49] INFO: SEQUELIZE
[2023-06-29 10:30:49] INFO: SEQUELIZE
[2023-06-29 10:30:49] INFO: GET
[2023-06-29 10:30:52] INFO: POST
[2023-06-29 10:32:49] INFO: SEQUELIZE
[2023-06-29 10:32:49] INFO: SEQUELIZE
[2023-06-29 10:32:49] INFO: SEQUELIZE
[2023-06-29 10:32:49] INFO: GET
[2023-06-29 10:32:52] INFO: POST
[2023-06-29 10:33:44] INFO: App listening on the port: 5000
[2023-06-29 10:33:44] INFO: SEQUELIZE
[2023-06-29 10:33:44] INFO: Database connection established successfully
[2023-06-29 10:33:49] INFO: POST
[2023-06-29 11:35:13] INFO: App listening on the port: 5000
[2023-06-29 11:35:13] INFO: SEQUELIZE
[2023-06-29 11:35:13] INFO: Database connection established successfully
[2023-06-29 11:35:18] INFO: POST
[2023-06-29 11:37:05] INFO: SEQUELIZE
[2023-06-29 11:37:05] INFO: SEQUELIZE
[2023-06-29 11:37:05] INFO: SEQUELIZE
[2023-06-29 11:37:05] INFO: SEQUELIZE
[2023-06-29 11:37:05] INFO: SEQUELIZE
[2023-06-29 11:37:05] INFO: SEQUELIZE
[2023-06-29 11:37:05] INFO: SEQUELIZE
[2023-06-29 11:37:05] INFO: SEQUELIZE
[2023-06-29 11:37:05] INFO: POST
[2023-06-29 11:37:09] INFO: POST
[2023-06-29 13:31:12] INFO: App listening on the port: 5000
[2023-06-29 13:31:12] INFO: SEQUELIZE
[2023-06-29 13:31:12] INFO: Database connection established successfully
[2023-06-29 13:31:17] INFO: POST
[2023-06-29 13:31:23] INFO: SEQUELIZE
[2023-06-29 13:31:23] INFO: GET
[2023-06-29 13:31:27] INFO: POST
[2023-06-29 13:32:56] INFO: App listening on the port: 5000
[2023-06-29 13:32:56] INFO: SEQUELIZE
[2023-06-29 13:32:56] INFO: Database connection established successfully
[2023-06-29 13:33:01] INFO: POST
[2023-06-29 13:35:45] INFO: App listening on the port: 5000
[2023-06-29 13:35:45] INFO: SEQUELIZE
[2023-06-29 13:35:45] INFO: Database connection established successfully
[2023-06-29 13:35:50] INFO: POST
[2023-06-29 13:36:00] INFO: App listening on the port: 5000
[2023-06-29 13:36:00] INFO: SEQUELIZE
[2023-06-29 13:36:00] INFO: Database connection established successfully
[2023-06-29 13:36:05] INFO: POST
[2023-06-29 13:36:18] INFO: App listening on the port: 5000
[2023-06-29 13:36:18] INFO: SEQUELIZE
[2023-06-29 13:36:18] INFO: Database connection established successfully
[2023-06-29 13:36:23] INFO: POST
[2023-06-29 13:36:34] ERROR: Unexpected token } in JSON at position 688
[2023-06-29 13:36:34] INFO: PUT
[2023-06-29 13:36:38] INFO: POST
[2023-06-29 13:36:38] INFO: SEQUELIZE
[2023-06-29 13:36:38] INFO: SEQUELIZE
[2023-06-29 13:36:38] INFO: PUT
[2023-06-29 13:36:43] INFO: POST
[2023-06-29 13:36:45] INFO: SEQUELIZE
[2023-06-29 13:36:45] INFO: GET
[2023-06-29 13:36:48] INFO: POST
[2023-06-29 13:37:52] INFO: App listening on the port: 5000
[2023-06-29 13:37:52] INFO: SEQUELIZE
[2023-06-29 13:37:52] INFO: Database connection established successfully
[2023-06-29 13:37:57] INFO: POST
[2023-06-29 13:39:16] INFO: App listening on the port: 5000
[2023-06-29 13:39:16] INFO: SEQUELIZE
[2023-06-29 13:39:16] INFO: Database connection established successfully
[2023-06-29 13:39:21] INFO: POST
[2023-06-29 13:39:43] INFO: App listening on the port: 5000
[2023-06-29 13:39:43] INFO: SEQUELIZE
[2023-06-29 13:39:43] INFO: Database connection established successfully
[2023-06-29 13:39:48] INFO: POST
[2023-06-29 14:02:01] INFO: App listening on the port: 5000
[2023-06-29 14:02:01] INFO: SEQUELIZE
[2023-06-29 14:02:01] INFO: Database connection established successfully
[2023-06-29 14:02:06] INFO: POST
[2023-06-29 14:02:28] INFO: App listening on the port: 5000
[2023-06-29 14:02:28] INFO: SEQUELIZE
[2023-06-29 14:02:28] INFO: Database connection established successfully
[2023-06-29 14:02:33] INFO: POST
[2023-06-29 14:02:50] INFO: App listening on the port: 5000
[2023-06-29 14:02:50] INFO: SEQUELIZE
[2023-06-29 14:02:50] INFO: Database connection established successfully
[2023-06-29 14:02:55] INFO: POST
[2023-06-29 14:03:59] INFO: App listening on the port: 5000
[2023-06-29 14:03:59] INFO: SEQUELIZE
[2023-06-29 14:03:59] INFO: Database connection established successfully
[2023-06-29 14:04:04] INFO: POST
[2023-06-29 14:04:14] INFO: App listening on the port: 5000
[2023-06-29 14:04:14] INFO: SEQUELIZE
[2023-06-29 14:04:14] INFO: Database connection established successfully
[2023-06-29 14:04:19] INFO: POST
[2023-06-29 14:11:32] INFO: App listening on the port: 5000
[2023-06-29 14:11:32] INFO: SEQUELIZE
[2023-06-29 14:11:32] INFO: Database connection established successfully
[2023-06-29 14:11:37] INFO: POST
[2023-06-29 14:11:58] INFO: App listening on the port: 5000
[2023-06-29 14:11:59] INFO: SEQUELIZE
[2023-06-29 14:11:59] INFO: Database connection established successfully
[2023-06-29 14:12:04] INFO: POST
[2023-06-29 14:15:16] INFO: App listening on the port: 5000
[2023-06-29 14:15:16] INFO: SEQUELIZE
[2023-06-29 14:15:16] INFO: Database connection established successfully
[2023-06-29 14:15:21] INFO: POST
[2023-06-29 14:15:38] INFO: App listening on the port: 5000
[2023-06-29 14:15:38] INFO: SEQUELIZE
[2023-06-29 14:15:38] INFO: Database connection established successfully
[2023-06-29 14:15:43] INFO: POST
[2023-06-29 14:15:53] INFO: App listening on the port: 5000
[2023-06-29 14:15:53] INFO: SEQUELIZE
[2023-06-29 14:15:53] INFO: Database connection established successfully
[2023-06-29 14:15:58] INFO: POST
[2023-06-29 14:16:24] INFO: App listening on the port: 5000
[2023-06-29 14:16:24] INFO: SEQUELIZE
[2023-06-29 14:16:24] INFO: Database connection established successfully
[2023-06-29 14:16:29] INFO: POST
[2023-06-29 14:17:12] INFO: App listening on the port: 5000
[2023-06-29 14:17:12] INFO: SEQUELIZE
[2023-06-29 14:17:12] INFO: Database connection established successfully
[2023-06-29 14:17:22] INFO: App listening on the port: 5000
[2023-06-29 14:17:22] INFO: SEQUELIZE
[2023-06-29 14:17:22] INFO: Database connection established successfully
[2023-06-29 14:17:27] INFO: POST
[2023-06-29 14:18:05] INFO: App listening on the port: 5000
[2023-06-29 14:18:05] INFO: SEQUELIZE
[2023-06-29 14:18:05] INFO: Database connection established successfully
[2023-06-29 14:18:10] INFO: POST
[2023-06-29 14:19:12] INFO: App listening on the port: 5000
[2023-06-29 14:19:12] INFO: SEQUELIZE
[2023-06-29 14:19:12] INFO: Database connection established successfully
[2023-06-29 14:19:17] INFO: POST
[2023-06-29 14:19:59] INFO: App listening on the port: 5000
[2023-06-29 14:19:59] INFO: SEQUELIZE
[2023-06-29 14:19:59] INFO: Database connection established successfully
[2023-06-29 14:20:04] INFO: POST
[2023-06-29 14:20:39] INFO: App listening on the port: 5000
[2023-06-29 14:20:39] INFO: SEQUELIZE
[2023-06-29 14:20:39] INFO: Database connection established successfully
[2023-06-29 14:20:44] INFO: POST
[2023-06-29 14:21:03] INFO: App listening on the port: 5000
[2023-06-29 14:21:03] INFO: SEQUELIZE
[2023-06-29 14:21:03] INFO: Database connection established successfully
[2023-06-29 14:21:08] INFO: POST
[2023-06-29 14:21:43] INFO: App listening on the port: 5000
[2023-06-29 14:21:43] INFO: SEQUELIZE
[2023-06-29 14:21:43] INFO: Database connection established successfully
[2023-06-29 14:21:48] INFO: POST
[2023-06-29 14:22:12] INFO: App listening on the port: 5000
[2023-06-29 14:22:12] INFO: SEQUELIZE
[2023-06-29 14:22:12] INFO: Database connection established successfully
[2023-06-29 14:22:17] INFO: POST
[2023-06-29 14:23:01] INFO: App listening on the port: 5000
[2023-06-29 14:23:01] INFO: SEQUELIZE
[2023-06-29 14:23:01] INFO: Database connection established successfully
[2023-06-29 14:23:06] INFO: POST
[2023-06-29 14:24:42] INFO: App listening on the port: 5000
[2023-06-29 14:24:42] INFO: SEQUELIZE
[2023-06-29 14:24:42] INFO: Database connection established successfully
[2023-06-29 14:24:47] INFO: POST
[2023-06-29 14:25:28] INFO: SEQUELIZE
[2023-06-29 14:25:28] INFO: Database connection established successfully
[2023-06-29 14:25:37] INFO: App listening on the port: 5000
[2023-06-29 14:25:37] INFO: SEQUELIZE
[2023-06-29 14:25:37] INFO: Database connection established successfully
[2023-06-29 14:25:42] INFO: POST
[2023-06-29 14:26:08] INFO: SEQUELIZE
[2023-06-29 14:26:08] INFO: Database connection established successfully
[2023-06-29 14:27:33] INFO: SEQUELIZE
[2023-06-29 14:27:33] INFO: Database connection established successfully
[2023-06-29 14:27:49] INFO: SEQUELIZE
[2023-06-29 14:27:49] INFO: Database connection established successfully
[2023-06-29 14:28:39] INFO: SEQUELIZE
[2023-06-29 14:28:39] INFO: Database connection established successfully
[2023-06-29 14:29:07] INFO: SEQUELIZE
[2023-06-29 14:29:07] INFO: Database connection established successfully
[2023-06-29 14:29:48] INFO: App listening on the port: 5000
[2023-06-29 14:29:48] INFO: SEQUELIZE
[2023-06-29 14:29:48] INFO: Database connection established successfully
[2023-06-29 14:29:53] INFO: POST
[2023-06-29 14:31:00] INFO: App listening on the port: 5000
[2023-06-29 14:31:00] INFO: SEQUELIZE
[2023-06-29 14:31:00] INFO: Database connection established successfully
[2023-06-29 14:31:05] INFO: POST
[2023-06-29 16:33:40] INFO: SEQUELIZE
[2023-06-29 16:33:40] INFO: SEQUELIZE
[2023-06-29 16:33:40] INFO: SEQUELIZE
[2023-06-29 16:33:40] INFO: SEQUELIZE
[2023-06-29 16:33:40] INFO: SEQUELIZE
[2023-06-29 16:33:41] INFO: SEQUELIZE
[2023-06-29 16:33:41] INFO: SEQUELIZE
[2023-06-29 16:33:41] INFO: SEQUELIZE
[2023-06-29 16:33:41] INFO: SEQUELIZE
[2023-06-29 16:33:41] INFO: POST
[2023-06-29 16:33:44] INFO: POST
[2023-06-29 16:34:12] INFO: SEQUELIZE
[2023-06-29 16:34:12] INFO: SEQUELIZE
[2023-06-29 16:34:12] INFO: SEQUELIZE
[2023-06-29 16:34:12] INFO: SEQUELIZE
[2023-06-29 16:34:12] INFO: SEQUELIZE
[2023-06-29 16:34:12] INFO: SEQUELIZE
[2023-06-29 16:34:12] INFO: SEQUELIZE
[2023-06-29 16:34:12] INFO: SEQUELIZE
[2023-06-29 16:34:14] INFO: POST
[2023-06-29 16:34:14] INFO: SEQUELIZE
[2023-06-29 16:34:14] INFO: SEQUELIZE
[2023-06-29 16:34:14] INFO: SEQUELIZE
[2023-06-29 16:34:14] INFO: SEQUELIZE
[2023-06-29 16:34:14] INFO: SEQUELIZE
[2023-06-29 16:34:14] INFO: SEQUELIZE
[2023-06-29 16:34:14] INFO: SEQUELIZE
[2023-06-29 16:34:14] INFO: PUT
[2023-06-29 16:34:19] INFO: POST
[2023-06-29 16:34:53] INFO: SEQUELIZE
[2023-06-29 16:34:53] INFO: SEQUELIZE
[2023-06-29 16:34:53] INFO: SEQUELIZE
[2023-06-29 16:34:53] INFO: SEQUELIZE
[2023-06-29 16:34:53] INFO: SEQUELIZE
[2023-06-29 16:34:53] INFO: SEQUELIZE
[2023-06-29 16:34:53] INFO: SEQUELIZE
[2023-06-29 16:34:53] INFO: SEQUELIZE
[2023-06-29 16:34:53] INFO: SEQUELIZE
[2023-06-29 16:34:53] INFO: POST
[2023-06-29 16:34:54] INFO: POST
[2023-06-29 16:35:04] INFO: SEQUELIZE
[2023-06-29 16:35:04] INFO: SEQUELIZE
[2023-06-29 16:35:04] INFO: SEQUELIZE
[2023-06-29 16:35:04] INFO: SEQUELIZE
[2023-06-29 16:35:04] INFO: SEQUELIZE
[2023-06-29 16:35:04] INFO: SEQUELIZE
[2023-06-29 16:35:04] INFO: SEQUELIZE
[2023-06-29 16:35:05] INFO: SEQUELIZE
[2023-06-29 16:35:06] INFO: SEQUELIZE
[2023-06-29 16:35:06] INFO: SEQUELIZE
[2023-06-29 16:35:06] INFO: SEQUELIZE
[2023-06-29 16:35:06] INFO: SEQUELIZE
[2023-06-29 16:35:06] INFO: SEQUELIZE
[2023-06-29 16:35:06] INFO: SEQUELIZE
[2023-06-29 16:35:06] INFO: SEQUELIZE
[2023-06-29 16:35:06] INFO: PUT
[2023-06-29 16:35:09] INFO: POST
[2023-06-29 16:36:35] INFO: SEQUELIZE
[2023-06-29 16:36:35] INFO: Database connection established successfully
[2023-06-29 16:37:37] INFO: SEQUELIZE
[2023-06-29 16:37:37] INFO: Database connection established successfully
[2023-06-29 16:38:21] INFO: App listening on the port: 5000
[2023-06-29 16:38:21] INFO: SEQUELIZE
[2023-06-29 16:38:21] INFO: Database connection established successfully
[2023-06-29 16:38:27] INFO: POST
[2023-06-29 16:38:28] INFO: SEQUELIZE
[2023-06-29 16:38:28] INFO: SEQUELIZE
[2023-06-29 16:38:28] INFO: SEQUELIZE
[2023-06-29 16:38:28] INFO: SEQUELIZE
[2023-06-29 16:38:28] INFO: SEQUELIZE
[2023-06-29 16:38:28] INFO: SEQUELIZE
[2023-06-29 16:38:28] INFO: SEQUELIZE
[2023-06-29 16:38:28] INFO: SEQUELIZE
[2023-06-29 16:38:28] INFO: SEQUELIZE
[2023-06-29 16:38:28] INFO: POST
[2023-06-29 16:38:32] INFO: POST
[2023-06-29 16:38:38] INFO: SEQUELIZE
[2023-06-29 16:38:38] INFO: SEQUELIZE
[2023-06-29 16:38:38] INFO: SEQUELIZE
[2023-06-29 16:38:38] INFO: SEQUELIZE
[2023-06-29 16:38:38] INFO: SEQUELIZE
[2023-06-29 16:38:38] INFO: SEQUELIZE
[2023-06-29 16:38:38] INFO: SEQUELIZE
[2023-06-29 16:38:39] INFO: SEQUELIZE
[2023-06-29 16:38:39] INFO: SEQUELIZE
[2023-06-29 16:38:39] INFO: SEQUELIZE
[2023-06-29 16:38:39] INFO: SEQUELIZE
[2023-06-29 16:38:39] INFO: SEQUELIZE
[2023-06-29 16:38:39] INFO: SEQUELIZE
[2023-06-29 16:38:40] INFO: SEQUELIZE
[2023-06-29 16:38:40] INFO: PUT
[2023-06-29 16:38:42] INFO: POST
[2023-06-29 16:40:01] INFO: App listening on the port: 5000
[2023-06-29 16:40:01] INFO: SEQUELIZE
[2023-06-29 16:40:01] INFO: Database connection established successfully
[2023-06-29 16:40:06] INFO: POST
[2023-06-29 16:40:38] INFO: App listening on the port: 5000
[2023-06-29 16:40:38] INFO: SEQUELIZE
[2023-06-29 16:40:38] INFO: Database connection established successfully
[2023-06-29 16:40:43] INFO: POST
[2023-06-29 16:41:05] INFO: SEQUELIZE
[2023-06-29 16:41:05] INFO: Database connection established successfully
[2023-06-29 16:41:29] INFO: SEQUELIZE
[2023-06-29 16:41:29] INFO: Database connection established successfully
[2023-06-29 16:44:53] INFO: SEQUELIZE
[2023-06-29 16:44:53] INFO: Database connection established successfully
[2023-06-29 16:45:15] INFO: SEQUELIZE
[2023-06-29 16:45:15] INFO: Database connection established successfully
[2023-06-29 16:45:40] INFO: SEQUELIZE
[2023-06-29 16:45:40] INFO: Database connection established successfully
[2023-06-29 16:47:38] INFO: App listening on the port: 5000
[2023-06-29 16:47:38] INFO: SEQUELIZE
[2023-06-29 16:47:38] INFO: Database connection established successfully
[2023-06-29 16:47:43] INFO: POST
[2023-06-29 16:49:57] INFO: App listening on the port: 5000
[2023-06-29 16:49:57] INFO: SEQUELIZE
[2023-06-29 16:49:57] INFO: Database connection established successfully
[2023-06-29 16:50:02] INFO: POST
[2023-06-29 16:50:36] INFO: SEQUELIZE
[2023-06-29 16:50:36] INFO: SEQUELIZE
[2023-06-29 16:50:36] ERROR: Validation error: inboundShipment
[2023-06-29 16:50:36] INFO: GET
[2023-06-29 16:50:37] INFO: POST
[2023-06-29 16:51:34] INFO: App listening on the port: 5000
[2023-06-29 16:51:34] INFO: SEQUELIZE
[2023-06-29 16:51:34] INFO: Database connection established successfully
[2023-06-29 16:51:57] INFO: App listening on the port: 5000
[2023-06-29 16:51:57] INFO: SEQUELIZE
[2023-06-29 16:51:57] INFO: Database connection established successfully
[2023-06-29 16:52:02] INFO: POST
[2023-06-29 16:52:11] INFO: SEQUELIZE
[2023-06-29 16:52:11] INFO: SEQUELIZE
[2023-06-29 16:52:11] INFO: GET
[2023-06-29 16:52:12] INFO: POST
[2023-06-29 16:52:14] INFO: SEQUELIZE
[2023-06-29 16:52:14] INFO: SEQUELIZE
[2023-06-29 16:52:14] INFO: GET
[2023-06-29 16:52:17] INFO: POST
[2023-06-29 16:52:28] INFO: SEQUELIZE
[2023-06-29 16:52:28] INFO: SEQUELIZE
[2023-06-29 16:52:28] INFO: SEQUELIZE
[2023-06-29 16:52:28] INFO: SEQUELIZE
[2023-06-29 16:52:28] INFO: SEQUELIZE
[2023-06-29 16:52:28] INFO: SEQUELIZE
[2023-06-29 16:52:28] INFO: SEQUELIZE
[2023-06-29 16:52:28] INFO: SEQUELIZE
[2023-06-29 16:52:28] INFO: SEQUELIZE
[2023-06-29 16:52:28] INFO: POST
[2023-06-29 16:52:32] INFO: POST
[2023-06-29 16:52:45] INFO: SEQUELIZE
[2023-06-29 16:52:45] INFO: SEQUELIZE
[2023-06-29 16:52:45] INFO: SEQUELIZE
[2023-06-29 16:52:45] INFO: SEQUELIZE
[2023-06-29 16:52:45] INFO: SEQUELIZE
[2023-06-29 16:52:45] INFO: SEQUELIZE
[2023-06-29 16:52:45] INFO: SEQUELIZE
[2023-06-29 16:52:47] INFO: SEQUELIZE
[2023-06-29 16:52:47] INFO: SEQUELIZE
[2023-06-29 16:52:47] INFO: SEQUELIZE
[2023-06-29 16:52:47] INFO: SEQUELIZE
[2023-06-29 16:52:47] INFO: SEQUELIZE
[2023-06-29 16:52:47] INFO: SEQUELIZE
[2023-06-29 16:52:47] INFO: SEQUELIZE
[2023-06-29 16:52:47] INFO: PUT
[2023-06-29 16:52:47] INFO: POST
[2023-06-29 16:53:22] INFO: SEQUELIZE
[2023-06-29 16:53:22] INFO: SEQUELIZE
[2023-06-29 16:53:22] INFO: GET
[2023-06-29 16:53:22] INFO: POST
[2023-06-29 16:54:02] INFO: SEQUELIZE
[2023-06-29 16:54:02] INFO: SEQUELIZE
[2023-06-29 16:54:03] INFO: POST
[2023-06-29 16:54:03] INFO: GET
[2023-06-29 16:54:08] INFO: POST
[2023-06-29 16:54:11] INFO: SEQUELIZE
[2023-06-29 16:54:11] INFO: SEQUELIZE
[2023-06-29 16:54:11] INFO: GET
[2023-06-29 16:54:13] INFO: POST
[2023-06-29 16:54:57] INFO: SEQUELIZE
[2023-06-29 16:54:57] INFO: SEQUELIZE
[2023-06-29 16:54:57] INFO: SEQUELIZE
[2023-06-29 16:54:57] INFO: SEQUELIZE
[2023-06-29 16:54:57] INFO: SEQUELIZE
[2023-06-29 16:54:58] INFO: POST
[2023-06-29 16:54:58] INFO: SEQUELIZE
[2023-06-29 16:54:58] INFO: SEQUELIZE
[2023-06-29 16:54:58] INFO: SEQUELIZE
[2023-06-29 16:54:58] INFO: POST
[2023-06-29 16:55:03] INFO: POST
[2023-06-29 16:55:05] INFO: SEQUELIZE
[2023-06-29 16:55:05] INFO: SEQUELIZE
[2023-06-29 16:55:05] INFO: SEQUELIZE
[2023-06-29 16:55:05] INFO: SEQUELIZE
[2023-06-29 16:55:05] INFO: SEQUELIZE
[2023-06-29 16:55:06] INFO: SEQUELIZE
[2023-06-29 16:55:06] INFO: SEQUELIZE
[2023-06-29 16:55:06] INFO: SEQUELIZE
[2023-06-29 16:55:06] INFO: POST
[2023-06-29 16:55:08] INFO: POST
[2023-06-29 16:55:46] INFO: App listening on the port: 5000
[2023-06-29 16:55:46] INFO: SEQUELIZE
[2023-06-29 16:55:46] INFO: Database connection established successfully
[2023-06-29 16:55:51] INFO: POST
[2023-06-29 16:56:51] INFO: SEQUELIZE
[2023-06-29 16:56:51] INFO: SEQUELIZE
[2023-06-29 16:56:51] INFO: SEQUELIZE
[2023-06-29 16:56:51] INFO: SEQUELIZE
[2023-06-29 16:56:51] INFO: GET
[2023-06-29 16:56:51] INFO: POST
[2023-06-29 16:57:04] INFO: SEQUELIZE
[2023-06-29 16:57:04] INFO: SEQUELIZE
[2023-06-29 16:57:04] INFO: SEQUELIZE
[2023-06-29 16:57:05] INFO: SEQUELIZE
[2023-06-29 16:57:05] INFO: SEQUELIZE
[2023-06-29 16:57:06] INFO: SEQUELIZE
[2023-06-29 16:57:06] INFO: SEQUELIZE
[2023-06-29 16:57:06] INFO: SEQUELIZE
[2023-06-29 16:57:06] INFO: POST
[2023-06-29 16:57:06] INFO: SEQUELIZE
[2023-06-29 16:57:06] INFO: POST
[2023-06-29 16:57:11] INFO: POST
[2023-06-29 16:57:34] INFO: SEQUELIZE
[2023-06-29 16:57:34] INFO: SEQUELIZE
[2023-06-29 16:57:34] INFO: SEQUELIZE
[2023-06-29 16:57:34] INFO: GET
[2023-06-29 16:57:36] INFO: POST
[2023-06-29 17:00:35] INFO: App listening on the port: 5000
[2023-06-29 17:00:35] INFO: SEQUELIZE
[2023-06-29 17:00:35] INFO: Database connection established successfully
[2023-06-29 17:00:40] INFO: POST
[2023-06-29 17:01:10] INFO: SEQUELIZE
[2023-06-29 17:01:10] INFO: SEQUELIZE
[2023-06-29 17:01:10] INFO: SEQUELIZE
[2023-06-29 17:01:11] INFO: POST
[2023-06-29 17:01:11] INFO: GET
[2023-06-29 17:01:16] INFO: POST
[2023-06-29 17:01:42] INFO: App listening on the port: 5000
[2023-06-29 17:01:42] INFO: SEQUELIZE
[2023-06-29 17:01:42] INFO: Database connection established successfully
[2023-06-29 17:01:47] INFO: POST
[2023-06-29 17:01:50] INFO: SEQUELIZE
[2023-06-29 17:01:50] INFO: SEQUELIZE
[2023-06-29 17:01:50] INFO: SEQUELIZE
[2023-06-29 17:01:50] INFO: GET
[2023-06-29 17:01:52] INFO: POST
[2023-06-29 17:02:59] INFO: App listening on the port: 5000
[2023-06-29 17:02:59] INFO: SEQUELIZE
[2023-06-29 17:02:59] INFO: Database connection established successfully
[2023-06-29 17:03:18] INFO: App listening on the port: 5000
[2023-06-29 17:03:18] INFO: SEQUELIZE
[2023-06-29 17:03:18] INFO: Database connection established successfully
[2023-06-29 17:03:23] INFO: POST
[2023-06-29 17:03:39] INFO: SEQUELIZE
[2023-06-29 17:03:39] INFO: SEQUELIZE
[2023-06-29 17:03:39] INFO: SEQUELIZE
[2023-06-29 17:03:39] INFO: GET
[2023-06-29 17:03:43] INFO: POST
[2023-06-29 17:04:02] INFO: SEQUELIZE
[2023-06-29 17:04:02] INFO: SEQUELIZE
[2023-06-29 17:04:02] INFO: GET
[2023-06-29 17:04:03] INFO: POST
[2023-06-29 17:05:46] INFO: App listening on the port: 5000
[2023-06-29 17:05:46] INFO: SEQUELIZE
[2023-06-29 17:05:46] INFO: Database connection established successfully
[2023-06-29 17:05:51] INFO: POST
[2023-06-29 17:07:24] INFO: App listening on the port: 5000
[2023-06-29 17:07:24] INFO: SEQUELIZE
[2023-06-29 17:07:24] INFO: Database connection established successfully
[2023-06-29 17:07:29] INFO: POST
[2023-06-29 17:07:41] INFO: SEQUELIZE
[2023-06-29 17:07:41] INFO: SEQUELIZE
[2023-06-29 17:07:41] INFO: SEQUELIZE
[2023-06-29 17:07:41] INFO: SEQUELIZE
[2023-06-29 17:07:41] INFO: GET
[2023-06-29 17:07:44] INFO: POST
[2023-06-29 17:07:55] INFO: SEQUELIZE
[2023-06-29 17:07:55] INFO: SEQUELIZE
[2023-06-29 17:07:55] INFO: SEQUELIZE
[2023-06-29 17:07:55] INFO: GET
[2023-06-29 17:07:59] INFO: POST
[2023-06-29 17:16:52] INFO: App listening on the port: 5000
[2023-06-29 17:16:52] INFO: SEQUELIZE
[2023-06-29 17:16:52] INFO: Database connection established successfully
[2023-06-29 17:16:57] INFO: POST
[2023-06-29 17:18:08] INFO: App listening on the port: 5000
[2023-06-29 17:18:08] INFO: SEQUELIZE
[2023-06-29 17:18:08] INFO: Database connection established successfully
[2023-06-29 17:18:13] INFO: POST
[2023-06-29 17:20:06] INFO: App listening on the port: 5000
[2023-06-29 17:20:06] INFO: SEQUELIZE
[2023-06-29 17:20:06] INFO: Database connection established successfully
[2023-06-29 17:20:11] INFO: POST
[2023-06-29 17:21:08] INFO: App listening on the port: 5000
[2023-06-29 17:21:08] INFO: SEQUELIZE
[2023-06-29 17:21:08] INFO: Database connection established successfully
[2023-06-29 17:21:13] INFO: POST
[2023-06-29 22:04:01] ERROR: Unable to connect to the database. error=Error: database "accountant" does not exist
[2023-06-29 22:04:19] INFO: SEQUELIZE
[2023-06-29 22:04:19] INFO: Database connection established successfully
[2023-06-29 22:05:43] INFO: SEQUELIZE
[2023-06-29 22:05:43] INFO: Database connection established successfully
[2023-06-29 22:06:24] INFO: SEQUELIZE
[2023-06-29 22:06:24] INFO: Database connection established successfully
[2023-06-29 22:08:16] INFO: SEQUELIZE
[2023-06-29 22:08:16] INFO: Database connection established successfully
[2023-06-29 22:08:27] INFO: SEQUELIZE
[2023-06-29 22:08:27] INFO: Database connection established successfully
[2023-06-29 22:08:34] INFO: SEQUELIZE
[2023-06-29 22:08:34] INFO: Database connection established successfully
[2023-06-29 22:09:52] INFO: SEQUELIZE
[2023-06-29 22:09:52] INFO: Database connection established successfully
[2023-06-29 22:10:15] INFO: SEQUELIZE
[2023-06-29 22:10:15] INFO: Database connection established successfully
[2023-06-29 22:11:03] INFO: App listening on the port: 5000
[2023-06-29 22:11:03] INFO: SEQUELIZE
[2023-06-29 22:11:03] INFO: Database connection established successfully
[2023-06-29 22:11:08] INFO: POST
[2023-06-29 22:15:49] INFO: GET
[2023-06-29 22:15:54] INFO: POST
[2023-06-29 22:16:45] INFO: App listening on the port: 5000
[2023-06-29 22:16:46] INFO: SEQUELIZE
[2023-06-29 22:16:46] INFO: Database connection established successfully
[2023-06-29 22:16:50] INFO: POST
[2023-06-29 22:16:57] INFO: App listening on the port: 5000
[2023-06-29 22:16:58] INFO: SEQUELIZE
[2023-06-29 22:16:58] INFO: Database connection established successfully
[2023-06-29 22:17:03] INFO: POST
[2023-06-29 22:20:55] INFO: App listening on the port: 5000
[2023-06-29 22:20:55] INFO: SEQUELIZE
[2023-06-29 22:20:55] INFO: Database connection established successfully
[2023-06-29 22:21:00] INFO: POST
[2023-06-29 22:21:09] INFO: App listening on the port: 5000
[2023-06-29 22:21:09] INFO: SEQUELIZE
[2023-06-29 22:21:09] INFO: Database connection established successfully
[2023-06-29 22:21:14] INFO: POST
[2023-06-29 22:21:23] INFO: App listening on the port: 5000
[2023-06-29 22:21:23] INFO: SEQUELIZE
[2023-06-29 22:21:23] INFO: Database connection established successfully
[2023-06-29 22:21:33] INFO: App listening on the port: 5000
[2023-06-29 22:21:33] INFO: SEQUELIZE
[2023-06-29 22:21:33] INFO: Database connection established successfully
[2023-06-29 22:21:38] INFO: POST
[2023-06-29 22:23:10] INFO: App listening on the port: 5000
[2023-06-29 22:23:10] INFO: SEQUELIZE
[2023-06-29 22:23:10] INFO: Database connection established successfully
[2023-06-29 22:23:22] INFO: App listening on the port: 5000
[2023-06-29 22:23:22] INFO: SEQUELIZE
[2023-06-29 22:23:22] INFO: Database connection established successfully
[2023-06-29 22:23:27] INFO: POST
[2023-06-29 22:24:31] INFO: App listening on the port: 5000
[2023-06-29 22:24:31] INFO: SEQUELIZE
[2023-06-29 22:24:31] INFO: Database connection established successfully
[2023-06-29 22:24:36] INFO: POST
[2023-06-29 22:25:03] INFO: App listening on the port: 5000
[2023-06-29 22:25:03] INFO: SEQUELIZE
[2023-06-29 22:25:03] INFO: Database connection established successfully
[2023-06-29 22:25:08] INFO: POST
[2023-06-29 22:26:30] INFO: App listening on the port: 5000
[2023-06-29 22:26:30] INFO: SEQUELIZE
[2023-06-29 22:26:30] INFO: Database connection established successfully
[2023-06-29 22:26:35] INFO: POST
[2023-06-29 22:27:52] INFO: App listening on the port: 5000
[2023-06-29 22:27:52] INFO: SEQUELIZE
[2023-06-29 22:27:52] INFO: Database connection established successfully
[2023-06-29 22:28:08] INFO: App listening on the port: 5000
[2023-06-29 22:28:08] INFO: SEQUELIZE
[2023-06-29 22:28:08] INFO: Database connection established successfully
[2023-06-29 22:28:13] INFO: POST
[2023-06-29 22:29:38] INFO: App listening on the port: 5000
[2023-06-29 22:29:38] INFO: SEQUELIZE
[2023-06-29 22:29:38] INFO: Database connection established successfully
[2023-06-29 22:29:43] INFO: POST
[2023-06-29 22:30:27] INFO: App listening on the port: 5000
[2023-06-29 22:30:27] INFO: SEQUELIZE
[2023-06-29 22:30:27] INFO: Database connection established successfully
[2023-06-29 22:30:32] INFO: POST
[2023-06-29 22:30:45] INFO: App listening on the port: 5000
[2023-06-29 22:30:45] INFO: SEQUELIZE
[2023-06-29 22:30:45] INFO: Database connection established successfully
[2023-06-29 22:30:50] INFO: POST
[2023-06-29 22:50:25] INFO: App listening on the port: 5000
[2023-06-29 22:50:25] INFO: SEQUELIZE
[2023-06-29 22:50:25] INFO: Database connection established successfully
[2023-06-29 22:50:29] INFO: App listening on the port: 5000
[2023-06-29 22:50:29] INFO: SEQUELIZE
[2023-06-29 22:50:29] INFO: Database connection established successfully
[2023-06-29 22:50:34] INFO: POST
[2023-06-29 22:51:02] INFO: App listening on the port: 5000
[2023-06-29 22:51:02] INFO: SEQUELIZE
[2023-06-29 22:51:02] INFO: Database connection established successfully
[2023-06-29 22:51:07] INFO: App listening on the port: 5000
[2023-06-29 22:51:07] INFO: SEQUELIZE
[2023-06-29 22:51:07] INFO: Database connection established successfully
[2023-06-29 22:51:12] INFO: POST
[2023-06-29 22:51:28] INFO: App listening on the port: 5000
[2023-06-29 22:51:28] INFO: SEQUELIZE
[2023-06-29 22:51:28] INFO: Database connection established successfully
[2023-06-29 22:51:33] INFO: POST
[2023-06-29 22:52:32] INFO: App listening on the port: 5000
[2023-06-29 22:52:32] INFO: SEQUELIZE
[2023-06-29 22:52:32] INFO: Database connection established successfully
[2023-06-29 22:52:37] INFO: POST
[2023-06-29 22:52:49] INFO: App listening on the port: 5000
[2023-06-29 22:52:50] INFO: SEQUELIZE
[2023-06-29 22:52:50] INFO: Database connection established successfully
[2023-06-29 22:52:55] INFO: POST
