[2023-06-07 10:16:05] INFO: App listening on the port: 5000
[2023-06-07 10:16:05] INFO: SEQUELIZE
[2023-06-07 10:16:05] INFO: Database connection established successfully
[2023-06-07 10:16:10] INFO: POST
[2023-06-07 10:16:49] INFO: App listening on the port: 5000
[2023-06-07 10:16:49] INFO: SEQUELIZE
[2023-06-07 10:16:49] INFO: Database connection established successfully
[2023-06-07 10:16:54] INFO: POST
[2023-06-07 10:17:28] INFO: App listening on the port: 5000
[2023-06-07 10:17:28] INFO: SEQUELIZE
[2023-06-07 10:17:28] INFO: Database connection established successfully
[2023-06-07 10:17:37] INFO: App listening on the port: 5000
[2023-06-07 10:17:37] INFO: SEQUELIZE
[2023-06-07 10:17:37] INFO: Database connection established successfully
[2023-06-07 10:17:42] INFO: POST
[2023-06-07 10:18:02] INFO: App listening on the port: 5000
[2023-06-07 10:18:02] INFO: SEQUELIZE
[2023-06-07 10:18:02] INFO: Database connection established successfully
[2023-06-07 10:18:07] INFO: POST
[2023-06-07 10:18:49] INFO: App listening on the port: 5000
[2023-06-07 10:18:49] INFO: SEQUELIZE
[2023-06-07 10:18:49] INFO: Database connection established successfully
[2023-06-07 10:18:54] INFO: POST
[2023-06-07 10:19:13] INFO: App listening on the port: 5000
[2023-06-07 10:19:13] INFO: SEQUELIZE
[2023-06-07 10:19:13] INFO: Database connection established successfully
[2023-06-07 10:19:18] INFO: POST
[2023-06-07 10:19:28] INFO: App listening on the port: 5000
[2023-06-07 10:19:28] INFO: SEQUELIZE
[2023-06-07 10:19:28] INFO: Database connection established successfully
[2023-06-07 10:19:33] INFO: POST
[2023-06-07 10:19:50] INFO: App listening on the port: 5000
[2023-06-07 10:19:50] INFO: SEQUELIZE
[2023-06-07 10:19:50] INFO: Database connection established successfully
[2023-06-07 10:19:55] INFO: POST
[2023-06-07 10:21:16] INFO: App listening on the port: 5000
[2023-06-07 10:21:16] INFO: SEQUELIZE
[2023-06-07 10:21:16] INFO: Database connection established successfully
[2023-06-07 10:21:21] INFO: POST
[2023-06-07 10:21:31] INFO: App listening on the port: 5000
[2023-06-07 10:21:31] INFO: SEQUELIZE
[2023-06-07 10:21:31] INFO: Database connection established successfully
[2023-06-07 10:21:36] INFO: POST
[2023-06-07 10:21:53] INFO: App listening on the port: 5000
[2023-06-07 10:21:53] INFO: SEQUELIZE
[2023-06-07 10:21:53] INFO: Database connection established successfully
[2023-06-07 10:22:10] INFO: App listening on the port: 5000
[2023-06-07 10:22:10] INFO: SEQUELIZE
[2023-06-07 10:22:10] INFO: Database connection established successfully
[2023-06-07 10:22:24] INFO: App listening on the port: 5000
[2023-06-07 10:22:24] INFO: SEQUELIZE
[2023-06-07 10:22:24] INFO: Database connection established successfully
[2023-06-07 10:22:29] INFO: POST
[2023-06-07 10:23:26] INFO: SEQUELIZE
[2023-06-07 10:23:26] INFO: SEQUELIZE
[2023-06-07 10:23:26] INFO: SEQUELIZE
[2023-06-07 10:23:26] INFO: SEQUELIZE
[2023-06-07 10:23:26] INFO: SEQUELIZE
[2023-06-07 10:23:26] INFO: SEQUELIZE
[2023-06-07 10:23:26] INFO: SEQUELIZE
[2023-06-07 10:23:26] INFO: SEQUELIZE
[2023-06-07 10:23:26] INFO: SEQUELIZE
[2023-06-07 10:23:26] INFO: SEQUELIZE
[2023-06-07 10:23:26] INFO: POST
[2023-06-07 10:23:29] INFO: POST
[2023-06-07 10:24:16] INFO: SEQUELIZE
[2023-06-07 10:24:16] INFO: SEQUELIZE
[2023-06-07 10:24:16] INFO: SEQUELIZE
[2023-06-07 10:24:16] INFO: SEQUELIZE
[2023-06-07 10:24:16] INFO: SEQUELIZE
[2023-06-07 10:24:16] INFO: SEQUELIZE
[2023-06-07 10:24:16] INFO: SEQUELIZE
[2023-06-07 10:24:16] INFO: SEQUELIZE
[2023-06-07 10:24:16] INFO: SEQUELIZE
[2023-06-07 10:24:16] INFO: POST
[2023-06-07 10:24:20] INFO: POST
[2023-06-07 10:25:50] ERROR: Unexpected token } in JSON at position 1636
[2023-06-07 10:25:50] INFO: POST
[2023-06-07 10:25:55] INFO: POST
[2023-06-07 10:25:55] INFO: SEQUELIZE
[2023-06-07 10:25:55] INFO: SEQUELIZE
[2023-06-07 10:25:55] INFO: SEQUELIZE
[2023-06-07 10:25:55] INFO: SEQUELIZE
[2023-06-07 10:25:55] INFO: SEQUELIZE
[2023-06-07 10:25:55] INFO: SEQUELIZE
[2023-06-07 10:25:55] INFO: SEQUELIZE
[2023-06-07 10:25:55] INFO: SEQUELIZE
[2023-06-07 10:25:55] INFO: SEQUELIZE
[2023-06-07 10:25:55] INFO: SEQUELIZE
[2023-06-07 10:25:55] INFO: POST
[2023-06-07 10:26:00] INFO: POST
[2023-06-07 10:27:11] INFO: SEQUELIZE
[2023-06-07 10:27:11] INFO: SEQUELIZE
[2023-06-07 10:27:11] INFO: SEQUELIZE
[2023-06-07 10:27:11] INFO: SEQUELIZE
[2023-06-07 10:27:11] INFO: SEQUELIZE
[2023-06-07 10:27:11] INFO: SEQUELIZE
[2023-06-07 10:27:11] ERROR: Cannot read properties of null (reading 'status')
[2023-06-07 10:27:11] INFO: PUT
[2023-06-07 10:27:15] INFO: POST
[2023-06-07 10:27:30] INFO: SEQUELIZE
[2023-06-07 10:27:30] INFO: SEQUELIZE
[2023-06-07 10:27:30] INFO: SEQUELIZE
[2023-06-07 10:27:30] INFO: SEQUELIZE
[2023-06-07 10:27:30] INFO: SEQUELIZE
[2023-06-07 10:27:30] INFO: SEQUELIZE
[2023-06-07 10:27:30] INFO: SEQUELIZE
[2023-06-07 10:27:31] INFO: SEQUELIZE
[2023-06-07 10:27:31] INFO: SEQUELIZE
[2023-06-07 10:27:31] INFO: SEQUELIZE
[2023-06-07 10:27:31] ERROR: Could not create inbound shipment item!
[2023-06-07 10:27:31] INFO: PUT
[2023-06-07 10:27:35] INFO: POST
[2023-06-07 10:27:36] INFO: SEQUELIZE
[2023-06-07 10:27:36] INFO: SEQUELIZE
[2023-06-07 10:27:36] INFO: SEQUELIZE
[2023-06-07 10:27:36] INFO: SEQUELIZE
[2023-06-07 10:27:36] INFO: GET
[2023-06-07 10:27:40] INFO: POST
[2023-06-07 10:28:00] INFO: SEQUELIZE
[2023-06-07 10:28:00] INFO: SEQUELIZE
[2023-06-07 10:28:00] INFO: SEQUELIZE
[2023-06-07 10:28:00] INFO: SEQUELIZE
[2023-06-07 10:28:00] INFO: SEQUELIZE
[2023-06-07 10:28:00] INFO: SEQUELIZE
[2023-06-07 10:28:00] INFO: SEQUELIZE
[2023-06-07 10:28:00] INFO: SEQUELIZE
[2023-06-07 10:28:00] INFO: SEQUELIZE
[2023-06-07 10:28:00] INFO: SEQUELIZE
[2023-06-07 10:28:00] INFO: SEQUELIZE
[2023-06-07 10:28:00] INFO: SEQUELIZE
[2023-06-07 10:28:00] INFO: PUT
[2023-06-07 10:28:05] INFO: POST
[2023-06-07 10:50:11] INFO: App listening on the port: 5000
[2023-06-07 10:50:11] INFO: SEQUELIZE
[2023-06-07 10:50:11] INFO: Database connection established successfully
[2023-06-07 10:50:17] INFO: App listening on the port: 5000
[2023-06-07 10:50:17] INFO: SEQUELIZE
[2023-06-07 10:50:17] INFO: Database connection established successfully
[2023-06-07 10:50:22] INFO: POST
[2023-06-07 10:52:19] INFO: App listening on the port: 5000
[2023-06-07 10:52:19] INFO: SEQUELIZE
[2023-06-07 10:52:19] INFO: Database connection established successfully
[2023-06-07 10:52:24] INFO: POST
[2023-06-07 10:53:13] INFO: App listening on the port: 5000
[2023-06-07 10:53:13] INFO: SEQUELIZE
[2023-06-07 10:53:13] INFO: Database connection established successfully
[2023-06-07 10:53:18] INFO: POST
[2023-06-07 10:53:35] INFO: App listening on the port: 5000
[2023-06-07 10:53:35] INFO: SEQUELIZE
[2023-06-07 10:53:35] INFO: Database connection established successfully
[2023-06-07 10:53:40] INFO: POST
[2023-06-07 10:54:09] INFO: App listening on the port: 5000
[2023-06-07 10:54:10] INFO: SEQUELIZE
[2023-06-07 10:54:10] INFO: Database connection established successfully
[2023-06-07 10:54:14] INFO: POST
[2023-06-07 10:54:25] INFO: App listening on the port: 5000
[2023-06-07 10:54:25] INFO: SEQUELIZE
[2023-06-07 10:54:25] INFO: Database connection established successfully
[2023-06-07 10:54:32] INFO: App listening on the port: 5000
[2023-06-07 10:54:32] INFO: SEQUELIZE
[2023-06-07 10:54:32] INFO: Database connection established successfully
[2023-06-07 10:54:37] INFO: POST
[2023-06-07 10:55:06] INFO: SEQUELIZE
[2023-06-07 10:55:06] INFO: SEQUELIZE
[2023-06-07 10:55:06] INFO: SEQUELIZE
[2023-06-07 10:55:06] INFO: SEQUELIZE
[2023-06-07 10:55:06] INFO: SEQUELIZE
[2023-06-07 10:55:06] INFO: SEQUELIZE
[2023-06-07 10:55:06] INFO: SEQUELIZE
[2023-06-07 10:55:06] INFO: SEQUELIZE
[2023-06-07 10:55:06] INFO: SEQUELIZE
[2023-06-07 10:55:07] INFO: POST
[2023-06-07 10:55:07] INFO: POST
[2023-06-07 10:55:25] INFO: SEQUELIZE
[2023-06-07 10:55:25] INFO: SEQUELIZE
[2023-06-07 10:55:25] INFO: SEQUELIZE
[2023-06-07 10:55:25] INFO: SEQUELIZE
[2023-06-07 10:55:25] INFO: SEQUELIZE
[2023-06-07 10:55:25] INFO: SEQUELIZE
[2023-06-07 10:55:25] INFO: SEQUELIZE
[2023-06-07 10:55:25] INFO: SEQUELIZE
[2023-06-07 10:55:25] INFO: SEQUELIZE
[2023-06-07 10:55:25] INFO: POST
[2023-06-07 10:55:27] INFO: POST
[2023-06-07 10:55:53] INFO: SEQUELIZE
[2023-06-07 10:55:53] INFO: SEQUELIZE
[2023-06-07 10:55:53] INFO: SEQUELIZE
[2023-06-07 10:55:53] INFO: SEQUELIZE
[2023-06-07 10:55:53] INFO: SEQUELIZE
[2023-06-07 10:55:53] INFO: SEQUELIZE
[2023-06-07 10:55:53] INFO: SEQUELIZE
[2023-06-07 10:55:54] INFO: SEQUELIZE
[2023-06-07 10:55:54] INFO: SEQUELIZE
[2023-06-07 10:55:54] INFO: SEQUELIZE
[2023-06-07 10:55:54] INFO: SEQUELIZE
[2023-06-07 10:55:54] INFO: SEQUELIZE
[2023-06-07 10:55:54] INFO: PUT
[2023-06-07 10:55:57] INFO: POST
[2023-06-07 10:56:08] INFO: SEQUELIZE
[2023-06-07 10:56:08] INFO: SEQUELIZE
[2023-06-07 10:56:08] INFO: SEQUELIZE
[2023-06-07 10:56:08] INFO: SEQUELIZE
[2023-06-07 10:56:08] INFO: PUT
[2023-06-07 10:56:08] INFO: SEQUELIZE
[2023-06-07 10:56:12] INFO: POST
[2023-06-07 10:57:18] INFO: App listening on the port: 5000
[2023-06-07 10:57:18] INFO: SEQUELIZE
[2023-06-07 10:57:18] INFO: Database connection established successfully
[2023-06-07 10:57:23] INFO: POST
[2023-06-07 11:01:12] INFO: App listening on the port: 5000
[2023-06-07 11:01:12] INFO: SEQUELIZE
[2023-06-07 11:01:12] INFO: Database connection established successfully
[2023-06-07 11:01:17] INFO: POST
[2023-06-07 11:01:54] INFO: App listening on the port: 5000
[2023-06-07 11:01:54] INFO: SEQUELIZE
[2023-06-07 11:01:54] INFO: Database connection established successfully
[2023-06-07 11:01:59] INFO: App listening on the port: 5000
[2023-06-07 11:02:00] INFO: SEQUELIZE
[2023-06-07 11:02:00] INFO: Database connection established successfully
[2023-06-07 11:02:06] INFO: App listening on the port: 5000
[2023-06-07 11:02:07] INFO: SEQUELIZE
[2023-06-07 11:02:07] INFO: Database connection established successfully
[2023-06-07 11:02:12] INFO: POST
[2023-06-07 11:02:57] INFO: App listening on the port: 5000
[2023-06-07 11:02:58] INFO: SEQUELIZE
[2023-06-07 11:02:58] INFO: Database connection established successfully
[2023-06-07 11:03:02] INFO: POST
[2023-06-07 11:03:22] INFO: App listening on the port: 5000
[2023-06-07 11:03:22] INFO: SEQUELIZE
[2023-06-07 11:03:22] INFO: Database connection established successfully
[2023-06-07 11:03:27] INFO: POST
[2023-06-07 11:04:16] INFO: App listening on the port: 5000
[2023-06-07 11:04:16] INFO: SEQUELIZE
[2023-06-07 11:04:16] INFO: Database connection established successfully
[2023-06-07 11:04:21] INFO: POST
[2023-06-07 11:04:50] INFO: App listening on the port: 5000
[2023-06-07 11:04:50] INFO: SEQUELIZE
[2023-06-07 11:04:50] INFO: Database connection established successfully
[2023-06-07 11:04:55] INFO: POST
[2023-06-07 11:05:29] INFO: App listening on the port: 5000
[2023-06-07 11:05:29] INFO: SEQUELIZE
[2023-06-07 11:05:29] INFO: Database connection established successfully
[2023-06-07 11:05:34] INFO: POST
[2023-06-07 11:06:50] INFO: SEQUELIZE
[2023-06-07 11:06:50] INFO: Database connection established successfully
[2023-06-07 11:07:07] INFO: App listening on the port: 5000
[2023-06-07 11:07:07] INFO: SEQUELIZE
[2023-06-07 11:07:07] INFO: Database connection established successfully
[2023-06-07 11:07:12] INFO: POST
[2023-06-07 11:07:23] INFO: App listening on the port: 5000
[2023-06-07 11:07:23] INFO: SEQUELIZE
[2023-06-07 11:07:23] INFO: Database connection established successfully
[2023-06-07 11:07:28] INFO: POST
[2023-06-07 11:07:55] INFO: App listening on the port: 5000
[2023-06-07 11:07:55] INFO: SEQUELIZE
[2023-06-07 11:07:55] INFO: Database connection established successfully
[2023-06-07 11:08:00] INFO: POST
[2023-06-07 11:09:00] INFO: App listening on the port: 5000
[2023-06-07 11:09:00] INFO: SEQUELIZE
[2023-06-07 11:09:00] INFO: Database connection established successfully
[2023-06-07 11:09:05] INFO: POST
[2023-06-07 11:09:37] INFO: App listening on the port: 5000
[2023-06-07 11:09:37] INFO: SEQUELIZE
[2023-06-07 11:09:37] INFO: Database connection established successfully
[2023-06-07 11:09:42] INFO: POST
[2023-06-07 11:10:05] INFO: App listening on the port: 5000
[2023-06-07 11:10:05] INFO: SEQUELIZE
[2023-06-07 11:10:05] INFO: Database connection established successfully
[2023-06-07 11:10:15] INFO: App listening on the port: 5000
[2023-06-07 11:10:15] INFO: SEQUELIZE
[2023-06-07 11:10:15] INFO: Database connection established successfully
[2023-06-07 11:10:20] INFO: POST
[2023-06-07 11:12:17] INFO: App listening on the port: 5000
[2023-06-07 11:12:17] INFO: SEQUELIZE
[2023-06-07 11:12:17] INFO: Database connection established successfully
[2023-06-07 11:12:22] INFO: POST
[2023-06-07 11:12:47] INFO: App listening on the port: 5000
[2023-06-07 11:12:47] INFO: SEQUELIZE
[2023-06-07 11:12:47] INFO: Database connection established successfully
[2023-06-07 11:12:52] INFO: POST
[2023-06-07 11:13:20] INFO: App listening on the port: 5000
[2023-06-07 11:13:20] INFO: SEQUELIZE
[2023-06-07 11:13:20] INFO: Database connection established successfully
[2023-06-07 11:13:25] INFO: POST
[2023-06-07 11:13:26] INFO: SEQUELIZE
[2023-06-07 11:13:26] INFO: SEQUELIZE
[2023-06-07 11:13:26] INFO: SEQUELIZE
[2023-06-07 11:13:26] INFO: SEQUELIZE
[2023-06-07 11:13:26] INFO: SEQUELIZE
[2023-06-07 11:13:26] ERROR: Inbound closed without items
[2023-06-07 11:13:26] INFO: PUT
[2023-06-07 11:13:30] INFO: POST
[2023-06-07 11:14:33] INFO: App listening on the port: 5000
[2023-06-07 11:14:33] INFO: SEQUELIZE
[2023-06-07 11:14:33] INFO: Database connection established successfully
[2023-06-07 11:14:38] INFO: POST
[2023-06-07 11:14:47] INFO: App listening on the port: 5000
[2023-06-07 11:14:47] INFO: SEQUELIZE
[2023-06-07 11:14:47] INFO: Database connection established successfully
[2023-06-07 11:14:52] INFO: POST
[2023-06-07 11:15:35] INFO: SEQUELIZE
[2023-06-07 11:15:35] INFO: SEQUELIZE
[2023-06-07 11:15:35] INFO: SEQUELIZE
[2023-06-07 11:15:35] INFO: SEQUELIZE
[2023-06-07 11:15:35] INFO: SEQUELIZE
[2023-06-07 11:15:35] ERROR: WHERE parameter "inbound_shipment_id" has invalid "undefined" value
[2023-06-07 11:15:35] INFO: PUT
[2023-06-07 11:15:37] INFO: POST
[2023-06-07 11:17:39] INFO: App listening on the port: 5000
[2023-06-07 11:17:39] INFO: SEQUELIZE
[2023-06-07 11:17:39] INFO: Database connection established successfully
[2023-06-07 11:17:44] INFO: POST
[2023-06-07 11:17:44] INFO: SEQUELIZE
[2023-06-07 11:17:44] INFO: SEQUELIZE
[2023-06-07 11:17:44] INFO: SEQUELIZE
[2023-06-07 11:17:44] INFO: SEQUELIZE
[2023-06-07 11:17:44] INFO: GET
[2023-06-07 11:17:49] INFO: POST
[2023-06-07 11:18:17] INFO: SEQUELIZE
[2023-06-07 11:18:17] INFO: SEQUELIZE
[2023-06-07 11:18:17] INFO: SEQUELIZE
[2023-06-07 11:18:17] INFO: SEQUELIZE
[2023-06-07 11:18:17] INFO: SEQUELIZE
[2023-06-07 11:18:18] ERROR: WHERE parameter "inbound_shipment_id" has invalid "undefined" value
[2023-06-07 11:18:18] INFO: PUT
[2023-06-07 11:18:19] INFO: POST
[2023-06-07 11:19:42] INFO: SEQUELIZE
[2023-06-07 11:19:42] INFO: Database connection established successfully
[2023-06-07 11:20:18] INFO: App listening on the port: 5000
[2023-06-07 11:20:18] INFO: SEQUELIZE
[2023-06-07 11:20:18] INFO: Database connection established successfully
[2023-06-07 11:20:27] INFO: App listening on the port: 5000
[2023-06-07 11:20:27] INFO: SEQUELIZE
[2023-06-07 11:20:27] INFO: Database connection established successfully
[2023-06-07 11:20:32] INFO: POST
[2023-06-07 11:20:32] INFO: SEQUELIZE
[2023-06-07 11:20:32] INFO: SEQUELIZE
[2023-06-07 11:20:32] INFO: SEQUELIZE
[2023-06-07 11:20:32] INFO: SEQUELIZE
[2023-06-07 11:20:32] INFO: SEQUELIZE
[2023-06-07 11:20:32] INFO: SEQUELIZE
[2023-06-07 11:20:32] INFO: SEQUELIZE
[2023-06-07 11:20:32] ERROR: insert or update on table "inventories" violates foreign key constraint "inventories_item_id_fkey"
[2023-06-07 11:20:32] INFO: PUT
[2023-06-07 11:20:37] INFO: POST
[2023-06-07 11:20:58] INFO: SEQUELIZE
[2023-06-07 11:20:58] INFO: SEQUELIZE
[2023-06-07 11:20:58] INFO: SEQUELIZE
[2023-06-07 11:20:58] INFO: SEQUELIZE
[2023-06-07 11:20:58] INFO: SEQUELIZE
[2023-06-07 11:20:58] INFO: SEQUELIZE
[2023-06-07 11:20:58] INFO: SEQUELIZE
[2023-06-07 11:20:58] ERROR: insert or update on table "inventories" violates foreign key constraint "inventories_item_id_fkey"
[2023-06-07 11:20:58] INFO: PUT
[2023-06-07 11:21:02] INFO: POST
[2023-06-07 11:22:23] INFO: SEQUELIZE
[2023-06-07 11:22:23] INFO: Database connection established successfully
[2023-06-07 11:22:41] INFO: SEQUELIZE
[2023-06-07 11:22:41] INFO: Database connection established successfully
[2023-06-07 11:22:49] INFO: SEQUELIZE
[2023-06-07 11:22:49] INFO: Database connection established successfully
[2023-06-07 11:22:59] INFO: App listening on the port: 5000
[2023-06-07 11:22:59] INFO: SEQUELIZE
[2023-06-07 11:22:59] INFO: Database connection established successfully
[2023-06-07 11:23:09] INFO: App listening on the port: 5000
[2023-06-07 11:23:09] INFO: SEQUELIZE
[2023-06-07 11:23:09] INFO: Database connection established successfully
[2023-06-07 11:23:14] INFO: POST
[2023-06-07 11:23:21] INFO: SEQUELIZE
[2023-06-07 11:23:21] INFO: Database connection established successfully
[2023-06-07 11:23:31] INFO: SEQUELIZE
[2023-06-07 11:23:31] INFO: Database connection established successfully
[2023-06-07 11:23:41] INFO: App listening on the port: 5000
[2023-06-07 11:23:42] INFO: SEQUELIZE
[2023-06-07 11:23:42] INFO: Database connection established successfully
[2023-06-07 11:23:54] INFO: App listening on the port: 5000
[2023-06-07 11:23:54] INFO: SEQUELIZE
[2023-06-07 11:23:54] INFO: Database connection established successfully
[2023-06-07 11:23:59] INFO: POST
[2023-06-07 11:24:06] INFO: SEQUELIZE
[2023-06-07 11:24:06] INFO: SEQUELIZE
[2023-06-07 11:24:06] INFO: SEQUELIZE
[2023-06-07 11:24:06] INFO: SEQUELIZE
[2023-06-07 11:24:06] INFO: SEQUELIZE
[2023-06-07 11:24:06] INFO: SEQUELIZE
[2023-06-07 11:24:07] INFO: SEQUELIZE
[2023-06-07 11:24:07] INFO: SEQUELIZE
[2023-06-07 11:24:07] INFO: PUT
[2023-06-07 11:24:09] INFO: POST
[2023-06-07 12:13:13] INFO: App listening on the port: 5000
[2023-06-07 12:13:13] INFO: SEQUELIZE
[2023-06-07 12:13:13] INFO: Database connection established successfully
[2023-06-07 12:13:18] INFO: POST
[2023-06-07 12:15:55] INFO: SEQUELIZE
[2023-06-07 12:15:55] INFO: Database connection established successfully
[2023-06-07 12:16:40] INFO: SEQUELIZE
[2023-06-07 12:16:40] INFO: Database connection established successfully
[2023-06-07 12:17:17] INFO: SEQUELIZE
[2023-06-07 12:17:17] INFO: Database connection established successfully
[2023-06-07 12:18:51] INFO: SEQUELIZE
[2023-06-07 12:18:51] INFO: Database connection established successfully
[2023-06-07 12:19:57] INFO: SEQUELIZE
[2023-06-07 12:19:57] INFO: Database connection established successfully
[2023-06-07 12:20:10] INFO: SEQUELIZE
[2023-06-07 12:20:10] INFO: Database connection established successfully
[2023-06-07 12:20:30] INFO: SEQUELIZE
[2023-06-07 12:20:30] INFO: Database connection established successfully
[2023-06-07 12:20:48] INFO: SEQUELIZE
[2023-06-07 12:20:48] INFO: Database connection established successfully
[2023-06-07 12:22:05] INFO: SEQUELIZE
[2023-06-07 12:22:05] INFO: Database connection established successfully
[2023-06-07 12:22:39] INFO: SEQUELIZE
[2023-06-07 12:22:39] INFO: Database connection established successfully
[2023-06-07 12:22:50] INFO: SEQUELIZE
[2023-06-07 12:22:50] INFO: Database connection established successfully
[2023-06-07 12:23:17] INFO: SEQUELIZE
[2023-06-07 12:23:17] INFO: Database connection established successfully
[2023-06-07 12:24:51] INFO: SEQUELIZE
[2023-06-07 12:24:51] INFO: Database connection established successfully
[2023-06-07 12:25:34] INFO: SEQUELIZE
[2023-06-07 12:25:34] INFO: Database connection established successfully
[2023-06-07 12:25:49] INFO: SEQUELIZE
[2023-06-07 12:25:49] INFO: Database connection established successfully
[2023-06-07 12:26:16] INFO: SEQUELIZE
[2023-06-07 12:26:16] INFO: Database connection established successfully
[2023-06-07 12:26:31] INFO: App listening on the port: 5000
[2023-06-07 12:26:31] INFO: SEQUELIZE
[2023-06-07 12:26:31] INFO: Database connection established successfully
[2023-06-07 12:26:36] INFO: POST
[2023-06-07 12:27:03] INFO: App listening on the port: 5000
[2023-06-07 12:27:03] INFO: SEQUELIZE
[2023-06-07 12:27:03] INFO: Database connection established successfully
[2023-06-07 12:27:08] INFO: POST
[2023-06-07 12:27:23] INFO: App listening on the port: 5000
[2023-06-07 12:27:23] INFO: SEQUELIZE
[2023-06-07 12:27:23] INFO: Database connection established successfully
[2023-06-07 12:27:37] INFO: App listening on the port: 5000
[2023-06-07 12:27:37] INFO: SEQUELIZE
[2023-06-07 12:27:37] INFO: Database connection established successfully
[2023-06-07 12:27:42] INFO: POST
[2023-06-07 12:30:51] INFO: App listening on the port: 5000
[2023-06-07 12:30:51] INFO: SEQUELIZE
[2023-06-07 12:30:51] INFO: Database connection established successfully
[2023-06-07 12:30:56] INFO: POST
[2023-06-07 12:31:51] INFO: App listening on the port: 5000
[2023-06-07 12:31:51] INFO: SEQUELIZE
[2023-06-07 12:31:51] INFO: Database connection established successfully
[2023-06-07 12:32:03] INFO: App listening on the port: 5000
[2023-06-07 12:32:03] INFO: SEQUELIZE
[2023-06-07 12:32:03] INFO: Database connection established successfully
[2023-06-07 12:32:08] INFO: POST
[2023-06-07 12:32:41] INFO: App listening on the port: 5000
[2023-06-07 12:32:41] INFO: SEQUELIZE
[2023-06-07 12:32:41] INFO: Database connection established successfully
[2023-06-07 12:32:46] INFO: POST
[2023-06-07 12:33:09] INFO: App listening on the port: 5000
[2023-06-07 12:33:09] INFO: SEQUELIZE
[2023-06-07 12:33:09] INFO: Database connection established successfully
[2023-06-07 12:33:14] INFO: POST
[2023-06-07 12:33:32] INFO: App listening on the port: 5000
[2023-06-07 12:33:32] INFO: SEQUELIZE
[2023-06-07 12:33:32] INFO: Database connection established successfully
[2023-06-07 12:33:37] INFO: POST
[2023-06-07 12:34:39] INFO: App listening on the port: 5000
[2023-06-07 12:34:39] INFO: SEQUELIZE
[2023-06-07 12:34:39] INFO: Database connection established successfully
[2023-06-07 12:34:44] INFO: POST
[2023-06-07 12:36:23] INFO: App listening on the port: 5000
[2023-06-07 12:36:23] INFO: SEQUELIZE
[2023-06-07 12:36:23] INFO: Database connection established successfully
[2023-06-07 12:36:28] INFO: POST
[2023-06-07 12:37:05] INFO: App listening on the port: 5000
[2023-06-07 12:37:05] INFO: SEQUELIZE
[2023-06-07 12:37:05] INFO: Database connection established successfully
[2023-06-07 12:37:10] INFO: POST
[2023-06-07 12:37:22] INFO: App listening on the port: 5000
[2023-06-07 12:37:22] INFO: SEQUELIZE
[2023-06-07 12:37:22] INFO: Database connection established successfully
[2023-06-07 12:37:27] INFO: POST
[2023-06-07 12:37:52] INFO: App listening on the port: 5000
[2023-06-07 12:37:52] INFO: SEQUELIZE
[2023-06-07 12:37:52] INFO: Database connection established successfully
[2023-06-07 12:38:03] INFO: App listening on the port: 5000
[2023-06-07 12:38:03] INFO: SEQUELIZE
[2023-06-07 12:38:03] INFO: Database connection established successfully
[2023-06-07 12:38:08] INFO: POST
[2023-06-07 12:38:23] INFO: App listening on the port: 5000
[2023-06-07 12:38:23] INFO: SEQUELIZE
[2023-06-07 12:38:23] INFO: Database connection established successfully
[2023-06-07 12:38:28] INFO: POST
[2023-06-07 12:39:41] INFO: App listening on the port: 5000
[2023-06-07 12:39:41] INFO: SEQUELIZE
[2023-06-07 12:39:41] INFO: Database connection established successfully
[2023-06-07 12:39:46] INFO: POST
[2023-06-07 12:40:07] INFO: App listening on the port: 5000
[2023-06-07 12:40:07] INFO: SEQUELIZE
[2023-06-07 12:40:07] INFO: SEQUELIZE
[2023-06-07 12:40:07] INFO: Database connection established successfully
[2023-06-07 12:40:07] INFO: SEQUELIZE
[2023-06-07 12:40:07] INFO: SEQUELIZE
[2023-06-07 12:40:07] INFO: SEQUELIZE
[2023-06-07 12:40:08] INFO: SEQUELIZE
[2023-06-07 12:40:08] INFO: SEQUELIZE
[2023-06-07 12:40:08] INFO: SEQUELIZE
[2023-06-07 12:40:08] INFO: SEQUELIZE
[2023-06-07 12:40:08] INFO: POST
[2023-06-07 12:40:12] INFO: POST
[2023-06-07 12:40:49] INFO: SEQUELIZE
[2023-06-07 12:40:49] INFO: SEQUELIZE
[2023-06-07 12:40:49] INFO: SEQUELIZE
[2023-06-07 12:40:49] INFO: SEQUELIZE
[2023-06-07 12:40:49] INFO: SEQUELIZE
[2023-06-07 12:40:49] INFO: SEQUELIZE
[2023-06-07 12:40:49] INFO: SEQUELIZE
[2023-06-07 12:40:49] INFO: SEQUELIZE
[2023-06-07 12:40:49] INFO: SEQUELIZE
[2023-06-07 12:40:49] INFO: SEQUELIZE
[2023-06-07 12:40:49] INFO: SEQUELIZE
[2023-06-07 12:40:49] INFO: PUT
[2023-06-07 12:40:52] INFO: POST
[2023-06-07 12:41:02] INFO: SEQUELIZE
[2023-06-07 12:41:02] INFO: SEQUELIZE
[2023-06-07 12:41:02] INFO: SEQUELIZE
[2023-06-07 12:41:02] INFO: SEQUELIZE
[2023-06-07 12:41:02] INFO: SEQUELIZE
[2023-06-07 12:41:02] INFO: SEQUELIZE
[2023-06-07 12:41:02] INFO: GET
[2023-06-07 12:41:02] INFO: POST
[2023-06-07 12:41:14] INFO: SEQUELIZE
[2023-06-07 12:41:14] INFO: SEQUELIZE
[2023-06-07 12:41:14] INFO: SEQUELIZE
[2023-06-07 12:41:14] INFO: SEQUELIZE
[2023-06-07 12:41:14] INFO: SEQUELIZE
[2023-06-07 12:41:14] INFO: SEQUELIZE
[2023-06-07 12:41:14] INFO: GET
[2023-06-07 12:41:17] INFO: POST
[2023-06-07 13:29:08] INFO: App listening on the port: 5000
[2023-06-07 13:29:08] INFO: SEQUELIZE
[2023-06-07 13:29:08] INFO: Database connection established successfully
[2023-06-07 13:29:13] INFO: POST
[2023-06-07 13:30:28] INFO: SEQUELIZE
[2023-06-07 13:30:28] INFO: SEQUELIZE
[2023-06-07 13:30:28] INFO: SEQUELIZE
[2023-06-07 13:30:28] INFO: SEQUELIZE
[2023-06-07 13:30:28] INFO: SEQUELIZE
[2023-06-07 13:30:28] INFO: SEQUELIZE
[2023-06-07 13:30:29] INFO: SEQUELIZE
[2023-06-07 13:30:29] INFO: SEQUELIZE
[2023-06-07 13:30:29] INFO: SEQUELIZE
[2023-06-07 13:30:29] INFO: POST
[2023-06-07 13:30:33] INFO: POST
[2023-06-07 13:30:39] INFO: SEQUELIZE
[2023-06-07 13:30:39] INFO: SEQUELIZE
[2023-06-07 13:30:39] INFO: SEQUELIZE
[2023-06-07 13:30:39] INFO: SEQUELIZE
[2023-06-07 13:30:39] INFO: SEQUELIZE
[2023-06-07 13:30:39] INFO: SEQUELIZE
[2023-06-07 13:30:39] INFO: SEQUELIZE
[2023-06-07 13:30:39] INFO: SEQUELIZE
[2023-06-07 13:30:39] INFO: SEQUELIZE
[2023-06-07 13:30:39] INFO: SEQUELIZE
[2023-06-07 13:30:39] INFO: POST
[2023-06-07 13:30:43] INFO: POST
[2023-06-07 13:34:39] ERROR: Wrong authentication token
[2023-06-07 13:34:39] INFO: POST
[2023-06-07 13:34:44] INFO: POST
[2023-06-07 13:35:01] INFO: SEQUELIZE
[2023-06-07 13:35:01] INFO: SEQUELIZE
[2023-06-07 13:35:01] INFO: SEQUELIZE
[2023-06-07 13:35:01] INFO: SEQUELIZE
[2023-06-07 13:35:01] INFO: SEQUELIZE
[2023-06-07 13:35:01] INFO: SEQUELIZE
[2023-06-07 13:35:01] INFO: SEQUELIZE
[2023-06-07 13:35:01] INFO: SEQUELIZE
[2023-06-07 13:35:01] INFO: POST
[2023-06-07 13:35:04] INFO: POST
[2023-06-07 13:35:04] INFO: SEQUELIZE
[2023-06-07 13:35:04] INFO: SEQUELIZE
[2023-06-07 13:35:04] INFO: SEQUELIZE
[2023-06-07 13:35:04] INFO: SEQUELIZE
[2023-06-07 13:35:04] INFO: SEQUELIZE
[2023-06-07 13:35:04] INFO: SEQUELIZE
[2023-06-07 13:35:04] INFO: SEQUELIZE
[2023-06-07 13:35:04] INFO: SEQUELIZE
[2023-06-07 13:35:04] INFO: POST
[2023-06-07 13:35:09] INFO: POST
[2023-06-07 13:37:33] INFO: SEQUELIZE
[2023-06-07 13:37:33] INFO: Database connection established successfully
[2023-06-07 13:37:57] INFO: SEQUELIZE
[2023-06-07 13:37:57] INFO: Database connection established successfully
[2023-06-07 13:38:09] INFO: SEQUELIZE
[2023-06-07 13:38:09] INFO: Database connection established successfully
[2023-06-07 13:38:23] INFO: SEQUELIZE
[2023-06-07 13:38:23] INFO: Database connection established successfully
[2023-06-07 13:38:40] INFO: SEQUELIZE
[2023-06-07 13:38:40] INFO: Database connection established successfully
[2023-06-07 13:38:48] INFO: SEQUELIZE
[2023-06-07 13:38:48] INFO: Database connection established successfully
[2023-06-07 13:39:07] INFO: SEQUELIZE
[2023-06-07 13:39:07] INFO: Database connection established successfully
[2023-06-07 13:39:24] INFO: SEQUELIZE
[2023-06-07 13:39:24] INFO: Database connection established successfully
[2023-06-07 23:04:45] INFO: App listening on the port: 5000
[2023-06-07 23:04:45] INFO: SEQUELIZE
[2023-06-07 23:04:45] INFO: Database connection established successfully
[2023-06-07 23:04:50] INFO: POST
[2023-06-07 23:05:02] INFO: SEQUELIZE
[2023-06-07 23:05:02] INFO: SEQUELIZE
[2023-06-07 23:05:02] INFO: SEQUELIZE
[2023-06-07 23:05:02] INFO: SEQUELIZE
[2023-06-07 23:05:02] INFO: GET
[2023-06-07 23:05:05] INFO: POST
[2023-06-07 23:05:07] INFO: SEQUELIZE
[2023-06-07 23:05:07] INFO: SEQUELIZE
[2023-06-07 23:05:07] INFO: SEQUELIZE
[2023-06-07 23:05:07] ERROR: Could not find outbound shipment!
[2023-06-07 23:05:07] INFO: GET
[2023-06-07 23:05:10] INFO: POST
[2023-06-07 23:05:20] INFO: SEQUELIZE
[2023-06-07 23:05:20] INFO: SEQUELIZE
[2023-06-07 23:05:20] INFO: SEQUELIZE
[2023-06-07 23:05:20] INFO: GET
[2023-06-07 23:05:25] INFO: POST
[2023-06-07 23:05:37] INFO: SEQUELIZE
[2023-06-07 23:05:37] INFO: SEQUELIZE
[2023-06-07 23:05:38] INFO: SEQUELIZE
[2023-06-07 23:05:38] INFO: SEQUELIZE
[2023-06-07 23:05:38] INFO: SEQUELIZE
[2023-06-07 23:05:38] INFO: SEQUELIZE
[2023-06-07 23:05:38] ERROR: Could not create outbound shipment item!
[2023-06-07 23:05:38] INFO: POST
[2023-06-07 23:05:40] INFO: POST
[2023-06-07 23:06:07] INFO: SEQUELIZE
[2023-06-07 23:06:07] INFO: SEQUELIZE
[2023-06-07 23:06:07] INFO: SEQUELIZE
[2023-06-07 23:06:07] INFO: SEQUELIZE
[2023-06-07 23:06:07] INFO: GET
[2023-06-07 23:06:10] INFO: POST
[2023-06-07 23:06:19] INFO: SEQUELIZE
[2023-06-07 23:06:19] INFO: SEQUELIZE
[2023-06-07 23:06:19] INFO: SEQUELIZE
[2023-06-07 23:06:19] INFO: SEQUELIZE
[2023-06-07 23:06:19] INFO: SEQUELIZE
[2023-06-07 23:06:19] INFO: SEQUELIZE
[2023-06-07 23:06:19] INFO: SEQUELIZE
[2023-06-07 23:06:19] INFO: SEQUELIZE
[2023-06-07 23:06:19] INFO: POST
[2023-06-07 23:06:20] INFO: POST
[2023-06-07 23:06:29] INFO: SEQUELIZE
[2023-06-07 23:06:29] INFO: SEQUELIZE
[2023-06-07 23:06:29] INFO: SEQUELIZE
[2023-06-07 23:06:29] INFO: SEQUELIZE
[2023-06-07 23:06:29] INFO: SEQUELIZE
[2023-06-07 23:06:29] INFO: SEQUELIZE
[2023-06-07 23:06:29] INFO: SEQUELIZE
[2023-06-07 23:06:30] INFO: SEQUELIZE
[2023-06-07 23:06:30] INFO: SEQUELIZE
[2023-06-07 23:06:30] INFO: SEQUELIZE
[2023-06-07 23:06:30] INFO: SEQUELIZE
[2023-06-07 23:06:30] INFO: SEQUELIZE
[2023-06-07 23:06:30] INFO: PUT
[2023-06-07 23:06:30] INFO: POST
[2023-06-07 23:06:38] INFO: SEQUELIZE
[2023-06-07 23:06:38] INFO: SEQUELIZE
[2023-06-07 23:06:38] INFO: SEQUELIZE
[2023-06-07 23:06:38] INFO: SEQUELIZE
[2023-06-07 23:06:40] INFO: POST
[2023-06-07 23:06:40] INFO: SEQUELIZE
[2023-06-07 23:06:40] INFO: SEQUELIZE
[2023-06-07 23:06:40] INFO: POST
[2023-06-07 23:06:45] INFO: POST
[2023-06-07 23:07:55] INFO: SEQUELIZE
[2023-06-07 23:07:55] INFO: SEQUELIZE
[2023-06-07 23:07:55] INFO: SEQUELIZE
[2023-06-07 23:07:55] INFO: SEQUELIZE
[2023-06-07 23:07:55] INFO: SEQUELIZE
[2023-06-07 23:07:55] INFO: SEQUELIZE
[2023-06-07 23:07:55] ERROR: Could not edit outbound shipment!
[2023-06-07 23:07:55] INFO: PUT
[2023-06-07 23:07:55] INFO: POST
[2023-06-07 23:08:30] INFO: App listening on the port: 5000
[2023-06-07 23:08:30] INFO: SEQUELIZE
[2023-06-07 23:08:30] INFO: Database connection established successfully
[2023-06-07 23:08:32] INFO: SEQUELIZE
[2023-06-07 23:08:32] INFO: SEQUELIZE
[2023-06-07 23:08:32] INFO: SEQUELIZE
[2023-06-07 23:08:32] INFO: SEQUELIZE
[2023-06-07 23:08:32] INFO: SEQUELIZE
[2023-06-07 23:08:32] INFO: SEQUELIZE
[2023-06-07 23:08:32] ERROR: The status is in STAGE2, you cannot edit data
[2023-06-07 23:08:32] INFO: PUT
[2023-06-07 23:08:35] INFO: POST
[2023-06-07 23:10:10] INFO: App listening on the port: 5000
[2023-06-07 23:10:10] INFO: SEQUELIZE
[2023-06-07 23:10:10] INFO: Database connection established successfully
[2023-06-07 23:10:11] INFO: SEQUELIZE
[2023-06-07 23:10:11] INFO: SEQUELIZE
[2023-06-07 23:10:11] INFO: SEQUELIZE
[2023-06-07 23:10:11] INFO: SEQUELIZE
[2023-06-07 23:10:11] INFO: SEQUELIZE
[2023-06-07 23:10:11] INFO: SEQUELIZE
[2023-06-07 23:10:11] INFO: SEQUELIZE
[2023-06-07 23:10:11] INFO: SEQUELIZE
[2023-06-07 23:10:11] INFO: SEQUELIZE
[2023-06-07 23:10:11] INFO: SEQUELIZE
[2023-06-07 23:10:11] INFO: SEQUELIZE
[2023-06-07 23:10:11] INFO: SEQUELIZE
[2023-06-07 23:10:11] INFO: PUT
[2023-06-07 23:10:15] INFO: POST
[2023-06-07 23:10:18] INFO: SEQUELIZE
[2023-06-07 23:10:18] INFO: SEQUELIZE
[2023-06-07 23:10:18] INFO: SEQUELIZE
[2023-06-07 23:10:18] ERROR: Validation error: outboundType, storageLocationId, customerId, documentNumber, documentDate, paymentDeadline, discountType, totalAmount
[2023-06-07 23:10:18] INFO: PUT
[2023-06-07 23:10:20] INFO: POST
[2023-06-07 23:10:35] INFO: SEQUELIZE
[2023-06-07 23:10:35] INFO: SEQUELIZE
[2023-06-07 23:10:35] INFO: SEQUELIZE
[2023-06-07 23:10:35] INFO: POST
[2023-06-07 23:10:35] INFO: SEQUELIZE
[2023-06-07 23:10:35] INFO: SEQUELIZE
[2023-06-07 23:10:35] ERROR: invalid input syntax for type integer: "STAGE2"
[2023-06-07 23:10:35] INFO: PUT
[2023-06-07 23:10:40] INFO: POST
[2023-06-07 23:11:31] INFO: App listening on the port: 5000
[2023-06-07 23:11:32] INFO: SEQUELIZE
[2023-06-07 23:11:32] INFO: Database connection established successfully
[2023-06-07 23:11:34] INFO: SEQUELIZE
[2023-06-07 23:11:34] INFO: SEQUELIZE
[2023-06-07 23:11:34] INFO: SEQUELIZE
[2023-06-07 23:11:34] INFO: SEQUELIZE
[2023-06-07 23:11:34] INFO: SEQUELIZE
[2023-06-07 23:11:34] INFO: SEQUELIZE
[2023-06-07 23:11:34] INFO: PUT
[2023-06-07 23:11:36] INFO: POST
[2023-06-07 23:11:41] INFO: SEQUELIZE
[2023-06-07 23:11:41] INFO: SEQUELIZE
[2023-06-07 23:11:41] INFO: SEQUELIZE
[2023-06-07 23:11:41] INFO: SEQUELIZE
[2023-06-07 23:11:41] INFO: SEQUELIZE
[2023-06-07 23:11:41] INFO: SEQUELIZE
[2023-06-07 23:11:41] INFO: SEQUELIZE
[2023-06-07 23:11:41] INFO: SEQUELIZE
[2023-06-07 23:11:41] INFO: SEQUELIZE
[2023-06-07 23:11:41] INFO: SEQUELIZE
[2023-06-07 23:11:41] INFO: SEQUELIZE
[2023-06-07 23:11:42] INFO: POST
[2023-06-07 23:11:42] INFO: SEQUELIZE
[2023-06-07 23:11:42] INFO: PUT
[2023-06-07 23:11:54] INFO: SEQUELIZE
[2023-06-07 23:11:54] INFO: SEQUELIZE
[2023-06-07 23:11:54] INFO: SEQUELIZE
[2023-06-07 23:11:54] INFO: SEQUELIZE
[2023-06-07 23:11:54] INFO: SEQUELIZE
[2023-06-07 23:11:54] INFO: SEQUELIZE
[2023-06-07 23:11:54] INFO: SEQUELIZE
[2023-06-07 23:11:54] INFO: SEQUELIZE
[2023-06-07 23:11:54] INFO: SEQUELIZE
[2023-06-07 23:11:54] INFO: SEQUELIZE
[2023-06-07 23:11:54] INFO: SEQUELIZE
[2023-06-07 23:11:54] INFO: SEQUELIZE
[2023-06-07 23:11:54] INFO: PUT
[2023-06-07 23:11:57] INFO: POST
[2023-06-07 23:12:35] INFO: App listening on the port: 5000
[2023-06-07 23:12:35] INFO: SEQUELIZE
[2023-06-07 23:12:35] INFO: Database connection established successfully
[2023-06-07 23:12:40] INFO: SEQUELIZE
[2023-06-07 23:12:40] INFO: SEQUELIZE
[2023-06-07 23:12:40] INFO: SEQUELIZE
[2023-06-07 23:12:40] INFO: SEQUELIZE
[2023-06-07 23:12:40] INFO: SEQUELIZE
[2023-06-07 23:12:40] INFO: SEQUELIZE
[2023-06-07 23:12:40] ERROR: The status is in STAGE2, you cannot edit data
[2023-06-07 23:12:40] INFO: PUT
[2023-06-07 23:12:40] INFO: POST
[2023-06-07 23:12:47] INFO: SEQUELIZE
[2023-06-07 23:12:47] INFO: SEQUELIZE
[2023-06-07 23:12:47] INFO: SEQUELIZE
[2023-06-07 23:12:47] INFO: SEQUELIZE
[2023-06-07 23:12:47] INFO: SEQUELIZE
[2023-06-07 23:12:47] ERROR: You cannot get back in stages
[2023-06-07 23:12:47] INFO: PUT
[2023-06-07 23:12:50] INFO: POST
[2023-06-07 23:12:52] INFO: SEQUELIZE
[2023-06-07 23:12:53] INFO: SEQUELIZE
[2023-06-07 23:12:53] INFO: SEQUELIZE
[2023-06-07 23:12:53] INFO: SEQUELIZE
[2023-06-07 23:12:53] INFO: SEQUELIZE
[2023-06-07 23:12:53] INFO: PUT
[2023-06-07 23:12:55] INFO: POST
[2023-06-07 23:14:40] INFO: App listening on the port: 5000
[2023-06-07 23:14:40] INFO: SEQUELIZE
[2023-06-07 23:14:40] INFO: Database connection established successfully
[2023-06-07 23:14:45] INFO: POST
[2023-06-07 23:14:53] INFO: SEQUELIZE
[2023-06-07 23:14:53] INFO: SEQUELIZE
[2023-06-07 23:14:53] INFO: SEQUELIZE
[2023-06-07 23:14:54] INFO: SEQUELIZE
[2023-06-07 23:14:54] INFO: SEQUELIZE
[2023-06-07 23:14:54] INFO: PUT
[2023-06-07 23:14:55] INFO: POST
[2023-06-07 23:15:13] INFO: SEQUELIZE
[2023-06-07 23:15:13] INFO: SEQUELIZE
[2023-06-07 23:15:13] INFO: SEQUELIZE
[2023-06-07 23:15:13] INFO: SEQUELIZE
[2023-06-07 23:15:13] INFO: SEQUELIZE
[2023-06-07 23:15:13] ERROR: You can only go forward with stages
[2023-06-07 23:15:13] INFO: PUT
[2023-06-07 23:15:15] INFO: POST
[2023-06-07 23:16:06] INFO: App listening on the port: 5000
[2023-06-07 23:16:06] INFO: SEQUELIZE
[2023-06-07 23:16:06] INFO: Database connection established successfully
[2023-06-07 23:16:08] INFO: SEQUELIZE
[2023-06-07 23:16:08] INFO: SEQUELIZE
[2023-06-07 23:16:08] INFO: SEQUELIZE
[2023-06-07 23:16:08] INFO: SEQUELIZE
[2023-06-07 23:16:08] INFO: SEQUELIZE
[2023-06-07 23:16:08] ERROR: You can only go forward with stages
[2023-06-07 23:16:08] INFO: PUT
[2023-06-07 23:16:11] INFO: POST
[2023-06-07 23:16:14] INFO: SEQUELIZE
[2023-06-07 23:16:15] INFO: SEQUELIZE
[2023-06-07 23:16:15] INFO: SEQUELIZE
[2023-06-07 23:16:15] INFO: SEQUELIZE
[2023-06-07 23:16:15] INFO: SEQUELIZE
[2023-06-07 23:16:15] INFO: PUT
[2023-06-07 23:16:16] INFO: POST
[2023-06-07 23:16:41] INFO: App listening on the port: 5000
[2023-06-07 23:16:41] INFO: SEQUELIZE
[2023-06-07 23:16:41] INFO: Database connection established successfully
[2023-06-07 23:16:43] INFO: SEQUELIZE
[2023-06-07 23:16:43] INFO: SEQUELIZE
[2023-06-07 23:16:43] INFO: SEQUELIZE
[2023-06-07 23:16:43] INFO: SEQUELIZE
[2023-06-07 23:16:43] INFO: SEQUELIZE
[2023-06-07 23:16:43] ERROR: You can only go forward with stages
[2023-06-07 23:16:43] INFO: PUT
[2023-06-07 23:16:46] INFO: POST
[2023-06-07 23:17:56] INFO: SEQUELIZE
[2023-06-07 23:17:56] INFO: SEQUELIZE
[2023-06-07 23:17:56] INFO: SEQUELIZE
[2023-06-07 23:17:56] INFO: SEQUELIZE
[2023-06-07 23:17:56] INFO: SEQUELIZE
[2023-06-07 23:17:56] INFO: SEQUELIZE
[2023-06-07 23:17:56] INFO: PUT
[2023-06-07 23:18:01] INFO: POST
[2023-06-07 23:34:50] INFO: App listening on the port: 5000
[2023-06-07 23:34:51] INFO: SEQUELIZE
[2023-06-07 23:34:51] INFO: Database connection established successfully
[2023-06-07 23:34:52] INFO: SEQUELIZE
[2023-06-07 23:34:52] INFO: SEQUELIZE
[2023-06-07 23:34:52] INFO: SEQUELIZE
[2023-06-07 23:34:52] INFO: SEQUELIZE
[2023-06-07 23:34:52] INFO: SEQUELIZE
[2023-06-07 23:34:52] INFO: SEQUELIZE
[2023-06-07 23:34:52] INFO: PUT
[2023-06-07 23:34:55] INFO: POST
[2023-06-07 23:35:59] INFO: App listening on the port: 5000
[2023-06-07 23:36:00] INFO: SEQUELIZE
[2023-06-07 23:36:00] INFO: Database connection established successfully
[2023-06-07 23:36:05] INFO: POST
[2023-06-07 23:36:51] INFO: SEQUELIZE
[2023-06-07 23:36:51] INFO: SEQUELIZE
[2023-06-07 23:36:51] INFO: SEQUELIZE
[2023-06-07 23:36:51] INFO: SEQUELIZE
[2023-06-07 23:36:51] INFO: SEQUELIZE
[2023-06-07 23:36:51] INFO: SEQUELIZE
[2023-06-07 23:36:51] INFO: SEQUELIZE
[2023-06-07 23:36:51] INFO: SEQUELIZE
[2023-06-07 23:36:51] INFO: PUT
[2023-06-07 23:36:55] INFO: POST
[2023-06-07 23:38:12] INFO: SEQUELIZE
[2023-06-07 23:38:12] INFO: SEQUELIZE
[2023-06-07 23:38:12] INFO: SEQUELIZE
[2023-06-07 23:38:12] INFO: SEQUELIZE
[2023-06-07 23:38:12] INFO: SEQUELIZE
[2023-06-07 23:38:12] ERROR: You can only go forward with stages
[2023-06-07 23:38:12] INFO: PUT
[2023-06-07 23:38:15] INFO: POST
[2023-06-07 23:38:18] INFO: SEQUELIZE
[2023-06-07 23:38:18] INFO: SEQUELIZE
[2023-06-07 23:38:18] INFO: SEQUELIZE
[2023-06-07 23:38:18] INFO: SEQUELIZE
[2023-06-07 23:38:18] INFO: SEQUELIZE
[2023-06-07 23:38:18] INFO: SEQUELIZE
[2023-06-07 23:38:18] INFO: SEQUELIZE
[2023-06-07 23:38:18] INFO: SEQUELIZE
[2023-06-07 23:38:18] INFO: PUT
[2023-06-07 23:38:20] INFO: POST
[2023-06-07 23:38:52] INFO: App listening on the port: 5000
[2023-06-07 23:38:52] INFO: SEQUELIZE
[2023-06-07 23:38:52] INFO: Database connection established successfully
[2023-06-07 23:38:57] INFO: POST
[2023-06-07 23:40:15] INFO: SEQUELIZE
[2023-06-07 23:40:15] INFO: SEQUELIZE
[2023-06-07 23:40:15] INFO: SEQUELIZE
[2023-06-07 23:40:15] INFO: SEQUELIZE
[2023-06-07 23:40:15] INFO: GET
[2023-06-07 23:40:17] INFO: POST
[2023-06-07 23:40:24] INFO: SEQUELIZE
[2023-06-07 23:40:24] INFO: SEQUELIZE
[2023-06-07 23:40:24] INFO: SEQUELIZE
[2023-06-07 23:40:24] INFO: GET
[2023-06-07 23:40:28] INFO: POST
[2023-06-07 23:40:43] INFO: SEQUELIZE
[2023-06-07 23:40:43] INFO: SEQUELIZE
[2023-06-07 23:40:43] INFO: SEQUELIZE
[2023-06-07 23:40:43] INFO: SEQUELIZE
[2023-06-07 23:40:43] INFO: SEQUELIZE
[2023-06-07 23:40:43] INFO: SEQUELIZE
[2023-06-07 23:40:43] INFO: SEQUELIZE
[2023-06-07 23:40:43] INFO: SEQUELIZE
[2023-06-07 23:40:43] INFO: POST
[2023-06-07 23:40:48] INFO: POST
[2023-06-07 23:40:54] INFO: SEQUELIZE
[2023-06-07 23:40:54] INFO: SEQUELIZE
[2023-06-07 23:40:54] INFO: SEQUELIZE
[2023-06-07 23:40:54] INFO: SEQUELIZE
[2023-06-07 23:40:54] INFO: SEQUELIZE
[2023-06-07 23:40:54] INFO: SEQUELIZE
[2023-06-07 23:40:54] INFO: SEQUELIZE
[2023-06-07 23:40:54] INFO: SEQUELIZE
[2023-06-07 23:40:54] INFO: SEQUELIZE
[2023-06-07 23:40:54] INFO: SEQUELIZE
[2023-06-07 23:40:54] INFO: SEQUELIZE
[2023-06-07 23:40:54] INFO: PUT
[2023-06-07 23:40:58] INFO: POST
[2023-06-07 23:41:09] INFO: SEQUELIZE
[2023-06-07 23:41:09] INFO: SEQUELIZE
[2023-06-07 23:41:09] INFO: SEQUELIZE
[2023-06-07 23:41:09] INFO: SEQUELIZE
[2023-06-07 23:41:13] INFO: POST
[2023-06-07 23:42:54] INFO: App listening on the port: 5000
[2023-06-07 23:42:54] INFO: SEQUELIZE
[2023-06-07 23:42:54] INFO: Database connection established successfully
[2023-06-07 23:42:56] INFO: SEQUELIZE
[2023-06-07 23:42:56] INFO: SEQUELIZE
[2023-06-07 23:42:56] INFO: SEQUELIZE
[2023-06-07 23:42:56] INFO: SEQUELIZE
[2023-06-07 23:42:59] INFO: POST
[2023-06-07 23:43:27] INFO: App listening on the port: 5000
[2023-06-07 23:43:27] INFO: SEQUELIZE
[2023-06-07 23:43:27] INFO: Database connection established successfully
[2023-06-07 23:43:32] INFO: POST
[2023-06-07 23:43:44] INFO: SEQUELIZE
[2023-06-07 23:43:44] INFO: SEQUELIZE
[2023-06-07 23:43:44] INFO: SEQUELIZE
[2023-06-07 23:43:44] INFO: SEQUELIZE
[2023-06-07 23:43:44] ERROR: Missing id
[2023-06-07 23:43:44] INFO: PUT
[2023-06-07 23:43:47] INFO: POST
[2023-06-07 23:43:59] INFO: SEQUELIZE
[2023-06-07 23:43:59] INFO: SEQUELIZE
[2023-06-07 23:43:59] INFO: SEQUELIZE
[2023-06-07 23:43:59] INFO: SEQUELIZE
[2023-06-07 23:43:59] ERROR: Missing id
[2023-06-07 23:43:59] INFO: PUT
[2023-06-07 23:44:02] INFO: POST
[2023-06-07 23:44:17] INFO: SEQUELIZE
[2023-06-07 23:44:17] INFO: SEQUELIZE
[2023-06-07 23:44:17] INFO: SEQUELIZE
[2023-06-07 23:44:17] INFO: SEQUELIZE
[2023-06-07 23:44:17] INFO: GET
[2023-06-07 23:44:18] INFO: POST
[2023-06-07 23:44:29] INFO: SEQUELIZE
[2023-06-07 23:44:29] INFO: SEQUELIZE
[2023-06-07 23:44:29] INFO: SEQUELIZE
[2023-06-07 23:44:29] INFO: SEQUELIZE
[2023-06-07 23:44:29] ERROR: Missing id
[2023-06-07 23:44:29] INFO: PUT
[2023-06-07 23:44:33] INFO: POST
[2023-06-07 23:45:44] INFO: SEQUELIZE
[2023-06-07 23:45:44] INFO: SEQUELIZE
[2023-06-07 23:45:44] INFO: SEQUELIZE
[2023-06-07 23:45:44] INFO: SEQUELIZE
[2023-06-07 23:45:44] ERROR: Missing id
[2023-06-07 23:45:44] INFO: PUT
[2023-06-07 23:45:48] INFO: POST
[2023-06-07 23:46:21] INFO: App listening on the port: 5000
[2023-06-07 23:46:21] INFO: SEQUELIZE
[2023-06-07 23:46:21] INFO: Database connection established successfully
[2023-06-07 23:46:26] INFO: SEQUELIZE
[2023-06-07 23:46:26] INFO: SEQUELIZE
[2023-06-07 23:46:26] INFO: SEQUELIZE
[2023-06-07 23:46:26] INFO: SEQUELIZE
[2023-06-07 23:46:26] INFO: SEQUELIZE
[2023-06-07 23:46:26] INFO: SEQUELIZE
[2023-06-07 23:46:26] INFO: SEQUELIZE
[2023-06-07 23:46:26] INFO: SEQUELIZE
[2023-06-07 23:46:26] INFO: PUT
[2023-06-07 23:46:26] INFO: POST
[2023-06-07 23:46:46] INFO: SEQUELIZE
[2023-06-07 23:46:47] INFO: SEQUELIZE
[2023-06-07 23:46:47] INFO: SEQUELIZE
[2023-06-07 23:46:47] INFO: SEQUELIZE
[2023-06-07 23:46:47] INFO: SEQUELIZE
[2023-06-07 23:46:47] INFO: SEQUELIZE
[2023-06-07 23:46:47] INFO: SEQUELIZE
[2023-06-07 23:46:47] INFO: PUT
[2023-06-07 23:46:51] INFO: POST
[2023-06-07 23:48:08] INFO: App listening on the port: 5000
[2023-06-07 23:48:08] INFO: SEQUELIZE
[2023-06-07 23:48:08] INFO: Database connection established successfully
[2023-06-07 23:48:13] INFO: POST
[2023-06-07 23:48:19] INFO: SEQUELIZE
[2023-06-07 23:48:19] INFO: SEQUELIZE
[2023-06-07 23:48:19] INFO: SEQUELIZE
[2023-06-07 23:48:19] INFO: SEQUELIZE
[2023-06-07 23:48:19] INFO: SEQUELIZE
[2023-06-07 23:48:19] ERROR: Transfer order is already closed!
[2023-06-07 23:48:20] INFO: PUT
[2023-06-07 23:48:23] INFO: POST
[2023-06-07 23:49:48] INFO: App listening on the port: 5000
[2023-06-07 23:49:48] INFO: SEQUELIZE
[2023-06-07 23:49:48] INFO: Database connection established successfully
[2023-06-07 23:49:53] INFO: POST
[2023-06-07 23:50:17] INFO: App listening on the port: 5000
[2023-06-07 23:50:17] INFO: SEQUELIZE
[2023-06-07 23:50:17] INFO: Database connection established successfully
[2023-06-07 23:50:32] INFO: SEQUELIZE
[2023-06-07 23:50:32] INFO: Database connection established successfully
[2023-06-07 23:50:54] INFO: App listening on the port: 5000
[2023-06-07 23:50:54] INFO: SEQUELIZE
[2023-06-07 23:50:54] INFO: Database connection established successfully
[2023-06-07 23:50:59] INFO: POST
[2023-06-07 23:51:27] INFO: SEQUELIZE
[2023-06-07 23:51:27] INFO: SEQUELIZE
[2023-06-07 23:51:27] INFO: SEQUELIZE
[2023-06-07 23:51:27] INFO: SEQUELIZE
[2023-06-07 23:51:27] INFO: SEQUELIZE
[2023-06-07 23:51:27] ERROR: Transfer order is already closed!
[2023-06-07 23:51:27] INFO: PUT
[2023-06-07 23:51:29] INFO: POST
[2023-06-07 23:51:34] INFO: SEQUELIZE
[2023-06-07 23:51:34] INFO: SEQUELIZE
[2023-06-07 23:51:34] INFO: SEQUELIZE
[2023-06-07 23:51:34] INFO: SEQUELIZE
[2023-06-07 23:51:34] INFO: SEQUELIZE
[2023-06-07 23:51:34] ERROR: Inbound shipment is already closed!
[2023-06-07 23:51:34] INFO: PUT
[2023-06-07 23:51:34] INFO: POST
[2023-06-07 23:52:14] INFO: SEQUELIZE
[2023-06-07 23:52:14] INFO: SEQUELIZE
[2023-06-07 23:52:14] INFO: SEQUELIZE
[2023-06-07 23:52:14] INFO: SEQUELIZE
[2023-06-07 23:52:14] INFO: SEQUELIZE
[2023-06-07 23:52:14] ERROR: invalid input syntax for type integer: "CLOSED"
[2023-06-07 23:52:14] INFO: PUT
[2023-06-07 23:52:15] INFO: POST
[2023-06-07 23:52:40] INFO: App listening on the port: 5000
[2023-06-07 23:52:40] INFO: SEQUELIZE
[2023-06-07 23:52:40] INFO: Database connection established successfully
[2023-06-07 23:52:43] INFO: SEQUELIZE
[2023-06-07 23:52:43] INFO: SEQUELIZE
[2023-06-07 23:52:43] INFO: SEQUELIZE
[2023-06-07 23:52:43] INFO: SEQUELIZE
[2023-06-07 23:52:43] INFO: SEQUELIZE
[2023-06-07 23:52:43] INFO: SEQUELIZE
[2023-06-07 23:52:43] INFO: SEQUELIZE
[2023-06-07 23:52:43] INFO: SEQUELIZE
[2023-06-07 23:52:43] INFO: PUT
[2023-06-07 23:52:45] INFO: POST
[2023-06-07 23:52:48] INFO: SEQUELIZE
[2023-06-07 23:52:48] INFO: SEQUELIZE
[2023-06-07 23:52:48] INFO: SEQUELIZE
[2023-06-07 23:52:48] INFO: SEQUELIZE
[2023-06-07 23:52:48] INFO: SEQUELIZE
[2023-06-07 23:52:48] ERROR: Inbound shipment is already closed!
[2023-06-07 23:52:48] INFO: PUT
[2023-06-07 23:52:50] INFO: POST
[2023-06-07 23:54:36] INFO: App listening on the port: 5000
[2023-06-07 23:54:36] INFO: SEQUELIZE
[2023-06-07 23:54:36] INFO: Database connection established successfully
[2023-06-07 23:54:41] INFO: POST
[2023-06-07 23:55:15] INFO: App listening on the port: 5000
[2023-06-07 23:55:15] INFO: SEQUELIZE
[2023-06-07 23:55:15] INFO: Database connection established successfully
[2023-06-07 23:55:20] INFO: POST
