[2023-06-08 10:19:45] INFO: App listening on the port: 5000
[2023-06-08 10:19:45] INFO: SEQUELIZE
[2023-06-08 10:19:45] INFO: Database connection established successfully
[2023-06-08 10:19:50] INFO: POST
[2023-06-08 10:19:51] INFO: SEQUELIZE
[2023-06-08 10:19:51] INFO: SEQUELIZE
[2023-06-08 10:19:51] INFO: SEQUELIZE
[2023-06-08 10:19:51] INFO: SEQUELIZE
[2023-06-08 10:19:51] INFO: SEQUELIZE
[2023-06-08 10:19:51] INFO: SEQUELIZE
[2023-06-08 10:19:51] INFO: GET
[2023-06-08 10:19:55] INFO: POST
[2023-06-08 10:21:18] INFO: App listening on the port: 5000
[2023-06-08 10:21:18] INFO: SEQUELIZE
[2023-06-08 10:21:18] INFO: Database connection established successfully
[2023-06-08 10:21:23] INFO: POST
[2023-06-08 10:21:32] INFO: App listening on the port: 5000
[2023-06-08 10:21:32] INFO: SEQUELIZE
[2023-06-08 10:21:32] INFO: Database connection established successfully
[2023-06-08 10:21:37] INFO: POST
[2023-06-08 10:22:56] INFO: App listening on the port: 5000
[2023-06-08 10:22:56] INFO: SEQUELIZE
[2023-06-08 10:22:56] INFO: Database connection established successfully
[2023-06-08 10:23:01] INFO: POST
[2023-06-08 10:23:42] INFO: App listening on the port: 5000
[2023-06-08 10:23:42] INFO: SEQUELIZE
[2023-06-08 10:23:42] INFO: Database connection established successfully
[2023-06-08 10:23:47] INFO: POST
[2023-06-08 10:24:11] INFO: App listening on the port: 5000
[2023-06-08 10:24:11] INFO: SEQUELIZE
[2023-06-08 10:24:11] INFO: Database connection established successfully
[2023-06-08 10:24:16] INFO: POST
[2023-06-08 10:24:36] INFO: App listening on the port: 5000
[2023-06-08 10:24:37] INFO: SEQUELIZE
[2023-06-08 10:24:37] INFO: Database connection established successfully
[2023-06-08 10:24:43] INFO: App listening on the port: 5000
[2023-06-08 10:24:43] INFO: SEQUELIZE
[2023-06-08 10:24:43] INFO: Database connection established successfully
[2023-06-08 10:24:48] INFO: POST
[2023-06-08 10:24:54] INFO: App listening on the port: 5000
[2023-06-08 10:24:54] INFO: SEQUELIZE
[2023-06-08 10:24:54] INFO: Database connection established successfully
[2023-06-08 10:24:59] INFO: POST
[2023-06-08 10:25:54] INFO: SEQUELIZE
[2023-06-08 10:25:54] INFO: Database connection established successfully
[2023-06-08 10:26:14] INFO: App listening on the port: 5000
[2023-06-08 10:26:14] INFO: SEQUELIZE
[2023-06-08 10:26:14] INFO: Database connection established successfully
[2023-06-08 10:26:30] INFO: App listening on the port: 5000
[2023-06-08 10:26:30] INFO: SEQUELIZE
[2023-06-08 10:26:30] INFO: Database connection established successfully
[2023-06-08 10:26:35] INFO: POST
[2023-06-08 10:27:13] INFO: App listening on the port: 5000
[2023-06-08 10:27:13] INFO: SEQUELIZE
[2023-06-08 10:27:13] INFO: Database connection established successfully
[2023-06-08 10:27:18] INFO: POST
[2023-06-08 10:28:27] INFO: App listening on the port: 5000
[2023-06-08 10:28:27] INFO: SEQUELIZE
[2023-06-08 10:28:27] INFO: Database connection established successfully
[2023-06-08 10:28:32] INFO: POST
[2023-06-08 10:46:51] INFO: App listening on the port: 5000
[2023-06-08 10:46:52] INFO: SEQUELIZE
[2023-06-08 10:46:52] INFO: Database connection established successfully
[2023-06-08 10:46:57] INFO: POST
[2023-06-08 10:47:51] INFO: App listening on the port: 5000
[2023-06-08 10:47:51] INFO: SEQUELIZE
[2023-06-08 10:47:51] INFO: Database connection established successfully
[2023-06-08 10:47:56] INFO: POST
[2023-06-08 10:49:32] INFO: App listening on the port: 5000
[2023-06-08 10:49:32] INFO: SEQUELIZE
[2023-06-08 10:49:32] INFO: Database connection established successfully
[2023-06-08 10:49:37] INFO: POST
[2023-06-08 10:49:46] INFO: App listening on the port: 5000
[2023-06-08 10:49:46] INFO: SEQUELIZE
[2023-06-08 10:49:46] INFO: Database connection established successfully
[2023-06-08 10:49:51] INFO: POST
[2023-06-08 10:50:26] INFO: App listening on the port: 5000
[2023-06-08 10:50:26] INFO: SEQUELIZE
[2023-06-08 10:50:26] INFO: Database connection established successfully
[2023-06-08 10:50:31] INFO: POST
[2023-06-08 10:50:46] INFO: App listening on the port: 5000
[2023-06-08 10:50:46] INFO: SEQUELIZE
[2023-06-08 10:50:46] INFO: Database connection established successfully
[2023-06-08 10:50:57] INFO: App listening on the port: 5000
[2023-06-08 10:50:57] INFO: SEQUELIZE
[2023-06-08 10:50:57] INFO: Database connection established successfully
[2023-06-08 10:51:02] INFO: POST
[2023-06-08 10:51:13] INFO: App listening on the port: 5000
[2023-06-08 10:51:13] INFO: SEQUELIZE
[2023-06-08 10:51:13] INFO: Database connection established successfully
[2023-06-08 10:51:18] INFO: POST
[2023-06-08 10:51:38] INFO: App listening on the port: 5000
[2023-06-08 10:51:38] INFO: SEQUELIZE
[2023-06-08 10:51:38] INFO: Database connection established successfully
[2023-06-08 10:51:43] INFO: POST
[2023-06-08 10:54:51] INFO: App listening on the port: 5000
[2023-06-08 10:54:51] INFO: SEQUELIZE
[2023-06-08 10:54:51] INFO: Database connection established successfully
[2023-06-08 10:54:56] INFO: POST
[2023-06-08 14:13:08] INFO: App listening on the port: 5000
[2023-06-08 14:13:08] INFO: SEQUELIZE
[2023-06-08 14:13:08] INFO: Database connection established successfully
[2023-06-08 14:13:13] INFO: POST
[2023-06-08 14:14:58] INFO: App listening on the port: 5000
[2023-06-08 14:14:58] INFO: SEQUELIZE
[2023-06-08 14:14:58] INFO: Database connection established successfully
[2023-06-08 14:15:03] INFO: POST
[2023-06-08 14:16:16] INFO: App listening on the port: 5000
[2023-06-08 14:16:16] INFO: SEQUELIZE
[2023-06-08 14:16:16] INFO: Database connection established successfully
[2023-06-08 14:16:21] INFO: POST
[2023-06-08 14:25:44] INFO: App listening on the port: 5000
[2023-06-08 14:25:44] INFO: SEQUELIZE
[2023-06-08 14:25:44] INFO: Database connection established successfully
[2023-06-08 14:25:49] INFO: POST
[2023-06-08 14:27:53] INFO: App listening on the port: 5000
[2023-06-08 14:27:53] INFO: SEQUELIZE
[2023-06-08 14:27:53] INFO: Database connection established successfully
[2023-06-08 14:28:07] INFO: App listening on the port: 5000
[2023-06-08 14:28:07] INFO: SEQUELIZE
[2023-06-08 14:28:07] INFO: Database connection established successfully
[2023-06-08 14:28:12] INFO: POST
[2023-06-08 14:29:27] INFO: App listening on the port: 5000
[2023-06-08 14:29:27] INFO: SEQUELIZE
[2023-06-08 14:29:27] INFO: Database connection established successfully
[2023-06-08 14:29:42] INFO: App listening on the port: 5000
[2023-06-08 14:29:55] INFO: App listening on the port: 5000
[2023-06-08 14:29:55] INFO: SEQUELIZE
[2023-06-08 14:29:55] INFO: Database connection established successfully
[2023-06-08 14:30:00] INFO: POST
[2023-06-08 15:07:57] INFO: App listening on the port: 5000
[2023-06-08 15:07:57] INFO: SEQUELIZE
[2023-06-08 15:07:57] INFO: Database connection established successfully
[2023-06-08 15:08:02] INFO: POST
[2023-06-08 15:08:19] INFO: App listening on the port: 5000
[2023-06-08 15:08:19] INFO: SEQUELIZE
[2023-06-08 15:08:19] INFO: Database connection established successfully
[2023-06-08 15:08:24] INFO: POST
[2023-06-08 15:09:41] INFO: App listening on the port: 5000
[2023-06-08 15:09:41] INFO: SEQUELIZE
[2023-06-08 15:09:41] INFO: Database connection established successfully
[2023-06-08 15:10:00] INFO: App listening on the port: 5000
[2023-06-08 15:10:01] INFO: SEQUELIZE
[2023-06-08 15:10:01] INFO: Database connection established successfully
[2023-06-08 15:10:06] INFO: POST
[2023-06-08 15:11:41] INFO: App listening on the port: 5000
[2023-06-08 15:11:42] INFO: SEQUELIZE
[2023-06-08 15:11:42] INFO: Database connection established successfully
[2023-06-08 15:11:46] INFO: POST
[2023-06-08 15:13:36] INFO: App listening on the port: 5000
[2023-06-08 15:13:36] INFO: SEQUELIZE
[2023-06-08 15:13:36] INFO: Database connection established successfully
[2023-06-08 15:13:41] INFO: POST
[2023-06-08 15:14:32] INFO: App listening on the port: 5000
[2023-06-08 15:14:32] INFO: SEQUELIZE
[2023-06-08 15:14:32] INFO: Database connection established successfully
[2023-06-08 15:14:37] INFO: POST
[2023-06-08 15:15:19] INFO: SEQUELIZE
[2023-06-08 15:15:19] INFO: Database connection established successfully
[2023-06-08 15:17:46] INFO: SEQUELIZE
[2023-06-08 15:17:46] INFO: Database connection established successfully
[2023-06-08 15:18:02] INFO: SEQUELIZE
[2023-06-08 15:18:02] INFO: Database connection established successfully
[2023-06-08 15:18:29] INFO: SEQUELIZE
[2023-06-08 15:18:29] INFO: Database connection established successfully
[2023-06-08 15:19:29] INFO: SEQUELIZE
[2023-06-08 15:19:29] INFO: Database connection established successfully
[2023-06-08 15:19:53] INFO: SEQUELIZE
[2023-06-08 15:19:53] INFO: Database connection established successfully
[2023-06-08 15:21:05] INFO: SEQUELIZE
[2023-06-08 15:21:05] INFO: Database connection established successfully
[2023-06-08 15:22:02] INFO: SEQUELIZE
[2023-06-08 15:22:02] INFO: Database connection established successfully
[2023-06-08 15:23:16] INFO: SEQUELIZE
[2023-06-08 15:23:16] INFO: Database connection established successfully
[2023-06-08 15:24:30] INFO: SEQUELIZE
[2023-06-08 15:24:30] INFO: Database connection established successfully
[2023-06-08 15:24:58] INFO: App listening on the port: 5000
[2023-06-08 15:24:58] INFO: SEQUELIZE
[2023-06-08 15:24:58] INFO: Database connection established successfully
[2023-06-08 15:25:03] INFO: POST
[2023-06-08 15:25:47] INFO: SEQUELIZE
[2023-06-08 15:25:48] INFO: POST
[2023-06-08 15:27:16] INFO: App listening on the port: 5000
[2023-06-08 15:27:16] INFO: SEQUELIZE
[2023-06-08 15:27:16] INFO: Database connection established successfully
[2023-06-08 15:27:21] INFO: POST
[2023-06-08 15:27:50] INFO: SEQUELIZE
[2023-06-08 15:27:51] INFO: POST
[2023-06-08 15:28:14] INFO: SEQUELIZE
[2023-06-08 15:28:14] ERROR: Unexpected field
[2023-06-08 15:28:14] INFO: POST
[2023-06-08 15:28:17] INFO: POST
[2023-06-08 15:28:22] INFO: SEQUELIZE
[2023-06-08 15:28:22] ERROR: Unexpected field
[2023-06-08 15:28:22] INFO: POST
[2023-06-08 15:28:27] INFO: POST
[2023-06-08 15:29:26] INFO: SEQUELIZE
[2023-06-08 15:29:26] ERROR: require() of ES Module C:\Users\Intelory\Desktop\accounting-api\node_modules\file-type\index.js from C:\Users\Intelory\Desktop\accounting-api\src\controllers\accountant\admin\index.controller.ts not supported.
Instead change the require of index.js in C:\Users\Intelory\Desktop\accounting-api\src\controllers\accountant\admin\index.controller.ts to a dynamic import() which is available in all CommonJS modules.
[2023-06-08 15:29:26] INFO: POST
[2023-06-08 15:29:27] INFO: POST
[2023-06-08 15:30:59] INFO: App listening on the port: 5000
[2023-06-08 15:30:59] INFO: SEQUELIZE
[2023-06-08 15:30:59] INFO: Database connection established successfully
[2023-06-08 15:31:00] INFO: SEQUELIZE
[2023-06-08 15:31:00] ERROR: require() of ES Module C:\Users\Intelory\Desktop\accounting-api\node_modules\file-type\index.js from C:\Users\Intelory\Desktop\accounting-api\src\controllers\accountant\admin\index.controller.ts not supported.
Instead change the require of index.js in C:\Users\Intelory\Desktop\accounting-api\src\controllers\accountant\admin\index.controller.ts to a dynamic import() which is available in all CommonJS modules.
[2023-06-08 15:31:00] INFO: POST
[2023-06-08 15:31:04] INFO: POST
[2023-06-08 15:32:24] INFO: App listening on the port: 5000
[2023-06-08 15:32:24] INFO: SEQUELIZE
[2023-06-08 15:32:24] INFO: Database connection established successfully
[2023-06-08 15:32:29] INFO: POST
[2023-06-08 15:32:31] INFO: SEQUELIZE
[2023-06-08 15:32:31] ERROR: require() of ES Module C:\Users\Intelory\Desktop\accounting-api\node_modules\file-type\index.js from C:\Users\Intelory\Desktop\accounting-api\src\controllers\accountant\admin\index.controller.ts not supported.
Instead change the require of index.js in C:\Users\Intelory\Desktop\accounting-api\src\controllers\accountant\admin\index.controller.ts to a dynamic import() which is available in all CommonJS modules.
[2023-06-08 15:32:31] INFO: POST
[2023-06-08 15:32:34] INFO: POST
[2023-06-08 17:12:31] INFO: App listening on the port: 5000
[2023-06-08 17:12:31] INFO: SEQUELIZE
[2023-06-08 17:12:31] INFO: Database connection established successfully
[2023-06-08 17:12:36] INFO: POST
[2023-06-08 17:13:54] INFO: App listening on the port: 5000
[2023-06-08 17:13:55] INFO: SEQUELIZE
[2023-06-08 17:13:55] INFO: Database connection established successfully
[2023-06-08 17:14:10] INFO: App listening on the port: 5000
[2023-06-08 17:14:10] INFO: SEQUELIZE
[2023-06-08 17:14:10] INFO: Database connection established successfully
[2023-06-08 17:14:15] INFO: POST
[2023-06-08 17:14:24] INFO: SEQUELIZE
[2023-06-08 17:14:25] INFO: POST
[2023-06-08 17:14:50] INFO: App listening on the port: 5000
[2023-06-08 17:14:51] INFO: SEQUELIZE
[2023-06-08 17:14:51] INFO: Database connection established successfully
[2023-06-08 17:14:53] INFO: SEQUELIZE
[2023-06-08 17:14:53] INFO: POST
[2023-06-08 17:14:56] INFO: POST
[2023-06-08 17:15:37] INFO: App listening on the port: 5000
[2023-06-08 17:15:37] INFO: SEQUELIZE
[2023-06-08 17:15:37] INFO: Database connection established successfully
[2023-06-08 17:15:38] INFO: SEQUELIZE
[2023-06-08 17:15:38] ERROR: Cannot read properties of undefined (reading 'toString')
[2023-06-08 17:15:38] INFO: POST
[2023-06-08 17:15:42] INFO: POST
[2023-06-08 17:16:15] INFO: App listening on the port: 5000
[2023-06-08 17:16:15] INFO: SEQUELIZE
[2023-06-08 17:16:15] INFO: Database connection established successfully
[2023-06-08 17:16:20] INFO: POST
[2023-06-08 17:16:36] INFO: SEQUELIZE
[2023-06-08 17:16:40] INFO: POST
[2023-06-08 17:17:20] INFO: App listening on the port: 5000
[2023-06-08 17:17:20] INFO: SEQUELIZE
[2023-06-08 17:17:20] INFO: Database connection established successfully
[2023-06-08 17:17:25] INFO: POST
[2023-06-08 17:17:46] INFO: App listening on the port: 5000
[2023-06-08 17:17:46] INFO: SEQUELIZE
[2023-06-08 17:17:46] INFO: Database connection established successfully
[2023-06-08 17:17:51] INFO: POST
[2023-06-08 17:18:22] INFO: App listening on the port: 5000
[2023-06-08 17:18:22] INFO: SEQUELIZE
[2023-06-08 17:18:22] INFO: Database connection established successfully
[2023-06-08 17:18:27] INFO: POST
[2023-06-08 17:18:37] INFO: SEQUELIZE
[2023-06-08 17:18:37] INFO: POST
[2023-06-08 17:18:37] INFO: POST
[2023-06-08 17:20:21] INFO: App listening on the port: 5000
[2023-06-08 17:20:21] INFO: SEQUELIZE
[2023-06-08 17:20:21] INFO: Database connection established successfully
[2023-06-08 17:20:26] INFO: POST
[2023-06-08 17:22:06] INFO: App listening on the port: 5000
[2023-06-08 17:22:06] INFO: SEQUELIZE
[2023-06-08 17:22:06] INFO: Database connection established successfully
[2023-06-08 17:22:11] INFO: POST
[2023-06-08 17:22:16] INFO: SEQUELIZE
[2023-06-08 17:22:16] INFO: POST
[2023-06-08 17:22:21] INFO: POST
[2023-06-08 17:22:47] INFO: App listening on the port: 5000
[2023-06-08 17:22:47] INFO: SEQUELIZE
[2023-06-08 17:22:47] INFO: Database connection established successfully
[2023-06-08 17:22:52] INFO: POST
[2023-06-08 17:25:06] INFO: App listening on the port: 5000
[2023-06-08 17:25:06] INFO: SEQUELIZE
[2023-06-08 17:25:06] INFO: Database connection established successfully
[2023-06-08 17:25:06] INFO: SEQUELIZE
[2023-06-08 17:25:06] INFO: POST
[2023-06-08 17:25:11] INFO: POST
[2023-06-08 17:26:15] INFO: App listening on the port: 5000
[2023-06-08 17:26:15] INFO: SEQUELIZE
[2023-06-08 17:26:15] INFO: Database connection established successfully
[2023-06-08 17:26:20] INFO: POST
[2023-06-08 17:26:45] INFO: App listening on the port: 5000
[2023-06-08 17:26:46] INFO: SEQUELIZE
[2023-06-08 17:26:46] INFO: Database connection established successfully
[2023-06-08 17:26:51] INFO: POST
[2023-06-08 17:27:56] INFO: App listening on the port: 5000
[2023-06-08 17:27:56] INFO: SEQUELIZE
[2023-06-08 17:27:56] INFO: Database connection established successfully
[2023-06-08 17:28:01] INFO: POST
[2023-06-08 17:28:47] INFO: App listening on the port: 5000
[2023-06-08 17:28:47] INFO: SEQUELIZE
[2023-06-08 17:28:47] INFO: Database connection established successfully
[2023-06-08 17:28:52] INFO: POST
[2023-06-08 17:29:40] INFO: SEQUELIZE
[2023-06-08 17:29:40] INFO: POST
[2023-06-08 17:29:42] INFO: POST
[2023-06-08 17:30:20] INFO: App listening on the port: 5000
[2023-06-08 17:30:20] INFO: SEQUELIZE
[2023-06-08 17:30:20] INFO: Database connection established successfully
[2023-06-08 17:30:25] INFO: POST
[2023-06-08 17:33:21] INFO: SEQUELIZE
[2023-06-08 17:33:21] INFO: Database connection established successfully
[2023-06-08 17:33:56] INFO: App listening on the port: 5000
[2023-06-08 17:33:56] INFO: SEQUELIZE
[2023-06-08 17:33:56] INFO: Database connection established successfully
[2023-06-08 17:34:01] INFO: POST
[2023-06-08 17:37:36] INFO: SEQUELIZE
[2023-06-08 17:37:36] INFO: Database connection established successfully
[2023-06-08 17:40:37] INFO: App listening on the port: 5000
[2023-06-08 17:40:37] INFO: SEQUELIZE
[2023-06-08 17:40:37] INFO: Database connection established successfully
[2023-06-08 17:40:42] INFO: POST
[2023-06-08 17:48:05] INFO: App listening on the port: 5000
[2023-06-08 17:48:05] INFO: SEQUELIZE
[2023-06-08 17:48:05] INFO: Database connection established successfully
[2023-06-08 17:48:10] INFO: POST
[2023-06-08 17:49:26] INFO: App listening on the port: 5000
[2023-06-08 17:49:26] INFO: SEQUELIZE
[2023-06-08 17:49:26] INFO: Database connection established successfully
[2023-06-08 17:49:31] INFO: POST
[2023-06-08 17:49:31] INFO: SEQUELIZE
[2023-06-08 17:49:32] INFO: POST
[2023-06-08 17:49:36] INFO: POST
[2023-06-08 17:52:18] INFO: App listening on the port: 5000
[2023-06-08 17:52:18] INFO: SEQUELIZE
[2023-06-08 17:52:18] INFO: Database connection established successfully
[2023-06-08 17:52:23] INFO: POST
[2023-06-08 17:52:56] INFO: App listening on the port: 5000
[2023-06-08 17:52:56] INFO: SEQUELIZE
[2023-06-08 17:52:56] INFO: Database connection established successfully
[2023-06-08 17:53:01] INFO: POST
[2023-06-08 17:55:14] INFO: SEQUELIZE
[2023-06-08 17:55:14] INFO: Database connection established successfully
[2023-06-08 17:55:27] INFO: SEQUELIZE
[2023-06-08 17:55:27] INFO: Database connection established successfully
[2023-06-08 17:55:38] INFO: SEQUELIZE
[2023-06-08 17:55:38] INFO: Database connection established successfully
[2023-06-08 17:57:03] INFO: SEQUELIZE
[2023-06-08 17:57:03] INFO: Database connection established successfully
[2023-06-08 17:57:28] INFO: SEQUELIZE
[2023-06-08 17:57:28] INFO: Database connection established successfully
[2023-06-08 17:58:17] INFO: SEQUELIZE
[2023-06-08 17:58:17] INFO: Database connection established successfully
[2023-06-08 17:58:47] INFO: App listening on the port: 5000
[2023-06-08 17:58:47] INFO: SEQUELIZE
[2023-06-08 17:58:47] INFO: Database connection established successfully
[2023-06-08 17:59:09] INFO: App listening on the port: 5000
[2023-06-08 17:59:09] INFO: SEQUELIZE
[2023-06-08 17:59:09] INFO: Database connection established successfully
[2023-06-08 17:59:14] INFO: POST
[2023-06-08 17:59:20] INFO: SEQUELIZE
[2023-06-08 17:59:20] ERROR: The "path" argument must be of type string. Received undefined
[2023-06-08 17:59:20] INFO: GET
[2023-06-08 17:59:24] INFO: POST
[2023-06-08 18:00:24] INFO: App listening on the port: 5000
[2023-06-08 18:00:24] INFO: SEQUELIZE
[2023-06-08 18:00:24] INFO: Database connection established successfully
[2023-06-08 18:00:29] INFO: SEQUELIZE
[2023-06-08 18:00:29] ERROR: The "path" argument must be of type string. Received undefined
[2023-06-08 18:00:29] INFO: GET
[2023-06-08 18:00:29] INFO: POST
[2023-06-08 18:03:12] INFO: App listening on the port: 5000
[2023-06-08 18:03:12] INFO: SEQUELIZE
[2023-06-08 18:03:12] INFO: Database connection established successfully
[2023-06-08 18:03:17] INFO: POST
[2023-06-08 18:03:18] INFO: SEQUELIZE
[2023-06-08 18:03:19] ERROR: path must be a string to res.sendFile
[2023-06-08 18:03:19] INFO: GET
[2023-06-08 18:03:22] INFO: POST
[2023-06-08 18:07:00] INFO: App listening on the port: 5000
[2023-06-08 18:07:01] INFO: SEQUELIZE
[2023-06-08 18:07:01] INFO: Database connection established successfully
[2023-06-08 18:07:02] INFO: SEQUELIZE
[2023-06-08 18:07:02] INFO: GET
[2023-06-08 18:07:06] INFO: POST
[2023-06-08 18:09:09] INFO: App listening on the port: 5000
[2023-06-08 18:09:09] INFO: SEQUELIZE
[2023-06-08 18:09:09] INFO: Database connection established successfully
[2023-06-08 18:09:10] INFO: SEQUELIZE
[2023-06-08 18:09:11] INFO: POST
[2023-06-08 18:09:14] INFO: POST
[2023-06-08 18:09:37] INFO: App listening on the port: 5000
[2023-06-08 18:09:37] INFO: SEQUELIZE
[2023-06-08 18:09:37] INFO: Database connection established successfully
[2023-06-08 18:09:40] INFO: SEQUELIZE
[2023-06-08 18:09:41] INFO: POST
[2023-06-08 18:09:42] INFO: POST
[2023-06-08 18:10:20] INFO: App listening on the port: 5000
[2023-06-08 18:10:20] INFO: SEQUELIZE
[2023-06-08 18:10:20] INFO: Database connection established successfully
[2023-06-08 18:10:25] INFO: POST
[2023-06-08 18:10:52] INFO: App listening on the port: 5000
[2023-06-08 18:10:52] INFO: SEQUELIZE
[2023-06-08 18:10:52] INFO: Database connection established successfully
[2023-06-08 18:10:57] INFO: POST
[2023-06-08 18:11:07] INFO: SEQUELIZE
[2023-06-08 18:11:08] INFO: GET
[2023-06-08 18:11:12] INFO: POST
[2023-06-08 18:12:07] INFO: SEQUELIZE
[2023-06-08 18:12:07] INFO: POST
[2023-06-08 18:12:07] INFO: POST
[2023-06-08 18:12:12] INFO: POST
[2023-06-08 18:12:19] INFO: SEQUELIZE
[2023-06-08 18:12:19] INFO: GET
[2023-06-08 18:12:22] INFO: POST
[2023-06-08 18:13:03] INFO: App listening on the port: 5000
[2023-06-08 18:13:03] INFO: SEQUELIZE
[2023-06-08 18:13:03] INFO: Database connection established successfully
[2023-06-08 18:13:08] INFO: POST
[2023-06-08 18:13:43] INFO: App listening on the port: 5000
[2023-06-08 18:13:43] INFO: SEQUELIZE
[2023-06-08 18:13:43] INFO: Database connection established successfully
[2023-06-08 18:13:48] INFO: POST
[2023-06-08 18:14:18] INFO: App listening on the port: 5000
[2023-06-08 18:14:18] INFO: SEQUELIZE
[2023-06-08 18:14:18] INFO: Database connection established successfully
[2023-06-08 18:14:23] INFO: POST
[2023-06-08 18:15:43] INFO: App listening on the port: 5000
[2023-06-08 18:15:43] INFO: SEQUELIZE
[2023-06-08 18:15:43] INFO: Database connection established successfully
[2023-06-08 18:15:48] INFO: POST
[2023-06-08 18:16:46] INFO: App listening on the port: 5000
[2023-06-08 18:16:46] INFO: SEQUELIZE
[2023-06-08 18:16:46] INFO: Database connection established successfully
[2023-06-08 18:16:51] INFO: POST
[2023-06-08 18:17:55] INFO: App listening on the port: 5000
[2023-06-08 18:17:56] INFO: SEQUELIZE
[2023-06-08 18:17:56] INFO: Database connection established successfully
[2023-06-08 18:18:00] INFO: POST
[2023-06-08 18:18:32] INFO: App listening on the port: 5000
[2023-06-08 18:18:32] INFO: SEQUELIZE
[2023-06-08 18:18:32] INFO: Database connection established successfully
[2023-06-08 18:18:37] INFO: POST
[2023-06-08 18:18:38] INFO: SEQUELIZE
[2023-06-08 18:18:39] INFO: POST
[2023-06-08 18:18:42] INFO: POST
[2023-06-08 18:18:50] INFO: SEQUELIZE
[2023-06-08 18:18:50] INFO: GET
[2023-06-08 18:18:52] INFO: POST
[2023-06-08 18:20:23] INFO: SEQUELIZE
[2023-06-08 18:20:23] INFO: SEQUELIZE
[2023-06-08 18:20:23] ERROR: Validation error: termsConditions
[2023-06-08 18:20:23] INFO: POST
[2023-06-08 18:20:27] INFO: POST
[2023-06-08 18:20:34] INFO: SEQUELIZE
[2023-06-08 18:20:34] INFO: SEQUELIZE
[2023-06-08 18:20:34] INFO: SEQUELIZE
[2023-06-08 18:20:34] INFO: SEQUELIZE
[2023-06-08 18:20:34] INFO: POST
[2023-06-08 18:20:37] INFO: POST
[2023-06-08 18:21:02] INFO: SEQUELIZE
[2023-06-08 18:21:02] INFO: SEQUELIZE
[2023-06-08 18:21:02] INFO: SEQUELIZE
[2023-06-08 18:21:02] INFO: SEQUELIZE
[2023-06-08 18:21:02] INFO: POST
[2023-06-08 18:21:02] INFO: SEQUELIZE
[2023-06-08 18:21:02] INFO: SEQUELIZE
[2023-06-08 18:21:02] INFO: PUT
[2023-06-08 18:21:07] INFO: POST
[2023-06-08 18:21:59] INFO: App listening on the port: 5000
[2023-06-08 18:22:00] INFO: SEQUELIZE
[2023-06-08 18:22:00] INFO: Database connection established successfully
[2023-06-08 18:22:15] INFO: App listening on the port: 5000
[2023-06-08 18:22:15] INFO: SEQUELIZE
[2023-06-08 18:22:15] INFO: Database connection established successfully
[2023-06-08 18:22:20] INFO: POST
[2023-06-08 18:26:06] INFO: App listening on the port: 5000
[2023-06-08 18:26:06] INFO: SEQUELIZE
[2023-06-08 18:26:06] INFO: Database connection established successfully
[2023-06-08 18:26:11] INFO: POST
[2023-06-08 18:27:49] INFO: App listening on the port: 5000
[2023-06-08 18:27:49] INFO: SEQUELIZE
[2023-06-08 18:27:49] INFO: Database connection established successfully
[2023-06-08 18:27:54] INFO: POST
[2023-06-08 18:29:22] INFO: App listening on the port: 5000
[2023-06-08 18:29:22] INFO: SEQUELIZE
[2023-06-08 18:29:22] INFO: Database connection established successfully
[2023-06-08 18:29:27] INFO: POST
[2023-06-08 18:30:31] INFO: App listening on the port: 5000
[2023-06-08 18:30:31] INFO: SEQUELIZE
[2023-06-08 18:30:31] INFO: Database connection established successfully
[2023-06-08 18:30:36] INFO: SEQUELIZE
[2023-06-08 18:30:36] INFO: POST
[2023-06-08 18:30:37] INFO: POST
[2023-06-08 18:30:41] INFO: POST
[2023-06-08 18:30:45] INFO: SEQUELIZE
[2023-06-08 18:30:46] INFO: GET
[2023-06-08 18:30:46] INFO: POST
[2023-06-08 18:35:35] INFO: App listening on the port: 5000
[2023-06-08 18:35:35] INFO: SEQUELIZE
[2023-06-08 18:35:35] INFO: Database connection established successfully
[2023-06-08 18:35:40] INFO: POST
[2023-06-08 18:36:09] INFO: App listening on the port: 5000
[2023-06-08 18:36:09] INFO: SEQUELIZE
[2023-06-08 18:36:09] INFO: Database connection established successfully
[2023-06-08 18:36:14] INFO: POST
[2023-06-08 18:42:57] INFO: App listening on the port: 5000
[2023-06-08 18:42:57] INFO: SEQUELIZE
[2023-06-08 18:42:57] INFO: Database connection established successfully
[2023-06-08 18:43:02] INFO: POST
[2023-06-08 18:50:54] INFO: GET
[2023-06-08 18:50:57] INFO: POST
[2023-06-08 18:51:07] INFO: App listening on the port: 5000
[2023-06-08 18:51:07] INFO: SEQUELIZE
[2023-06-08 18:51:07] INFO: Database connection established successfully
[2023-06-08 18:51:11] INFO: GET
[2023-06-08 18:51:12] INFO: POST
[2023-06-08 18:51:21] INFO: App listening on the port: 5000
[2023-06-08 18:51:21] INFO: SEQUELIZE
[2023-06-08 18:51:21] INFO: Database connection established successfully
[2023-06-08 18:51:26] INFO: POST
[2023-06-08 18:52:33] INFO: App listening on the port: 5000
[2023-06-08 18:52:33] INFO: SEQUELIZE
[2023-06-08 18:52:33] INFO: Database connection established successfully
[2023-06-08 18:52:41] INFO: App listening on the port: 5000
[2023-06-08 18:52:41] INFO: SEQUELIZE
[2023-06-08 18:52:41] INFO: Database connection established successfully
[2023-06-08 18:52:46] INFO: POST
[2023-06-08 18:53:21] INFO: App listening on the port: 5000
[2023-06-08 18:53:21] INFO: SEQUELIZE
[2023-06-08 18:53:21] INFO: Database connection established successfully
[2023-06-08 18:53:26] INFO: POST
[2023-06-08 18:53:38] INFO: GET
[2023-06-08 18:53:38] INFO: GET
[2023-06-08 18:53:41] INFO: POST
[2023-06-08 18:54:03] ERROR: Failed to lookup view "invoice" in views directory "C:\Users\Intelory\Desktop\accounting-api\src\views"
[2023-06-08 18:54:03] INFO: GET
[2023-06-08 18:54:05] ERROR: Failed to lookup view "invoice" in views directory "C:\Users\Intelory\Desktop\accounting-api\src\views"
[2023-06-08 18:54:05] INFO: GET
[2023-06-08 18:54:06] INFO: POST
[2023-06-08 18:54:06] ERROR: Failed to lookup view "invoice" in views directory "C:\Users\Intelory\Desktop\accounting-api\src\views"
[2023-06-08 18:54:06] INFO: GET
[2023-06-08 18:54:07] ERROR: Failed to lookup view "invoice" in views directory "C:\Users\Intelory\Desktop\accounting-api\src\views"
[2023-06-08 18:54:07] INFO: GET
[2023-06-08 18:54:07] ERROR: Failed to lookup view "invoice" in views directory "C:\Users\Intelory\Desktop\accounting-api\src\views"
[2023-06-08 18:54:07] INFO: GET
[2023-06-08 18:54:08] ERROR: Failed to lookup view "invoice" in views directory "C:\Users\Intelory\Desktop\accounting-api\src\views"
[2023-06-08 18:54:08] INFO: GET
[2023-06-08 18:54:11] INFO: POST
[2023-06-08 18:54:18] INFO: GET
[2023-06-08 18:54:21] INFO: POST
[2023-06-08 19:07:40] INFO: GET
[2023-06-08 19:07:42] INFO: POST
[2023-06-08 19:07:58] INFO: GET
[2023-06-08 19:08:02] INFO: POST
[2023-06-08 19:44:12] INFO: GET
[2023-06-08 19:44:12] INFO: POST
[2023-06-08 19:45:19] INFO: GET
[2023-06-08 19:45:22] INFO: POST
[2023-06-08 19:46:51] INFO: GET
[2023-06-08 19:46:52] INFO: POST
[2023-06-08 19:46:58] INFO: GET
[2023-06-08 19:47:02] INFO: POST
[2023-06-08 19:47:16] INFO: GET
[2023-06-08 19:47:17] INFO: POST
[2023-06-08 19:48:38] INFO: GET
[2023-06-08 19:48:42] INFO: POST
[2023-06-08 19:49:17] INFO: GET
[2023-06-08 19:49:17] INFO: POST
[2023-06-08 19:49:36] INFO: GET
[2023-06-08 19:49:37] INFO: POST
[2023-06-08 19:50:01] INFO: GET
[2023-06-08 19:50:02] INFO: GET
[2023-06-08 19:50:02] INFO: POST
[2023-06-08 19:50:38] INFO: GET
[2023-06-08 19:50:43] INFO: POST
[2023-06-08 19:51:15] INFO: GET
[2023-06-08 19:51:18] INFO: POST
[2023-06-08 19:51:33] INFO: GET
[2023-06-08 19:51:38] INFO: POST
[2023-06-08 19:52:19] INFO: GET
[2023-06-08 19:52:23] INFO: POST
[2023-06-08 19:52:31] INFO: GET
[2023-06-08 19:52:33] INFO: POST
[2023-06-08 19:52:41] INFO: GET
[2023-06-08 19:52:43] INFO: POST
[2023-06-08 19:52:47] INFO: GET
[2023-06-08 19:52:48] INFO: POST
[2023-06-08 19:53:04] INFO: GET
[2023-06-08 19:53:08] INFO: POST
[2023-06-08 19:53:16] INFO: GET
[2023-06-08 19:53:18] INFO: POST
[2023-06-08 19:53:22] INFO: GET
[2023-06-08 19:53:23] INFO: POST
[2023-06-08 19:54:12] INFO: GET
[2023-06-08 19:54:13] INFO: POST
[2023-06-08 19:54:39] INFO: GET
[2023-06-08 19:54:43] INFO: POST
[2023-06-08 19:54:52] INFO: GET
[2023-06-08 19:54:53] INFO: POST
[2023-06-08 19:54:57] INFO: GET
[2023-06-08 19:54:58] INFO: POST
[2023-06-08 19:55:20] INFO: GET
[2023-06-08 19:55:23] INFO: POST
[2023-06-08 19:55:40] INFO: GET
[2023-06-08 19:55:43] INFO: POST
[2023-06-08 19:55:52] INFO: GET
[2023-06-08 19:55:53] INFO: POST
[2023-06-08 19:56:09] INFO: GET
[2023-06-08 19:56:13] INFO: POST
[2023-06-08 19:56:28] INFO: GET
[2023-06-08 19:56:28] INFO: POST
[2023-06-08 19:57:23] INFO: GET
[2023-06-08 19:57:23] INFO: POST
[2023-06-08 19:58:53] INFO: GET
[2023-06-08 19:58:53] INFO: POST
[2023-06-08 19:59:08] INFO: GET
[2023-06-08 19:59:08] INFO: POST
[2023-06-08 19:59:24] INFO: GET
[2023-06-08 19:59:29] INFO: POST
[2023-06-08 19:59:36] INFO: GET
[2023-06-08 19:59:39] INFO: POST
[2023-06-08 20:00:44] INFO: GET
[2023-06-08 20:00:49] INFO: POST
[2023-06-08 20:00:53] INFO: GET
[2023-06-08 20:00:54] INFO: POST
[2023-06-08 20:01:00] INFO: GET
[2023-06-08 20:01:04] INFO: POST
[2023-06-08 20:01:17] INFO: GET
[2023-06-08 20:01:19] INFO: POST
[2023-06-08 20:01:31] INFO: GET
[2023-06-08 20:01:32] INFO: GET
[2023-06-08 20:01:33] INFO: GET
[2023-06-08 20:01:33] INFO: GET
[2023-06-08 20:01:33] INFO: GET
[2023-06-08 20:01:34] INFO: POST
[2023-06-08 20:01:34] INFO: GET
[2023-06-08 20:01:34] INFO: GET
[2023-06-08 20:01:34] INFO: GET
[2023-06-08 20:01:39] INFO: POST
[2023-06-08 20:02:07] INFO: GET
[2023-06-08 20:02:09] INFO: POST
[2023-06-08 20:02:17] INFO: GET
[2023-06-08 20:02:19] INFO: POST
[2023-06-08 20:02:31] INFO: GET
[2023-06-08 20:02:34] INFO: POST
[2023-06-08 20:02:39] INFO: GET
[2023-06-08 20:02:44] INFO: POST
[2023-06-08 20:02:56] INFO: GET
[2023-06-08 20:02:59] INFO: POST
[2023-06-08 20:03:11] INFO: GET
[2023-06-08 20:03:12] INFO: GET
[2023-06-08 20:03:12] INFO: GET
[2023-06-08 20:03:12] INFO: GET
[2023-06-08 20:03:12] INFO: GET
[2023-06-08 20:03:12] INFO: GET
[2023-06-08 20:03:14] INFO: POST
[2023-06-08 20:04:13] INFO: GET
[2023-06-08 20:04:14] INFO: POST
[2023-06-08 20:04:56] INFO: GET
[2023-06-08 20:04:59] INFO: POST
[2023-06-08 20:05:18] INFO: GET
[2023-06-08 20:05:19] INFO: POST
[2023-06-08 20:05:36] INFO: GET
[2023-06-08 20:05:39] INFO: POST
[2023-06-08 20:05:48] INFO: GET
[2023-06-08 20:05:49] INFO: POST
[2023-06-08 20:05:59] INFO: GET
[2023-06-08 20:05:59] INFO: POST
[2023-06-08 20:06:17] INFO: GET
[2023-06-08 20:06:19] INFO: POST
[2023-06-08 20:06:41] INFO: GET
[2023-06-08 20:06:44] INFO: POST
[2023-06-08 20:06:55] INFO: GET
[2023-06-08 20:06:59] INFO: POST
[2023-06-08 20:54:11] INFO: GET
[2023-06-08 20:54:13] INFO: GET
[2023-06-08 20:54:15] INFO: POST
[2023-06-08 20:56:58] INFO: GET
[2023-06-08 20:57:00] INFO: POST
[2023-06-08 20:57:17] INFO: GET
[2023-06-08 20:57:20] INFO: POST
[2023-06-08 20:57:43] INFO: GET
[2023-06-08 20:57:45] INFO: POST
[2023-06-08 20:58:14] INFO: GET
[2023-06-08 20:58:15] INFO: POST
[2023-06-08 20:59:26] INFO: GET
[2023-06-08 20:59:30] INFO: POST
[2023-06-08 20:59:34] INFO: GET
[2023-06-08 20:59:35] INFO: POST
[2023-06-08 20:59:40] INFO: GET
[2023-06-08 20:59:40] INFO: POST
[2023-06-08 20:59:47] INFO: GET
[2023-06-08 20:59:50] INFO: POST
[2023-06-08 21:00:32] INFO: GET
[2023-06-08 21:00:35] INFO: POST
[2023-06-08 21:08:53] INFO: GET
[2023-06-08 21:08:56] INFO: POST
[2023-06-08 21:09:07] INFO: GET
[2023-06-08 21:09:11] INFO: POST
[2023-06-08 21:09:29] INFO: GET
[2023-06-08 21:09:31] INFO: POST
[2023-06-08 21:10:20] INFO: GET
[2023-06-08 21:10:22] INFO: POST
[2023-06-08 21:11:13] INFO: GET
[2023-06-08 21:11:17] INFO: POST
[2023-06-08 21:12:05] INFO: GET
[2023-06-08 21:12:06] INFO: GET
[2023-06-08 21:12:07] INFO: POST
[2023-06-08 21:12:27] INFO: GET
[2023-06-08 21:12:29] INFO: GET
[2023-06-08 21:12:32] INFO: POST
[2023-06-08 21:12:41] INFO: GET
[2023-06-08 21:12:42] INFO: POST
[2023-06-08 21:12:59] INFO: GET
[2023-06-08 21:13:02] INFO: POST
[2023-06-08 21:14:03] INFO: GET
[2023-06-08 21:14:07] INFO: POST
[2023-06-08 21:14:30] INFO: GET
[2023-06-08 21:14:32] INFO: POST
[2023-06-08 21:15:08] INFO: GET
[2023-06-08 21:15:12] INFO: POST
[2023-06-08 21:15:38] INFO: GET
[2023-06-08 21:15:42] INFO: POST
[2023-06-08 21:15:51] INFO: GET
[2023-06-08 21:15:52] INFO: POST
[2023-06-08 21:17:59] INFO: App listening on the port: 5000
[2023-06-08 21:17:59] INFO: SEQUELIZE
[2023-06-08 21:17:59] INFO: Database connection established successfully
[2023-06-08 21:18:04] INFO: POST
