[2023-06-30 11:06:59] INFO: App listening on the port: 5000
[2023-06-30 11:06:59] INFO: SEQUELIZE
[2023-06-30 11:06:59] INFO: Database connection established successfully
[2023-06-30 11:07:04] INFO: POST
[2023-06-30 11:07:25] INFO: App listening on the port: 5000
[2023-06-30 11:07:25] INFO: SEQUELIZE
[2023-06-30 11:07:25] INFO: Database connection established successfully
[2023-06-30 11:07:30] INFO: POST
[2023-06-30 11:09:26] INFO: SEQUELIZE
[2023-06-30 11:09:26] INFO: Database connection established successfully
[2023-06-30 11:09:38] INFO: SEQUELIZE
[2023-06-30 11:09:38] INFO: Database connection established successfully
[2023-06-30 11:10:36] INFO: SEQUELIZE
[2023-06-30 11:10:36] INFO: Database connection established successfully
[2023-06-30 11:10:56] INFO: SEQUELIZE
[2023-06-30 11:10:56] INFO: Database connection established successfully
[2023-06-30 11:11:27] INFO: SEQUELIZE
[2023-06-30 11:11:27] INFO: Database connection established successfully
[2023-06-30 11:11:39] INFO: SEQUELIZE
[2023-06-30 11:11:39] INFO: Database connection established successfully
[2023-06-30 11:11:50] INFO: SEQUELIZE
[2023-06-30 11:11:50] INFO: Database connection established successfully
[2023-06-30 11:14:42] INFO: SEQUELIZE
[2023-06-30 11:14:42] INFO: Database connection established successfully
[2023-06-30 11:15:19] INFO: SEQUELIZE
[2023-06-30 11:15:19] INFO: Database connection established successfully
[2023-06-30 11:15:45] INFO: SEQUELIZE
[2023-06-30 11:15:45] INFO: Database connection established successfully
[2023-06-30 12:20:22] INFO: SEQUELIZE
[2023-06-30 12:20:22] INFO: Database connection established successfully
[2023-06-30 12:20:32] INFO: SEQUELIZE
[2023-06-30 12:20:32] INFO: Database connection established successfully
[2023-06-30 12:21:06] INFO: SEQUELIZE
[2023-06-30 12:21:06] INFO: Database connection established successfully
[2023-06-30 12:21:46] INFO: SEQUELIZE
[2023-06-30 12:21:46] INFO: Database connection established successfully
[2023-06-30 12:22:01] INFO: SEQUELIZE
[2023-06-30 12:22:01] INFO: Database connection established successfully
[2023-06-30 12:22:09] INFO: SEQUELIZE
[2023-06-30 12:22:09] INFO: Database connection established successfully
[2023-06-30 12:23:18] INFO: SEQUELIZE
[2023-06-30 12:23:18] INFO: Database connection established successfully
[2023-06-30 12:23:42] INFO: SEQUELIZE
[2023-06-30 12:23:42] INFO: Database connection established successfully
[2023-06-30 12:24:00] INFO: SEQUELIZE
[2023-06-30 12:24:00] INFO: Database connection established successfully
[2023-06-30 12:24:06] INFO: SEQUELIZE
[2023-06-30 12:24:06] INFO: Database connection established successfully
[2023-06-30 12:24:43] INFO: SEQUELIZE
[2023-06-30 12:24:43] INFO: Database connection established successfully
[2023-06-30 12:24:49] INFO: SEQUELIZE
[2023-06-30 12:24:49] INFO: Database connection established successfully
[2023-06-30 12:26:56] INFO: SEQUELIZE
[2023-06-30 12:26:56] INFO: Database connection established successfully
[2023-06-30 12:27:24] INFO: SEQUELIZE
[2023-06-30 12:27:24] INFO: Database connection established successfully
[2023-06-30 12:27:39] INFO: SEQUELIZE
[2023-06-30 12:27:39] INFO: Database connection established successfully
[2023-06-30 12:28:08] INFO: SEQUELIZE
[2023-06-30 12:28:08] INFO: Database connection established successfully
[2023-06-30 12:28:18] INFO: SEQUELIZE
[2023-06-30 12:28:18] INFO: Database connection established successfully
[2023-06-30 12:28:28] INFO: SEQUELIZE
[2023-06-30 12:28:28] INFO: Database connection established successfully
[2023-06-30 12:28:45] INFO: SEQUELIZE
[2023-06-30 12:28:45] INFO: Database connection established successfully
[2023-06-30 12:29:08] INFO: SEQUELIZE
[2023-06-30 12:29:08] INFO: Database connection established successfully
[2023-06-30 12:29:32] INFO: SEQUELIZE
[2023-06-30 12:29:32] INFO: Database connection established successfully
[2023-06-30 12:29:42] INFO: SEQUELIZE
[2023-06-30 12:29:42] INFO: Database connection established successfully
[2023-06-30 12:30:46] INFO: SEQUELIZE
[2023-06-30 12:30:46] INFO: Database connection established successfully
[2023-06-30 12:30:52] INFO: SEQUELIZE
[2023-06-30 12:30:52] INFO: Database connection established successfully
[2023-06-30 12:31:01] INFO: SEQUELIZE
[2023-06-30 12:31:01] INFO: Database connection established successfully
[2023-06-30 12:32:17] INFO: SEQUELIZE
[2023-06-30 12:32:17] INFO: Database connection established successfully
[2023-06-30 12:32:46] INFO: SEQUELIZE
[2023-06-30 12:32:46] INFO: Database connection established successfully
[2023-06-30 12:33:07] INFO: SEQUELIZE
[2023-06-30 12:33:07] INFO: Database connection established successfully
[2023-06-30 12:33:19] INFO: SEQUELIZE
[2023-06-30 12:33:19] INFO: Database connection established successfully
[2023-06-30 12:33:45] INFO: SEQUELIZE
[2023-06-30 12:33:45] INFO: Database connection established successfully
[2023-06-30 12:34:16] INFO: SEQUELIZE
[2023-06-30 12:34:16] INFO: Database connection established successfully
[2023-06-30 12:35:02] INFO: SEQUELIZE
[2023-06-30 12:35:02] INFO: Database connection established successfully
[2023-06-30 12:35:12] INFO: SEQUELIZE
[2023-06-30 12:35:12] INFO: Database connection established successfully
[2023-06-30 12:35:19] INFO: SEQUELIZE
[2023-06-30 12:35:19] INFO: Database connection established successfully
[2023-06-30 12:35:24] INFO: SEQUELIZE
[2023-06-30 12:35:24] INFO: Database connection established successfully
[2023-06-30 12:35:28] INFO: SEQUELIZE
[2023-06-30 12:35:28] INFO: Database connection established successfully
[2023-06-30 12:35:37] INFO: SEQUELIZE
[2023-06-30 12:35:37] INFO: Database connection established successfully
[2023-06-30 12:37:15] INFO: SEQUELIZE
[2023-06-30 12:37:15] INFO: Database connection established successfully
[2023-06-30 12:37:25] INFO: SEQUELIZE
[2023-06-30 12:37:25] INFO: Database connection established successfully
[2023-06-30 12:37:41] INFO: SEQUELIZE
[2023-06-30 12:37:41] INFO: Database connection established successfully
[2023-06-30 12:37:56] INFO: SEQUELIZE
[2023-06-30 12:37:56] INFO: Database connection established successfully
[2023-06-30 12:38:24] INFO: SEQUELIZE
[2023-06-30 12:38:24] INFO: Database connection established successfully
[2023-06-30 12:39:16] INFO: SEQUELIZE
[2023-06-30 12:39:16] INFO: Database connection established successfully
[2023-06-30 12:39:26] INFO: SEQUELIZE
[2023-06-30 12:39:26] INFO: Database connection established successfully
[2023-06-30 12:39:48] INFO: SEQUELIZE
[2023-06-30 12:39:48] INFO: Database connection established successfully
[2023-06-30 12:40:07] INFO: SEQUELIZE
[2023-06-30 12:40:07] INFO: Database connection established successfully
[2023-06-30 12:40:23] INFO: SEQUELIZE
[2023-06-30 12:40:23] INFO: Database connection established successfully
[2023-06-30 12:40:41] INFO: SEQUELIZE
[2023-06-30 12:40:41] INFO: Database connection established successfully
[2023-06-30 12:41:06] INFO: SEQUELIZE
[2023-06-30 12:41:06] INFO: Database connection established successfully
[2023-06-30 12:41:16] INFO: SEQUELIZE
[2023-06-30 12:41:16] INFO: Database connection established successfully
[2023-06-30 12:42:51] INFO: SEQUELIZE
[2023-06-30 12:42:51] INFO: Database connection established successfully
[2023-06-30 12:43:07] INFO: SEQUELIZE
[2023-06-30 12:43:07] INFO: Database connection established successfully
[2023-06-30 12:43:30] INFO: SEQUELIZE
[2023-06-30 12:43:30] INFO: Database connection established successfully
[2023-06-30 12:45:18] INFO: SEQUELIZE
[2023-06-30 12:45:18] INFO: Database connection established successfully
[2023-06-30 12:45:41] INFO: SEQUELIZE
[2023-06-30 12:45:41] INFO: Database connection established successfully
[2023-06-30 12:45:53] INFO: SEQUELIZE
[2023-06-30 12:45:53] INFO: Database connection established successfully
[2023-06-30 12:46:08] INFO: SEQUELIZE
[2023-06-30 12:46:08] INFO: Database connection established successfully
[2023-06-30 12:46:32] INFO: SEQUELIZE
[2023-06-30 12:46:32] INFO: Database connection established successfully
[2023-06-30 12:47:23] INFO: SEQUELIZE
[2023-06-30 12:47:23] INFO: Database connection established successfully
[2023-06-30 12:47:38] INFO: SEQUELIZE
[2023-06-30 12:47:38] INFO: Database connection established successfully
[2023-06-30 12:47:42] INFO: SEQUELIZE
[2023-06-30 12:47:42] INFO: Database connection established successfully
[2023-06-30 12:48:11] INFO: SEQUELIZE
[2023-06-30 12:48:11] INFO: Database connection established successfully
[2023-06-30 12:48:52] INFO: SEQUELIZE
[2023-06-30 12:48:52] INFO: Database connection established successfully
[2023-06-30 12:49:10] INFO: SEQUELIZE
[2023-06-30 12:49:10] INFO: Database connection established successfully
[2023-06-30 12:49:30] INFO: SEQUELIZE
[2023-06-30 12:49:30] INFO: Database connection established successfully
[2023-06-30 12:50:15] INFO: SEQUELIZE
[2023-06-30 12:50:15] INFO: Database connection established successfully
[2023-06-30 12:51:47] INFO: SEQUELIZE
[2023-06-30 12:51:47] INFO: Database connection established successfully
[2023-06-30 12:52:01] INFO: SEQUELIZE
[2023-06-30 12:52:01] INFO: Database connection established successfully
[2023-06-30 12:52:16] INFO: SEQUELIZE
[2023-06-30 12:52:16] INFO: Database connection established successfully
[2023-06-30 12:52:33] INFO: SEQUELIZE
[2023-06-30 12:52:33] INFO: Database connection established successfully
[2023-06-30 12:52:46] INFO: SEQUELIZE
[2023-06-30 12:52:46] INFO: Database connection established successfully
[2023-06-30 12:53:08] INFO: SEQUELIZE
[2023-06-30 12:53:08] INFO: Database connection established successfully
[2023-06-30 12:53:20] INFO: SEQUELIZE
[2023-06-30 12:53:20] INFO: Database connection established successfully
[2023-06-30 12:53:56] INFO: SEQUELIZE
[2023-06-30 12:53:56] INFO: Database connection established successfully
[2023-06-30 12:55:07] INFO: SEQUELIZE
[2023-06-30 12:55:07] INFO: Database connection established successfully
[2023-06-30 12:55:23] INFO: SEQUELIZE
[2023-06-30 12:55:23] INFO: Database connection established successfully
[2023-06-30 12:55:27] INFO: SEQUELIZE
[2023-06-30 12:55:27] INFO: Database connection established successfully
[2023-06-30 12:55:39] INFO: SEQUELIZE
[2023-06-30 12:55:39] INFO: Database connection established successfully
[2023-06-30 12:55:43] INFO: SEQUELIZE
[2023-06-30 12:55:43] INFO: Database connection established successfully
[2023-06-30 12:55:56] INFO: SEQUELIZE
[2023-06-30 12:55:56] INFO: Database connection established successfully
[2023-06-30 12:56:16] INFO: SEQUELIZE
[2023-06-30 12:56:16] INFO: Database connection established successfully
[2023-06-30 12:58:03] INFO: SEQUELIZE
[2023-06-30 12:58:03] INFO: Database connection established successfully
[2023-06-30 12:58:14] INFO: SEQUELIZE
[2023-06-30 12:58:14] INFO: Database connection established successfully
[2023-06-30 12:59:55] INFO: SEQUELIZE
[2023-06-30 12:59:55] INFO: Database connection established successfully
[2023-06-30 13:00:06] INFO: SEQUELIZE
[2023-06-30 13:00:06] INFO: Database connection established successfully
[2023-06-30 13:00:37] INFO: SEQUELIZE
[2023-06-30 13:00:37] INFO: Database connection established successfully
[2023-06-30 13:04:58] INFO: SEQUELIZE
[2023-06-30 13:04:58] INFO: Database connection established successfully
[2023-06-30 13:07:10] INFO: SEQUELIZE
[2023-06-30 13:07:10] INFO: Database connection established successfully
[2023-06-30 13:07:12] INFO: SEQUELIZE
[2023-06-30 13:07:12] INFO: Database connection established successfully
[2023-06-30 13:08:24] INFO: SEQUELIZE
[2023-06-30 13:08:24] INFO: Database connection established successfully
[2023-06-30 13:08:29] INFO: SEQUELIZE
[2023-06-30 13:08:29] INFO: Database connection established successfully
[2023-06-30 13:09:17] INFO: SEQUELIZE
[2023-06-30 13:09:17] INFO: Database connection established successfully
[2023-06-30 13:36:12] INFO: SEQUELIZE
[2023-06-30 13:36:12] INFO: Database connection established successfully
[2023-06-30 13:36:20] INFO: SEQUELIZE
[2023-06-30 13:36:20] INFO: Database connection established successfully
[2023-06-30 13:37:00] INFO: SEQUELIZE
[2023-06-30 13:37:00] INFO: Database connection established successfully
[2023-06-30 13:37:52] INFO: SEQUELIZE
[2023-06-30 13:37:52] INFO: Database connection established successfully
[2023-06-30 13:38:02] INFO: SEQUELIZE
[2023-06-30 13:38:02] INFO: Database connection established successfully
[2023-06-30 13:38:31] INFO: SEQUELIZE
[2023-06-30 13:38:31] INFO: Database connection established successfully
[2023-06-30 13:39:00] INFO: SEQUELIZE
[2023-06-30 13:39:00] INFO: Database connection established successfully
[2023-06-30 13:39:16] INFO: SEQUELIZE
[2023-06-30 13:39:16] INFO: Database connection established successfully
[2023-06-30 13:39:23] INFO: SEQUELIZE
[2023-06-30 13:39:23] INFO: Database connection established successfully
[2023-06-30 13:40:21] INFO: SEQUELIZE
[2023-06-30 13:40:21] INFO: Database connection established successfully
[2023-06-30 13:40:34] INFO: SEQUELIZE
[2023-06-30 13:40:34] INFO: Database connection established successfully
[2023-06-30 13:41:16] INFO: SEQUELIZE
[2023-06-30 13:41:16] INFO: Database connection established successfully
[2023-06-30 13:41:44] INFO: SEQUELIZE
[2023-06-30 13:41:44] INFO: Database connection established successfully
[2023-06-30 13:41:52] INFO: SEQUELIZE
[2023-06-30 13:41:52] INFO: Database connection established successfully
[2023-06-30 13:41:58] INFO: SEQUELIZE
[2023-06-30 13:41:58] INFO: Database connection established successfully
[2023-06-30 13:42:58] INFO: SEQUELIZE
[2023-06-30 13:42:58] INFO: Database connection established successfully
[2023-06-30 13:43:32] INFO: SEQUELIZE
[2023-06-30 13:43:32] INFO: Database connection established successfully
[2023-06-30 13:44:12] INFO: SEQUELIZE
[2023-06-30 13:44:12] INFO: Database connection established successfully
[2023-06-30 13:45:02] INFO: SEQUELIZE
[2023-06-30 13:45:02] INFO: Database connection established successfully
[2023-06-30 13:45:12] INFO: SEQUELIZE
[2023-06-30 13:45:12] INFO: Database connection established successfully
[2023-06-30 13:45:32] INFO: SEQUELIZE
[2023-06-30 13:45:32] INFO: Database connection established successfully
[2023-06-30 13:46:16] INFO: App listening on the port: 5000
[2023-06-30 13:46:16] INFO: SEQUELIZE
[2023-06-30 13:46:16] INFO: Database connection established successfully
[2023-06-30 13:46:21] INFO: POST
[2023-06-30 13:48:27] INFO: App listening on the port: 5000
[2023-06-30 13:48:27] INFO: SEQUELIZE
[2023-06-30 13:48:27] INFO: Database connection established successfully
[2023-06-30 13:48:32] INFO: POST
[2023-06-30 13:48:39] INFO: App listening on the port: 5000
[2023-06-30 13:48:39] INFO: SEQUELIZE
[2023-06-30 13:48:39] INFO: Database connection established successfully
[2023-06-30 13:48:44] INFO: POST
[2023-06-30 13:49:57] INFO: SEQUELIZE
[2023-06-30 13:49:57] INFO: Database connection established successfully
[2023-06-30 13:50:18] INFO: SEQUELIZE
[2023-06-30 13:50:18] INFO: Database connection established successfully
[2023-06-30 13:52:01] INFO: SEQUELIZE
[2023-06-30 13:52:01] INFO: Database connection established successfully
[2023-06-30 13:52:10] INFO: SEQUELIZE
[2023-06-30 13:52:10] INFO: Database connection established successfully
[2023-06-30 13:53:24] INFO: SEQUELIZE
[2023-06-30 13:53:24] INFO: Database connection established successfully
[2023-06-30 13:54:05] INFO: SEQUELIZE
[2023-06-30 13:54:05] INFO: Database connection established successfully
[2023-06-30 13:54:23] INFO: SEQUELIZE
[2023-06-30 13:54:23] INFO: Database connection established successfully
[2023-06-30 13:54:29] INFO: SEQUELIZE
[2023-06-30 13:54:29] INFO: Database connection established successfully
[2023-06-30 13:54:51] INFO: SEQUELIZE
[2023-06-30 13:54:51] INFO: Database connection established successfully
[2023-06-30 13:54:58] INFO: App listening on the port: 5000
[2023-06-30 13:54:58] INFO: SEQUELIZE
[2023-06-30 13:54:58] INFO: Database connection established successfully
[2023-06-30 13:55:03] INFO: POST
[2023-06-30 13:55:07] INFO: App listening on the port: 5000
[2023-06-30 13:55:07] INFO: SEQUELIZE
[2023-06-30 13:55:07] INFO: Database connection established successfully
[2023-06-30 13:55:12] INFO: POST
[2023-06-30 13:55:27] INFO: App listening on the port: 5000
[2023-06-30 13:55:27] INFO: SEQUELIZE
[2023-06-30 13:55:27] INFO: Database connection established successfully
[2023-06-30 13:55:34] INFO: App listening on the port: 5000
[2023-06-30 13:55:34] INFO: SEQUELIZE
[2023-06-30 13:55:34] INFO: Database connection established successfully
[2023-06-30 13:55:39] INFO: POST
[2023-06-30 13:56:04] INFO: SEQUELIZE
[2023-06-30 13:56:04] INFO: Database connection established successfully
[2023-06-30 13:56:12] INFO: App listening on the port: 5000
[2023-06-30 13:56:12] INFO: SEQUELIZE
[2023-06-30 13:56:12] INFO: Database connection established successfully
[2023-06-30 13:56:18] INFO: App listening on the port: 5000
[2023-06-30 13:56:18] INFO: SEQUELIZE
[2023-06-30 13:56:18] INFO: Database connection established successfully
[2023-06-30 13:56:24] INFO: App listening on the port: 5000
[2023-06-30 13:56:24] INFO: SEQUELIZE
[2023-06-30 13:56:24] INFO: Database connection established successfully
[2023-06-30 13:56:29] INFO: POST
[2023-06-30 13:56:52] INFO: App listening on the port: 5000
[2023-06-30 13:56:52] INFO: SEQUELIZE
[2023-06-30 13:56:52] INFO: Database connection established successfully
[2023-06-30 13:56:57] INFO: POST
[2023-06-30 13:57:07] INFO: App listening on the port: 5000
[2023-06-30 13:57:07] INFO: SEQUELIZE
[2023-06-30 13:57:07] INFO: Database connection established successfully
[2023-06-30 13:57:14] INFO: SEQUELIZE
[2023-06-30 13:57:14] INFO: Database connection established successfully
[2023-06-30 13:57:19] INFO: SEQUELIZE
[2023-06-30 13:57:19] INFO: Database connection established successfully
[2023-06-30 13:57:32] INFO: App listening on the port: 5000
[2023-06-30 13:57:32] INFO: SEQUELIZE
[2023-06-30 13:57:32] INFO: Database connection established successfully
[2023-06-30 13:57:42] INFO: App listening on the port: 5000
[2023-06-30 13:57:42] INFO: SEQUELIZE
[2023-06-30 13:57:42] INFO: Database connection established successfully
[2023-06-30 13:57:47] INFO: POST
[2023-06-30 13:57:56] INFO: App listening on the port: 5000
[2023-06-30 13:57:56] INFO: SEQUELIZE
[2023-06-30 13:57:56] INFO: Database connection established successfully
[2023-06-30 13:58:01] INFO: POST
[2023-06-30 13:59:07] INFO: App listening on the port: 5000
[2023-06-30 13:59:07] INFO: SEQUELIZE
[2023-06-30 13:59:07] INFO: Database connection established successfully
[2023-06-30 13:59:12] INFO: POST
[2023-06-30 13:59:24] INFO: App listening on the port: 5000
[2023-06-30 13:59:24] INFO: SEQUELIZE
[2023-06-30 13:59:24] INFO: Database connection established successfully
[2023-06-30 13:59:29] INFO: POST
[2023-06-30 13:59:38] INFO: App listening on the port: 5000
[2023-06-30 13:59:38] INFO: SEQUELIZE
[2023-06-30 13:59:38] INFO: Database connection established successfully
[2023-06-30 13:59:47] INFO: App listening on the port: 5000
[2023-06-30 13:59:47] INFO: SEQUELIZE
[2023-06-30 13:59:47] INFO: Database connection established successfully
[2023-06-30 13:59:52] INFO: POST
[2023-06-30 14:01:47] INFO: GET
[2023-06-30 14:01:47] INFO: SEQUELIZE
[2023-06-30 14:03:43] INFO: App listening on the port: 5000
[2023-06-30 14:03:43] INFO: SEQUELIZE
[2023-06-30 14:03:43] INFO: Database connection established successfully
[2023-06-30 14:03:48] INFO: POST
[2023-06-30 14:03:50] ERROR: Validation error: birthDate
[2023-06-30 14:03:50] INFO: POST
[2023-06-30 14:03:53] INFO: POST
[2023-06-30 14:03:57] ERROR: Validation error: birthDate
[2023-06-30 14:03:57] INFO: POST
[2023-06-30 14:03:58] INFO: POST
[2023-06-30 14:05:01] INFO: POST
[2023-06-30 14:05:03] INFO: POST
[2023-06-30 14:05:42] INFO: App listening on the port: 5000
[2023-06-30 14:05:42] INFO: SEQUELIZE
[2023-06-30 14:05:42] INFO: Database connection established successfully
[2023-06-30 14:05:47] INFO: POST
[2023-06-30 14:07:16] INFO: POST
[2023-06-30 14:07:17] INFO: POST
[2023-06-30 14:09:40] INFO: App listening on the port: 5000
[2023-06-30 14:09:41] INFO: SEQUELIZE
[2023-06-30 14:09:41] INFO: Database connection established successfully
[2023-06-30 14:09:44] ERROR: Validation error: nationality
[2023-06-30 14:09:44] INFO: POST
[2023-06-30 14:09:45] INFO: POST
[2023-06-30 14:09:49] INFO: POST
[2023-06-30 14:09:50] INFO: POST
[2023-06-30 14:10:33] INFO: App listening on the port: 5000
[2023-06-30 14:10:33] INFO: SEQUELIZE
[2023-06-30 14:10:33] INFO: Database connection established successfully
[2023-06-30 14:10:38] INFO: POST
[2023-06-30 14:10:38] ERROR: Could not create author!
[2023-06-30 14:10:38] INFO: POST
[2023-06-30 14:10:43] INFO: POST
[2023-06-30 14:10:59] INFO: App listening on the port: 5000
[2023-06-30 14:10:59] INFO: SEQUELIZE
[2023-06-30 14:10:59] INFO: Database connection established successfully
[2023-06-30 14:11:03] ERROR: Could not create author!
[2023-06-30 14:11:03] INFO: POST
[2023-06-30 14:11:04] INFO: POST
[2023-06-30 14:11:43] INFO: App listening on the port: 5000
[2023-06-30 14:11:43] INFO: SEQUELIZE
[2023-06-30 14:11:43] INFO: Database connection established successfully
[2023-06-30 14:11:53] INFO: App listening on the port: 5000
[2023-06-30 14:11:53] INFO: SEQUELIZE
[2023-06-30 14:11:53] INFO: Database connection established successfully
[2023-06-30 14:12:01] INFO: App listening on the port: 5000
[2023-06-30 14:12:01] INFO: SEQUELIZE
[2023-06-30 14:12:01] INFO: Database connection established successfully
[2023-06-30 14:12:06] INFO: POST
[2023-06-30 14:12:30] INFO: SEQUELIZE
[2023-06-30 14:12:30] INFO: POST
[2023-06-30 14:12:31] INFO: POST
[2023-06-30 14:12:43] INFO: GET
[2023-06-30 14:12:43] INFO: SEQUELIZE
[2023-06-30 14:12:43] INFO: SEQUELIZE
[2023-06-30 14:12:46] INFO: POST
[2023-06-30 14:12:46] INFO: GET
[2023-06-30 14:12:46] INFO: SEQUELIZE
[2023-06-30 14:12:46] INFO: SEQUELIZE
[2023-06-30 14:12:51] INFO: POST
[2023-06-30 14:13:04] INFO: GET
[2023-06-30 14:13:06] INFO: POST
[2023-06-30 14:16:51] INFO: App listening on the port: 5000
[2023-06-30 14:16:51] INFO: SEQUELIZE
[2023-06-30 14:16:51] INFO: Database connection established successfully
[2023-06-30 14:16:56] INFO: POST
[2023-06-30 14:17:44] INFO: GET
[2023-06-30 14:17:44] INFO: SEQUELIZE
[2023-06-30 14:17:44] INFO: SEQUELIZE
[2023-06-30 14:17:45] INFO: GET
[2023-06-30 14:17:45] INFO: SEQUELIZE
[2023-06-30 14:17:45] INFO: SEQUELIZE
[2023-06-30 14:17:46] INFO: POST
[2023-06-30 14:18:11] INFO: App listening on the port: 5000
[2023-06-30 14:18:12] INFO: SEQUELIZE
[2023-06-30 14:18:12] INFO: Database connection established successfully
[2023-06-30 14:18:16] INFO: POST
[2023-06-30 14:18:33] INFO: App listening on the port: 5000
[2023-06-30 14:18:33] INFO: SEQUELIZE
[2023-06-30 14:18:33] INFO: Database connection established successfully
[2023-06-30 14:18:39] INFO: App listening on the port: 5000
[2023-06-30 14:18:39] INFO: SEQUELIZE
[2023-06-30 14:18:39] INFO: Database connection established successfully
[2023-06-30 14:18:48] INFO: App listening on the port: 5000
[2023-06-30 14:18:48] INFO: SEQUELIZE
[2023-06-30 14:18:48] INFO: Database connection established successfully
[2023-06-30 14:18:53] INFO: POST
[2023-06-30 14:18:54] INFO: SEQUELIZE
[2023-06-30 14:18:54] INFO: SEQUELIZE
[2023-06-30 14:18:54] INFO: GET
[2023-06-30 14:18:58] INFO: POST
[2023-06-30 14:18:58] ERROR: Could not get author!
[2023-06-30 14:18:58] INFO: GET
[2023-06-30 14:19:03] INFO: POST
[2023-06-30 14:19:18] INFO: App listening on the port: 5000
[2023-06-30 14:19:18] INFO: SEQUELIZE
[2023-06-30 14:19:18] INFO: Database connection established successfully
[2023-06-30 14:19:23] INFO: POST
[2023-06-30 14:19:24] ERROR: Could not get author!
[2023-06-30 14:19:24] INFO: GET
[2023-06-30 14:19:28] INFO: POST
[2023-06-30 14:19:57] INFO: SEQUELIZE
[2023-06-30 14:19:57] INFO: Database connection established successfully
[2023-06-30 14:20:15] INFO: App listening on the port: 5000
[2023-06-30 14:20:15] INFO: SEQUELIZE
[2023-06-30 14:20:15] INFO: Database connection established successfully
[2023-06-30 14:20:21] INFO: App listening on the port: 5000
[2023-06-30 14:20:21] INFO: SEQUELIZE
[2023-06-30 14:20:21] INFO: Database connection established successfully
[2023-06-30 14:20:26] INFO: POST
[2023-06-30 14:20:27] ERROR: Could not get author!
[2023-06-30 14:20:27] INFO: GET
[2023-06-30 14:20:31] INFO: POST
[2023-06-30 14:21:23] INFO: SEQUELIZE
[2023-06-30 14:21:23] INFO: Database connection established successfully
[2023-06-30 14:21:47] INFO: App listening on the port: 5000
[2023-06-30 14:21:47] INFO: SEQUELIZE
[2023-06-30 14:21:47] INFO: Database connection established successfully
[2023-06-30 14:21:54] INFO: App listening on the port: 5000
[2023-06-30 14:21:54] INFO: SEQUELIZE
[2023-06-30 14:21:54] INFO: Database connection established successfully
[2023-06-30 14:21:56] ERROR: Could not get author!
[2023-06-30 14:21:56] INFO: GET
[2023-06-30 14:21:59] INFO: POST
[2023-06-30 14:22:46] INFO: App listening on the port: 5000
[2023-06-30 14:22:47] INFO: SEQUELIZE
[2023-06-30 14:22:47] INFO: Database connection established successfully
[2023-06-30 14:22:54] INFO: App listening on the port: 5000
[2023-06-30 14:22:54] INFO: SEQUELIZE
[2023-06-30 14:22:54] INFO: Database connection established successfully
[2023-06-30 14:22:59] INFO: POST
[2023-06-30 14:23:10] ERROR: Could not get author!
[2023-06-30 14:23:10] INFO: GET
[2023-06-30 14:23:14] INFO: POST
[2023-06-30 14:24:27] INFO: App listening on the port: 5000
[2023-06-30 14:24:27] INFO: SEQUELIZE
[2023-06-30 14:24:27] INFO: Database connection established successfully
[2023-06-30 14:24:32] INFO: POST
[2023-06-30 14:24:32] INFO: SEQUELIZE
[2023-06-30 14:24:32] INFO: GET
[2023-06-30 14:24:37] INFO: POST
[2023-06-30 14:24:54] INFO: App listening on the port: 5000
[2023-06-30 14:24:54] INFO: SEQUELIZE
[2023-06-30 14:24:54] INFO: Database connection established successfully
[2023-06-30 14:24:59] INFO: POST
[2023-06-30 14:28:22] INFO: App listening on the port: 5000
[2023-06-30 14:28:22] INFO: SEQUELIZE
[2023-06-30 14:28:22] INFO: Database connection established successfully
[2023-06-30 14:28:27] INFO: POST
[2023-06-30 14:31:33] INFO: App listening on the port: 5000
[2023-06-30 14:31:34] INFO: SEQUELIZE
[2023-06-30 14:31:34] INFO: Database connection established successfully
[2023-06-30 14:31:38] INFO: POST
[2023-06-30 14:32:17] INFO: App listening on the port: 5000
[2023-06-30 14:32:17] INFO: SEQUELIZE
[2023-06-30 14:32:17] INFO: Database connection established successfully
[2023-06-30 14:32:24] INFO: App listening on the port: 5000
[2023-06-30 14:32:25] INFO: SEQUELIZE
[2023-06-30 14:32:25] INFO: Database connection established successfully
[2023-06-30 14:32:29] INFO: POST
[2023-06-30 14:32:49] INFO: SEQUELIZE
[2023-06-30 14:32:49] INFO: GET
[2023-06-30 14:32:49] INFO: POST
[2023-06-30 14:32:58] INFO: SEQUELIZE
[2023-06-30 14:32:58] INFO: GET
[2023-06-30 14:33:00] INFO: POST
[2023-06-30 14:33:23] INFO: App listening on the port: 5000
[2023-06-30 14:33:23] INFO: SEQUELIZE
[2023-06-30 14:33:23] INFO: Database connection established successfully
[2023-06-30 14:33:28] INFO: POST
[2023-06-30 14:33:56] INFO: SEQUELIZE
[2023-06-30 14:33:56] INFO: GET
[2023-06-30 14:33:58] INFO: POST
[2023-06-30 14:34:02] INFO: SEQUELIZE
[2023-06-30 14:34:02] INFO: POST
[2023-06-30 14:34:03] INFO: POST
[2023-06-30 14:34:04] INFO: SEQUELIZE
[2023-06-30 14:34:04] INFO: GET
[2023-06-30 14:34:08] INFO: POST
[2023-06-30 14:35:00] INFO: SEQUELIZE
[2023-06-30 14:35:00] INFO: SEQUELIZE
[2023-06-30 14:35:00] INFO: PUT
[2023-06-30 14:35:03] INFO: POST
[2023-06-30 14:53:26] INFO: SEQUELIZE
[2023-06-30 14:53:26] INFO: SEQUELIZE
[2023-06-30 14:53:26] INFO: GET
[2023-06-30 14:53:30] INFO: POST
[2023-06-30 14:53:30] INFO: SEQUELIZE
[2023-06-30 14:53:30] INFO: SEQUELIZE
[2023-06-30 14:53:30] INFO: GET
[2023-06-30 14:53:35] INFO: POST
[2023-06-30 14:55:44] ERROR: Validation error: publicationDate, genre, authors
[2023-06-30 14:55:44] INFO: POST
[2023-06-30 14:55:45] INFO: POST
[2023-06-30 14:56:02] ERROR: Validation error: publicationDate, genre, authors
[2023-06-30 14:56:02] INFO: POST
[2023-06-30 14:56:05] INFO: POST
[2023-06-30 14:56:20] ERROR: Validation error: genre, authors
[2023-06-30 14:56:20] INFO: POST
[2023-06-30 14:56:20] INFO: POST
[2023-06-30 14:57:23] INFO: App listening on the port: 5000
[2023-06-30 14:57:23] INFO: SEQUELIZE
[2023-06-30 14:57:23] INFO: Database connection established successfully
[2023-06-30 14:57:28] INFO: POST
[2023-06-30 14:57:40] ERROR: Validation error: authors
[2023-06-30 14:57:40] INFO: POST
[2023-06-30 14:57:43] INFO: POST
[2023-06-30 14:57:49] ERROR: Validation error: genre, authors
[2023-06-30 14:57:49] INFO: POST
[2023-06-30 14:57:52] ERROR: Validation error: authors
[2023-06-30 14:57:52] INFO: POST
[2023-06-30 14:57:53] INFO: POST
[2023-06-30 14:58:10] INFO: App listening on the port: 5000
[2023-06-30 14:58:10] INFO: SEQUELIZE
[2023-06-30 14:58:10] INFO: Database connection established successfully
[2023-06-30 14:58:11] ERROR: Validation error: authors
[2023-06-30 14:58:11] INFO: POST
[2023-06-30 14:58:15] INFO: POST
[2023-06-30 14:58:16] ERROR: Validation error: authors
[2023-06-30 14:58:16] INFO: POST
[2023-06-30 14:58:18] ERROR: Validation error: authors
[2023-06-30 14:58:18] INFO: POST
[2023-06-30 14:58:19] ERROR: Validation error: authors
[2023-06-30 14:58:19] INFO: POST
[2023-06-30 14:58:19] ERROR: Validation error: authors
[2023-06-30 14:58:19] INFO: POST
[2023-06-30 14:58:20] ERROR: Validation error: authors
[2023-06-30 14:58:20] INFO: POST
[2023-06-30 14:58:20] INFO: POST
[2023-06-30 14:58:20] ERROR: Validation error: authors
[2023-06-30 14:58:20] INFO: POST
[2023-06-30 14:58:25] INFO: POST
[2023-06-30 14:58:37] INFO: App listening on the port: 5000
[2023-06-30 14:58:37] INFO: SEQUELIZE
[2023-06-30 14:58:37] INFO: Database connection established successfully
[2023-06-30 14:58:38] ERROR: Validation error: authors
[2023-06-30 14:58:38] INFO: POST
[2023-06-30 14:58:41] ERROR: Validation error: authors
[2023-06-30 14:58:41] INFO: POST
[2023-06-30 14:58:42] INFO: POST
[2023-06-30 14:58:58] INFO: App listening on the port: 5000
[2023-06-30 14:58:58] INFO: SEQUELIZE
[2023-06-30 14:58:58] INFO: Database connection established successfully
[2023-06-30 14:59:03] INFO: POST
[2023-06-30 15:01:20] INFO: App listening on the port: 5000
[2023-06-30 15:01:20] INFO: SEQUELIZE
[2023-06-30 15:01:20] INFO: Database connection established successfully
[2023-06-30 15:01:37] INFO: App listening on the port: 5000
[2023-06-30 15:01:37] INFO: SEQUELIZE
[2023-06-30 15:01:37] INFO: Database connection established successfully
[2023-06-30 15:01:42] INFO: POST
[2023-06-30 15:02:03] INFO: App listening on the port: 5000
[2023-06-30 15:02:03] INFO: SEQUELIZE
[2023-06-30 15:02:03] INFO: Database connection established successfully
[2023-06-30 15:02:11] INFO: App listening on the port: 5000
[2023-06-30 15:02:11] INFO: SEQUELIZE
[2023-06-30 15:02:11] INFO: Database connection established successfully
[2023-06-30 15:02:16] INFO: POST
[2023-06-30 15:02:20] ERROR: Validation error: authors
[2023-06-30 15:02:20] INFO: POST
[2023-06-30 15:02:21] INFO: POST
[2023-06-30 15:04:25] INFO: App listening on the port: 5000
[2023-06-30 15:04:25] INFO: SEQUELIZE
[2023-06-30 15:04:25] INFO: Database connection established successfully
[2023-06-30 15:04:30] INFO: POST
[2023-06-30 15:04:32] ERROR: Validation error: authors
[2023-06-30 15:04:32] INFO: POST
[2023-06-30 15:04:35] INFO: POST
[2023-06-30 15:04:56] INFO: App listening on the port: 5000
[2023-06-30 15:04:56] INFO: SEQUELIZE
[2023-06-30 15:04:56] INFO: Database connection established successfully
[2023-06-30 15:04:57] INFO: SEQUELIZE
[2023-06-30 15:04:57] INFO: SEQUELIZE
[2023-06-30 15:04:57] INFO: SEQUELIZE
[2023-06-30 15:04:57] INFO: SEQUELIZE
[2023-06-30 15:04:57] ERROR: Could not create book!
[2023-06-30 15:04:57] INFO: POST
[2023-06-30 15:05:01] INFO: POST
[2023-06-30 15:05:18] INFO: App listening on the port: 5000
[2023-06-30 15:05:18] INFO: SEQUELIZE
[2023-06-30 15:05:18] INFO: Database connection established successfully
[2023-06-30 15:05:23] INFO: POST
[2023-06-30 15:05:44] INFO: App listening on the port: 5000
[2023-06-30 15:05:44] INFO: SEQUELIZE
[2023-06-30 15:05:44] INFO: Database connection established successfully
[2023-06-30 15:05:51] INFO: App listening on the port: 5000
[2023-06-30 15:05:52] INFO: SEQUELIZE
[2023-06-30 15:05:52] INFO: Database connection established successfully
[2023-06-30 15:05:56] INFO: POST
[2023-06-30 15:05:57] INFO: SEQUELIZE
[2023-06-30 15:05:57] INFO: SEQUELIZE
[2023-06-30 15:05:57] INFO: SEQUELIZE
[2023-06-30 15:05:57] INFO: SEQUELIZE
[2023-06-30 15:05:57] ERROR: Could not create book!
[2023-06-30 15:05:57] INFO: POST
[2023-06-30 15:06:02] INFO: POST
[2023-06-30 15:06:38] INFO: App listening on the port: 5000
[2023-06-30 15:06:38] INFO: SEQUELIZE
[2023-06-30 15:06:38] INFO: Database connection established successfully
[2023-06-30 15:06:43] INFO: POST
[2023-06-30 15:06:54] INFO: App listening on the port: 5000
[2023-06-30 15:06:54] INFO: SEQUELIZE
[2023-06-30 15:06:54] INFO: Database connection established successfully
[2023-06-30 15:06:59] INFO: POST
[2023-06-30 15:07:01] INFO: SEQUELIZE
[2023-06-30 15:07:01] INFO: SEQUELIZE
[2023-06-30 15:07:01] INFO: SEQUELIZE
[2023-06-30 15:07:01] INFO: SEQUELIZE
[2023-06-30 15:07:01] ERROR: Could not create book!
[2023-06-30 15:07:01] INFO: POST
[2023-06-30 15:07:04] INFO: POST
[2023-06-30 15:07:50] INFO: App listening on the port: 5000
[2023-06-30 15:07:50] INFO: SEQUELIZE
[2023-06-30 15:07:50] INFO: Database connection established successfully
[2023-06-30 15:07:57] INFO: App listening on the port: 5000
[2023-06-30 15:07:57] INFO: SEQUELIZE
[2023-06-30 15:07:57] INFO: Database connection established successfully
[2023-06-30 15:08:02] INFO: POST
[2023-06-30 15:08:15] INFO: App listening on the port: 5000
[2023-06-30 15:08:15] INFO: SEQUELIZE
[2023-06-30 15:08:15] INFO: Database connection established successfully
[2023-06-30 15:08:20] INFO: POST
[2023-06-30 15:08:37] INFO: App listening on the port: 5000
[2023-06-30 15:08:37] INFO: SEQUELIZE
[2023-06-30 15:08:37] INFO: Database connection established successfully
[2023-06-30 15:08:42] INFO: POST
[2023-06-30 15:08:43] INFO: SEQUELIZE
[2023-06-30 15:08:43] INFO: SEQUELIZE
[2023-06-30 15:08:43] INFO: SEQUELIZE
[2023-06-30 15:08:43] INFO: SEQUELIZE
[2023-06-30 15:08:43] ERROR: Could not create book!
[2023-06-30 15:08:43] INFO: POST
[2023-06-30 15:08:47] INFO: POST
[2023-06-30 15:09:04] INFO: App listening on the port: 5000
[2023-06-30 15:09:04] INFO: SEQUELIZE
[2023-06-30 15:09:04] INFO: Database connection established successfully
[2023-06-30 15:09:12] INFO: App listening on the port: 5000
[2023-06-30 15:09:12] INFO: SEQUELIZE
[2023-06-30 15:09:12] INFO: Database connection established successfully
[2023-06-30 15:09:20] INFO: App listening on the port: 5000
[2023-06-30 15:09:20] INFO: SEQUELIZE
[2023-06-30 15:09:20] INFO: Database connection established successfully
[2023-06-30 15:09:25] INFO: POST
[2023-06-30 15:09:29] INFO: SEQUELIZE
[2023-06-30 15:09:29] INFO: SEQUELIZE
[2023-06-30 15:09:29] INFO: SEQUELIZE
[2023-06-30 15:09:29] INFO: SEQUELIZE
[2023-06-30 15:09:29] INFO: SEQUELIZE
[2023-06-30 15:09:29] INFO: POST
[2023-06-30 15:09:30] INFO: POST
[2023-06-30 15:09:54] INFO: SEQUELIZE
[2023-06-30 15:09:54] INFO: GET
[2023-06-30 15:09:55] INFO: POST
[2023-06-30 15:11:00] INFO: App listening on the port: 5000
[2023-06-30 15:11:00] INFO: SEQUELIZE
[2023-06-30 15:11:00] INFO: Database connection established successfully
[2023-06-30 15:11:01] INFO: SEQUELIZE
[2023-06-30 15:11:01] INFO: GET
[2023-06-30 15:11:05] INFO: POST
[2023-06-30 15:11:56] INFO: App listening on the port: 5000
[2023-06-30 15:11:56] INFO: SEQUELIZE
[2023-06-30 15:11:56] INFO: Database connection established successfully
[2023-06-30 15:12:01] INFO: POST
[2023-06-30 15:14:28] INFO: App listening on the port: 5000
[2023-06-30 15:14:28] INFO: SEQUELIZE
[2023-06-30 15:14:28] INFO: Database connection established successfully
[2023-06-30 15:14:33] INFO: POST
[2023-06-30 15:14:49] INFO: SEQUELIZE
[2023-06-30 15:14:49] INFO: GET
[2023-06-30 15:14:53] INFO: POST
[2023-06-30 15:15:22] INFO: App listening on the port: 5000
[2023-06-30 15:15:23] INFO: SEQUELIZE
[2023-06-30 15:15:23] INFO: Database connection established successfully
[2023-06-30 15:15:27] INFO: POST
[2023-06-30 15:15:31] INFO: SEQUELIZE
[2023-06-30 15:15:31] INFO: GET
[2023-06-30 15:15:32] INFO: POST
[2023-06-30 15:15:33] INFO: SEQUELIZE
[2023-06-30 15:15:33] INFO: GET
[2023-06-30 15:15:37] INFO: POST
[2023-06-30 15:17:10] INFO: SEQUELIZE
[2023-06-30 15:17:10] INFO: GET
[2023-06-30 15:17:13] INFO: POST
[2023-06-30 15:18:10] INFO: SEQUELIZE
[2023-06-30 15:18:10] INFO: Database connection established successfully
[2023-06-30 15:18:19] INFO: App listening on the port: 5000
[2023-06-30 15:18:20] INFO: SEQUELIZE
[2023-06-30 15:18:20] INFO: Database connection established successfully
[2023-06-30 15:18:24] INFO: POST
[2023-06-30 15:19:05] INFO: App listening on the port: 5000
[2023-06-30 15:19:05] INFO: SEQUELIZE
[2023-06-30 15:19:05] INFO: Database connection established successfully
[2023-06-30 15:19:06] INFO: SEQUELIZE
[2023-06-30 15:19:06] INFO: GET
[2023-06-30 15:19:10] INFO: POST
[2023-06-30 15:20:18] INFO: App listening on the port: 5000
[2023-06-30 15:20:18] INFO: SEQUELIZE
[2023-06-30 15:20:18] INFO: Database connection established successfully
[2023-06-30 15:20:31] INFO: App listening on the port: 5000
[2023-06-30 15:20:32] INFO: SEQUELIZE
[2023-06-30 15:20:32] INFO: Database connection established successfully
[2023-06-30 15:20:33] INFO: SEQUELIZE
[2023-06-30 15:20:33] INFO: GET
[2023-06-30 15:20:36] INFO: POST
[2023-06-30 15:20:40] INFO: SEQUELIZE
[2023-06-30 15:20:40] INFO: GET
[2023-06-30 15:20:42] INFO: POST
[2023-06-30 15:20:45] INFO: SEQUELIZE
[2023-06-30 15:20:45] INFO: SEQUELIZE
[2023-06-30 15:20:45] INFO: SEQUELIZE
[2023-06-30 15:20:45] INFO: SEQUELIZE
[2023-06-30 15:20:45] INFO: SEQUELIZE
[2023-06-30 15:20:45] INFO: POST
[2023-06-30 15:20:47] INFO: POST
[2023-06-30 15:20:54] INFO: SEQUELIZE
[2023-06-30 15:20:54] INFO: SEQUELIZE
[2023-06-30 15:20:54] INFO: GET
[2023-06-30 15:20:57] INFO: POST
[2023-06-30 15:21:32] ERROR: Validation error: authors
[2023-06-30 15:21:32] INFO: PUT
[2023-06-30 15:21:37] INFO: POST
[2023-06-30 15:21:44] ERROR: Validation error: authors
[2023-06-30 15:21:44] INFO: PUT
[2023-06-30 15:21:47] INFO: POST
[2023-06-30 15:22:22] INFO: App listening on the port: 5000
[2023-06-30 15:22:22] INFO: SEQUELIZE
[2023-06-30 15:22:22] INFO: Database connection established successfully
[2023-06-30 15:22:27] INFO: POST
[2023-06-30 15:22:42] INFO: SEQUELIZE
[2023-06-30 15:22:42] INFO: SEQUELIZE
[2023-06-30 15:22:42] INFO: SEQUELIZE
[2023-06-30 15:22:42] INFO: SEQUELIZE
[2023-06-30 15:22:42] INFO: SEQUELIZE
[2023-06-30 15:22:42] INFO: PUT
[2023-06-30 15:22:47] INFO: POST
[2023-06-30 15:34:34] INFO: App listening on the port: 5000
[2023-06-30 15:34:34] INFO: SEQUELIZE
[2023-06-30 15:34:34] INFO: Database connection established successfully
[2023-06-30 15:34:39] INFO: POST
[2023-06-30 15:37:21] INFO: App listening on the port: 5000
[2023-06-30 15:37:22] INFO: SEQUELIZE
[2023-06-30 15:37:22] INFO: Database connection established successfully
[2023-06-30 15:37:26] INFO: POST
[2023-06-30 15:40:36] INFO: App listening on the port: 5000
[2023-06-30 15:40:37] INFO: SEQUELIZE
[2023-06-30 15:40:37] INFO: Database connection established successfully
[2023-06-30 15:40:37] INFO: SEQUELIZE
[2023-06-30 15:40:37] INFO: SEQUELIZE
[2023-06-30 15:40:37] INFO: SEQUELIZE
[2023-06-30 15:40:37] INFO: SEQUELIZE
[2023-06-30 15:40:37] INFO: SEQUELIZE
[2023-06-30 15:40:37] INFO: SEQUELIZE
[2023-06-30 15:40:37] INFO: PUT
[2023-06-30 15:40:41] INFO: SEQUELIZE
[2023-06-30 15:40:41] INFO: SEQUELIZE
[2023-06-30 15:40:41] INFO: SEQUELIZE
[2023-06-30 15:40:41] INFO: SEQUELIZE
[2023-06-30 15:40:41] INFO: SEQUELIZE
[2023-06-30 15:40:41] INFO: SEQUELIZE
[2023-06-30 15:40:41] INFO: PUT
[2023-06-30 15:40:41] INFO: POST
