[2023-05-30 10:22:19] INFO: App listening on the port: 5000
[2023-05-30 10:22:20] INFO: SEQUELIZE
[2023-05-30 10:22:20] INFO: Database connection established successfully
[2023-05-30 10:22:24] INFO: POST
[2023-05-30 10:23:43] INFO: App listening on the port: 5000
[2023-05-30 10:23:43] INFO: SEQUELIZE
[2023-05-30 10:23:43] INFO: Database connection established successfully
[2023-05-30 10:23:48] INFO: POST
[2023-05-30 10:24:05] INFO: App listening on the port: 5000
[2023-05-30 10:24:05] INFO: SEQUELIZE
[2023-05-30 10:24:05] INFO: Database connection established successfully
[2023-05-30 10:24:10] INFO: POST
[2023-05-30 10:24:20] INFO: App listening on the port: 5000
[2023-05-30 10:24:21] INFO: SEQUELIZE
[2023-05-30 10:24:21] INFO: Database connection established successfully
[2023-05-30 10:24:41] INFO: App listening on the port: 5000
[2023-05-30 10:24:41] INFO: SEQUELIZE
[2023-05-30 10:24:41] INFO: Database connection established successfully
[2023-05-30 10:24:46] INFO: POST
[2023-05-30 10:25:02] INFO: App listening on the port: 5000
[2023-05-30 10:25:02] INFO: SEQUELIZE
[2023-05-30 10:25:02] INFO: Database connection established successfully
[2023-05-30 10:25:07] INFO: POST
[2023-05-30 10:25:30] INFO: App listening on the port: 5000
[2023-05-30 10:25:30] INFO: SEQUELIZE
[2023-05-30 10:25:30] INFO: Database connection established successfully
[2023-05-30 10:25:39] INFO: App listening on the port: 5000
[2023-05-30 10:25:39] INFO: SEQUELIZE
[2023-05-30 10:25:39] INFO: Database connection established successfully
[2023-05-30 10:25:44] INFO: POST
[2023-05-30 10:25:56] INFO: App listening on the port: 5000
[2023-05-30 10:25:56] INFO: SEQUELIZE
[2023-05-30 10:25:56] INFO: Database connection established successfully
[2023-05-30 10:26:01] INFO: POST
[2023-05-30 10:27:19] INFO: App listening on the port: 5000
[2023-05-30 10:27:19] INFO: SEQUELIZE
[2023-05-30 10:27:19] INFO: Database connection established successfully
[2023-05-30 10:27:24] INFO: POST
[2023-05-30 10:29:28] INFO: App listening on the port: 5000
[2023-05-30 10:29:28] INFO: SEQUELIZE
[2023-05-30 10:29:28] INFO: Database connection established successfully
[2023-05-30 10:29:33] INFO: POST
[2023-05-30 10:31:07] INFO: App listening on the port: 5000
[2023-05-30 10:31:07] INFO: SEQUELIZE
[2023-05-30 10:31:07] INFO: Database connection established successfully
[2023-05-30 10:31:12] INFO: POST
[2023-05-30 10:31:37] INFO: App listening on the port: 5000
[2023-05-30 10:31:37] INFO: SEQUELIZE
[2023-05-30 10:31:37] INFO: Database connection established successfully
[2023-05-30 10:31:42] INFO: POST
[2023-05-30 10:32:29] INFO: App listening on the port: 5000
[2023-05-30 10:32:30] INFO: SEQUELIZE
[2023-05-30 10:32:30] INFO: Database connection established successfully
[2023-05-30 10:32:34] INFO: POST
[2023-05-30 10:32:55] INFO: App listening on the port: 5000
[2023-05-30 10:32:55] INFO: SEQUELIZE
[2023-05-30 10:32:55] INFO: Database connection established successfully
[2023-05-30 10:33:00] INFO: POST
[2023-05-30 10:33:51] INFO: App listening on the port: 5000
[2023-05-30 10:33:51] INFO: SEQUELIZE
[2023-05-30 10:33:51] INFO: Database connection established successfully
[2023-05-30 10:33:56] INFO: POST
[2023-05-30 10:34:14] INFO: App listening on the port: 5000
[2023-05-30 10:34:14] INFO: SEQUELIZE
[2023-05-30 10:34:14] INFO: Database connection established successfully
[2023-05-30 10:34:25] INFO: App listening on the port: 5000
[2023-05-30 10:34:25] INFO: SEQUELIZE
[2023-05-30 10:34:25] INFO: Database connection established successfully
[2023-05-30 10:34:30] INFO: POST
[2023-05-30 10:34:50] INFO: App listening on the port: 5000
[2023-05-30 10:34:51] INFO: SEQUELIZE
[2023-05-30 10:34:51] INFO: Database connection established successfully
[2023-05-30 10:34:56] INFO: POST
[2023-05-30 10:36:11] INFO: App listening on the port: 5000
[2023-05-30 10:36:11] INFO: SEQUELIZE
[2023-05-30 10:36:11] INFO: Database connection established successfully
[2023-05-30 10:36:16] INFO: POST
[2023-05-30 10:36:55] INFO: App listening on the port: 5000
[2023-05-30 10:36:55] INFO: SEQUELIZE
[2023-05-30 10:36:55] INFO: Database connection established successfully
[2023-05-30 10:37:00] INFO: POST
[2023-05-30 10:37:22] INFO: SEQUELIZE
[2023-05-30 10:37:22] INFO: SEQUELIZE
[2023-05-30 10:37:22] INFO: SEQUELIZE
[2023-05-30 10:37:22] INFO: SEQUELIZE
[2023-05-30 10:37:22] INFO: SEQUELIZE
[2023-05-30 10:37:22] INFO: SEQUELIZE
[2023-05-30 10:37:22] INFO: SEQUELIZE
[2023-05-30 10:37:22] INFO: SEQUELIZE
[2023-05-30 10:37:22] INFO: SEQUELIZE
[2023-05-30 10:37:22] INFO: POST
[2023-05-30 10:37:25] INFO: POST
[2023-05-30 10:37:40] INFO: SEQUELIZE
[2023-05-30 10:37:40] INFO: SEQUELIZE
[2023-05-30 10:37:40] INFO: SEQUELIZE
[2023-05-30 10:37:40] INFO: SEQUELIZE
[2023-05-30 10:37:40] INFO: SEQUELIZE
[2023-05-30 10:37:40] INFO: POST
[2023-05-30 10:37:40] INFO: SEQUELIZE
[2023-05-30 10:37:40] INFO: SEQUELIZE
[2023-05-30 10:37:40] INFO: SEQUELIZE
[2023-05-30 10:37:40] INFO: SEQUELIZE
[2023-05-30 10:37:40] INFO: POST
[2023-05-30 10:37:45] INFO: POST
[2023-05-30 10:38:12] INFO: App listening on the port: 5000
[2023-05-30 10:38:12] INFO: SEQUELIZE
[2023-05-30 10:38:12] INFO: Database connection established successfully
[2023-05-30 10:38:14] INFO: SEQUELIZE
[2023-05-30 10:38:14] INFO: SEQUELIZE
[2023-05-30 10:38:14] ERROR: Validation error: taxAmount, shippingCostVat
[2023-05-30 10:38:14] INFO: POST
[2023-05-30 10:38:17] INFO: POST
[2023-05-30 10:39:50] INFO: App listening on the port: 5000
[2023-05-30 10:39:51] INFO: SEQUELIZE
[2023-05-30 10:39:51] INFO: Database connection established successfully
[2023-05-30 10:39:56] INFO: POST
[2023-05-30 10:41:00] INFO: App listening on the port: 5000
[2023-05-30 10:41:00] INFO: SEQUELIZE
[2023-05-30 10:41:00] INFO: Database connection established successfully
[2023-05-30 10:41:05] INFO: POST
[2023-05-30 10:42:02] INFO: App listening on the port: 5000
[2023-05-30 10:42:02] INFO: SEQUELIZE
[2023-05-30 10:42:02] INFO: Database connection established successfully
[2023-05-30 10:42:07] INFO: POST
[2023-05-30 10:46:37] INFO: App listening on the port: 5000
[2023-05-30 10:46:37] INFO: SEQUELIZE
[2023-05-30 10:46:37] INFO: Database connection established successfully
[2023-05-30 10:46:42] INFO: POST
[2023-05-30 10:48:04] INFO: App listening on the port: 5000
[2023-05-30 10:48:04] INFO: SEQUELIZE
[2023-05-30 10:48:04] INFO: Database connection established successfully
[2023-05-30 10:48:09] INFO: POST
[2023-05-30 10:49:10] INFO: App listening on the port: 5000
[2023-05-30 10:49:10] INFO: SEQUELIZE
[2023-05-30 10:49:10] INFO: Database connection established successfully
[2023-05-30 10:49:15] INFO: POST
[2023-05-30 10:50:40] INFO: App listening on the port: 5000
[2023-05-30 10:50:40] INFO: SEQUELIZE
[2023-05-30 10:50:40] INFO: Database connection established successfully
[2023-05-30 10:50:51] INFO: App listening on the port: 5000
[2023-05-30 10:50:51] INFO: SEQUELIZE
[2023-05-30 10:50:51] INFO: Database connection established successfully
[2023-05-30 10:50:56] INFO: POST
[2023-05-30 10:51:13] INFO: App listening on the port: 5000
[2023-05-30 10:51:13] INFO: SEQUELIZE
[2023-05-30 10:51:13] INFO: Database connection established successfully
[2023-05-30 10:51:18] INFO: POST
[2023-05-30 10:51:42] INFO: App listening on the port: 5000
[2023-05-30 10:51:42] INFO: SEQUELIZE
[2023-05-30 10:51:42] INFO: Database connection established successfully
[2023-05-30 10:51:47] INFO: POST
[2023-05-30 10:59:34] INFO: App listening on the port: 5000
[2023-05-30 10:59:35] INFO: SEQUELIZE
[2023-05-30 10:59:35] INFO: Database connection established successfully
[2023-05-30 10:59:40] INFO: POST
[2023-05-30 11:00:03] INFO: App listening on the port: 5000
[2023-05-30 11:00:03] INFO: SEQUELIZE
[2023-05-30 11:00:03] INFO: Database connection established successfully
[2023-05-30 11:00:08] INFO: POST
[2023-05-30 11:05:09] INFO: App listening on the port: 5000
[2023-05-30 11:05:09] INFO: SEQUELIZE
[2023-05-30 11:05:09] INFO: Database connection established successfully
[2023-05-30 11:05:22] INFO: App listening on the port: 5000
[2023-05-30 11:05:22] INFO: SEQUELIZE
[2023-05-30 11:05:22] INFO: Database connection established successfully
[2023-05-30 11:05:27] INFO: POST
[2023-05-30 11:39:40] INFO: App listening on the port: 5000
[2023-05-30 11:39:41] INFO: SEQUELIZE
[2023-05-30 11:39:41] INFO: Database connection established successfully
[2023-05-30 11:39:46] INFO: POST
[2023-05-30 11:40:41] INFO: App listening on the port: 5000
[2023-05-30 11:40:41] INFO: SEQUELIZE
[2023-05-30 11:40:41] INFO: Database connection established successfully
[2023-05-30 11:40:46] INFO: POST
[2023-05-30 11:41:04] INFO: App listening on the port: 5000
[2023-05-30 11:41:04] INFO: SEQUELIZE
[2023-05-30 11:41:04] INFO: Database connection established successfully
[2023-05-30 11:41:09] INFO: POST
[2023-05-30 11:41:18] INFO: App listening on the port: 5000
[2023-05-30 11:41:18] INFO: SEQUELIZE
[2023-05-30 11:41:18] INFO: Database connection established successfully
[2023-05-30 11:41:23] INFO: POST
[2023-05-30 11:41:53] INFO: App listening on the port: 5000
[2023-05-30 11:41:54] INFO: SEQUELIZE
[2023-05-30 11:41:54] INFO: Database connection established successfully
[2023-05-30 11:41:59] INFO: POST
[2023-05-30 11:42:37] INFO: App listening on the port: 5000
[2023-05-30 11:42:37] INFO: SEQUELIZE
[2023-05-30 11:42:37] INFO: Database connection established successfully
[2023-05-30 11:42:42] INFO: POST
[2023-05-30 11:51:21] INFO: App listening on the port: 5000
[2023-05-30 11:51:21] INFO: SEQUELIZE
[2023-05-30 11:51:21] INFO: Database connection established successfully
[2023-05-30 11:51:26] INFO: POST
[2023-05-30 11:51:58] INFO: App listening on the port: 5000
[2023-05-30 11:51:59] INFO: SEQUELIZE
[2023-05-30 11:51:59] INFO: Database connection established successfully
[2023-05-30 11:52:04] INFO: POST
[2023-05-30 13:29:55] INFO: SEQUELIZE
[2023-05-30 13:29:55] INFO: Database connection established successfully
[2023-05-30 13:32:19] INFO: App listening on the port: 5000
[2023-05-30 13:32:19] INFO: SEQUELIZE
[2023-05-30 13:32:19] INFO: Database connection established successfully
[2023-05-30 13:32:24] INFO: POST
[2023-05-30 13:32:30] INFO: SEQUELIZE
[2023-05-30 13:32:30] INFO: SEQUELIZE
[2023-05-30 13:32:30] INFO: SEQUELIZE
[2023-05-30 13:32:30] ERROR: Could not find outbound shipment!
[2023-05-30 13:32:30] INFO: GET
[2023-05-30 13:32:33] INFO: SEQUELIZE
[2023-05-30 13:32:33] INFO: SEQUELIZE
[2023-05-30 13:32:33] INFO: SEQUELIZE
[2023-05-30 13:32:33] INFO: SEQUELIZE
[2023-05-30 13:32:33] INFO: GET
[2023-05-30 13:32:34] INFO: POST
[2023-05-30 13:32:41] INFO: SEQUELIZE
[2023-05-30 13:32:41] INFO: SEQUELIZE
[2023-05-30 13:32:41] INFO: SEQUELIZE
[2023-05-30 13:32:41] INFO: GET
[2023-05-30 13:32:44] INFO: POST
[2023-05-30 13:33:02] INFO: App listening on the port: 5000
[2023-05-30 13:33:02] INFO: SEQUELIZE
[2023-05-30 13:33:02] INFO: Database connection established successfully
[2023-05-30 13:33:07] INFO: POST
[2023-05-30 13:33:26] INFO: SEQUELIZE
[2023-05-30 13:33:26] INFO: SEQUELIZE
[2023-05-30 13:33:26] INFO: SEQUELIZE
[2023-05-30 13:33:26] ERROR: Validation error: outboundType, storageLocationId, customerId, documentNumber, documentDate, paymentDeadline, discountType
[2023-05-30 13:33:26] INFO: POST
[2023-05-30 13:33:27] INFO: POST
[2023-05-30 13:33:39] INFO: SEQUELIZE
[2023-05-30 13:33:39] INFO: SEQUELIZE
[2023-05-30 13:33:39] INFO: SEQUELIZE
[2023-05-30 13:33:39] INFO: SEQUELIZE
[2023-05-30 13:33:42] INFO: POST
[2023-05-30 13:37:27] INFO: App listening on the port: 5000
[2023-05-30 13:37:27] INFO: SEQUELIZE
[2023-05-30 13:37:27] INFO: Database connection established successfully
[2023-05-30 13:37:32] INFO: POST
[2023-05-30 13:37:44] INFO: SEQUELIZE
[2023-05-30 13:37:44] INFO: Database connection established successfully
[2023-05-30 13:37:50] INFO: App listening on the port: 5000
[2023-05-30 13:37:50] INFO: SEQUELIZE
[2023-05-30 13:37:50] INFO: Database connection established successfully
[2023-05-30 13:37:55] INFO: POST
[2023-05-30 13:37:59] INFO: SEQUELIZE
[2023-05-30 13:37:59] INFO: SEQUELIZE
[2023-05-30 13:37:59] INFO: SEQUELIZE
[2023-05-30 13:37:59] INFO: SEQUELIZE
[2023-05-30 13:38:00] INFO: POST
[2023-05-30 13:38:53] INFO: App listening on the port: 5000
[2023-05-30 13:38:53] INFO: SEQUELIZE
[2023-05-30 13:38:53] INFO: Database connection established successfully
[2023-05-30 13:38:58] INFO: POST
[2023-05-30 13:39:29] INFO: SEQUELIZE
[2023-05-30 13:39:29] INFO: Database connection established successfully
[2023-05-30 13:39:37] INFO: App listening on the port: 5000
[2023-05-30 13:39:37] INFO: SEQUELIZE
[2023-05-30 13:39:37] INFO: Database connection established successfully
[2023-05-30 13:39:42] INFO: POST
[2023-05-30 13:39:48] INFO: SEQUELIZE
[2023-05-30 13:39:48] INFO: SEQUELIZE
[2023-05-30 13:39:48] INFO: SEQUELIZE
[2023-05-30 13:39:48] INFO: SEQUELIZE
[2023-05-30 13:39:48] INFO: POST
[2023-05-30 13:39:52] INFO: POST
[2023-05-30 13:40:38] INFO: App listening on the port: 5000
[2023-05-30 13:40:38] INFO: SEQUELIZE
[2023-05-30 13:40:38] INFO: Database connection established successfully
[2023-05-30 13:40:43] INFO: POST
[2023-05-30 13:40:48] INFO: App listening on the port: 5000
[2023-05-30 13:40:48] INFO: SEQUELIZE
[2023-05-30 13:40:48] INFO: Database connection established successfully
[2023-05-30 13:40:50] INFO: SEQUELIZE
[2023-05-30 13:40:50] INFO: SEQUELIZE
[2023-05-30 13:40:50] INFO: SEQUELIZE
[2023-05-30 13:40:50] INFO: SEQUELIZE
[2023-05-30 13:40:50] INFO: POST
[2023-05-30 13:40:53] INFO: POST
[2023-05-30 13:40:57] INFO: SEQUELIZE
[2023-05-30 13:40:57] INFO: SEQUELIZE
[2023-05-30 13:40:57] INFO: SEQUELIZE
[2023-05-30 13:40:57] INFO: SEQUELIZE
[2023-05-30 13:40:57] INFO: POST
[2023-05-30 13:40:58] INFO: POST
[2023-05-30 13:44:20] INFO: App listening on the port: 5000
[2023-05-30 13:44:20] INFO: SEQUELIZE
[2023-05-30 13:44:20] INFO: Database connection established successfully
[2023-05-30 13:44:25] INFO: POST
[2023-05-30 13:45:09] INFO: SEQUELIZE
[2023-05-30 13:45:09] INFO: Database connection established successfully
[2023-05-30 13:46:34] INFO: App listening on the port: 5000
[2023-05-30 13:46:34] INFO: SEQUELIZE
[2023-05-30 13:46:34] INFO: Database connection established successfully
[2023-05-30 13:46:39] INFO: POST
[2023-05-30 13:46:45] INFO: App listening on the port: 5000
[2023-05-30 13:46:45] INFO: SEQUELIZE
[2023-05-30 13:46:45] INFO: Database connection established successfully
[2023-05-30 13:46:50] INFO: POST
[2023-05-30 13:47:07] INFO: App listening on the port: 5000
[2023-05-30 13:47:07] INFO: SEQUELIZE
[2023-05-30 13:47:07] INFO: Database connection established successfully
[2023-05-30 13:47:12] INFO: POST
[2023-05-30 13:47:45] INFO: App listening on the port: 5000
[2023-05-30 13:47:45] INFO: SEQUELIZE
[2023-05-30 13:47:45] INFO: Database connection established successfully
[2023-05-30 13:47:50] INFO: POST
[2023-05-30 13:47:59] INFO: SEQUELIZE
[2023-05-30 13:47:59] INFO: SEQUELIZE
[2023-05-30 13:47:59] INFO: SEQUELIZE
[2023-05-30 13:47:59] INFO: SEQUELIZE
[2023-05-30 13:47:59] INFO: POST
[2023-05-30 13:48:00] INFO: POST
[2023-05-30 13:48:28] INFO: App listening on the port: 5000
[2023-05-30 13:48:28] INFO: SEQUELIZE
[2023-05-30 13:48:28] INFO: Database connection established successfully
[2023-05-30 13:48:33] INFO: POST
[2023-05-30 13:50:18] INFO: App listening on the port: 5000
[2023-05-30 13:50:18] INFO: SEQUELIZE
[2023-05-30 13:50:18] INFO: Database connection established successfully
[2023-05-30 13:50:25] INFO: App listening on the port: 5000
[2023-05-30 13:50:25] INFO: SEQUELIZE
[2023-05-30 13:50:25] INFO: Database connection established successfully
[2023-05-30 13:50:30] INFO: POST
[2023-05-30 13:50:31] INFO: SEQUELIZE
[2023-05-30 13:50:31] INFO: SEQUELIZE
[2023-05-30 13:50:31] INFO: SEQUELIZE
[2023-05-30 13:50:31] INFO: SEQUELIZE
[2023-05-30 13:50:33] INFO: POST
[2023-05-30 13:50:35] INFO: POST
[2023-05-30 13:51:08] INFO: App listening on the port: 5000
[2023-05-30 13:51:08] INFO: SEQUELIZE
[2023-05-30 13:51:08] INFO: Database connection established successfully
[2023-05-30 13:51:09] INFO: SEQUELIZE
[2023-05-30 13:51:09] INFO: SEQUELIZE
[2023-05-30 13:51:09] INFO: SEQUELIZE
[2023-05-30 13:51:09] INFO: SEQUELIZE
[2023-05-30 13:51:09] INFO: POST
[2023-05-30 13:51:13] INFO: POST
[2023-05-30 13:53:37] INFO: App listening on the port: 5000
[2023-05-30 13:53:37] INFO: SEQUELIZE
[2023-05-30 13:53:37] INFO: Database connection established successfully
[2023-05-30 13:53:42] INFO: POST
[2023-05-30 13:54:32] INFO: App listening on the port: 5000
[2023-05-30 13:54:33] INFO: SEQUELIZE
[2023-05-30 13:54:33] INFO: Database connection established successfully
[2023-05-30 13:54:37] INFO: POST
[2023-05-30 13:54:48] INFO: App listening on the port: 5000
[2023-05-30 13:54:48] INFO: SEQUELIZE
[2023-05-30 13:54:48] INFO: Database connection established successfully
[2023-05-30 13:54:52] INFO: SEQUELIZE
[2023-05-30 13:54:52] INFO: SEQUELIZE
[2023-05-30 13:54:52] INFO: SEQUELIZE
[2023-05-30 13:54:52] INFO: SEQUELIZE
[2023-05-30 13:54:53] INFO: POST
[2023-05-30 13:54:53] INFO: POST
[2023-05-30 13:56:25] INFO: App listening on the port: 5000
[2023-05-30 13:56:25] INFO: SEQUELIZE
[2023-05-30 13:56:25] INFO: Database connection established successfully
[2023-05-30 13:56:30] INFO: POST
[2023-05-30 13:56:35] INFO: SEQUELIZE
[2023-05-30 13:56:35] INFO: SEQUELIZE
[2023-05-30 13:56:35] INFO: SEQUELIZE
[2023-05-30 13:56:35] INFO: SEQUELIZE
[2023-05-30 13:56:35] INFO: POST
[2023-05-30 13:56:40] INFO: POST
[2023-05-30 13:57:33] INFO: App listening on the port: 5000
[2023-05-30 13:57:33] INFO: SEQUELIZE
[2023-05-30 13:57:33] INFO: Database connection established successfully
[2023-05-30 13:57:38] INFO: POST
[2023-05-30 13:58:34] INFO: App listening on the port: 5000
[2023-05-30 13:58:34] INFO: SEQUELIZE
[2023-05-30 13:58:34] INFO: Database connection established successfully
[2023-05-30 13:58:39] INFO: POST
[2023-05-30 13:58:42] INFO: SEQUELIZE
[2023-05-30 13:58:42] INFO: SEQUELIZE
[2023-05-30 13:58:42] INFO: SEQUELIZE
[2023-05-30 13:58:42] INFO: SEQUELIZE
[2023-05-30 13:58:44] ERROR: Converting circular structure to JSON
    --> starting at object with constructor 'TLSSocket'
    |     property '_httpMessage' -> object with constructor 'ClientRequest'
    --- property 'socket' closes the circle
[2023-05-30 13:58:44] INFO: POST
[2023-05-30 13:58:44] INFO: POST
[2023-05-30 13:59:51] INFO: App listening on the port: 5000
[2023-05-30 13:59:51] INFO: SEQUELIZE
[2023-05-30 13:59:51] INFO: Database connection established successfully
[2023-05-30 13:59:56] INFO: POST
[2023-05-30 14:00:39] INFO: SEQUELIZE
[2023-05-30 14:00:39] INFO: Database connection established successfully
[2023-05-30 14:00:48] INFO: App listening on the port: 5000
[2023-05-30 14:00:48] INFO: SEQUELIZE
[2023-05-30 14:00:48] INFO: Database connection established successfully
[2023-05-30 14:00:53] INFO: POST
[2023-05-30 14:01:03] INFO: SEQUELIZE
[2023-05-30 14:01:03] INFO: Database connection established successfully
[2023-05-30 14:01:18] INFO: SEQUELIZE
[2023-05-30 14:01:18] INFO: Database connection established successfully
[2023-05-30 14:01:56] INFO: SEQUELIZE
[2023-05-30 14:01:56] INFO: Database connection established successfully
[2023-05-30 14:02:10] INFO: SEQUELIZE
[2023-05-30 14:02:10] INFO: Database connection established successfully
[2023-05-30 14:03:29] INFO: SEQUELIZE
[2023-05-30 14:03:29] INFO: Database connection established successfully
[2023-05-30 14:05:29] INFO: SEQUELIZE
[2023-05-30 14:05:29] INFO: Database connection established successfully
[2023-05-30 14:06:13] INFO: SEQUELIZE
[2023-05-30 14:06:13] INFO: Database connection established successfully
[2023-05-30 14:07:02] INFO: SEQUELIZE
[2023-05-30 14:07:02] INFO: Database connection established successfully
[2023-05-30 14:07:08] INFO: SEQUELIZE
[2023-05-30 14:07:08] INFO: Database connection established successfully
[2023-05-30 14:07:19] INFO: App listening on the port: 5000
[2023-05-30 14:07:19] INFO: SEQUELIZE
[2023-05-30 14:07:19] INFO: Database connection established successfully
[2023-05-30 14:07:24] INFO: POST
[2023-05-30 14:07:38] INFO: SEQUELIZE
[2023-05-30 14:07:38] INFO: Database connection established successfully
[2023-05-30 14:07:47] INFO: SEQUELIZE
[2023-05-30 14:07:47] INFO: Database connection established successfully
[2023-05-30 14:09:22] INFO: SEQUELIZE
[2023-05-30 14:09:22] INFO: Database connection established successfully
[2023-05-30 14:10:15] INFO: SEQUELIZE
[2023-05-30 14:10:15] INFO: Database connection established successfully
[2023-05-30 14:10:33] INFO: SEQUELIZE
[2023-05-30 14:10:33] INFO: Database connection established successfully
[2023-05-30 14:11:05] INFO: SEQUELIZE
[2023-05-30 14:11:05] INFO: Database connection established successfully
[2023-05-30 14:11:16] INFO: SEQUELIZE
[2023-05-30 14:11:16] INFO: Database connection established successfully
[2023-05-30 14:11:21] INFO: App listening on the port: 5000
[2023-05-30 14:11:21] INFO: SEQUELIZE
[2023-05-30 14:11:21] INFO: Database connection established successfully
[2023-05-30 14:11:26] INFO: POST
[2023-05-30 14:12:10] INFO: SEQUELIZE
[2023-05-30 14:12:10] INFO: Database connection established successfully
[2023-05-30 14:12:22] INFO: App listening on the port: 5000
[2023-05-30 14:12:22] INFO: SEQUELIZE
[2023-05-30 14:12:22] INFO: Database connection established successfully
[2023-05-30 14:12:27] INFO: POST
[2023-05-30 14:13:54] INFO: App listening on the port: 5000
[2023-05-30 14:13:54] INFO: SEQUELIZE
[2023-05-30 14:13:54] INFO: Database connection established successfully
[2023-05-30 14:13:59] INFO: POST
[2023-05-30 14:15:22] INFO: SEQUELIZE
[2023-05-30 14:15:22] INFO: Database connection established successfully
[2023-05-30 14:15:35] INFO: App listening on the port: 5000
[2023-05-30 14:15:35] INFO: SEQUELIZE
[2023-05-30 14:15:35] INFO: Database connection established successfully
[2023-05-30 14:15:42] INFO: App listening on the port: 5000
[2023-05-30 14:15:42] INFO: SEQUELIZE
[2023-05-30 14:15:42] INFO: Database connection established successfully
[2023-05-30 14:15:47] INFO: POST
[2023-05-30 14:16:37] INFO: App listening on the port: 5000
[2023-05-30 14:16:37] INFO: SEQUELIZE
[2023-05-30 14:16:37] INFO: Database connection established successfully
[2023-05-30 14:16:42] INFO: POST
[2023-05-30 14:17:21] INFO: SEQUELIZE
[2023-05-30 14:17:21] INFO: SEQUELIZE
[2023-05-30 14:17:21] INFO: SEQUELIZE
[2023-05-30 14:17:21] INFO: SEQUELIZE
[2023-05-30 14:17:21] INFO: POST
[2023-05-30 14:17:22] INFO: POST
[2023-05-30 14:17:30] INFO: SEQUELIZE
[2023-05-30 14:17:30] INFO: SEQUELIZE
[2023-05-30 14:17:30] INFO: SEQUELIZE
[2023-05-30 14:17:30] INFO: SEQUELIZE
[2023-05-30 14:17:30] INFO: POST
[2023-05-30 14:17:32] INFO: POST
[2023-05-30 14:17:53] INFO: App listening on the port: 5000
[2023-05-30 14:17:53] INFO: SEQUELIZE
[2023-05-30 14:17:53] INFO: Database connection established successfully
[2023-05-30 14:17:59] INFO: App listening on the port: 5000
[2023-05-30 14:17:59] INFO: SEQUELIZE
[2023-05-30 14:17:59] INFO: Database connection established successfully
[2023-05-30 14:18:01] INFO: SEQUELIZE
[2023-05-30 14:18:01] INFO: SEQUELIZE
[2023-05-30 14:18:01] INFO: SEQUELIZE
[2023-05-30 14:18:01] INFO: SEQUELIZE
[2023-05-30 14:18:02] INFO: POST
[2023-05-30 14:18:04] INFO: POST
[2023-05-30 14:19:06] INFO: App listening on the port: 5000
[2023-05-30 14:19:06] INFO: SEQUELIZE
[2023-05-30 14:19:06] INFO: Database connection established successfully
[2023-05-30 14:19:09] INFO: SEQUELIZE
[2023-05-30 14:19:09] INFO: SEQUELIZE
[2023-05-30 14:19:09] INFO: SEQUELIZE
[2023-05-30 14:19:09] INFO: SEQUELIZE
[2023-05-30 14:19:10] INFO: POST
[2023-05-30 14:19:11] INFO: POST
[2023-05-30 14:21:23] INFO: App listening on the port: 5000
[2023-05-30 14:21:23] INFO: SEQUELIZE
[2023-05-30 14:21:23] INFO: Database connection established successfully
[2023-05-30 14:21:25] INFO: SEQUELIZE
[2023-05-30 14:21:25] INFO: SEQUELIZE
[2023-05-30 14:21:25] INFO: SEQUELIZE
[2023-05-30 14:21:25] INFO: SEQUELIZE
[2023-05-30 14:21:26] INFO: POST
[2023-05-30 14:21:28] INFO: POST
[2023-05-30 14:21:38] INFO: SEQUELIZE
[2023-05-30 14:21:38] INFO: SEQUELIZE
[2023-05-30 14:21:38] INFO: SEQUELIZE
[2023-05-30 14:21:38] INFO: SEQUELIZE
[2023-05-30 14:21:38] INFO: POST
[2023-05-30 14:21:38] INFO: POST
[2023-05-30 14:21:39] INFO: SEQUELIZE
[2023-05-30 14:21:39] INFO: SEQUELIZE
[2023-05-30 14:21:39] INFO: SEQUELIZE
[2023-05-30 14:21:39] INFO: SEQUELIZE
[2023-05-30 14:21:39] INFO: POST
[2023-05-30 14:21:42] INFO: SEQUELIZE
[2023-05-30 14:21:42] INFO: SEQUELIZE
[2023-05-30 14:21:42] INFO: SEQUELIZE
[2023-05-30 14:21:42] INFO: SEQUELIZE
[2023-05-30 14:21:42] INFO: POST
[2023-05-30 14:21:43] INFO: POST
[2023-05-30 14:21:44] INFO: SEQUELIZE
[2023-05-30 14:21:44] INFO: SEQUELIZE
[2023-05-30 14:21:44] INFO: SEQUELIZE
[2023-05-30 14:21:44] INFO: SEQUELIZE
[2023-05-30 14:21:44] INFO: POST
[2023-05-30 14:21:47] INFO: SEQUELIZE
[2023-05-30 14:21:47] INFO: SEQUELIZE
[2023-05-30 14:21:47] INFO: SEQUELIZE
[2023-05-30 14:21:47] INFO: SEQUELIZE
[2023-05-30 14:21:47] INFO: POST
[2023-05-30 14:21:48] INFO: POST
[2023-05-30 14:21:48] INFO: SEQUELIZE
[2023-05-30 14:21:48] INFO: SEQUELIZE
[2023-05-30 14:21:48] INFO: SEQUELIZE
[2023-05-30 14:21:48] INFO: SEQUELIZE
[2023-05-30 14:21:48] INFO: POST
[2023-05-30 14:21:53] INFO: POST
[2023-05-30 14:23:28] INFO: App listening on the port: 5000
[2023-05-30 14:23:28] INFO: SEQUELIZE
[2023-05-30 14:23:28] INFO: Database connection established successfully
[2023-05-30 14:23:31] INFO: SEQUELIZE
[2023-05-30 14:23:31] INFO: SEQUELIZE
[2023-05-30 14:23:31] INFO: SEQUELIZE
[2023-05-30 14:23:31] INFO: SEQUELIZE
[2023-05-30 14:23:31] INFO: POST
[2023-05-30 14:23:33] INFO: POST
[2023-05-30 14:24:26] INFO: SEQUELIZE
[2023-05-30 14:24:26] INFO: Database connection established successfully
[2023-05-30 14:24:35] INFO: App listening on the port: 5000
[2023-05-30 14:24:35] INFO: SEQUELIZE
[2023-05-30 14:24:35] INFO: Database connection established successfully
[2023-05-30 14:24:40] INFO: POST
[2023-05-30 14:24:53] INFO: App listening on the port: 5000
[2023-05-30 14:24:53] INFO: SEQUELIZE
[2023-05-30 14:24:53] INFO: Database connection established successfully
[2023-05-30 14:24:58] INFO: POST
[2023-05-30 14:25:04] INFO: SEQUELIZE
[2023-05-30 14:25:04] INFO: SEQUELIZE
[2023-05-30 14:25:04] INFO: SEQUELIZE
[2023-05-30 14:25:04] INFO: SEQUELIZE
[2023-05-30 14:25:05] INFO: POST
[2023-05-30 14:25:08] INFO: POST
[2023-05-30 14:25:10] INFO: SEQUELIZE
[2023-05-30 14:25:10] INFO: SEQUELIZE
[2023-05-30 14:25:10] INFO: SEQUELIZE
[2023-05-30 14:25:10] INFO: SEQUELIZE
[2023-05-30 14:25:11] INFO: POST
[2023-05-30 14:25:13] INFO: POST
[2023-05-30 14:25:36] INFO: App listening on the port: 5000
[2023-05-30 14:25:36] INFO: SEQUELIZE
[2023-05-30 14:25:36] INFO: Database connection established successfully
[2023-05-30 14:25:43] INFO: SEQUELIZE
[2023-05-30 14:25:43] INFO: Database connection established successfully
[2023-05-30 14:25:52] INFO: App listening on the port: 5000
[2023-05-30 14:25:52] INFO: SEQUELIZE
[2023-05-30 14:25:52] INFO: Database connection established successfully
[2023-05-30 14:25:57] INFO: POST
[2023-05-30 14:26:10] INFO: App listening on the port: 5000
[2023-05-30 14:26:10] INFO: SEQUELIZE
[2023-05-30 14:26:10] INFO: Database connection established successfully
[2023-05-30 14:26:18] INFO: App listening on the port: 5000
[2023-05-30 14:26:18] INFO: SEQUELIZE
[2023-05-30 14:26:18] INFO: Database connection established successfully
[2023-05-30 14:26:23] INFO: POST
[2023-05-30 14:26:57] INFO: App listening on the port: 5000
[2023-05-30 14:26:57] INFO: SEQUELIZE
[2023-05-30 14:26:57] INFO: Database connection established successfully
[2023-05-30 14:27:02] INFO: POST
[2023-05-30 14:27:31] INFO: App listening on the port: 5000
[2023-05-30 14:27:31] INFO: SEQUELIZE
[2023-05-30 14:27:31] INFO: Database connection established successfully
[2023-05-30 14:27:36] INFO: POST
[2023-05-30 14:42:06] INFO: SEQUELIZE
[2023-05-30 14:42:06] INFO: Database connection established successfully
[2023-05-30 14:42:28] INFO: App listening on the port: 5000
[2023-05-30 14:42:28] INFO: SEQUELIZE
[2023-05-30 14:42:28] INFO: Database connection established successfully
[2023-05-30 14:42:33] INFO: POST
[2023-05-30 14:48:25] INFO: App listening on the port: 5000
[2023-05-30 14:48:25] INFO: SEQUELIZE
[2023-05-30 14:48:25] INFO: Database connection established successfully
[2023-05-30 14:48:30] INFO: App listening on the port: 5000
[2023-05-30 14:48:30] INFO: SEQUELIZE
[2023-05-30 14:48:30] INFO: Database connection established successfully
[2023-05-30 14:48:35] INFO: POST
[2023-05-30 14:57:57] INFO: App listening on the port: 5000
[2023-05-30 14:57:57] INFO: SEQUELIZE
[2023-05-30 14:57:57] INFO: Database connection established successfully
[2023-05-30 14:58:04] INFO: App listening on the port: 5000
[2023-05-30 14:58:04] INFO: SEQUELIZE
[2023-05-30 14:58:04] INFO: Database connection established successfully
[2023-05-30 14:58:09] INFO: POST
[2023-05-30 14:58:46] INFO: App listening on the port: 5000
[2023-05-30 14:58:46] INFO: SEQUELIZE
[2023-05-30 14:58:46] INFO: Database connection established successfully
[2023-05-30 14:58:51] INFO: POST
[2023-05-30 14:59:52] INFO: SEQUELIZE
[2023-05-30 14:59:52] INFO: SEQUELIZE
[2023-05-30 14:59:52] INFO: SEQUELIZE
[2023-05-30 14:59:52] INFO: SEQUELIZE
[2023-05-30 14:59:52] INFO: POST
[2023-05-30 14:59:56] INFO: POST
[2023-05-30 15:00:00] INFO: SEQUELIZE
[2023-05-30 15:00:00] INFO: SEQUELIZE
[2023-05-30 15:00:00] INFO: SEQUELIZE
[2023-05-30 15:00:00] INFO: SEQUELIZE
[2023-05-30 15:00:00] INFO: POST
[2023-05-30 15:00:01] INFO: POST
[2023-05-30 15:04:13] INFO: App listening on the port: 5000
[2023-05-30 15:04:13] INFO: SEQUELIZE
[2023-05-30 15:04:13] INFO: Database connection established successfully
[2023-05-30 15:04:18] INFO: POST
[2023-05-30 15:06:09] INFO: App listening on the port: 5000
[2023-05-30 15:06:09] INFO: SEQUELIZE
[2023-05-30 15:06:09] INFO: Database connection established successfully
[2023-05-30 15:06:14] INFO: POST
[2023-05-30 15:06:47] INFO: App listening on the port: 5000
[2023-05-30 15:06:47] INFO: SEQUELIZE
[2023-05-30 15:06:47] INFO: Database connection established successfully
[2023-05-30 15:06:52] INFO: POST
[2023-05-30 15:06:53] INFO: SEQUELIZE
[2023-05-30 15:06:53] INFO: SEQUELIZE
[2023-05-30 15:06:53] INFO: SEQUELIZE
[2023-05-30 15:06:53] ERROR: Validation error: documentType
[2023-05-30 15:06:53] INFO: POST
[2023-05-30 15:06:57] INFO: POST
[2023-05-30 15:07:18] INFO: App listening on the port: 5000
[2023-05-30 15:07:18] INFO: SEQUELIZE
[2023-05-30 15:07:18] INFO: Database connection established successfully
[2023-05-30 15:07:23] INFO: POST
[2023-05-30 15:07:58] INFO: App listening on the port: 5000
[2023-05-30 15:07:58] INFO: SEQUELIZE
[2023-05-30 15:07:58] INFO: Database connection established successfully
[2023-05-30 15:08:03] INFO: POST
[2023-05-30 15:08:14] INFO: App listening on the port: 5000
[2023-05-30 15:08:14] INFO: SEQUELIZE
[2023-05-30 15:08:14] INFO: Database connection established successfully
[2023-05-30 15:08:22] INFO: App listening on the port: 5000
[2023-05-30 15:08:22] INFO: SEQUELIZE
[2023-05-30 15:08:22] INFO: Database connection established successfully
[2023-05-30 15:08:27] INFO: POST
[2023-05-30 15:08:31] INFO: SEQUELIZE
[2023-05-30 15:08:31] INFO: SEQUELIZE
[2023-05-30 15:08:31] INFO: SEQUELIZE
[2023-05-30 15:08:31] INFO: SEQUELIZE
[2023-05-30 15:08:32] INFO: POST
[2023-05-30 15:08:32] INFO: POST
[2023-05-30 15:08:50] INFO: App listening on the port: 5000
[2023-05-30 15:08:50] INFO: SEQUELIZE
[2023-05-30 15:08:50] INFO: Database connection established successfully
[2023-05-30 15:08:55] INFO: POST
[2023-05-30 15:11:38] INFO: SEQUELIZE
[2023-05-30 15:11:38] INFO: Database connection established successfully
[2023-05-30 15:11:48] INFO: SEQUELIZE
[2023-05-30 15:11:48] INFO: Database connection established successfully
[2023-05-30 15:13:23] INFO: App listening on the port: 5000
[2023-05-30 15:13:23] INFO: SEQUELIZE
[2023-05-30 15:13:23] INFO: Database connection established successfully
[2023-05-30 15:13:31] INFO: App listening on the port: 5000
[2023-05-30 15:13:31] INFO: SEQUELIZE
[2023-05-30 15:13:31] INFO: Database connection established successfully
[2023-05-30 15:13:36] INFO: POST
[2023-05-30 15:14:55] INFO: App listening on the port: 5000
[2023-05-30 15:14:55] INFO: SEQUELIZE
[2023-05-30 15:14:55] INFO: Database connection established successfully
[2023-05-30 15:15:00] INFO: POST
[2023-05-30 15:15:32] INFO: SEQUELIZE
[2023-05-30 15:15:32] INFO: Database connection established successfully
[2023-05-30 15:15:46] INFO: SEQUELIZE
[2023-05-30 15:15:46] INFO: Database connection established successfully
[2023-05-30 15:16:52] INFO: App listening on the port: 5000
[2023-05-30 15:16:52] INFO: SEQUELIZE
[2023-05-30 15:16:52] INFO: Database connection established successfully
[2023-05-30 15:16:57] INFO: POST
[2023-05-30 15:17:25] INFO: App listening on the port: 5000
[2023-05-30 15:17:25] INFO: SEQUELIZE
[2023-05-30 15:17:25] INFO: Database connection established successfully
[2023-05-30 15:17:30] INFO: POST
[2023-05-30 15:19:17] INFO: SEQUELIZE
[2023-05-30 15:19:17] INFO: Database connection established successfully
[2023-05-30 15:19:30] INFO: App listening on the port: 5000
[2023-05-30 15:19:30] INFO: SEQUELIZE
[2023-05-30 15:19:30] INFO: Database connection established successfully
[2023-05-30 15:19:35] INFO: POST
[2023-05-30 15:19:55] INFO: App listening on the port: 5000
[2023-05-30 15:19:55] INFO: SEQUELIZE
[2023-05-30 15:19:55] INFO: Database connection established successfully
[2023-05-30 15:20:00] INFO: POST
[2023-05-30 15:20:55] INFO: App listening on the port: 5000
[2023-05-30 15:20:55] INFO: SEQUELIZE
[2023-05-30 15:20:55] INFO: Database connection established successfully
[2023-05-30 15:20:59] INFO: SEQUELIZE
[2023-05-30 15:20:59] INFO: SEQUELIZE
[2023-05-30 15:20:59] INFO: SEQUELIZE
[2023-05-30 15:20:59] INFO: SEQUELIZE
[2023-05-30 15:20:59] INFO: POST
[2023-05-30 15:21:00] INFO: POST
[2023-05-30 15:21:05] INFO: SEQUELIZE
[2023-05-30 15:21:05] INFO: SEQUELIZE
[2023-05-30 15:21:05] INFO: SEQUELIZE
[2023-05-30 15:21:05] INFO: SEQUELIZE
[2023-05-30 15:21:05] INFO: POST
[2023-05-30 15:21:05] INFO: POST
[2023-05-30 15:21:57] INFO: App listening on the port: 5000
[2023-05-30 15:21:57] INFO: SEQUELIZE
[2023-05-30 15:21:57] INFO: Database connection established successfully
[2023-05-30 15:22:02] INFO: POST
[2023-05-30 15:23:29] INFO: App listening on the port: 5000
[2023-05-30 15:23:29] INFO: SEQUELIZE
[2023-05-30 15:23:29] INFO: Database connection established successfully
[2023-05-30 15:23:34] INFO: POST
[2023-05-30 15:24:48] INFO: App listening on the port: 5000
[2023-05-30 15:24:48] INFO: SEQUELIZE
[2023-05-30 15:24:48] INFO: Database connection established successfully
[2023-05-30 15:24:49] INFO: SEQUELIZE
[2023-05-30 15:24:49] INFO: SEQUELIZE
[2023-05-30 15:24:49] INFO: SEQUELIZE
[2023-05-30 15:24:49] INFO: SEQUELIZE
[2023-05-30 15:24:49] INFO: POST
[2023-05-30 15:24:53] INFO: POST
[2023-05-30 15:25:39] INFO: App listening on the port: 5000
[2023-05-30 15:25:39] INFO: SEQUELIZE
[2023-05-30 15:25:39] INFO: Database connection established successfully
[2023-05-30 15:25:42] INFO: SEQUELIZE
[2023-05-30 15:25:42] INFO: SEQUELIZE
[2023-05-30 15:25:42] INFO: SEQUELIZE
[2023-05-30 15:25:42] INFO: SEQUELIZE
[2023-05-30 15:25:42] INFO: POST
[2023-05-30 15:25:44] INFO: POST
[2023-05-30 15:26:59] INFO: App listening on the port: 5000
[2023-05-30 15:26:59] INFO: SEQUELIZE
[2023-05-30 15:26:59] INFO: Database connection established successfully
[2023-05-30 15:27:04] INFO: POST
[2023-05-30 15:29:06] INFO: App listening on the port: 5000
[2023-05-30 15:29:07] INFO: SEQUELIZE
[2023-05-30 15:29:07] INFO: Database connection established successfully
[2023-05-30 15:29:12] INFO: POST
[2023-05-30 15:29:41] INFO: App listening on the port: 5000
[2023-05-30 15:29:41] INFO: SEQUELIZE
[2023-05-30 15:29:41] INFO: Database connection established successfully
[2023-05-30 15:29:46] INFO: POST
[2023-05-30 15:30:10] INFO: App listening on the port: 5000
[2023-05-30 15:30:10] INFO: SEQUELIZE
[2023-05-30 15:30:10] INFO: Database connection established successfully
[2023-05-30 15:30:15] INFO: POST
[2023-05-30 15:30:22] INFO: SEQUELIZE
[2023-05-30 15:30:22] INFO: SEQUELIZE
[2023-05-30 15:30:22] INFO: SEQUELIZE
[2023-05-30 15:30:22] INFO: SEQUELIZE
[2023-05-30 15:30:22] ERROR: Cannot read properties of undefined (reading 'push')
[2023-05-30 15:30:22] INFO: POST
[2023-05-30 15:30:25] INFO: POST
[2023-05-30 15:30:43] INFO: SEQUELIZE
[2023-05-30 15:30:43] INFO: SEQUELIZE
[2023-05-30 15:30:43] INFO: SEQUELIZE
[2023-05-30 15:30:43] INFO: SEQUELIZE
[2023-05-30 15:30:43] ERROR: Cannot read properties of undefined (reading 'push')
[2023-05-30 15:30:43] INFO: POST
[2023-05-30 15:30:45] INFO: POST
[2023-05-30 15:31:57] INFO: App listening on the port: 5000
[2023-05-30 15:31:57] INFO: SEQUELIZE
[2023-05-30 15:31:57] INFO: Database connection established successfully
[2023-05-30 15:32:02] INFO: POST
[2023-05-30 15:41:11] INFO: App listening on the port: 5000
[2023-05-30 15:41:11] INFO: SEQUELIZE
[2023-05-30 15:41:11] INFO: Database connection established successfully
[2023-05-30 15:41:16] INFO: POST
[2023-05-30 15:41:39] INFO: App listening on the port: 5000
[2023-05-30 15:41:39] INFO: SEQUELIZE
[2023-05-30 15:41:39] INFO: Database connection established successfully
[2023-05-30 15:41:44] INFO: POST
[2023-05-30 15:41:58] INFO: SEQUELIZE
[2023-05-30 15:41:58] INFO: Database connection established successfully
[2023-05-30 15:43:01] INFO: App listening on the port: 5000
[2023-05-30 15:43:01] INFO: SEQUELIZE
[2023-05-30 15:43:01] INFO: Database connection established successfully
[2023-05-30 15:43:06] INFO: POST
[2023-05-30 15:45:24] INFO: SEQUELIZE
[2023-05-30 15:45:24] INFO: Database connection established successfully
[2023-05-30 15:45:36] INFO: App listening on the port: 5000
[2023-05-30 15:45:36] INFO: SEQUELIZE
[2023-05-30 15:45:36] INFO: Database connection established successfully
[2023-05-30 15:45:41] INFO: POST
[2023-05-30 15:46:02] INFO: App listening on the port: 5000
[2023-05-30 15:46:02] INFO: SEQUELIZE
[2023-05-30 15:46:02] INFO: Database connection established successfully
[2023-05-30 15:46:07] INFO: POST
[2023-05-30 15:46:27] INFO: App listening on the port: 5000
[2023-05-30 15:46:27] INFO: SEQUELIZE
[2023-05-30 15:46:27] INFO: Database connection established successfully
[2023-05-30 15:46:32] INFO: POST
[2023-05-30 15:46:46] INFO: SEQUELIZE
[2023-05-30 15:46:46] INFO: Database connection established successfully
[2023-05-30 15:46:53] INFO: SEQUELIZE
[2023-05-30 15:46:53] INFO: Database connection established successfully
[2023-05-30 15:47:14] INFO: App listening on the port: 5000
[2023-05-30 15:47:14] INFO: SEQUELIZE
[2023-05-30 15:47:14] INFO: Database connection established successfully
[2023-05-30 15:47:19] INFO: POST
[2023-05-30 15:47:31] INFO: App listening on the port: 5000
[2023-05-30 15:47:31] INFO: SEQUELIZE
[2023-05-30 15:47:31] INFO: Database connection established successfully
[2023-05-30 15:47:36] INFO: POST
[2023-05-30 15:47:48] INFO: App listening on the port: 5000
[2023-05-30 15:47:48] INFO: SEQUELIZE
[2023-05-30 15:47:48] INFO: Database connection established successfully
[2023-05-30 15:47:53] INFO: POST
[2023-05-30 15:48:02] INFO: App listening on the port: 5000
[2023-05-30 15:48:02] INFO: SEQUELIZE
[2023-05-30 15:48:02] INFO: Database connection established successfully
[2023-05-30 15:48:07] INFO: POST
[2023-05-30 15:49:09] INFO: SEQUELIZE
[2023-05-30 15:49:09] INFO: Database connection established successfully
[2023-05-30 15:49:37] INFO: App listening on the port: 5000
[2023-05-30 15:49:37] INFO: SEQUELIZE
[2023-05-30 15:49:37] INFO: Database connection established successfully
[2023-05-30 15:49:42] INFO: POST
[2023-05-30 15:49:50] INFO: SEQUELIZE
[2023-05-30 15:49:50] INFO: SEQUELIZE
[2023-05-30 15:49:50] INFO: SEQUELIZE
[2023-05-30 15:49:50] INFO: SEQUELIZE
[2023-05-30 15:49:51] INFO: POST
[2023-05-30 15:49:52] INFO: POST
[2023-05-30 15:50:08] INFO: SEQUELIZE
[2023-05-30 15:50:08] INFO: SEQUELIZE
[2023-05-30 15:50:08] INFO: SEQUELIZE
[2023-05-30 15:50:08] INFO: SEQUELIZE
[2023-05-30 15:50:08] INFO: SEQUELIZE
[2023-05-30 15:50:08] INFO: POST
[2023-05-30 15:50:12] INFO: POST
[2023-05-30 15:50:58] INFO: SEQUELIZE
[2023-05-30 15:50:58] INFO: Database connection established successfully
[2023-05-30 15:52:05] INFO: App listening on the port: 5000
[2023-05-30 15:52:06] INFO: SEQUELIZE
[2023-05-30 15:52:06] INFO: Database connection established successfully
[2023-05-30 15:52:10] INFO: POST
[2023-05-30 15:53:06] INFO: App listening on the port: 5000
[2023-05-30 15:53:06] INFO: SEQUELIZE
[2023-05-30 15:53:06] INFO: Database connection established successfully
[2023-05-30 15:53:11] INFO: POST
[2023-05-30 15:53:40] INFO: App listening on the port: 5000
[2023-05-30 15:53:40] INFO: SEQUELIZE
[2023-05-30 15:53:40] INFO: Database connection established successfully
[2023-05-30 15:53:44] INFO: App listening on the port: 5000
[2023-05-30 15:53:44] INFO: SEQUELIZE
[2023-05-30 15:53:44] INFO: Database connection established successfully
[2023-05-30 15:53:53] INFO: App listening on the port: 5000
[2023-05-30 15:53:53] INFO: SEQUELIZE
[2023-05-30 15:53:53] INFO: Database connection established successfully
[2023-05-30 15:54:01] INFO: App listening on the port: 5000
[2023-05-30 15:54:01] INFO: SEQUELIZE
[2023-05-30 15:54:01] INFO: Database connection established successfully
[2023-05-30 15:54:06] INFO: POST
[2023-05-30 15:54:09] INFO: SEQUELIZE
[2023-05-30 15:54:09] INFO: SEQUELIZE
[2023-05-30 15:54:09] INFO: SEQUELIZE
[2023-05-30 15:54:10] INFO: SEQUELIZE
[2023-05-30 15:54:10] INFO: SEQUELIZE
[2023-05-30 15:54:10] INFO: SEQUELIZE
[2023-05-30 15:54:10] INFO: POST
[2023-05-30 15:54:11] INFO: POST
[2023-05-30 15:54:20] INFO: SEQUELIZE
[2023-05-30 15:54:20] INFO: SEQUELIZE
[2023-05-30 15:54:20] INFO: SEQUELIZE
[2023-05-30 15:54:20] INFO: SEQUELIZE
[2023-05-30 15:54:20] INFO: SEQUELIZE
[2023-05-30 15:54:20] INFO: POST
[2023-05-30 15:54:21] INFO: SEQUELIZE
[2023-05-30 15:54:21] INFO: SEQUELIZE
[2023-05-30 15:54:21] INFO: SEQUELIZE
[2023-05-30 15:54:21] INFO: SEQUELIZE
[2023-05-30 15:54:21] INFO: POST
[2023-05-30 15:54:21] INFO: SEQUELIZE
[2023-05-30 15:54:21] INFO: POST
[2023-05-30 15:54:22] INFO: SEQUELIZE
[2023-05-30 15:54:22] INFO: SEQUELIZE
[2023-05-30 15:54:22] INFO: SEQUELIZE
[2023-05-30 15:54:22] INFO: SEQUELIZE
[2023-05-30 15:54:22] INFO: SEQUELIZE
[2023-05-30 15:54:22] INFO: POST
[2023-05-30 15:54:22] INFO: SEQUELIZE
[2023-05-30 15:54:22] INFO: SEQUELIZE
[2023-05-30 15:54:22] INFO: SEQUELIZE
[2023-05-30 15:54:22] INFO: SEQUELIZE
[2023-05-30 15:54:23] INFO: SEQUELIZE
[2023-05-30 15:54:23] INFO: POST
[2023-05-30 15:54:23] INFO: SEQUELIZE
[2023-05-30 15:54:23] INFO: SEQUELIZE
[2023-05-30 15:54:23] INFO: SEQUELIZE
[2023-05-30 15:54:23] INFO: SEQUELIZE
[2023-05-30 15:54:23] INFO: SEQUELIZE
[2023-05-30 15:54:24] INFO: POST
[2023-05-30 15:54:24] INFO: SEQUELIZE
[2023-05-30 15:54:24] INFO: SEQUELIZE
[2023-05-30 15:54:24] INFO: SEQUELIZE
[2023-05-30 15:54:24] INFO: SEQUELIZE
[2023-05-30 15:54:24] INFO: SEQUELIZE
[2023-05-30 15:54:24] INFO: POST
[2023-05-30 15:54:26] INFO: POST
[2023-05-30 15:55:00] INFO: App listening on the port: 5000
[2023-05-30 15:55:00] INFO: SEQUELIZE
[2023-05-30 15:55:00] INFO: Database connection established successfully
[2023-05-30 15:55:06] INFO: App listening on the port: 5000
[2023-05-30 15:55:06] INFO: SEQUELIZE
[2023-05-30 15:55:06] INFO: Database connection established successfully
[2023-05-30 15:55:11] INFO: POST
[2023-05-30 15:55:28] ERROR: Unexpected token } in JSON at position 705
[2023-05-30 15:55:28] INFO: POST
[2023-05-30 15:55:31] INFO: POST
[2023-05-30 15:55:33] INFO: SEQUELIZE
[2023-05-30 15:55:33] INFO: SEQUELIZE
[2023-05-30 15:55:33] INFO: SEQUELIZE
[2023-05-30 15:55:33] INFO: SEQUELIZE
[2023-05-30 15:55:33] INFO: SEQUELIZE
[2023-05-30 15:55:33] INFO: SEQUELIZE
[2023-05-30 15:55:33] INFO: POST
[2023-05-30 15:55:36] INFO: POST
[2023-05-30 15:58:51] INFO: App listening on the port: 5000
[2023-05-30 15:58:51] INFO: SEQUELIZE
[2023-05-30 15:58:51] INFO: Database connection established successfully
[2023-05-30 15:58:54] INFO: SEQUELIZE
[2023-05-30 15:58:54] INFO: SEQUELIZE
[2023-05-30 15:58:54] INFO: SEQUELIZE
[2023-05-30 15:58:54] INFO: SEQUELIZE
[2023-05-30 15:58:55] INFO: SEQUELIZE
[2023-05-30 15:58:55] INFO: SEQUELIZE
[2023-05-30 15:58:55] INFO: POST
[2023-05-30 15:58:56] INFO: POST
[2023-05-30 15:59:17] INFO: App listening on the port: 5000
[2023-05-30 15:59:17] INFO: SEQUELIZE
[2023-05-30 15:59:17] INFO: Database connection established successfully
[2023-05-30 15:59:22] INFO: POST
[2023-05-30 15:59:22] INFO: SEQUELIZE
[2023-05-30 15:59:22] INFO: SEQUELIZE
[2023-05-30 15:59:22] INFO: SEQUELIZE
[2023-05-30 15:59:22] INFO: SEQUELIZE
[2023-05-30 15:59:23] INFO: SEQUELIZE
[2023-05-30 15:59:23] INFO: POST
[2023-05-30 15:59:27] INFO: POST
[2023-05-30 15:59:28] INFO: SEQUELIZE
[2023-05-30 15:59:28] INFO: SEQUELIZE
[2023-05-30 15:59:28] INFO: SEQUELIZE
[2023-05-30 15:59:28] INFO: SEQUELIZE
[2023-05-30 15:59:28] INFO: SEQUELIZE
[2023-05-30 15:59:28] INFO: POST
[2023-05-30 15:59:30] INFO: SEQUELIZE
[2023-05-30 15:59:30] INFO: SEQUELIZE
[2023-05-30 15:59:30] INFO: SEQUELIZE
[2023-05-30 15:59:30] INFO: SEQUELIZE
[2023-05-30 15:59:30] INFO: SEQUELIZE
[2023-05-30 15:59:30] INFO: POST
[2023-05-30 15:59:31] INFO: SEQUELIZE
[2023-05-30 15:59:31] INFO: SEQUELIZE
[2023-05-30 15:59:31] INFO: SEQUELIZE
[2023-05-30 15:59:31] INFO: SEQUELIZE
[2023-05-30 15:59:31] INFO: SEQUELIZE
[2023-05-30 15:59:32] INFO: POST
[2023-05-30 15:59:32] INFO: POST
[2023-05-30 15:59:37] INFO: POST
[2023-05-30 16:01:14] INFO: App listening on the port: 5000
[2023-05-30 16:01:14] INFO: SEQUELIZE
[2023-05-30 16:01:14] INFO: Database connection established successfully
[2023-05-30 16:01:19] INFO: POST
[2023-05-30 16:01:42] INFO: SEQUELIZE
[2023-05-30 16:01:42] INFO: SEQUELIZE
[2023-05-30 16:01:42] INFO: SEQUELIZE
[2023-05-30 16:01:42] INFO: SEQUELIZE
[2023-05-30 16:01:42] INFO: SEQUELIZE
[2023-05-30 16:01:42] INFO: SEQUELIZE
[2023-05-30 16:01:42] INFO: POST
[2023-05-30 16:01:44] INFO: POST
[2023-05-30 16:01:53] INFO: SEQUELIZE
[2023-05-30 16:01:53] INFO: SEQUELIZE
[2023-05-30 16:01:53] INFO: SEQUELIZE
[2023-05-30 16:01:53] INFO: SEQUELIZE
[2023-05-30 16:01:53] INFO: SEQUELIZE
[2023-05-30 16:01:54] INFO: POST
[2023-05-30 16:01:54] INFO: POST
[2023-05-30 16:02:02] INFO: SEQUELIZE
[2023-05-30 16:02:02] INFO: SEQUELIZE
[2023-05-30 16:02:02] INFO: SEQUELIZE
[2023-05-30 16:02:02] INFO: SEQUELIZE
[2023-05-30 16:02:02] INFO: SEQUELIZE
[2023-05-30 16:02:03] INFO: POST
[2023-05-30 16:02:04] INFO: POST
[2023-05-30 16:03:05] INFO: App listening on the port: 5000
[2023-05-30 16:03:05] INFO: SEQUELIZE
[2023-05-30 16:03:05] INFO: Database connection established successfully
[2023-05-30 16:03:10] INFO: POST
[2023-05-30 16:03:20] INFO: SEQUELIZE
[2023-05-30 16:03:20] INFO: Database connection established successfully
[2023-05-30 16:03:25] INFO: SEQUELIZE
[2023-05-30 16:03:25] INFO: Database connection established successfully
[2023-05-30 16:04:07] INFO: App listening on the port: 5000
[2023-05-30 16:04:07] INFO: SEQUELIZE
[2023-05-30 16:04:07] INFO: Database connection established successfully
[2023-05-30 16:04:12] INFO: App listening on the port: 5000
[2023-05-30 16:04:12] INFO: SEQUELIZE
[2023-05-30 16:04:12] INFO: Database connection established successfully
[2023-05-30 16:04:17] INFO: POST
[2023-05-30 16:04:19] INFO: SEQUELIZE
[2023-05-30 16:04:19] INFO: SEQUELIZE
[2023-05-30 16:04:19] INFO: SEQUELIZE
[2023-05-30 16:04:19] INFO: SEQUELIZE
[2023-05-30 16:04:19] INFO: SEQUELIZE
[2023-05-30 16:04:19] INFO: POST
[2023-05-30 16:04:22] INFO: POST
[2023-05-30 16:04:34] INFO: SEQUELIZE
[2023-05-30 16:04:34] INFO: SEQUELIZE
[2023-05-30 16:04:34] INFO: SEQUELIZE
[2023-05-30 16:04:34] INFO: SEQUELIZE
[2023-05-30 16:04:34] INFO: SEQUELIZE
[2023-05-30 16:04:34] INFO: SEQUELIZE
[2023-05-30 16:04:34] INFO: POST
[2023-05-30 16:04:37] INFO: POST
[2023-05-30 16:04:51] INFO: SEQUELIZE
[2023-05-30 16:04:51] INFO: SEQUELIZE
[2023-05-30 16:04:51] INFO: SEQUELIZE
[2023-05-30 16:04:51] INFO: SEQUELIZE
[2023-05-30 16:04:52] INFO: SEQUELIZE
[2023-05-30 16:04:52] INFO: POST
[2023-05-30 16:04:52] INFO: POST
[2023-05-30 16:04:57] INFO: POST
[2023-05-30 16:26:56] INFO: App listening on the port: 5000
[2023-05-30 16:26:56] INFO: SEQUELIZE
[2023-05-30 16:26:56] INFO: Database connection established successfully
[2023-05-30 16:27:02] INFO: App listening on the port: 5000
[2023-05-30 16:27:02] INFO: SEQUELIZE
[2023-05-30 16:27:02] INFO: Database connection established successfully
[2023-05-30 16:27:07] INFO: POST
[2023-05-30 16:27:13] INFO: SEQUELIZE
[2023-05-30 16:27:13] INFO: SEQUELIZE
[2023-05-30 16:27:13] INFO: SEQUELIZE
[2023-05-30 16:27:13] INFO: SEQUELIZE
[2023-05-30 16:27:13] INFO: SEQUELIZE
[2023-05-30 16:27:13] INFO: SEQUELIZE
[2023-05-30 16:27:13] INFO: POST
[2023-05-30 16:27:17] INFO: POST
[2023-05-30 16:27:24] INFO: SEQUELIZE
[2023-05-30 16:27:24] INFO: SEQUELIZE
[2023-05-30 16:27:24] INFO: SEQUELIZE
[2023-05-30 16:27:24] INFO: SEQUELIZE
[2023-05-30 16:27:24] INFO: SEQUELIZE
[2023-05-30 16:27:24] INFO: POST
[2023-05-30 16:27:27] INFO: POST
[2023-05-30 16:27:49] INFO: App listening on the port: 5000
[2023-05-30 16:27:49] INFO: SEQUELIZE
[2023-05-30 16:27:49] INFO: Database connection established successfully
[2023-05-30 16:27:54] INFO: POST
[2023-05-30 16:28:06] INFO: App listening on the port: 5000
[2023-05-30 16:28:06] INFO: SEQUELIZE
[2023-05-30 16:28:06] INFO: Database connection established successfully
[2023-05-30 16:28:11] INFO: POST
[2023-05-30 16:28:15] INFO: SEQUELIZE
[2023-05-30 16:28:15] INFO: SEQUELIZE
[2023-05-30 16:28:15] INFO: SEQUELIZE
[2023-05-30 16:28:15] INFO: SEQUELIZE
[2023-05-30 16:28:16] INFO: SEQUELIZE
[2023-05-30 16:28:16] INFO: SEQUELIZE
[2023-05-30 16:28:16] INFO: POST
[2023-05-30 16:28:16] INFO: POST
[2023-05-30 16:28:23] INFO: SEQUELIZE
[2023-05-30 16:28:23] INFO: SEQUELIZE
[2023-05-30 16:28:23] INFO: SEQUELIZE
[2023-05-30 16:28:23] INFO: SEQUELIZE
[2023-05-30 16:28:24] INFO: SEQUELIZE
[2023-05-30 16:28:24] INFO: POST
[2023-05-30 16:28:26] INFO: POST
[2023-05-30 16:28:35] INFO: SEQUELIZE
[2023-05-30 16:28:35] INFO: SEQUELIZE
[2023-05-30 16:28:35] INFO: SEQUELIZE
[2023-05-30 16:28:35] INFO: SEQUELIZE
[2023-05-30 16:28:35] INFO: SEQUELIZE
[2023-05-30 16:28:35] INFO: POST
[2023-05-30 16:28:36] INFO: POST
[2023-05-30 16:28:36] INFO: SEQUELIZE
[2023-05-30 16:28:36] INFO: SEQUELIZE
[2023-05-30 16:28:36] INFO: SEQUELIZE
[2023-05-30 16:28:36] INFO: SEQUELIZE
[2023-05-30 16:28:36] INFO: SEQUELIZE
[2023-05-30 16:28:37] INFO: POST
[2023-05-30 16:28:41] INFO: POST
[2023-05-30 16:31:29] INFO: SEQUELIZE
[2023-05-30 16:31:29] INFO: Database connection established successfully
[2023-05-30 16:32:15] INFO: SEQUELIZE
[2023-05-30 16:32:15] INFO: Database connection established successfully
[2023-05-30 16:32:37] INFO: App listening on the port: 5000
[2023-05-30 16:32:37] INFO: SEQUELIZE
[2023-05-30 16:32:37] INFO: Database connection established successfully
[2023-05-30 16:32:42] INFO: POST
[2023-05-30 16:33:23] INFO: App listening on the port: 5000
[2023-05-30 16:33:23] INFO: SEQUELIZE
[2023-05-30 16:33:23] INFO: Database connection established successfully
[2023-05-30 16:33:28] INFO: POST
[2023-05-30 16:34:40] INFO: App listening on the port: 5000
[2023-05-30 16:34:40] INFO: SEQUELIZE
[2023-05-30 16:34:40] INFO: Database connection established successfully
[2023-05-30 16:34:45] INFO: POST
[2023-05-30 16:34:50] INFO: App listening on the port: 5000
[2023-05-30 16:34:51] INFO: SEQUELIZE
[2023-05-30 16:34:51] INFO: Database connection established successfully
[2023-05-30 16:34:55] INFO: POST
[2023-05-30 16:35:10] INFO: App listening on the port: 5000
[2023-05-30 16:35:10] INFO: SEQUELIZE
[2023-05-30 16:35:10] INFO: Database connection established successfully
[2023-05-30 16:35:15] INFO: POST
[2023-05-30 16:35:30] INFO: App listening on the port: 5000
[2023-05-30 16:35:30] INFO: SEQUELIZE
[2023-05-30 16:35:30] INFO: Database connection established successfully
[2023-05-30 16:35:35] INFO: POST
[2023-05-30 16:35:39] INFO: SEQUELIZE
[2023-05-30 16:35:39] INFO: SEQUELIZE
[2023-05-30 16:35:39] INFO: SEQUELIZE
[2023-05-30 16:35:39] INFO: SEQUELIZE
[2023-05-30 16:35:40] INFO: SEQUELIZE
[2023-05-30 16:35:40] INFO: POST
[2023-05-30 16:35:40] INFO: POST
[2023-05-30 16:35:53] INFO: SEQUELIZE
[2023-05-30 16:35:53] INFO: SEQUELIZE
[2023-05-30 16:35:53] INFO: SEQUELIZE
[2023-05-30 16:35:53] INFO: SEQUELIZE
[2023-05-30 16:35:53] INFO: SEQUELIZE
[2023-05-30 16:35:53] INFO: POST
[2023-05-30 16:35:55] INFO: POST
[2023-05-30 16:36:21] INFO: App listening on the port: 5000
[2023-05-30 16:36:21] INFO: SEQUELIZE
[2023-05-30 16:36:21] INFO: Database connection established successfully
[2023-05-30 16:36:22] INFO: SEQUELIZE
[2023-05-30 16:36:22] INFO: SEQUELIZE
[2023-05-30 16:36:22] INFO: SEQUELIZE
[2023-05-30 16:36:22] INFO: SEQUELIZE
[2023-05-30 16:36:22] INFO: SEQUELIZE
[2023-05-30 16:36:22] INFO: POST
[2023-05-30 16:36:26] INFO: POST
[2023-05-30 16:36:26] INFO: SEQUELIZE
[2023-05-30 16:36:26] INFO: SEQUELIZE
[2023-05-30 16:36:26] INFO: SEQUELIZE
[2023-05-30 16:36:27] INFO: SEQUELIZE
[2023-05-30 16:36:27] INFO: SEQUELIZE
[2023-05-30 16:36:27] INFO: POST
[2023-05-30 16:36:31] INFO: POST
[2023-05-30 16:36:45] INFO: App listening on the port: 5000
[2023-05-30 16:36:45] INFO: SEQUELIZE
[2023-05-30 16:36:45] INFO: Database connection established successfully
[2023-05-30 16:36:50] INFO: SEQUELIZE
[2023-05-30 16:36:50] INFO: SEQUELIZE
[2023-05-30 16:36:50] INFO: SEQUELIZE
[2023-05-30 16:36:50] INFO: SEQUELIZE
[2023-05-30 16:36:50] INFO: POST
[2023-05-30 16:36:50] INFO: SEQUELIZE
[2023-05-30 16:36:50] INFO: POST
[2023-05-30 16:36:55] INFO: POST
[2023-05-30 16:41:14] INFO: App listening on the port: 5000
[2023-05-30 16:41:14] INFO: SEQUELIZE
[2023-05-30 16:41:14] INFO: Database connection established successfully
[2023-05-30 16:41:19] INFO: POST
[2023-05-30 16:41:33] INFO: App listening on the port: 5000
[2023-05-30 16:41:33] INFO: SEQUELIZE
[2023-05-30 16:41:33] INFO: Database connection established successfully
[2023-05-30 16:41:38] INFO: POST
[2023-05-30 16:41:58] INFO: App listening on the port: 5000
[2023-05-30 16:41:58] INFO: SEQUELIZE
[2023-05-30 16:41:59] INFO: Database connection established successfully
[2023-05-30 16:42:10] INFO: App listening on the port: 5000
[2023-05-30 16:42:10] INFO: SEQUELIZE
[2023-05-30 16:42:10] INFO: Database connection established successfully
[2023-05-30 16:42:12] INFO: SEQUELIZE
[2023-05-30 16:42:12] INFO: SEQUELIZE
[2023-05-30 16:42:12] INFO: SEQUELIZE
[2023-05-30 16:42:12] INFO: SEQUELIZE
[2023-05-30 16:42:13] INFO: SEQUELIZE
[2023-05-30 16:42:14] INFO: POST
[2023-05-30 16:42:15] INFO: POST
[2023-05-30 16:42:32] INFO: SEQUELIZE
[2023-05-30 16:42:32] INFO: SEQUELIZE
[2023-05-30 16:42:32] INFO: SEQUELIZE
[2023-05-30 16:42:32] INFO: SEQUELIZE
[2023-05-30 16:42:32] INFO: SEQUELIZE
[2023-05-30 16:42:32] ERROR: Could not save uploaded file in table!
[2023-05-30 16:42:32] INFO: POST
[2023-05-30 16:42:35] INFO: POST
[2023-05-30 16:42:50] INFO: App listening on the port: 5000
[2023-05-30 16:42:50] INFO: SEQUELIZE
[2023-05-30 16:42:50] INFO: Database connection established successfully
[2023-05-30 16:42:55] INFO: POST
[2023-05-30 16:43:43] INFO: App listening on the port: 5000
[2023-05-30 16:43:43] INFO: SEQUELIZE
[2023-05-30 16:43:43] INFO: Database connection established successfully
[2023-05-30 16:43:48] INFO: POST
[2023-05-30 16:44:00] INFO: App listening on the port: 5000
[2023-05-30 16:44:00] INFO: SEQUELIZE
[2023-05-30 16:44:00] INFO: Database connection established successfully
[2023-05-30 16:44:01] INFO: SEQUELIZE
[2023-05-30 16:44:01] INFO: SEQUELIZE
[2023-05-30 16:44:01] INFO: SEQUELIZE
[2023-05-30 16:44:01] INFO: SEQUELIZE
[2023-05-30 16:44:02] INFO: SEQUELIZE
[2023-05-30 16:44:02] INFO: SEQUELIZE
[2023-05-30 16:44:02] INFO: POST
[2023-05-30 16:44:05] INFO: POST
[2023-05-30 16:44:12] INFO: SEQUELIZE
[2023-05-30 16:44:12] INFO: SEQUELIZE
[2023-05-30 16:44:12] INFO: SEQUELIZE
[2023-05-30 16:44:12] INFO: SEQUELIZE
[2023-05-30 16:44:12] INFO: SEQUELIZE
[2023-05-30 16:44:12] INFO: POST
[2023-05-30 16:44:15] INFO: POST
[2023-05-30 16:54:40] INFO: SEQUELIZE
[2023-05-30 16:54:40] INFO: SEQUELIZE
[2023-05-30 16:54:40] INFO: SEQUELIZE
[2023-05-30 16:54:40] INFO: SEQUELIZE
[2023-05-30 16:54:41] INFO: POST
[2023-05-30 16:54:41] INFO: SEQUELIZE
[2023-05-30 16:54:41] INFO: POST
[2023-05-30 16:54:46] INFO: POST
[2023-05-30 16:55:17] INFO: SEQUELIZE
[2023-05-30 16:55:17] INFO: SEQUELIZE
[2023-05-30 16:55:17] INFO: SEQUELIZE
[2023-05-30 16:55:17] INFO: SEQUELIZE
[2023-05-30 16:55:21] INFO: POST
[2023-05-30 16:55:29] INFO: SEQUELIZE
[2023-05-30 16:55:29] INFO: POST
[2023-05-30 16:55:31] INFO: POST
[2023-05-30 16:56:23] INFO: App listening on the port: 5000
[2023-05-30 16:56:24] INFO: SEQUELIZE
[2023-05-30 16:56:24] INFO: Database connection established successfully
[2023-05-30 16:56:29] INFO: POST
[2023-05-30 16:56:30] INFO: SEQUELIZE
[2023-05-30 16:56:30] INFO: SEQUELIZE
[2023-05-30 16:56:30] INFO: SEQUELIZE
[2023-05-30 16:56:30] INFO: SEQUELIZE
[2023-05-30 16:56:33] INFO: SEQUELIZE
[2023-05-30 16:56:33] INFO: POST
[2023-05-30 16:56:34] INFO: POST
[2023-05-30 16:57:15] INFO: App listening on the port: 5000
[2023-05-30 16:57:15] INFO: SEQUELIZE
[2023-05-30 16:57:15] INFO: Database connection established successfully
[2023-05-30 16:57:21] INFO: App listening on the port: 5000
[2023-05-30 16:57:22] INFO: SEQUELIZE
[2023-05-30 16:57:22] INFO: Database connection established successfully
[2023-05-30 16:57:27] INFO: POST
[2023-05-30 16:57:36] INFO: App listening on the port: 5000
[2023-05-30 16:57:36] INFO: SEQUELIZE
[2023-05-30 16:57:36] INFO: Database connection established successfully
[2023-05-30 16:57:39] INFO: SEQUELIZE
[2023-05-30 16:57:39] INFO: SEQUELIZE
[2023-05-30 16:57:39] INFO: SEQUELIZE
[2023-05-30 16:57:39] INFO: SEQUELIZE
[2023-05-30 16:57:39] INFO: SEQUELIZE
[2023-05-30 16:57:40] INFO: POST
[2023-05-30 16:57:41] INFO: POST
[2023-05-30 16:58:09] INFO: App listening on the port: 5000
[2023-05-30 16:58:09] INFO: SEQUELIZE
[2023-05-30 16:58:09] INFO: Database connection established successfully
[2023-05-30 16:58:10] INFO: SEQUELIZE
[2023-05-30 16:58:10] INFO: SEQUELIZE
[2023-05-30 16:58:10] INFO: SEQUELIZE
[2023-05-30 16:58:11] INFO: SEQUELIZE
[2023-05-30 16:58:11] INFO: SEQUELIZE
[2023-05-30 16:58:11] INFO: POST
[2023-05-30 16:58:14] INFO: POST
[2023-05-30 16:58:43] INFO: App listening on the port: 5000
[2023-05-30 16:58:43] INFO: SEQUELIZE
[2023-05-30 16:58:43] INFO: Database connection established successfully
[2023-05-30 16:59:02] INFO: App listening on the port: 5000
[2023-05-30 16:59:02] INFO: SEQUELIZE
[2023-05-30 16:59:02] INFO: Database connection established successfully
[2023-05-30 16:59:06] INFO: SEQUELIZE
[2023-05-30 16:59:06] INFO: SEQUELIZE
[2023-05-30 16:59:06] INFO: SEQUELIZE
[2023-05-30 16:59:06] INFO: SEQUELIZE
[2023-05-30 16:59:06] INFO: SEQUELIZE
[2023-05-30 16:59:06] INFO: POST
[2023-05-30 16:59:07] INFO: POST
[2023-05-30 16:59:26] INFO: App listening on the port: 5000
[2023-05-30 16:59:26] INFO: SEQUELIZE
[2023-05-30 16:59:26] INFO: Database connection established successfully
[2023-05-30 16:59:28] INFO: SEQUELIZE
[2023-05-30 16:59:28] INFO: SEQUELIZE
[2023-05-30 16:59:28] INFO: SEQUELIZE
[2023-05-30 16:59:28] INFO: SEQUELIZE
[2023-05-30 16:59:28] INFO: SEQUELIZE
[2023-05-30 16:59:28] INFO: SEQUELIZE
[2023-05-30 16:59:28] INFO: POST
[2023-05-30 16:59:31] INFO: POST
[2023-05-30 16:59:54] INFO: App listening on the port: 5000
[2023-05-30 16:59:54] INFO: SEQUELIZE
[2023-05-30 16:59:54] INFO: Database connection established successfully
[2023-05-30 16:59:55] INFO: SEQUELIZE
[2023-05-30 16:59:55] INFO: SEQUELIZE
[2023-05-30 16:59:55] INFO: SEQUELIZE
[2023-05-30 16:59:55] INFO: SEQUELIZE
[2023-05-30 16:59:55] INFO: SEQUELIZE
[2023-05-30 16:59:55] INFO: SEQUELIZE
[2023-05-30 16:59:56] INFO: POST
[2023-05-30 16:59:59] INFO: POST
[2023-05-30 17:00:12] INFO: App listening on the port: 5000
[2023-05-30 17:00:13] INFO: SEQUELIZE
[2023-05-30 17:00:13] INFO: Database connection established successfully
[2023-05-30 17:00:17] INFO: POST
[2023-05-30 17:00:22] INFO: SEQUELIZE
[2023-05-30 17:00:22] INFO: SEQUELIZE
[2023-05-30 17:00:22] INFO: SEQUELIZE
[2023-05-30 17:00:22] INFO: SEQUELIZE
[2023-05-30 17:00:22] INFO: POST
[2023-05-30 17:00:23] INFO: SEQUELIZE
[2023-05-30 17:00:23] INFO: SEQUELIZE
[2023-05-30 17:00:23] INFO: POST
[2023-05-30 17:00:28] INFO: POST
[2023-05-30 17:00:42] INFO: App listening on the port: 5000
[2023-05-30 17:00:42] INFO: SEQUELIZE
[2023-05-30 17:00:42] INFO: Database connection established successfully
[2023-05-30 17:00:56] INFO: App listening on the port: 5000
[2023-05-30 17:00:56] INFO: SEQUELIZE
[2023-05-30 17:00:56] INFO: Database connection established successfully
[2023-05-30 17:01:01] INFO: POST
[2023-05-30 17:01:27] INFO: SEQUELIZE
[2023-05-30 17:01:27] INFO: SEQUELIZE
[2023-05-30 17:01:27] INFO: SEQUELIZE
[2023-05-30 17:01:27] INFO: SEQUELIZE
[2023-05-30 17:01:28] INFO: SEQUELIZE
[2023-05-30 17:01:28] INFO: SEQUELIZE
[2023-05-30 17:01:28] INFO: POST
[2023-05-30 17:01:31] INFO: POST
[2023-05-30 17:01:41] INFO: SEQUELIZE
[2023-05-30 17:01:41] INFO: SEQUELIZE
[2023-05-30 17:01:41] INFO: SEQUELIZE
[2023-05-30 17:01:41] INFO: SEQUELIZE
[2023-05-30 17:01:46] INFO: POST
[2023-05-30 17:01:56] INFO: SEQUELIZE
[2023-05-30 17:01:56] INFO: SEQUELIZE
[2023-05-30 17:01:56] INFO: POST
[2023-05-30 17:01:56] INFO: POST
[2023-05-30 17:02:01] INFO: SEQUELIZE
[2023-05-30 17:02:01] INFO: SEQUELIZE
[2023-05-30 17:02:01] INFO: SEQUELIZE
[2023-05-30 17:02:01] INFO: SEQUELIZE
[2023-05-30 17:02:01] INFO: POST
[2023-05-30 17:02:01] INFO: SEQUELIZE
[2023-05-30 17:02:01] INFO: SEQUELIZE
[2023-05-30 17:02:01] INFO: POST
[2023-05-30 17:02:06] INFO: POST
[2023-05-30 17:02:15] INFO: SEQUELIZE
[2023-05-30 17:02:15] INFO: SEQUELIZE
[2023-05-30 17:02:15] INFO: SEQUELIZE
[2023-05-30 17:02:15] INFO: SEQUELIZE
[2023-05-30 17:02:16] INFO: SEQUELIZE
[2023-05-30 17:02:16] INFO: SEQUELIZE
[2023-05-30 17:02:16] INFO: POST
[2023-05-30 17:02:16] INFO: POST
[2023-05-30 17:02:36] INFO: App listening on the port: 5000
[2023-05-30 17:02:36] INFO: SEQUELIZE
[2023-05-30 17:02:36] INFO: Database connection established successfully
[2023-05-30 17:02:43] INFO: App listening on the port: 5000
[2023-05-30 17:02:44] INFO: SEQUELIZE
[2023-05-30 17:02:44] INFO: Database connection established successfully
[2023-05-30 17:02:49] INFO: App listening on the port: 5000
[2023-05-30 17:02:49] INFO: SEQUELIZE
[2023-05-30 17:02:49] INFO: Database connection established successfully
[2023-05-30 17:02:54] INFO: POST
[2023-05-30 17:04:02] INFO: App listening on the port: 5000
[2023-05-30 17:04:02] INFO: SEQUELIZE
[2023-05-30 17:04:02] INFO: Database connection established successfully
[2023-05-30 17:04:07] INFO: POST
[2023-05-30 17:04:14] INFO: App listening on the port: 5000
[2023-05-30 17:04:14] INFO: SEQUELIZE
[2023-05-30 17:04:14] INFO: Database connection established successfully
[2023-05-30 17:04:19] INFO: POST
[2023-05-30 17:04:37] INFO: App listening on the port: 5000
[2023-05-30 17:04:37] INFO: SEQUELIZE
[2023-05-30 17:04:37] INFO: Database connection established successfully
[2023-05-30 17:04:42] INFO: POST
[2023-05-30 17:06:05] INFO: App listening on the port: 5000
[2023-05-30 17:06:05] INFO: SEQUELIZE
[2023-05-30 17:06:05] INFO: Database connection established successfully
[2023-05-30 17:06:10] INFO: POST
