[2023-06-26 09:52:10] INFO: App listening on the port: 5000
[2023-06-26 09:52:10] INFO: SEQUELIZE
[2023-06-26 09:52:10] INFO: Database connection established successfully
[2023-06-26 09:52:15] INFO: POST
[2023-06-26 09:52:58] INFO: App listening on the port: 5000
[2023-06-26 09:52:58] INFO: SEQUELIZE
[2023-06-26 09:52:58] INFO: Database connection established successfully
[2023-06-26 09:53:03] INFO: POST
[2023-06-26 09:53:45] INFO: App listening on the port: 5000
[2023-06-26 09:53:45] INFO: SEQUELIZE
[2023-06-26 09:53:45] INFO: Database connection established successfully
[2023-06-26 09:53:50] INFO: POST
[2023-06-26 09:54:17] INFO: App listening on the port: 5000
[2023-06-26 09:54:17] INFO: SEQUELIZE
[2023-06-26 09:54:17] INFO: Database connection established successfully
[2023-06-26 09:54:30] INFO: App listening on the port: 5000
[2023-06-26 09:54:30] INFO: SEQUELIZE
[2023-06-26 09:54:30] INFO: Database connection established successfully
[2023-06-26 09:54:35] INFO: POST
[2023-06-26 09:55:02] INFO: App listening on the port: 5000
[2023-06-26 09:55:02] INFO: SEQUELIZE
[2023-06-26 09:55:02] INFO: Database connection established successfully
[2023-06-26 09:55:07] INFO: POST
[2023-06-26 09:55:53] INFO: App listening on the port: 5000
[2023-06-26 09:55:53] INFO: SEQUELIZE
[2023-06-26 09:55:53] INFO: Database connection established successfully
[2023-06-26 09:55:58] INFO: POST
[2023-06-26 09:56:19] INFO: App listening on the port: 5000
[2023-06-26 09:56:19] INFO: SEQUELIZE
[2023-06-26 09:56:19] INFO: Database connection established successfully
[2023-06-26 09:56:24] INFO: POST
[2023-06-26 09:57:23] INFO: SEQUELIZE
[2023-06-26 09:57:23] INFO: Database connection established successfully
[2023-06-26 09:58:10] INFO: App listening on the port: 5000
[2023-06-26 09:58:10] INFO: SEQUELIZE
[2023-06-26 09:58:10] INFO: Database connection established successfully
[2023-06-26 09:58:15] INFO: POST
[2023-06-26 09:58:21] INFO: SEQUELIZE
[2023-06-26 09:58:21] INFO: SEQUELIZE
[2023-06-26 09:58:21] INFO: SEQUELIZE
[2023-06-26 09:58:21] INFO: GET
[2023-06-26 09:58:25] INFO: POST
[2023-06-26 10:28:09] INFO: App listening on the port: 5000
[2023-06-26 10:28:09] INFO: SEQUELIZE
[2023-06-26 10:28:09] INFO: Database connection established successfully
[2023-06-26 10:28:14] INFO: POST
[2023-06-26 10:38:44] INFO: SEQUELIZE
[2023-06-26 10:38:44] INFO: Database connection established successfully
[2023-06-26 10:39:04] INFO: SEQUELIZE
[2023-06-26 10:39:04] INFO: Database connection established successfully
[2023-06-26 10:39:17] INFO: App listening on the port: 5000
[2023-06-26 10:39:17] INFO: SEQUELIZE
[2023-06-26 10:39:17] INFO: Database connection established successfully
[2023-06-26 10:39:22] INFO: POST
[2023-06-26 11:06:15] INFO: App listening on the port: 5000
[2023-06-26 11:06:15] INFO: SEQUELIZE
[2023-06-26 11:06:15] INFO: Database connection established successfully
[2023-06-26 11:06:20] INFO: POST
[2023-06-26 11:06:42] INFO: App listening on the port: 5000
[2023-06-26 11:06:42] INFO: SEQUELIZE
[2023-06-26 11:06:42] INFO: Database connection established successfully
[2023-06-26 11:06:47] INFO: POST
[2023-06-26 11:07:19] INFO: App listening on the port: 5000
[2023-06-26 11:07:19] INFO: SEQUELIZE
[2023-06-26 11:07:19] INFO: Database connection established successfully
[2023-06-26 11:07:24] INFO: POST
[2023-06-26 11:07:45] INFO: App listening on the port: 5000
[2023-06-26 11:07:45] INFO: SEQUELIZE
[2023-06-26 11:07:45] INFO: Database connection established successfully
[2023-06-26 11:07:50] INFO: POST
[2023-06-26 11:08:37] INFO: App listening on the port: 5000
[2023-06-26 11:08:37] INFO: SEQUELIZE
[2023-06-26 11:08:37] INFO: Database connection established successfully
[2023-06-26 11:08:42] INFO: POST
[2023-06-26 11:10:14] INFO: SEQUELIZE
[2023-06-26 11:10:14] INFO: Database connection established successfully
[2023-06-26 11:10:51] INFO: App listening on the port: 5000
[2023-06-26 11:10:51] INFO: SEQUELIZE
[2023-06-26 11:10:51] INFO: Database connection established successfully
[2023-06-26 11:10:56] INFO: POST
[2023-06-26 11:11:15] INFO: SEQUELIZE
[2023-06-26 11:11:15] INFO: Database connection established successfully
[2023-06-26 11:12:20] INFO: App listening on the port: 5000
[2023-06-26 11:12:20] INFO: SEQUELIZE
[2023-06-26 11:12:20] INFO: Database connection established successfully
[2023-06-26 11:12:25] INFO: POST
[2023-06-26 11:12:42] INFO: SEQUELIZE
[2023-06-26 11:12:42] INFO: Database connection established successfully
[2023-06-26 11:13:27] INFO: SEQUELIZE
[2023-06-26 11:13:27] INFO: Database connection established successfully
[2023-06-26 11:13:55] INFO: App listening on the port: 5000
[2023-06-26 11:13:55] INFO: SEQUELIZE
[2023-06-26 11:13:55] INFO: Database connection established successfully
[2023-06-26 11:14:00] INFO: POST
[2023-06-26 11:14:17] INFO: App listening on the port: 5000
[2023-06-26 11:14:17] INFO: SEQUELIZE
[2023-06-26 11:14:17] INFO: Database connection established successfully
[2023-06-26 11:14:28] INFO: SEQUELIZE
[2023-06-26 11:14:28] INFO: Database connection established successfully
[2023-06-26 11:15:02] INFO: App listening on the port: 5000
[2023-06-26 11:15:02] INFO: SEQUELIZE
[2023-06-26 11:15:02] INFO: Database connection established successfully
[2023-06-26 11:15:07] INFO: POST
[2023-06-26 11:16:35] INFO: App listening on the port: 5000
[2023-06-26 11:16:35] INFO: SEQUELIZE
[2023-06-26 11:16:35] INFO: Database connection established successfully
[2023-06-26 11:16:40] INFO: POST
[2023-06-26 11:18:05] INFO: App listening on the port: 5000
[2023-06-26 11:18:05] INFO: SEQUELIZE
[2023-06-26 11:18:05] INFO: Database connection established successfully
[2023-06-26 11:18:10] INFO: POST
[2023-06-26 11:18:54] INFO: App listening on the port: 5000
[2023-06-26 11:18:54] INFO: SEQUELIZE
[2023-06-26 11:18:54] INFO: Database connection established successfully
[2023-06-26 11:18:59] INFO: POST
[2023-06-26 11:19:21] INFO: App listening on the port: 5000
[2023-06-26 11:19:21] INFO: SEQUELIZE
[2023-06-26 11:19:21] INFO: Database connection established successfully
[2023-06-26 11:19:26] INFO: POST
[2023-06-26 11:19:55] INFO: SEQUELIZE
[2023-06-26 11:19:55] INFO: Database connection established successfully
[2023-06-26 11:20:23] INFO: SEQUELIZE
[2023-06-26 11:20:23] INFO: Database connection established successfully
[2023-06-26 11:20:39] INFO: SEQUELIZE
[2023-06-26 11:20:39] INFO: Database connection established successfully
[2023-06-26 11:20:54] INFO: App listening on the port: 5000
[2023-06-26 11:20:54] INFO: SEQUELIZE
[2023-06-26 11:20:54] INFO: Database connection established successfully
[2023-06-26 11:20:59] INFO: POST
[2023-06-26 11:21:19] INFO: App listening on the port: 5000
[2023-06-26 11:21:19] INFO: SEQUELIZE
[2023-06-26 11:21:19] INFO: Database connection established successfully
[2023-06-26 11:21:33] INFO: App listening on the port: 5000
[2023-06-26 11:21:33] INFO: SEQUELIZE
[2023-06-26 11:21:33] INFO: Database connection established successfully
[2023-06-26 11:21:38] INFO: POST
[2023-06-26 11:24:18] INFO: App listening on the port: 5000
[2023-06-26 11:24:18] INFO: SEQUELIZE
[2023-06-26 11:24:18] INFO: Database connection established successfully
[2023-06-26 11:24:23] INFO: POST
[2023-06-26 11:25:08] INFO: SEQUELIZE
[2023-06-26 11:25:08] INFO: Database connection established successfully
[2023-06-26 11:26:35] INFO: SEQUELIZE
[2023-06-26 11:26:35] INFO: Database connection established successfully
[2023-06-26 11:26:46] INFO: SEQUELIZE
[2023-06-26 11:26:46] INFO: Database connection established successfully
[2023-06-26 11:27:37] INFO: App listening on the port: 5000
[2023-06-26 11:27:37] INFO: SEQUELIZE
[2023-06-26 11:27:37] INFO: Database connection established successfully
[2023-06-26 11:28:24] INFO: App listening on the port: 5000
[2023-06-26 11:28:25] INFO: SEQUELIZE
[2023-06-26 11:28:25] INFO: Database connection established successfully
[2023-06-26 11:28:30] INFO: POST
[2023-06-26 11:29:16] INFO: App listening on the port: 5000
[2023-06-26 11:29:16] INFO: SEQUELIZE
[2023-06-26 11:29:16] INFO: Database connection established successfully
[2023-06-26 11:29:21] INFO: POST
[2023-06-26 11:34:04] INFO: SEQUELIZE
[2023-06-26 11:34:04] INFO: Database connection established successfully
[2023-06-26 11:34:47] INFO: App listening on the port: 5000
[2023-06-26 11:34:47] INFO: SEQUELIZE
[2023-06-26 11:34:47] INFO: Database connection established successfully
[2023-06-26 11:34:52] INFO: POST
[2023-06-26 11:37:35] INFO: App listening on the port: 5000
[2023-06-26 11:37:35] INFO: SEQUELIZE
[2023-06-26 11:37:35] INFO: Database connection established successfully
[2023-06-26 11:37:40] INFO: POST
[2023-06-26 11:37:44] INFO: PUT
[2023-06-26 11:37:45] INFO: POST
[2023-06-26 11:38:15] INFO: App listening on the port: 5000
[2023-06-26 11:38:15] INFO: SEQUELIZE
[2023-06-26 11:38:15] INFO: Database connection established successfully
[2023-06-26 11:38:20] INFO: POST
[2023-06-26 11:38:55] INFO: SEQUELIZE
[2023-06-26 11:38:55] INFO: Database connection established successfully
[2023-06-26 11:39:11] INFO: SEQUELIZE
[2023-06-26 11:39:11] INFO: Database connection established successfully
[2023-06-26 11:39:35] INFO: App listening on the port: 5000
[2023-06-26 11:39:35] INFO: SEQUELIZE
[2023-06-26 11:39:35] INFO: Database connection established successfully
[2023-06-26 11:39:40] INFO: POST
[2023-06-26 11:39:59] INFO: SEQUELIZE
[2023-06-26 11:39:59] INFO: SEQUELIZE
[2023-06-26 11:40:00] INFO: SEQUELIZE
[2023-06-26 11:40:00] ERROR: Cannot read properties of undefined (reading 'id')
[2023-06-26 11:40:00] INFO: PUT
[2023-06-26 11:40:00] INFO: POST
[2023-06-26 11:44:58] INFO: App listening on the port: 5000
[2023-06-26 11:44:59] INFO: SEQUELIZE
[2023-06-26 11:44:59] INFO: Database connection established successfully
[2023-06-26 11:45:03] INFO: POST
[2023-06-26 11:45:52] INFO: SEQUELIZE
[2023-06-26 11:45:52] INFO: SEQUELIZE
[2023-06-26 11:45:52] INFO: SEQUELIZE
[2023-06-26 11:45:52] INFO: SEQUELIZE
[2023-06-26 11:45:52] INFO: SEQUELIZE
[2023-06-26 11:45:52] INFO: SEQUELIZE
[2023-06-26 11:45:52] ERROR: newStockRows.sort is not a function
[2023-06-26 11:45:52] INFO: PUT
[2023-06-26 11:45:54] INFO: POST
[2023-06-26 11:46:17] INFO: App listening on the port: 5000
[2023-06-26 11:46:17] INFO: SEQUELIZE
[2023-06-26 11:46:17] INFO: Database connection established successfully
[2023-06-26 11:46:20] INFO: SEQUELIZE
[2023-06-26 11:46:20] INFO: SEQUELIZE
[2023-06-26 11:46:20] INFO: SEQUELIZE
[2023-06-26 11:46:20] INFO: SEQUELIZE
[2023-06-26 11:46:20] INFO: SEQUELIZE
[2023-06-26 11:46:20] INFO: SEQUELIZE
[2023-06-26 11:46:20] INFO: SEQUELIZE
[2023-06-26 11:46:20] INFO: SEQUELIZE
[2023-06-26 11:46:20] INFO: SEQUELIZE
[2023-06-26 11:46:22] INFO: POST
[2023-06-26 11:46:46] INFO: App listening on the port: 5000
[2023-06-26 11:46:46] INFO: SEQUELIZE
[2023-06-26 11:46:46] INFO: Database connection established successfully
[2023-06-26 11:46:51] INFO: POST
[2023-06-26 11:47:41] INFO: App listening on the port: 5000
[2023-06-26 11:47:41] INFO: SEQUELIZE
[2023-06-26 11:47:41] INFO: Database connection established successfully
[2023-06-26 11:47:46] INFO: POST
[2023-06-26 11:48:41] INFO: App listening on the port: 5000
[2023-06-26 11:48:41] INFO: SEQUELIZE
[2023-06-26 11:48:41] INFO: Database connection established successfully
[2023-06-26 11:48:46] INFO: POST
[2023-06-26 11:50:12] INFO: App listening on the port: 5000
[2023-06-26 11:50:12] INFO: SEQUELIZE
[2023-06-26 11:50:12] INFO: Database connection established successfully
[2023-06-26 11:50:17] INFO: POST
[2023-06-26 11:53:20] INFO: App listening on the port: 5000
[2023-06-26 11:53:20] INFO: SEQUELIZE
[2023-06-26 11:53:20] INFO: Database connection established successfully
[2023-06-26 11:53:25] INFO: POST
[2023-06-26 12:27:03] INFO: App listening on the port: 5000
[2023-06-26 12:27:04] INFO: SEQUELIZE
[2023-06-26 12:27:04] INFO: Database connection established successfully
[2023-06-26 12:27:09] INFO: POST
[2023-06-26 13:05:27] INFO: App listening on the port: 5000
[2023-06-26 13:05:28] INFO: SEQUELIZE
[2023-06-26 13:05:28] INFO: Database connection established successfully
[2023-06-26 13:05:32] INFO: POST
[2023-06-26 13:08:14] INFO: App listening on the port: 5000
[2023-06-26 13:08:14] INFO: SEQUELIZE
[2023-06-26 13:08:14] INFO: Database connection established successfully
[2023-06-26 13:08:19] INFO: POST
[2023-06-26 13:09:25] INFO: SEQUELIZE
[2023-06-26 13:09:25] INFO: Database connection established successfully
[2023-06-26 13:09:57] INFO: App listening on the port: 5000
[2023-06-26 13:09:57] INFO: SEQUELIZE
[2023-06-26 13:09:57] INFO: Database connection established successfully
[2023-06-26 13:10:02] INFO: POST
[2023-06-26 13:10:20] INFO: App listening on the port: 5000
[2023-06-26 13:10:20] INFO: SEQUELIZE
[2023-06-26 13:10:20] INFO: Database connection established successfully
[2023-06-26 13:10:25] INFO: POST
[2023-06-26 13:10:54] INFO: App listening on the port: 5000
[2023-06-26 13:10:54] INFO: SEQUELIZE
[2023-06-26 13:10:54] INFO: Database connection established successfully
[2023-06-26 13:10:56] ERROR: Wrong authentication token
[2023-06-26 13:10:56] INFO: PUT
[2023-06-26 13:10:59] INFO: POST
[2023-06-26 13:11:16] INFO: SEQUELIZE
[2023-06-26 13:11:16] INFO: SEQUELIZE
[2023-06-26 13:11:16] INFO: SEQUELIZE
[2023-06-26 13:11:16] INFO: SEQUELIZE
[2023-06-26 13:11:16] INFO: SEQUELIZE
[2023-06-26 13:11:16] INFO: SEQUELIZE
[2023-06-26 13:11:16] INFO: SEQUELIZE
[2023-06-26 13:11:16] INFO: PUT
[2023-06-26 13:11:19] INFO: POST
[2023-06-26 13:12:04] INFO: App listening on the port: 5000
[2023-06-26 13:12:04] INFO: SEQUELIZE
[2023-06-26 13:12:04] INFO: Database connection established successfully
[2023-06-26 13:12:09] INFO: SEQUELIZE
[2023-06-26 13:12:09] INFO: SEQUELIZE
[2023-06-26 13:12:09] INFO: SEQUELIZE
[2023-06-26 13:12:09] INFO: SEQUELIZE
[2023-06-26 13:12:09] INFO: SEQUELIZE
[2023-06-26 13:12:09] INFO: POST
[2023-06-26 13:12:09] INFO: SEQUELIZE
[2023-06-26 13:12:09] INFO: SEQUELIZE
[2023-06-26 13:12:09] INFO: SEQUELIZE
[2023-06-26 13:12:09] INFO: PUT
[2023-06-26 13:12:14] INFO: POST
[2023-06-26 13:13:01] INFO: App listening on the port: 5000
[2023-06-26 13:13:01] INFO: SEQUELIZE
[2023-06-26 13:13:01] INFO: Database connection established successfully
[2023-06-26 13:13:06] INFO: POST
[2023-06-26 13:13:43] INFO: App listening on the port: 5000
[2023-06-26 13:13:43] INFO: SEQUELIZE
[2023-06-26 13:13:43] INFO: Database connection established successfully
[2023-06-26 13:13:48] INFO: POST
[2023-06-26 13:13:49] INFO: SEQUELIZE
[2023-06-26 13:13:49] INFO: SEQUELIZE
[2023-06-26 13:13:49] INFO: SEQUELIZE
[2023-06-26 13:13:49] INFO: SEQUELIZE
[2023-06-26 13:13:49] INFO: SEQUELIZE
[2023-06-26 13:13:49] INFO: SEQUELIZE
[2023-06-26 13:13:49] INFO: PUT
[2023-06-26 13:13:53] INFO: POST
[2023-06-26 13:14:16] INFO: App listening on the port: 5000
[2023-06-26 13:14:16] INFO: SEQUELIZE
[2023-06-26 13:14:16] INFO: Database connection established successfully
[2023-06-26 13:14:21] INFO: POST
[2023-06-26 13:14:23] INFO: SEQUELIZE
[2023-06-26 13:14:23] INFO: SEQUELIZE
[2023-06-26 13:14:23] INFO: SEQUELIZE
[2023-06-26 13:14:23] INFO: SEQUELIZE
[2023-06-26 13:14:23] INFO: SEQUELIZE
[2023-06-26 13:14:23] INFO: SEQUELIZE
[2023-06-26 13:14:23] INFO: PUT
[2023-06-26 13:14:26] INFO: POST
[2023-06-26 13:14:58] ERROR: Unexpected token } in JSON at position 1636
[2023-06-26 13:14:58] INFO: PUT
[2023-06-26 13:15:01] INFO: POST
[2023-06-26 13:15:03] INFO: SEQUELIZE
[2023-06-26 13:15:03] INFO: SEQUELIZE
[2023-06-26 13:15:03] ERROR: Validation error: logo
[2023-06-26 13:15:03] INFO: PUT
[2023-06-26 13:15:06] INFO: POST
[2023-06-26 13:15:13] INFO: SEQUELIZE
[2023-06-26 13:15:13] INFO: SEQUELIZE
[2023-06-26 13:15:13] INFO: SEQUELIZE
[2023-06-26 13:15:13] INFO: SEQUELIZE
[2023-06-26 13:15:14] INFO: SEQUELIZE
[2023-06-26 13:15:14] INFO: SEQUELIZE
[2023-06-26 13:15:14] INFO: PUT
[2023-06-26 13:15:16] INFO: POST
[2023-06-26 13:15:31] INFO: SEQUELIZE
[2023-06-26 13:15:31] INFO: SEQUELIZE
[2023-06-26 13:15:31] INFO: SEQUELIZE
[2023-06-26 13:15:31] INFO: SEQUELIZE
[2023-06-26 13:15:31] INFO: SEQUELIZE
[2023-06-26 13:15:31] INFO: SEQUELIZE
[2023-06-26 13:15:31] INFO: SEQUELIZE
[2023-06-26 13:15:31] INFO: PUT
[2023-06-26 13:15:31] INFO: POST
[2023-06-26 13:17:40] INFO: App listening on the port: 5000
[2023-06-26 13:17:40] INFO: SEQUELIZE
[2023-06-26 13:17:40] INFO: Database connection established successfully
[2023-06-26 13:17:45] INFO: POST
[2023-06-26 15:15:36] INFO: App listening on the port: 5000
[2023-06-26 15:15:36] INFO: SEQUELIZE
[2023-06-26 15:15:36] INFO: Database connection established successfully
[2023-06-26 15:15:41] INFO: POST
[2023-06-26 15:16:16] INFO: App listening on the port: 5000
[2023-06-26 15:16:16] INFO: SEQUELIZE
[2023-06-26 15:16:16] INFO: Database connection established successfully
[2023-06-26 15:16:21] INFO: POST
[2023-06-26 15:17:02] INFO: App listening on the port: 5000
[2023-06-26 15:17:02] INFO: SEQUELIZE
[2023-06-26 15:17:02] INFO: Database connection established successfully
[2023-06-26 15:17:07] INFO: POST
[2023-06-26 15:18:58] INFO: App listening on the port: 5000
[2023-06-26 15:18:58] INFO: SEQUELIZE
[2023-06-26 15:18:58] INFO: Database connection established successfully
[2023-06-26 15:19:03] INFO: POST
[2023-06-26 15:20:06] INFO: App listening on the port: 5000
[2023-06-26 15:20:06] INFO: SEQUELIZE
[2023-06-26 15:20:06] INFO: Database connection established successfully
[2023-06-26 15:20:11] INFO: POST
[2023-06-26 15:21:50] INFO: SEQUELIZE
[2023-06-26 15:21:50] INFO: Database connection established successfully
[2023-06-26 15:22:54] INFO: App listening on the port: 5000
[2023-06-26 15:22:54] INFO: SEQUELIZE
[2023-06-26 15:22:54] INFO: Database connection established successfully
[2023-06-26 15:22:59] INFO: POST
[2023-06-26 15:23:27] INFO: App listening on the port: 5000
[2023-06-26 15:23:27] INFO: SEQUELIZE
[2023-06-26 15:23:27] INFO: Database connection established successfully
[2023-06-26 15:23:32] INFO: POST
[2023-06-26 15:24:59] INFO: SEQUELIZE
[2023-06-26 15:24:59] INFO: Database connection established successfully
[2023-06-26 15:25:48] INFO: App listening on the port: 5000
[2023-06-26 15:25:49] INFO: SEQUELIZE
[2023-06-26 15:25:49] INFO: Database connection established successfully
[2023-06-26 15:25:53] INFO: POST
[2023-06-26 15:26:23] INFO: App listening on the port: 5000
[2023-06-26 15:26:23] INFO: SEQUELIZE
[2023-06-26 15:26:23] INFO: Database connection established successfully
[2023-06-26 15:26:28] INFO: POST
[2023-06-26 15:27:27] INFO: App listening on the port: 5000
[2023-06-26 15:27:27] INFO: SEQUELIZE
[2023-06-26 15:27:27] INFO: Database connection established successfully
[2023-06-26 15:27:32] INFO: POST
[2023-06-26 15:28:09] INFO: App listening on the port: 5000
[2023-06-26 15:28:09] INFO: SEQUELIZE
[2023-06-26 15:28:09] INFO: Database connection established successfully
[2023-06-26 15:28:30] INFO: App listening on the port: 5000
[2023-06-26 15:28:30] INFO: SEQUELIZE
[2023-06-26 15:28:30] INFO: Database connection established successfully
[2023-06-26 15:28:49] INFO: App listening on the port: 5000
[2023-06-26 15:28:49] INFO: SEQUELIZE
[2023-06-26 15:28:49] INFO: Database connection established successfully
[2023-06-26 15:28:54] INFO: POST
[2023-06-26 15:29:18] INFO: App listening on the port: 5000
[2023-06-26 15:29:18] INFO: SEQUELIZE
[2023-06-26 15:29:18] INFO: Database connection established successfully
[2023-06-26 15:29:23] INFO: POST
[2023-06-26 15:39:31] INFO: App listening on the port: 5000
[2023-06-26 15:39:31] INFO: SEQUELIZE
[2023-06-26 15:39:31] INFO: Database connection established successfully
[2023-06-26 15:39:36] INFO: POST
[2023-06-26 17:44:22] INFO: App listening on the port: 5000
[2023-06-26 17:44:22] INFO: SEQUELIZE
[2023-06-26 17:44:22] INFO: Database connection established successfully
[2023-06-26 17:44:27] INFO: POST
