[2023-05-26 13:20:58] INFO: App listening on the port: 5000
[2023-05-26 13:20:58] INFO: SEQUELIZE
[2023-05-26 13:20:58] INFO: Database connection established successfully
[2023-05-26 13:21:03] INFO: POST
[2023-05-26 13:21:04] INFO: SEQUELIZE
[2023-05-26 13:21:04] INFO: SEQUELIZE
[2023-05-26 13:21:04] INFO: SEQUELIZE
[2023-05-26 13:21:04] ERROR: Validation error: taxInclusive
[2023-05-26 13:21:04] INFO: PUT
[2023-05-26 13:21:08] INFO: POST
[2023-05-26 13:21:23] INFO: SEQUELIZE
[2023-05-26 13:21:23] INFO: SEQUELIZE
[2023-05-26 13:21:23] INFO: SEQUELIZE
[2023-05-26 13:21:23] INFO: SEQUELIZE
[2023-05-26 13:21:23] INFO: PUT
[2023-05-26 13:21:28] INFO: POST
[2023-05-26 13:22:26] INFO: SEQUELIZE
[2023-05-26 13:22:26] INFO: SEQUELIZE
[2023-05-26 13:22:26] INFO: SEQUELIZE
[2023-05-26 13:22:26] INFO: SEQUELIZE
[2023-05-26 13:22:26] INFO: PUT
[2023-05-26 13:22:28] INFO: POST
[2023-05-26 13:23:23] INFO: SEQUELIZE
[2023-05-26 13:23:23] INFO: SEQUELIZE
[2023-05-26 13:23:23] INFO: SEQUELIZE
[2023-05-26 13:23:23] INFO: SEQUELIZE
[2023-05-26 13:23:23] INFO: PUT
[2023-05-26 13:23:23] INFO: POST
[2023-05-26 13:23:39] INFO: SEQUELIZE
[2023-05-26 13:23:39] INFO: SEQUELIZE
[2023-05-26 13:23:39] INFO: SEQUELIZE
[2023-05-26 13:23:39] INFO: SEQUELIZE
[2023-05-26 13:23:39] INFO: GET
[2023-05-26 13:23:43] INFO: POST
[2023-05-26 13:24:19] INFO: SEQUELIZE
[2023-05-26 13:24:19] INFO: SEQUELIZE
[2023-05-26 13:24:19] INFO: SEQUELIZE
[2023-05-26 13:24:19] INFO: GET
[2023-05-26 13:24:23] INFO: POST
[2023-05-26 13:24:59] INFO: SEQUELIZE
[2023-05-26 13:24:59] INFO: SEQUELIZE
[2023-05-26 13:24:59] INFO: SEQUELIZE
[2023-05-26 13:24:59] INFO: GET
[2023-05-26 13:25:03] INFO: POST
[2023-05-26 13:25:36] INFO: SEQUELIZE
[2023-05-26 13:25:36] INFO: SEQUELIZE
[2023-05-26 13:25:36] INFO: SEQUELIZE
[2023-05-26 13:25:36] INFO: SEQUELIZE
[2023-05-26 13:25:36] INFO: SEQUELIZE
[2023-05-26 13:25:36] INFO: SEQUELIZE
[2023-05-26 13:25:37] INFO: SEQUELIZE
[2023-05-26 13:25:37] INFO: SEQUELIZE
[2023-05-26 13:25:37] INFO: SEQUELIZE
[2023-05-26 13:25:37] INFO: SEQUELIZE
[2023-05-26 13:25:37] INFO: POST
[2023-05-26 13:25:39] INFO: POST
[2023-05-26 13:26:21] INFO: SEQUELIZE
[2023-05-26 13:26:21] INFO: SEQUELIZE
[2023-05-26 13:26:21] INFO: SEQUELIZE
[2023-05-26 13:26:21] INFO: SEQUELIZE
[2023-05-26 13:26:21] INFO: SEQUELIZE
[2023-05-26 13:26:21] INFO: SEQUELIZE
[2023-05-26 13:26:21] INFO: SEQUELIZE
[2023-05-26 13:26:21] INFO: SEQUELIZE
[2023-05-26 13:26:21] INFO: SEQUELIZE
[2023-05-26 13:26:21] INFO: POST
[2023-05-26 13:26:24] INFO: POST
[2023-05-26 13:26:45] INFO: SEQUELIZE
[2023-05-26 13:26:45] INFO: SEQUELIZE
[2023-05-26 13:26:45] INFO: SEQUELIZE
[2023-05-26 13:26:45] INFO: SEQUELIZE
[2023-05-26 13:26:45] INFO: SEQUELIZE
[2023-05-26 13:26:45] INFO: SEQUELIZE
[2023-05-26 13:26:45] ERROR: The status is closed, you cannot edit data
[2023-05-26 13:26:45] INFO: PUT
[2023-05-26 13:26:49] INFO: POST
[2023-05-26 13:27:11] INFO: SEQUELIZE
[2023-05-26 13:27:11] INFO: SEQUELIZE
[2023-05-26 13:27:11] INFO: SEQUELIZE
[2023-05-26 13:27:11] INFO: SEQUELIZE
[2023-05-26 13:27:11] INFO: SEQUELIZE
[2023-05-26 13:27:12] INFO: SEQUELIZE
[2023-05-26 13:27:12] INFO: SEQUELIZE
[2023-05-26 13:27:12] INFO: SEQUELIZE
[2023-05-26 13:27:12] INFO: SEQUELIZE
[2023-05-26 13:27:12] INFO: SEQUELIZE
[2023-05-26 13:27:12] INFO: SEQUELIZE
[2023-05-26 13:27:12] INFO: SEQUELIZE
[2023-05-26 13:27:12] INFO: PUT
[2023-05-26 13:27:14] INFO: POST
[2023-05-26 13:27:40] INFO: SEQUELIZE
[2023-05-26 13:27:40] INFO: SEQUELIZE
[2023-05-26 13:27:40] INFO: SEQUELIZE
[2023-05-26 13:27:40] INFO: SEQUELIZE
[2023-05-26 13:27:40] INFO: SEQUELIZE
[2023-05-26 13:27:40] INFO: SEQUELIZE
[2023-05-26 13:27:40] INFO: SEQUELIZE
[2023-05-26 13:27:40] INFO: SEQUELIZE
[2023-05-26 13:27:40] INFO: SEQUELIZE
[2023-05-26 13:27:40] INFO: SEQUELIZE
[2023-05-26 13:27:40] INFO: SEQUELIZE
[2023-05-26 13:27:40] INFO: SEQUELIZE
[2023-05-26 13:27:40] INFO: PUT
[2023-05-26 13:27:44] INFO: POST
[2023-05-26 13:33:51] INFO: App listening on the port: 5000
[2023-05-26 13:33:51] INFO: SEQUELIZE
[2023-05-26 13:33:51] INFO: Database connection established successfully
[2023-05-26 13:33:56] INFO: POST
[2023-05-26 13:34:43] INFO: SEQUELIZE
[2023-05-26 13:34:43] INFO: SEQUELIZE
[2023-05-26 13:34:44] INFO: SEQUELIZE
[2023-05-26 13:34:44] INFO: SEQUELIZE
[2023-05-26 13:34:44] INFO: PUT
[2023-05-26 13:34:44] INFO: SEQUELIZE
[2023-05-26 13:34:46] INFO: SEQUELIZE
[2023-05-26 13:34:46] INFO: SEQUELIZE
[2023-05-26 13:34:46] INFO: SEQUELIZE
[2023-05-26 13:34:46] INFO: SEQUELIZE
[2023-05-26 13:34:46] INFO: PUT
[2023-05-26 13:34:46] INFO: SEQUELIZE
[2023-05-26 13:34:47] INFO: POST
[2023-05-26 13:35:24] INFO: SEQUELIZE
[2023-05-26 13:35:24] INFO: SEQUELIZE
[2023-05-26 13:35:24] INFO: SEQUELIZE
[2023-05-26 13:35:24] INFO: SEQUELIZE
[2023-05-26 13:35:24] INFO: SEQUELIZE
[2023-05-26 13:35:24] INFO: SEQUELIZE
[2023-05-26 13:35:24] ERROR: The status is closed, you cannot edit data
[2023-05-26 13:35:24] INFO: PUT
[2023-05-26 13:35:27] INFO: POST
