[2023-06-23 09:33:37] INFO: App listening on the port: 5000
[2023-06-23 09:33:37] INFO: SEQUELIZE
[2023-06-23 09:33:37] INFO: Database connection established successfully
[2023-06-23 09:33:42] INFO: POST
[2023-06-23 09:35:00] INFO: SEQUELIZE
[2023-06-23 09:35:00] INFO: Database connection established successfully
[2023-06-23 09:35:15] ERROR: Wrong authentication token
[2023-06-23 09:35:15] INFO: GET
[2023-06-23 09:35:17] INFO: POST
[2023-06-23 09:35:37] INFO: SEQUELIZE
[2023-06-23 09:35:37] INFO: SEQUELIZE
[2023-06-23 09:35:37] INFO: SEQUELIZE
[2023-06-23 09:35:37] INFO: SEQUELIZE
[2023-06-23 09:35:37] INFO: GET
[2023-06-23 09:35:37] INFO: POST
[2023-06-23 09:36:14] INFO: SEQUELIZE
[2023-06-23 09:36:14] INFO: SEQUELIZE
[2023-06-23 09:36:14] INFO: SEQUELIZE
[2023-06-23 09:36:14] INFO: SEQUELIZE
[2023-06-23 09:36:14] INFO: SEQUELIZE
[2023-06-23 09:36:14] INFO: SEQUELIZE
[2023-06-23 09:36:14] ERROR: Could not create invoice with all automatic changes!
[2023-06-23 09:36:14] INFO: POST
[2023-06-23 09:36:17] INFO: POST
[2023-06-23 09:36:20] INFO: SEQUELIZE
[2023-06-23 09:36:20] INFO: SEQUELIZE
[2023-06-23 09:36:20] INFO: SEQUELIZE
[2023-06-23 09:36:20] INFO: SEQUELIZE
[2023-06-23 09:36:20] INFO: SEQUELIZE
[2023-06-23 09:36:20] INFO: SEQUELIZE
[2023-06-23 09:36:20] INFO: SEQUELIZE
[2023-06-23 09:36:22] INFO: POST
[2023-06-23 09:36:24] INFO: SEQUELIZE
[2023-06-23 09:36:24] INFO: SEQUELIZE
[2023-06-23 09:36:24] INFO: SEQUELIZE
[2023-06-23 09:36:24] INFO: SEQUELIZE
[2023-06-23 09:36:24] INFO: SEQUELIZE
[2023-06-23 09:36:24] INFO: SEQUELIZE
[2023-06-23 09:36:24] INFO: POST
[2023-06-23 09:36:27] INFO: POST
[2023-06-23 09:36:41] INFO: SEQUELIZE
[2023-06-23 09:36:41] INFO: SEQUELIZE
[2023-06-23 09:36:41] INFO: SEQUELIZE
[2023-06-23 09:36:41] INFO: GET
[2023-06-23 09:36:42] INFO: POST
[2023-06-23 09:37:53] INFO: SEQUELIZE
[2023-06-23 09:37:53] INFO: SEQUELIZE
[2023-06-23 09:37:53] INFO: SEQUELIZE
[2023-06-23 09:37:53] INFO: SEQUELIZE
[2023-06-23 09:37:53] INFO: SEQUELIZE
[2023-06-23 09:37:53] INFO: SEQUELIZE
[2023-06-23 09:37:53] ERROR: Could not create creditNote!
[2023-06-23 09:37:53] INFO: POST
[2023-06-23 09:37:58] INFO: POST
[2023-06-23 09:39:18] INFO: SEQUELIZE
[2023-06-23 09:39:18] INFO: SEQUELIZE
[2023-06-23 09:39:18] INFO: SEQUELIZE
[2023-06-23 09:39:18] INFO: SEQUELIZE
[2023-06-23 09:39:18] INFO: SEQUELIZE
[2023-06-23 09:39:18] INFO: SEQUELIZE
[2023-06-23 09:39:18] INFO: SEQUELIZE
[2023-06-23 09:39:18] ERROR: Could not create creditNote!
[2023-06-23 09:39:18] INFO: POST
[2023-06-23 09:39:23] INFO: POST
[2023-06-23 09:39:37] INFO: SEQUELIZE
[2023-06-23 09:39:37] INFO: SEQUELIZE
[2023-06-23 09:39:37] INFO: SEQUELIZE
[2023-06-23 09:39:37] INFO: SEQUELIZE
[2023-06-23 09:39:37] INFO: SEQUELIZE
[2023-06-23 09:39:37] INFO: SEQUELIZE
[2023-06-23 09:39:37] INFO: SEQUELIZE
[2023-06-23 09:39:38] INFO: POST
[2023-06-23 09:39:38] INFO: SEQUELIZE
[2023-06-23 09:39:38] INFO: SEQUELIZE
[2023-06-23 09:39:38] INFO: SEQUELIZE
[2023-06-23 09:39:38] INFO: SEQUELIZE
[2023-06-23 09:39:38] INFO: POST
[2023-06-23 09:39:43] INFO: POST
[2023-06-23 09:41:16] INFO: SEQUELIZE
[2023-06-23 09:41:16] INFO: SEQUELIZE
[2023-06-23 09:41:16] INFO: SEQUELIZE
[2023-06-23 09:41:16] INFO: GET
[2023-06-23 09:41:18] INFO: POST
[2023-06-23 09:41:20] INFO: SEQUELIZE
[2023-06-23 09:41:20] INFO: SEQUELIZE
[2023-06-23 09:41:20] INFO: SEQUELIZE
[2023-06-23 09:41:20] INFO: SEQUELIZE
[2023-06-23 09:41:20] INFO: GET
[2023-06-23 09:41:23] INFO: POST
[2023-06-23 09:42:34] INFO: SEQUELIZE
[2023-06-23 09:42:34] INFO: SEQUELIZE
[2023-06-23 09:42:34] INFO: SEQUELIZE
[2023-06-23 09:42:34] INFO: SEQUELIZE
[2023-06-23 09:42:34] INFO: GET
[2023-06-23 09:42:38] INFO: POST
[2023-06-23 09:43:56] INFO: SEQUELIZE
[2023-06-23 09:43:56] INFO: SEQUELIZE
[2023-06-23 09:43:56] INFO: SEQUELIZE
[2023-06-23 09:43:56] ERROR: Could not find outbound shipment!
[2023-06-23 09:43:56] INFO: GET
[2023-06-23 09:43:58] INFO: POST
[2023-06-23 09:44:08] INFO: SEQUELIZE
[2023-06-23 09:44:08] INFO: SEQUELIZE
[2023-06-23 09:44:08] INFO: SEQUELIZE
[2023-06-23 09:44:08] INFO: GET
[2023-06-23 09:44:09] INFO: POST
[2023-06-23 09:48:56] INFO: App listening on the port: 5000
[2023-06-23 09:48:56] INFO: SEQUELIZE
[2023-06-23 09:48:56] INFO: Database connection established successfully
[2023-06-23 09:49:01] INFO: POST
[2023-06-23 09:49:27] INFO: SEQUELIZE
[2023-06-23 09:49:27] INFO: SEQUELIZE
[2023-06-23 09:49:27] INFO: SEQUELIZE
[2023-06-23 09:49:27] INFO: SEQUELIZE
[2023-06-23 09:49:27] INFO: GET
[2023-06-23 09:49:31] INFO: POST
[2023-06-23 09:49:42] INFO: SEQUELIZE
[2023-06-23 09:49:42] INFO: SEQUELIZE
[2023-06-23 09:49:42] INFO: SEQUELIZE
[2023-06-23 09:49:42] INFO: GET
[2023-06-23 09:49:46] INFO: POST
[2023-06-23 09:52:48] INFO: SEQUELIZE
[2023-06-23 09:52:48] INFO: SEQUELIZE
[2023-06-23 09:52:48] INFO: SEQUELIZE
[2023-06-23 09:52:48] INFO: SEQUELIZE
[2023-06-23 09:52:48] INFO: GET
[2023-06-23 09:52:51] INFO: POST
[2023-06-23 09:52:52] INFO: SEQUELIZE
[2023-06-23 09:52:52] INFO: SEQUELIZE
[2023-06-23 09:52:52] INFO: SEQUELIZE
[2023-06-23 09:52:52] INFO: GET
[2023-06-23 09:52:56] INFO: POST
[2023-06-23 09:53:23] INFO: SEQUELIZE
[2023-06-23 09:53:23] INFO: SEQUELIZE
[2023-06-23 09:53:23] INFO: SEQUELIZE
[2023-06-23 09:53:23] INFO: SEQUELIZE
[2023-06-23 09:53:23] INFO: SEQUELIZE
[2023-06-23 09:53:23] INFO: SEQUELIZE
[2023-06-23 09:53:23] INFO: SEQUELIZE
[2023-06-23 09:53:23] INFO: SEQUELIZE
[2023-06-23 09:53:23] INFO: POST
[2023-06-23 09:53:26] INFO: POST
[2023-06-23 09:53:27] INFO: SEQUELIZE
[2023-06-23 09:53:27] INFO: SEQUELIZE
[2023-06-23 09:53:27] INFO: SEQUELIZE
[2023-06-23 09:53:27] INFO: SEQUELIZE
[2023-06-23 09:53:28] INFO: SEQUELIZE
[2023-06-23 09:53:28] INFO: SEQUELIZE
[2023-06-23 09:53:28] INFO: SEQUELIZE
[2023-06-23 09:53:28] INFO: SEQUELIZE
[2023-06-23 09:53:28] INFO: SEQUELIZE
[2023-06-23 09:53:28] INFO: SEQUELIZE
[2023-06-23 09:53:28] INFO: SEQUELIZE
[2023-06-23 09:53:28] INFO: PUT
[2023-06-23 09:53:31] INFO: POST
[2023-06-23 09:56:03] INFO: App listening on the port: 5000
[2023-06-23 09:56:03] INFO: SEQUELIZE
[2023-06-23 09:56:03] INFO: Database connection established successfully
[2023-06-23 09:56:08] INFO: POST
[2023-06-23 09:56:21] INFO: App listening on the port: 5000
[2023-06-23 09:56:21] INFO: SEQUELIZE
[2023-06-23 09:56:21] INFO: Database connection established successfully
[2023-06-23 09:56:26] INFO: POST
[2023-06-23 09:56:49] INFO: App listening on the port: 5000
[2023-06-23 09:56:49] INFO: SEQUELIZE
[2023-06-23 09:56:49] INFO: Database connection established successfully
[2023-06-23 09:57:05] INFO: App listening on the port: 5000
[2023-06-23 09:57:05] INFO: SEQUELIZE
[2023-06-23 09:57:05] INFO: Database connection established successfully
[2023-06-23 09:57:10] INFO: POST
[2023-06-23 09:57:52] INFO: App listening on the port: 5000
[2023-06-23 09:57:52] INFO: SEQUELIZE
[2023-06-23 09:57:52] INFO: Database connection established successfully
[2023-06-23 09:57:57] INFO: POST
[2023-06-23 09:58:27] INFO: App listening on the port: 5000
[2023-06-23 09:58:28] INFO: SEQUELIZE
[2023-06-23 09:58:28] INFO: Database connection established successfully
[2023-06-23 09:58:33] INFO: POST
[2023-06-23 10:18:32] INFO: App listening on the port: 5000
[2023-06-23 10:18:32] INFO: SEQUELIZE
[2023-06-23 10:18:32] INFO: Database connection established successfully
[2023-06-23 10:18:37] INFO: POST
[2023-06-23 10:26:03] INFO: App listening on the port: 5000
[2023-06-23 10:26:03] INFO: SEQUELIZE
[2023-06-23 10:26:03] INFO: Database connection established successfully
[2023-06-23 10:26:08] INFO: POST
[2023-06-23 10:26:23] INFO: App listening on the port: 5000
[2023-06-23 10:26:23] INFO: SEQUELIZE
[2023-06-23 10:26:23] INFO: Database connection established successfully
[2023-06-23 10:27:01] INFO: App listening on the port: 5000
[2023-06-23 10:27:01] INFO: SEQUELIZE
[2023-06-23 10:27:01] INFO: Database connection established successfully
[2023-06-23 10:27:29] INFO: App listening on the port: 5000
[2023-06-23 10:27:29] INFO: SEQUELIZE
[2023-06-23 10:27:29] INFO: Database connection established successfully
[2023-06-23 10:27:34] INFO: POST
[2023-06-23 10:31:03] INFO: App listening on the port: 5000
[2023-06-23 10:31:03] INFO: SEQUELIZE
[2023-06-23 10:31:03] INFO: Database connection established successfully
[2023-06-23 10:31:08] INFO: POST
[2023-06-23 10:32:03] INFO: App listening on the port: 5000
[2023-06-23 10:32:03] INFO: SEQUELIZE
[2023-06-23 10:32:03] INFO: Database connection established successfully
[2023-06-23 10:32:08] INFO: POST
[2023-06-23 10:32:55] INFO: App listening on the port: 5000
[2023-06-23 10:32:55] INFO: SEQUELIZE
[2023-06-23 10:32:55] INFO: Database connection established successfully
[2023-06-23 10:33:00] INFO: POST
[2023-06-23 10:33:31] INFO: App listening on the port: 5000
[2023-06-23 10:33:43] INFO: App listening on the port: 5000
[2023-06-23 10:33:43] INFO: SEQUELIZE
[2023-06-23 10:33:43] INFO: Database connection established successfully
[2023-06-23 10:33:48] INFO: POST
[2023-06-23 10:34:17] INFO: App listening on the port: 5000
[2023-06-23 10:34:17] INFO: SEQUELIZE
[2023-06-23 10:34:17] INFO: Database connection established successfully
[2023-06-23 10:34:22] INFO: POST
[2023-06-23 10:34:50] INFO: App listening on the port: 5000
[2023-06-23 10:34:50] INFO: SEQUELIZE
[2023-06-23 10:34:50] INFO: Database connection established successfully
[2023-06-23 10:34:55] INFO: POST
[2023-06-23 10:37:09] INFO: App listening on the port: 5000
[2023-06-23 10:37:09] INFO: SEQUELIZE
[2023-06-23 10:37:09] INFO: Database connection established successfully
[2023-06-23 10:37:14] INFO: POST
[2023-06-23 10:37:45] INFO: App listening on the port: 5000
[2023-06-23 10:37:45] INFO: SEQUELIZE
[2023-06-23 10:37:45] INFO: Database connection established successfully
[2023-06-23 10:37:50] INFO: POST
[2023-06-23 10:38:33] INFO: App listening on the port: 5000
[2023-06-23 10:38:33] INFO: SEQUELIZE
[2023-06-23 10:38:33] INFO: Database connection established successfully
[2023-06-23 10:38:38] INFO: POST
[2023-06-23 10:40:43] INFO: App listening on the port: 5000
[2023-06-23 10:40:43] INFO: SEQUELIZE
[2023-06-23 10:40:43] INFO: Database connection established successfully
[2023-06-23 10:40:48] INFO: POST
[2023-06-23 10:41:01] INFO: SEQUELIZE
[2023-06-23 10:41:01] INFO: SEQUELIZE
[2023-06-23 10:41:01] INFO: SEQUELIZE
[2023-06-23 10:41:01] INFO: SEQUELIZE
[2023-06-23 10:41:01] INFO: GET
[2023-06-23 10:41:03] INFO: POST
[2023-06-23 10:41:04] INFO: SEQUELIZE
[2023-06-23 10:41:04] INFO: SEQUELIZE
[2023-06-23 10:41:04] INFO: SEQUELIZE
[2023-06-23 10:41:04] INFO: GET
[2023-06-23 10:41:07] INFO: SEQUELIZE
[2023-06-23 10:41:07] INFO: SEQUELIZE
[2023-06-23 10:41:07] INFO: SEQUELIZE
[2023-06-23 10:41:07] INFO: SEQUELIZE
[2023-06-23 10:41:07] INFO: SEQUELIZE
[2023-06-23 10:41:07] INFO: SEQUELIZE
[2023-06-23 10:41:07] INFO: SEQUELIZE
[2023-06-23 10:41:08] INFO: SEQUELIZE
[2023-06-23 10:41:08] INFO: POST
[2023-06-23 10:41:08] INFO: POST
[2023-06-23 10:44:51] INFO: SEQUELIZE
[2023-06-23 10:44:51] INFO: SEQUELIZE
[2023-06-23 10:44:51] INFO: SEQUELIZE
[2023-06-23 10:44:51] INFO: GET
[2023-06-23 10:44:53] INFO: POST
[2023-06-23 10:44:56] INFO: SEQUELIZE
[2023-06-23 10:44:56] INFO: SEQUELIZE
[2023-06-23 10:44:56] INFO: SEQUELIZE
[2023-06-23 10:44:56] INFO: SEQUELIZE
[2023-06-23 10:44:56] INFO: SEQUELIZE
[2023-06-23 10:44:56] INFO: SEQUELIZE
[2023-06-23 10:44:56] ERROR: Could not create invoice with all automatic changes!
[2023-06-23 10:44:56] INFO: POST
[2023-06-23 10:44:58] INFO: POST
[2023-06-23 10:45:05] INFO: SEQUELIZE
[2023-06-23 10:45:05] INFO: SEQUELIZE
[2023-06-23 10:45:05] INFO: SEQUELIZE
[2023-06-23 10:45:05] INFO: SEQUELIZE
[2023-06-23 10:45:05] INFO: SEQUELIZE
[2023-06-23 10:45:05] INFO: SEQUELIZE
[2023-06-23 10:45:05] INFO: SEQUELIZE
[2023-06-23 10:45:08] INFO: POST
[2023-06-23 10:45:29] INFO: SEQUELIZE
[2023-06-23 10:45:29] INFO: SEQUELIZE
[2023-06-23 10:45:29] INFO: SEQUELIZE
[2023-06-23 10:45:29] INFO: SEQUELIZE
[2023-06-23 10:45:29] INFO: SEQUELIZE
[2023-06-23 10:45:29] INFO: SEQUELIZE
[2023-06-23 10:45:29] INFO: POST
[2023-06-23 10:45:33] INFO: POST
[2023-06-23 10:48:08] INFO: App listening on the port: 5000
[2023-06-23 10:48:08] INFO: SEQUELIZE
[2023-06-23 10:48:08] INFO: Database connection established successfully
[2023-06-23 10:48:13] INFO: POST
[2023-06-23 10:48:43] INFO: App listening on the port: 5000
[2023-06-23 10:48:43] INFO: SEQUELIZE
[2023-06-23 10:48:43] INFO: Database connection established successfully
[2023-06-23 10:48:48] INFO: POST
[2023-06-23 10:49:01] INFO: App listening on the port: 5000
[2023-06-23 10:49:01] INFO: SEQUELIZE
[2023-06-23 10:49:01] INFO: Database connection established successfully
[2023-06-23 10:49:06] INFO: POST
[2023-06-23 10:49:19] INFO: App listening on the port: 5000
[2023-06-23 10:49:20] INFO: SEQUELIZE
[2023-06-23 10:49:20] INFO: Database connection established successfully
[2023-06-23 10:49:25] INFO: POST
[2023-06-23 10:49:59] INFO: App listening on the port: 5000
[2023-06-23 10:49:59] INFO: SEQUELIZE
[2023-06-23 10:49:59] INFO: Database connection established successfully
[2023-06-23 10:50:04] INFO: POST
[2023-06-23 10:50:33] INFO: App listening on the port: 5000
[2023-06-23 10:50:33] INFO: SEQUELIZE
[2023-06-23 10:50:33] INFO: Database connection established successfully
[2023-06-23 10:50:38] INFO: POST
[2023-06-23 10:53:02] INFO: SEQUELIZE
[2023-06-23 10:53:02] INFO: SEQUELIZE
[2023-06-23 10:53:02] INFO: SEQUELIZE
[2023-06-23 10:53:02] INFO: SEQUELIZE
[2023-06-23 10:53:02] INFO: GET
[2023-06-23 10:53:03] INFO: POST
[2023-06-23 10:53:14] INFO: SEQUELIZE
[2023-06-23 10:53:14] INFO: SEQUELIZE
[2023-06-23 10:53:14] INFO: SEQUELIZE
[2023-06-23 10:53:14] INFO: SEQUELIZE
[2023-06-23 10:53:14] INFO: GET
[2023-06-23 10:53:18] INFO: POST
[2023-06-23 10:54:18] INFO: App listening on the port: 5000
[2023-06-23 10:54:18] INFO: SEQUELIZE
[2023-06-23 10:54:18] INFO: Database connection established successfully
[2023-06-23 10:54:20] INFO: SEQUELIZE
[2023-06-23 10:54:20] INFO: SEQUELIZE
[2023-06-23 10:54:20] INFO: SEQUELIZE
[2023-06-23 10:54:20] INFO: SEQUELIZE
[2023-06-23 10:54:20] INFO: GET
[2023-06-23 10:54:23] INFO: POST
[2023-06-23 10:54:31] INFO: SEQUELIZE
[2023-06-23 10:54:31] INFO: SEQUELIZE
[2023-06-23 10:54:31] INFO: SEQUELIZE
[2023-06-23 10:54:31] INFO: GET
[2023-06-23 10:54:33] INFO: POST
[2023-06-23 10:54:34] INFO: SEQUELIZE
[2023-06-23 10:54:34] INFO: SEQUELIZE
[2023-06-23 10:54:34] INFO: SEQUELIZE
[2023-06-23 10:54:34] INFO: SEQUELIZE
[2023-06-23 10:54:34] INFO: SEQUELIZE
[2023-06-23 10:54:34] INFO: SEQUELIZE
[2023-06-23 10:54:34] INFO: SEQUELIZE
[2023-06-23 10:54:36] INFO: SEQUELIZE
[2023-06-23 10:54:36] INFO: SEQUELIZE
[2023-06-23 10:54:36] INFO: SEQUELIZE
[2023-06-23 10:54:36] INFO: SEQUELIZE
[2023-06-23 10:54:36] INFO: SEQUELIZE
[2023-06-23 10:54:37] INFO: SEQUELIZE
[2023-06-23 10:54:37] INFO: POST
[2023-06-23 10:54:38] INFO: POST
[2023-06-23 10:54:41] INFO: SEQUELIZE
[2023-06-23 10:54:41] INFO: SEQUELIZE
[2023-06-23 10:54:41] INFO: SEQUELIZE
[2023-06-23 10:54:41] INFO: SEQUELIZE
[2023-06-23 10:54:41] INFO: GET
[2023-06-23 10:54:43] INFO: POST
[2023-06-23 10:54:46] INFO: SEQUELIZE
[2023-06-23 10:54:46] INFO: SEQUELIZE
[2023-06-23 10:54:46] INFO: SEQUELIZE
[2023-06-23 10:54:46] INFO: GET
[2023-06-23 10:54:48] INFO: POST
[2023-06-23 10:54:51] INFO: SEQUELIZE
[2023-06-23 10:54:51] INFO: SEQUELIZE
[2023-06-23 10:54:51] INFO: SEQUELIZE
[2023-06-23 10:54:51] INFO: SEQUELIZE
[2023-06-23 10:54:51] INFO: SEQUELIZE
[2023-06-23 10:54:52] INFO: SEQUELIZE
[2023-06-23 10:54:52] ERROR: Could not create creditNote!
[2023-06-23 10:54:52] INFO: POST
[2023-06-23 10:54:53] INFO: POST
[2023-06-23 10:54:57] INFO: SEQUELIZE
[2023-06-23 10:54:57] INFO: SEQUELIZE
[2023-06-23 10:54:57] INFO: SEQUELIZE
[2023-06-23 10:54:57] INFO: SEQUELIZE
[2023-06-23 10:54:57] INFO: SEQUELIZE
[2023-06-23 10:54:57] INFO: SEQUELIZE
[2023-06-23 10:54:57] INFO: SEQUELIZE
[2023-06-23 10:54:58] INFO: SEQUELIZE
[2023-06-23 10:54:58] INFO: SEQUELIZE
[2023-06-23 10:54:58] INFO: SEQUELIZE
[2023-06-23 10:54:58] INFO: SEQUELIZE
[2023-06-23 10:54:58] INFO: POST
[2023-06-23 10:54:58] INFO: POST
[2023-06-23 11:02:39] INFO: App listening on the port: 5000
[2023-06-23 11:02:39] INFO: SEQUELIZE
[2023-06-23 11:02:39] INFO: Database connection established successfully
[2023-06-23 11:02:51] INFO: App listening on the port: 5000
[2023-06-23 11:02:51] INFO: SEQUELIZE
[2023-06-23 11:02:51] INFO: Database connection established successfully
[2023-06-23 11:02:56] INFO: POST
[2023-06-23 11:05:21] INFO: App listening on the port: 5000
[2023-06-23 11:05:21] INFO: SEQUELIZE
[2023-06-23 11:05:21] INFO: Database connection established successfully
[2023-06-23 11:05:26] INFO: POST
[2023-06-23 11:45:09] INFO: App listening on the port: 5000
[2023-06-23 11:45:09] INFO: SEQUELIZE
[2023-06-23 11:45:09] INFO: Database connection established successfully
[2023-06-23 11:45:14] INFO: POST
[2023-06-23 11:53:37] INFO: App listening on the port: 5000
[2023-06-23 11:53:37] INFO: SEQUELIZE
[2023-06-23 11:53:37] INFO: Database connection established successfully
[2023-06-23 11:53:42] INFO: POST
[2023-06-23 11:56:13] INFO: App listening on the port: 5000
[2023-06-23 11:56:13] INFO: SEQUELIZE
[2023-06-23 11:56:13] INFO: Database connection established successfully
[2023-06-23 11:56:18] INFO: POST
[2023-06-23 12:00:26] INFO: App listening on the port: 5000
[2023-06-23 12:00:27] INFO: SEQUELIZE
[2023-06-23 12:00:27] INFO: Database connection established successfully
[2023-06-23 12:00:32] INFO: POST
[2023-06-23 12:01:41] INFO: App listening on the port: 5000
[2023-06-23 12:01:41] INFO: SEQUELIZE
[2023-06-23 12:01:41] INFO: Database connection established successfully
[2023-06-23 12:01:46] INFO: POST
[2023-06-23 12:02:06] INFO: App listening on the port: 5000
[2023-06-23 12:02:07] INFO: SEQUELIZE
[2023-06-23 12:02:07] INFO: Database connection established successfully
[2023-06-23 12:02:12] INFO: POST
[2023-06-23 12:02:45] INFO: App listening on the port: 5000
[2023-06-23 12:02:45] INFO: SEQUELIZE
[2023-06-23 12:02:45] INFO: Database connection established successfully
[2023-06-23 12:02:50] INFO: POST
[2023-06-23 12:04:17] INFO: App listening on the port: 5000
[2023-06-23 12:04:18] INFO: SEQUELIZE
[2023-06-23 12:04:18] INFO: Database connection established successfully
[2023-06-23 12:04:23] INFO: POST
[2023-06-23 12:05:01] INFO: App listening on the port: 5000
[2023-06-23 12:05:01] INFO: SEQUELIZE
[2023-06-23 12:05:01] INFO: Database connection established successfully
[2023-06-23 12:05:06] INFO: POST
[2023-06-23 12:07:01] INFO: App listening on the port: 5000
[2023-06-23 12:07:01] INFO: SEQUELIZE
[2023-06-23 12:07:01] INFO: Database connection established successfully
[2023-06-23 12:07:06] INFO: POST
[2023-06-23 12:08:48] INFO: App listening on the port: 5000
[2023-06-23 12:08:48] INFO: SEQUELIZE
[2023-06-23 12:08:48] INFO: Database connection established successfully
[2023-06-23 12:08:53] INFO: POST
[2023-06-23 12:09:54] INFO: App listening on the port: 5000
[2023-06-23 12:09:54] INFO: SEQUELIZE
[2023-06-23 12:09:54] INFO: Database connection established successfully
[2023-06-23 12:09:59] INFO: POST
[2023-06-23 12:16:00] INFO: App listening on the port: 5000
[2023-06-23 12:16:00] INFO: SEQUELIZE
[2023-06-23 12:16:00] INFO: Database connection established successfully
[2023-06-23 12:16:05] INFO: POST
[2023-06-23 12:17:09] INFO: App listening on the port: 5000
[2023-06-23 12:17:09] INFO: SEQUELIZE
[2023-06-23 12:17:09] INFO: Database connection established successfully
[2023-06-23 12:17:14] INFO: POST
[2023-06-23 12:18:24] INFO: App listening on the port: 5000
[2023-06-23 12:18:24] INFO: SEQUELIZE
[2023-06-23 12:18:24] INFO: Database connection established successfully
[2023-06-23 12:18:29] INFO: POST
[2023-06-23 12:19:28] INFO: App listening on the port: 5000
[2023-06-23 12:19:28] INFO: SEQUELIZE
[2023-06-23 12:19:28] INFO: Database connection established successfully
[2023-06-23 12:19:33] INFO: POST
[2023-06-23 12:20:08] INFO: App listening on the port: 5000
[2023-06-23 12:20:08] INFO: SEQUELIZE
[2023-06-23 12:20:08] INFO: Database connection established successfully
[2023-06-23 12:20:13] INFO: POST
