[2023-06-25 00:31:11] INFO: App listening on the port: 5000
[2023-06-25 00:31:11] INFO: SEQUELIZE
[2023-06-25 00:31:11] INFO: Database connection established successfully
[2023-06-25 00:31:16] INFO: POST
[2023-06-25 00:31:39] INFO: App listening on the port: 5000
[2023-06-25 00:31:40] INFO: SEQUELIZE
[2023-06-25 00:31:40] INFO: Database connection established successfully
[2023-06-25 00:31:44] INFO: POST
[2023-06-25 00:31:59] INFO: SEQUELIZE
[2023-06-25 00:31:59] INFO: SEQUELIZE
[2023-06-25 00:31:59] INFO: SEQUELIZE
[2023-06-25 00:31:59] INFO: SEQUELIZE
[2023-06-25 00:31:59] INFO: SEQUELIZE
[2023-06-25 00:31:59] INFO: SEQUELIZE
[2023-06-25 00:32:00] INFO: SEQUELIZE
[2023-06-25 00:32:00] ERROR: Could not create inbound shipment item!
[2023-06-25 00:32:00] INFO: POST
[2023-06-25 00:32:00] INFO: POST
[2023-06-25 00:32:18] INFO: SEQUELIZE
[2023-06-25 00:32:18] INFO: SEQUELIZE
[2023-06-25 00:32:18] INFO: SEQUELIZE
[2023-06-25 00:32:18] INFO: SEQUELIZE
[2023-06-25 00:32:18] INFO: GET
[2023-06-25 00:32:20] INFO: POST
[2023-06-25 00:32:40] INFO: SEQUELIZE
[2023-06-25 00:32:40] INFO: SEQUELIZE
[2023-06-25 00:32:40] INFO: SEQUELIZE
[2023-06-25 00:32:40] INFO: SEQUELIZE
[2023-06-25 00:32:40] INFO: POST
[2023-06-25 00:32:40] INFO: SEQUELIZE
[2023-06-25 00:32:40] INFO: SEQUELIZE
[2023-06-25 00:32:40] INFO: SEQUELIZE
[2023-06-25 00:32:40] INFO: SEQUELIZE
[2023-06-25 00:32:40] INFO: SEQUELIZE
[2023-06-25 00:32:40] INFO: POST
[2023-06-25 00:32:45] INFO: POST
[2023-06-25 00:33:40] INFO: SEQUELIZE
[2023-06-25 00:33:40] INFO: SEQUELIZE
[2023-06-25 00:33:40] INFO: SEQUELIZE
[2023-06-25 00:33:40] INFO: SEQUELIZE
[2023-06-25 00:33:40] INFO: POST
[2023-06-25 00:33:40] INFO: SEQUELIZE
[2023-06-25 00:33:41] INFO: SEQUELIZE
[2023-06-25 00:33:41] INFO: PUT
[2023-06-25 00:33:45] INFO: POST
[2023-06-25 12:31:45] INFO: App listening on the port: 5000
[2023-06-25 12:31:45] INFO: SEQUELIZE
[2023-06-25 12:31:45] INFO: Database connection established successfully
[2023-06-25 12:31:50] INFO: POST
[2023-06-25 12:46:10] INFO: App listening on the port: 5000
[2023-06-25 12:46:11] INFO: SEQUELIZE
[2023-06-25 12:46:11] INFO: Database connection established successfully
[2023-06-25 12:46:16] INFO: POST
[2023-06-25 12:47:18] INFO: SEQUELIZE
[2023-06-25 12:47:18] INFO: Database connection established successfully
[2023-06-25 12:48:31] INFO: App listening on the port: 5000
[2023-06-25 12:48:31] INFO: SEQUELIZE
[2023-06-25 12:48:31] INFO: Database connection established successfully
[2023-06-25 12:48:36] INFO: POST
[2023-06-25 12:49:27] INFO: SEQUELIZE
[2023-06-25 12:49:27] INFO: Database connection established successfully
[2023-06-25 12:49:51] INFO: SEQUELIZE
[2023-06-25 12:49:51] INFO: Database connection established successfully
[2023-06-25 12:51:06] INFO: SEQUELIZE
[2023-06-25 12:51:06] INFO: Database connection established successfully
[2023-06-25 12:51:27] INFO: SEQUELIZE
[2023-06-25 12:51:27] INFO: Database connection established successfully
[2023-06-25 12:51:47] INFO: SEQUELIZE
[2023-06-25 12:51:47] INFO: Database connection established successfully
[2023-06-25 12:52:42] INFO: App listening on the port: 5000
[2023-06-25 12:52:42] INFO: SEQUELIZE
[2023-06-25 12:52:42] INFO: Database connection established successfully
[2023-06-25 12:52:47] INFO: POST
[2023-06-25 12:53:28] INFO: SEQUELIZE
[2023-06-25 12:53:28] INFO: SEQUELIZE
[2023-06-25 12:53:28] INFO: SEQUELIZE
[2023-06-25 12:53:28] INFO: SEQUELIZE
[2023-06-25 12:53:28] INFO: SEQUELIZE
[2023-06-25 12:53:28] INFO: SEQUELIZE
[2023-06-25 12:53:28] INFO: SEQUELIZE
[2023-06-25 12:53:29] INFO: SEQUELIZE
[2023-06-25 12:53:29] INFO: SEQUELIZE
[2023-06-25 12:53:29] INFO: SEQUELIZE
[2023-06-25 12:53:29] INFO: PUT
[2023-06-25 12:53:32] INFO: POST
[2023-06-25 12:55:56] INFO: SEQUELIZE
[2023-06-25 12:55:56] INFO: SEQUELIZE
[2023-06-25 12:55:56] INFO: SEQUELIZE
[2023-06-25 12:55:56] INFO: SEQUELIZE
[2023-06-25 12:55:56] INFO: SEQUELIZE
[2023-06-25 12:55:56] INFO: SEQUELIZE
[2023-06-25 12:55:56] INFO: SEQUELIZE
[2023-06-25 12:55:56] INFO: SEQUELIZE
[2023-06-25 12:55:56] INFO: SEQUELIZE
[2023-06-25 12:55:56] INFO: SEQUELIZE
[2023-06-25 12:55:56] INFO: PUT
[2023-06-25 12:55:57] INFO: POST
[2023-06-25 13:00:29] INFO: SEQUELIZE
[2023-06-25 13:00:29] INFO: SEQUELIZE
[2023-06-25 13:00:29] INFO: SEQUELIZE
[2023-06-25 13:00:29] INFO: SEQUELIZE
[2023-06-25 13:00:29] INFO: SEQUELIZE
[2023-06-25 13:00:29] INFO: SEQUELIZE
[2023-06-25 13:00:30] INFO: SEQUELIZE
[2023-06-25 13:00:30] ERROR: Could not get outbound shipment!
[2023-06-25 13:00:30] INFO: POST
[2023-06-25 13:00:33] INFO: POST
[2023-06-25 13:01:50] INFO: App listening on the port: 5000
[2023-06-25 13:01:50] INFO: SEQUELIZE
[2023-06-25 13:01:50] INFO: Database connection established successfully
[2023-06-25 13:01:55] INFO: POST
[2023-06-25 13:02:17] INFO: App listening on the port: 5000
[2023-06-25 13:02:17] INFO: SEQUELIZE
[2023-06-25 13:02:17] INFO: Database connection established successfully
[2023-06-25 13:02:22] INFO: POST
[2023-06-25 13:02:23] INFO: SEQUELIZE
[2023-06-25 13:02:23] INFO: SEQUELIZE
[2023-06-25 13:02:23] INFO: SEQUELIZE
[2023-06-25 13:02:24] INFO: SEQUELIZE
[2023-06-25 13:02:24] INFO: SEQUELIZE
[2023-06-25 13:02:24] INFO: SEQUELIZE
[2023-06-25 13:02:24] INFO: SEQUELIZE
[2023-06-25 13:02:24] INFO: SEQUELIZE
[2023-06-25 13:02:24] INFO: POST
[2023-06-25 13:02:27] INFO: POST
[2023-06-25 13:04:08] INFO: SEQUELIZE
[2023-06-25 13:04:09] INFO: SEQUELIZE
[2023-06-25 13:04:09] INFO: SEQUELIZE
[2023-06-25 13:04:09] INFO: SEQUELIZE
[2023-06-25 13:04:09] INFO: SEQUELIZE
[2023-06-25 13:04:09] INFO: SEQUELIZE
[2023-06-25 13:04:09] INFO: SEQUELIZE
[2023-06-25 13:04:09] INFO: SEQUELIZE
[2023-06-25 13:04:12] INFO: SEQUELIZE
[2023-06-25 13:04:12] INFO: SEQUELIZE
[2023-06-25 13:04:12] INFO: SEQUELIZE
[2023-06-25 13:04:12] INFO: SEQUELIZE
[2023-06-25 13:04:12] INFO: SEQUELIZE
[2023-06-25 13:04:12] INFO: SEQUELIZE
[2023-06-25 13:04:12] INFO: SEQUELIZE
[2023-06-25 13:04:12] INFO: SEQUELIZE
[2023-06-25 13:04:12] ERROR: Could not create invoice with all automatic changes!
[2023-06-25 13:04:12] INFO: POST
[2023-06-25 13:04:13] INFO: POST
[2023-06-25 13:05:28] INFO: App listening on the port: 5000
[2023-06-25 13:05:28] INFO: SEQUELIZE
[2023-06-25 13:05:28] INFO: Database connection established successfully
[2023-06-25 13:05:33] INFO: POST
[2023-06-25 13:06:25] INFO: SEQUELIZE
[2023-06-25 13:06:25] INFO: SEQUELIZE
[2023-06-25 13:06:25] INFO: SEQUELIZE
[2023-06-25 13:06:25] INFO: SEQUELIZE
[2023-06-25 13:06:25] INFO: SEQUELIZE
[2023-06-25 13:06:25] INFO: SEQUELIZE
[2023-06-25 13:06:25] INFO: SEQUELIZE
[2023-06-25 13:06:25] INFO: SEQUELIZE
[2023-06-25 13:06:28] INFO: SEQUELIZE
[2023-06-25 13:06:28] INFO: SEQUELIZE
[2023-06-25 13:06:28] INFO: SEQUELIZE
[2023-06-25 13:06:28] INFO: SEQUELIZE
[2023-06-25 13:06:28] INFO: SEQUELIZE
[2023-06-25 13:06:28] INFO: SEQUELIZE
[2023-06-25 13:06:28] INFO: SEQUELIZE
[2023-06-25 13:06:28] INFO: SEQUELIZE
[2023-06-25 13:06:28] ERROR: Could not create invoice with all automatic changes!
[2023-06-25 13:06:28] INFO: POST
[2023-06-25 13:06:28] INFO: POST
[2023-06-25 13:09:49] INFO: App listening on the port: 5000
[2023-06-25 13:09:49] INFO: SEQUELIZE
[2023-06-25 13:09:49] INFO: Database connection established successfully
[2023-06-25 13:09:54] INFO: POST
[2023-06-25 13:10:37] INFO: App listening on the port: 5000
[2023-06-25 13:10:37] INFO: SEQUELIZE
[2023-06-25 13:10:37] INFO: Database connection established successfully
[2023-06-25 13:10:42] INFO: POST
[2023-06-25 13:10:51] INFO: SEQUELIZE
[2023-06-25 13:10:51] INFO: SEQUELIZE
[2023-06-25 13:10:51] INFO: SEQUELIZE
[2023-06-25 13:10:51] INFO: SEQUELIZE
[2023-06-25 13:10:51] INFO: SEQUELIZE
[2023-06-25 13:10:51] INFO: SEQUELIZE
[2023-06-25 13:10:51] INFO: SEQUELIZE
[2023-06-25 13:10:51] INFO: SEQUELIZE
[2023-06-25 13:10:52] INFO: POST
[2023-06-25 13:10:54] INFO: SEQUELIZE
[2023-06-25 13:10:54] INFO: SEQUELIZE
[2023-06-25 13:10:54] INFO: SEQUELIZE
[2023-06-25 13:10:54] INFO: SEQUELIZE
[2023-06-25 13:10:54] INFO: SEQUELIZE
[2023-06-25 13:10:54] INFO: SEQUELIZE
[2023-06-25 13:10:54] INFO: SEQUELIZE
[2023-06-25 13:10:54] INFO: SEQUELIZE
[2023-06-25 13:10:54] ERROR: Could not create invoice with all automatic changes!
[2023-06-25 13:10:54] INFO: POST
[2023-06-25 13:10:57] INFO: POST
[2023-06-25 13:12:13] INFO: App listening on the port: 5000
[2023-06-25 13:12:13] INFO: SEQUELIZE
[2023-06-25 13:12:13] INFO: Database connection established successfully
[2023-06-25 13:12:18] INFO: POST
[2023-06-25 13:14:28] INFO: SEQUELIZE
[2023-06-25 13:14:28] INFO: SEQUELIZE
[2023-06-25 13:14:28] INFO: SEQUELIZE
[2023-06-25 13:14:28] INFO: SEQUELIZE
[2023-06-25 13:14:28] INFO: SEQUELIZE
[2023-06-25 13:14:28] INFO: SEQUELIZE
[2023-06-25 13:14:28] INFO: SEQUELIZE
[2023-06-25 13:14:28] INFO: SEQUELIZE
[2023-06-25 13:14:28] INFO: POST
[2023-06-25 13:14:30] INFO: SEQUELIZE
[2023-06-25 13:14:30] INFO: SEQUELIZE
[2023-06-25 13:14:30] INFO: SEQUELIZE
[2023-06-25 13:14:30] INFO: SEQUELIZE
[2023-06-25 13:14:30] INFO: SEQUELIZE
[2023-06-25 13:14:30] INFO: SEQUELIZE
[2023-06-25 13:14:30] INFO: SEQUELIZE
[2023-06-25 13:14:30] INFO: SEQUELIZE
[2023-06-25 13:14:30] ERROR: Could not create invoice with all automatic changes!
[2023-06-25 13:14:30] INFO: POST
[2023-06-25 13:14:33] INFO: POST
[2023-06-25 13:15:45] INFO: App listening on the port: 5000
[2023-06-25 13:15:45] INFO: SEQUELIZE
[2023-06-25 13:15:45] INFO: Database connection established successfully
[2023-06-25 13:15:50] INFO: POST
[2023-06-25 13:15:56] INFO: SEQUELIZE
[2023-06-25 13:15:56] INFO: SEQUELIZE
[2023-06-25 13:15:56] INFO: SEQUELIZE
[2023-06-25 13:15:56] INFO: SEQUELIZE
[2023-06-25 13:15:56] INFO: SEQUELIZE
[2023-06-25 13:15:56] INFO: SEQUELIZE
[2023-06-25 13:15:56] INFO: SEQUELIZE
[2023-06-25 13:15:56] INFO: SEQUELIZE
[2023-06-25 13:15:57] INFO: SEQUELIZE
[2023-06-25 13:15:57] INFO: SEQUELIZE
[2023-06-25 13:15:58] INFO: SEQUELIZE
[2023-06-25 13:15:58] INFO: SEQUELIZE
[2023-06-25 13:15:58] INFO: SEQUELIZE
[2023-06-25 13:15:58] INFO: SEQUELIZE
[2023-06-25 13:15:58] INFO: SEQUELIZE
[2023-06-25 13:15:58] INFO: SEQUELIZE
[2023-06-25 13:15:58] ERROR: Could not create invoice with all automatic changes!
[2023-06-25 13:15:58] INFO: POST
[2023-06-25 13:16:00] INFO: POST
[2023-06-25 13:18:58] INFO: App listening on the port: 5000
[2023-06-25 13:18:58] INFO: SEQUELIZE
[2023-06-25 13:18:58] INFO: Database connection established successfully
[2023-06-25 13:19:03] INFO: POST
[2023-06-25 13:19:13] INFO: SEQUELIZE
[2023-06-25 13:19:13] INFO: SEQUELIZE
[2023-06-25 13:19:13] INFO: SEQUELIZE
[2023-06-25 13:19:13] INFO: SEQUELIZE
[2023-06-25 13:19:13] INFO: SEQUELIZE
[2023-06-25 13:19:13] INFO: SEQUELIZE
[2023-06-25 13:19:13] INFO: SEQUELIZE
[2023-06-25 13:19:13] INFO: SEQUELIZE
[2023-06-25 13:19:13] INFO: POST
[2023-06-25 13:19:14] INFO: SEQUELIZE
[2023-06-25 13:19:14] INFO: SEQUELIZE
[2023-06-25 13:19:14] INFO: SEQUELIZE
[2023-06-25 13:19:14] INFO: SEQUELIZE
[2023-06-25 13:19:14] INFO: SEQUELIZE
[2023-06-25 13:19:14] INFO: SEQUELIZE
[2023-06-25 13:19:14] INFO: SEQUELIZE
[2023-06-25 13:19:14] INFO: SEQUELIZE
[2023-06-25 13:19:14] ERROR: Could not create invoice with all automatic changes!
[2023-06-25 13:19:14] INFO: POST
[2023-06-25 13:19:18] INFO: POST
[2023-06-25 13:20:49] INFO: App listening on the port: 5000
[2023-06-25 13:20:49] INFO: SEQUELIZE
[2023-06-25 13:20:49] INFO: Database connection established successfully
[2023-06-25 13:20:54] INFO: POST
[2023-06-25 13:21:35] INFO: App listening on the port: 5000
[2023-06-25 13:21:35] INFO: SEQUELIZE
[2023-06-25 13:21:35] INFO: Database connection established successfully
[2023-06-25 13:21:43] INFO: App listening on the port: 5000
[2023-06-25 13:21:43] INFO: SEQUELIZE
[2023-06-25 13:21:43] INFO: Database connection established successfully
[2023-06-25 13:21:48] INFO: POST
[2023-06-25 13:22:01] INFO: App listening on the port: 5000
[2023-06-25 13:22:02] INFO: SEQUELIZE
[2023-06-25 13:22:02] INFO: Database connection established successfully
[2023-06-25 13:22:06] INFO: POST
[2023-06-25 13:22:14] INFO: App listening on the port: 5000
[2023-06-25 13:22:14] INFO: SEQUELIZE
[2023-06-25 13:22:14] INFO: Database connection established successfully
[2023-06-25 13:22:19] INFO: POST
[2023-06-25 13:22:37] INFO: SEQUELIZE
[2023-06-25 13:22:37] INFO: SEQUELIZE
[2023-06-25 13:22:37] INFO: SEQUELIZE
[2023-06-25 13:22:37] INFO: SEQUELIZE
[2023-06-25 13:22:37] INFO: SEQUELIZE
[2023-06-25 13:22:37] INFO: SEQUELIZE
[2023-06-25 13:22:37] INFO: SEQUELIZE
[2023-06-25 13:22:37] INFO: SEQUELIZE
[2023-06-25 13:22:39] INFO: SEQUELIZE
[2023-06-25 13:22:39] INFO: SEQUELIZE
[2023-06-25 13:22:39] INFO: SEQUELIZE
[2023-06-25 13:22:39] INFO: SEQUELIZE
[2023-06-25 13:22:39] INFO: SEQUELIZE
[2023-06-25 13:22:39] INFO: SEQUELIZE
[2023-06-25 13:22:39] INFO: SEQUELIZE
[2023-06-25 13:22:39] INFO: SEQUELIZE
[2023-06-25 13:22:39] ERROR: Could not create invoice with all automatic changes!
[2023-06-25 13:22:39] INFO: POST
[2023-06-25 13:22:39] INFO: POST
[2023-06-25 13:23:56] INFO: App listening on the port: 5000
[2023-06-25 13:23:56] INFO: SEQUELIZE
[2023-06-25 13:23:56] INFO: Database connection established successfully
[2023-06-25 13:24:01] INFO: SEQUELIZE
[2023-06-25 13:24:01] INFO: SEQUELIZE
[2023-06-25 13:24:01] INFO: SEQUELIZE
[2023-06-25 13:24:01] INFO: SEQUELIZE
[2023-06-25 13:24:01] INFO: SEQUELIZE
[2023-06-25 13:24:01] INFO: SEQUELIZE
[2023-06-25 13:24:01] INFO: SEQUELIZE
[2023-06-25 13:24:01] INFO: SEQUELIZE
[2023-06-25 13:24:01] INFO: POST
[2023-06-25 13:24:02] INFO: SEQUELIZE
[2023-06-25 13:24:02] INFO: SEQUELIZE
[2023-06-25 13:24:02] INFO: SEQUELIZE
[2023-06-25 13:24:02] INFO: SEQUELIZE
[2023-06-25 13:24:02] INFO: SEQUELIZE
[2023-06-25 13:24:02] INFO: SEQUELIZE
[2023-06-25 13:24:02] INFO: SEQUELIZE
[2023-06-25 13:24:02] INFO: SEQUELIZE
[2023-06-25 13:24:02] ERROR: Could not create invoice with all automatic changes!
[2023-06-25 13:24:02] INFO: POST
[2023-06-25 13:24:06] INFO: POST
[2023-06-25 13:25:03] INFO: App listening on the port: 5000
[2023-06-25 13:25:03] INFO: SEQUELIZE
[2023-06-25 13:25:03] INFO: Database connection established successfully
[2023-06-25 13:25:08] INFO: POST
[2023-06-25 13:25:09] INFO: SEQUELIZE
[2023-06-25 13:25:09] INFO: SEQUELIZE
[2023-06-25 13:25:09] INFO: SEQUELIZE
[2023-06-25 13:25:09] INFO: SEQUELIZE
[2023-06-25 13:25:09] INFO: SEQUELIZE
[2023-06-25 13:25:09] INFO: SEQUELIZE
[2023-06-25 13:25:09] INFO: SEQUELIZE
[2023-06-25 13:25:09] INFO: SEQUELIZE
[2023-06-25 13:25:11] INFO: SEQUELIZE
[2023-06-25 13:25:11] INFO: SEQUELIZE
[2023-06-25 13:25:11] INFO: SEQUELIZE
[2023-06-25 13:25:11] INFO: SEQUELIZE
[2023-06-25 13:25:11] INFO: SEQUELIZE
[2023-06-25 13:25:11] INFO: SEQUELIZE
[2023-06-25 13:25:11] INFO: SEQUELIZE
[2023-06-25 13:25:11] INFO: SEQUELIZE
[2023-06-25 13:25:11] ERROR: Could not create invoice with all automatic changes!
[2023-06-25 13:25:11] INFO: POST
[2023-06-25 13:25:13] INFO: POST
[2023-06-25 13:26:02] INFO: App listening on the port: 5000
[2023-06-25 13:26:02] INFO: SEQUELIZE
[2023-06-25 13:26:02] INFO: Database connection established successfully
[2023-06-25 13:26:12] INFO: App listening on the port: 5000
[2023-06-25 13:26:12] INFO: SEQUELIZE
[2023-06-25 13:26:12] INFO: Database connection established successfully
[2023-06-25 13:26:17] INFO: POST
[2023-06-25 13:26:37] INFO: SEQUELIZE
[2023-06-25 13:26:37] INFO: SEQUELIZE
[2023-06-25 13:26:37] INFO: SEQUELIZE
[2023-06-25 13:26:37] INFO: SEQUELIZE
[2023-06-25 13:26:37] INFO: SEQUELIZE
[2023-06-25 13:26:37] INFO: SEQUELIZE
[2023-06-25 13:26:37] INFO: SEQUELIZE
[2023-06-25 13:26:37] INFO: SEQUELIZE
[2023-06-25 13:26:37] INFO: POST
[2023-06-25 13:26:38] INFO: SEQUELIZE
[2023-06-25 13:26:39] INFO: SEQUELIZE
[2023-06-25 13:26:39] INFO: SEQUELIZE
[2023-06-25 13:26:39] INFO: SEQUELIZE
[2023-06-25 13:26:39] INFO: SEQUELIZE
[2023-06-25 13:26:39] INFO: SEQUELIZE
[2023-06-25 13:26:39] INFO: SEQUELIZE
[2023-06-25 13:26:39] INFO: SEQUELIZE
[2023-06-25 13:26:39] INFO: SEQUELIZE
[2023-06-25 13:26:39] INFO: SEQUELIZE
[2023-06-25 13:26:39] INFO: SEQUELIZE
[2023-06-25 13:26:39] INFO: SEQUELIZE
[2023-06-25 13:26:39] INFO: POST
[2023-06-25 13:26:42] INFO: POST
[2023-06-25 13:31:48] INFO: SEQUELIZE
[2023-06-25 13:31:48] INFO: SEQUELIZE
[2023-06-25 13:31:48] INFO: SEQUELIZE
[2023-06-25 13:31:48] INFO: SEQUELIZE
[2023-06-25 13:31:48] INFO: SEQUELIZE
[2023-06-25 13:31:48] ERROR: Cannot read properties of null (reading 'status')
[2023-06-25 13:31:48] INFO: PUT
[2023-06-25 13:31:48] INFO: POST
[2023-06-25 13:32:04] INFO: SEQUELIZE
[2023-06-25 13:32:04] INFO: SEQUELIZE
[2023-06-25 13:32:04] INFO: SEQUELIZE
[2023-06-25 13:32:04] INFO: SEQUELIZE
[2023-06-25 13:32:04] INFO: SEQUELIZE
[2023-06-25 13:32:04] INFO: SEQUELIZE
[2023-06-25 13:32:04] INFO: SEQUELIZE
[2023-06-25 13:32:04] INFO: SEQUELIZE
[2023-06-25 13:32:04] INFO: POST
[2023-06-25 13:32:08] INFO: POST
[2023-06-25 13:32:22] INFO: SEQUELIZE
[2023-06-25 13:32:22] INFO: SEQUELIZE
[2023-06-25 13:32:22] INFO: SEQUELIZE
[2023-06-25 13:32:22] INFO: SEQUELIZE
[2023-06-25 13:32:22] INFO: SEQUELIZE
[2023-06-25 13:32:22] INFO: SEQUELIZE
[2023-06-25 13:32:22] INFO: PUT
[2023-06-25 13:32:23] INFO: POST
[2023-06-25 14:08:22] INFO: SEQUELIZE
[2023-06-25 14:08:22] INFO: Database connection established successfully
[2023-06-25 14:10:53] INFO: App listening on the port: 5000
[2023-06-25 14:10:53] INFO: SEQUELIZE
[2023-06-25 14:10:53] INFO: Database connection established successfully
[2023-06-25 14:10:56] INFO: SEQUELIZE
[2023-06-25 14:10:56] INFO: SEQUELIZE
[2023-06-25 14:10:56] INFO: SEQUELIZE
[2023-06-25 14:10:56] INFO: SEQUELIZE
[2023-06-25 14:10:56] INFO: SEQUELIZE
[2023-06-25 14:10:56] INFO: SEQUELIZE
[2023-06-25 14:10:56] INFO: SEQUELIZE
[2023-06-25 14:10:56] INFO: SEQUELIZE
[2023-06-25 14:10:56] INFO: SEQUELIZE
[2023-06-25 14:10:56] ERROR: Could not save inventory transactions caused by transfer order!
[2023-06-25 14:10:56] INFO: PUT
[2023-06-25 14:10:58] INFO: POST
[2023-06-25 14:11:38] INFO: App listening on the port: 5000
[2023-06-25 14:11:38] INFO: SEQUELIZE
[2023-06-25 14:11:38] INFO: Database connection established successfully
[2023-06-25 14:11:43] INFO: POST
[2023-06-25 14:11:58] INFO: App listening on the port: 5000
[2023-06-25 14:11:58] INFO: SEQUELIZE
[2023-06-25 14:11:58] INFO: Database connection established successfully
[2023-06-25 14:12:03] INFO: POST
[2023-06-25 14:12:57] INFO: App listening on the port: 5000
[2023-06-25 14:12:57] INFO: SEQUELIZE
[2023-06-25 14:12:57] INFO: Database connection established successfully
[2023-06-25 14:13:02] INFO: POST
[2023-06-25 14:13:25] INFO: App listening on the port: 5000
[2023-06-25 14:13:25] INFO: SEQUELIZE
[2023-06-25 14:13:25] INFO: Database connection established successfully
[2023-06-25 14:13:30] INFO: POST
[2023-06-25 14:14:01] INFO: App listening on the port: 5000
[2023-06-25 14:14:01] INFO: SEQUELIZE
[2023-06-25 14:14:01] INFO: Database connection established successfully
[2023-06-25 14:14:28] INFO: App listening on the port: 5000
[2023-06-25 14:14:28] INFO: SEQUELIZE
[2023-06-25 14:14:28] INFO: Database connection established successfully
[2023-06-25 14:14:45] INFO: App listening on the port: 5000
[2023-06-25 14:14:45] INFO: SEQUELIZE
[2023-06-25 14:14:45] INFO: Database connection established successfully
[2023-06-25 14:14:50] INFO: POST
[2023-06-25 14:14:52] INFO: SEQUELIZE
[2023-06-25 14:14:52] INFO: SEQUELIZE
[2023-06-25 14:14:52] INFO: SEQUELIZE
[2023-06-25 14:14:52] INFO: SEQUELIZE
[2023-06-25 14:14:52] INFO: SEQUELIZE
[2023-06-25 14:14:52] INFO: SEQUELIZE
[2023-06-25 14:14:52] ERROR: Transfer order is already closed!
[2023-06-25 14:14:52] INFO: PUT
[2023-06-25 14:14:55] INFO: POST
[2023-06-25 14:17:12] INFO: App listening on the port: 5000
[2023-06-25 14:17:12] INFO: SEQUELIZE
[2023-06-25 14:17:12] INFO: Database connection established successfully
[2023-06-25 14:17:17] INFO: POST
[2023-06-25 14:17:51] INFO: App listening on the port: 5000
[2023-06-25 14:17:51] INFO: SEQUELIZE
[2023-06-25 14:17:51] INFO: Database connection established successfully
[2023-06-25 14:17:56] INFO: POST
[2023-06-25 14:18:42] INFO: App listening on the port: 5000
[2023-06-25 14:18:43] INFO: SEQUELIZE
[2023-06-25 14:18:43] INFO: Database connection established successfully
[2023-06-25 14:18:57] INFO: App listening on the port: 5000
[2023-06-25 14:18:57] INFO: SEQUELIZE
[2023-06-25 14:18:57] INFO: Database connection established successfully
[2023-06-25 14:19:02] INFO: POST
[2023-06-25 14:19:05] INFO: SEQUELIZE
[2023-06-25 14:19:05] INFO: SEQUELIZE
[2023-06-25 14:19:05] INFO: SEQUELIZE
[2023-06-25 14:19:05] INFO: SEQUELIZE
[2023-06-25 14:19:05] INFO: SEQUELIZE
[2023-06-25 14:19:05] INFO: SEQUELIZE
[2023-06-25 14:19:05] INFO: SEQUELIZE
[2023-06-25 14:19:05] INFO: SEQUELIZE
[2023-06-25 14:19:05] INFO: SEQUELIZE
[2023-06-25 14:19:05] INFO: SEQUELIZE
[2023-06-25 14:19:05] INFO: SEQUELIZE
[2023-06-25 14:19:05] ERROR: Could not fulfill all inventory transactions with the current stock!
[2023-06-25 14:19:05] INFO: PUT
[2023-06-25 14:19:07] INFO: POST
[2023-06-25 14:20:38] INFO: App listening on the port: 5000
[2023-06-25 14:20:38] INFO: SEQUELIZE
[2023-06-25 14:20:38] INFO: Database connection established successfully
[2023-06-25 14:20:43] INFO: POST
[2023-06-25 14:21:06] INFO: App listening on the port: 5000
[2023-06-25 14:21:06] INFO: SEQUELIZE
[2023-06-25 14:21:06] INFO: Database connection established successfully
[2023-06-25 14:21:11] INFO: POST
[2023-06-25 14:21:18] INFO: SEQUELIZE
[2023-06-25 14:21:18] INFO: SEQUELIZE
[2023-06-25 14:21:18] INFO: SEQUELIZE
[2023-06-25 14:21:18] INFO: SEQUELIZE
[2023-06-25 14:21:18] INFO: SEQUELIZE
[2023-06-25 14:21:18] INFO: SEQUELIZE
[2023-06-25 14:21:18] INFO: SEQUELIZE
[2023-06-25 14:21:18] INFO: SEQUELIZE
[2023-06-25 14:21:18] INFO: SEQUELIZE
[2023-06-25 14:21:19] INFO: SEQUELIZE
[2023-06-25 14:21:19] INFO: SEQUELIZE
[2023-06-25 14:21:19] ERROR: Could not fulfill all inventory transactions with the current stock!
[2023-06-25 14:21:19] INFO: PUT
[2023-06-25 14:21:21] INFO: POST
[2023-06-25 14:22:17] INFO: SEQUELIZE
[2023-06-25 14:22:17] INFO: SEQUELIZE
[2023-06-25 14:22:17] INFO: SEQUELIZE
[2023-06-25 14:22:17] INFO: SEQUELIZE
[2023-06-25 14:22:17] INFO: SEQUELIZE
[2023-06-25 14:22:17] INFO: SEQUELIZE
[2023-06-25 14:22:17] INFO: SEQUELIZE
[2023-06-25 14:22:17] INFO: SEQUELIZE
[2023-06-25 14:22:18] INFO: POST
[2023-06-25 14:22:22] INFO: POST
[2023-06-25 14:22:40] INFO: SEQUELIZE
[2023-06-25 14:22:40] INFO: SEQUELIZE
[2023-06-25 14:22:40] INFO: SEQUELIZE
[2023-06-25 14:22:40] INFO: SEQUELIZE
[2023-06-25 14:22:40] INFO: SEQUELIZE
[2023-06-25 14:22:40] INFO: SEQUELIZE
[2023-06-25 14:22:40] INFO: SEQUELIZE
[2023-06-25 14:22:40] INFO: SEQUELIZE
[2023-06-25 14:22:40] INFO: SEQUELIZE
[2023-06-25 14:22:40] INFO: SEQUELIZE
[2023-06-25 14:22:41] INFO: SEQUELIZE
[2023-06-25 14:22:41] ERROR: Could not fulfill all inventory transactions with the current stock!
[2023-06-25 14:22:41] INFO: PUT
[2023-06-25 14:22:42] INFO: POST
[2023-06-25 14:23:22] INFO: SEQUELIZE
[2023-06-25 14:23:22] INFO: SEQUELIZE
[2023-06-25 14:23:22] INFO: SEQUELIZE
[2023-06-25 14:23:22] INFO: SEQUELIZE
[2023-06-25 14:23:22] INFO: SEQUELIZE
[2023-06-25 14:23:22] INFO: SEQUELIZE
[2023-06-25 14:23:22] INFO: SEQUELIZE
[2023-06-25 14:23:22] INFO: SEQUELIZE
[2023-06-25 14:23:22] ERROR: Cannot read properties of null (reading 'status')
[2023-06-25 14:23:22] INFO: PUT
[2023-06-25 14:23:27] INFO: POST
[2023-06-25 14:23:30] INFO: SEQUELIZE
[2023-06-25 14:23:30] INFO: SEQUELIZE
[2023-06-25 14:23:30] INFO: SEQUELIZE
[2023-06-25 14:23:30] INFO: SEQUELIZE
[2023-06-25 14:23:31] INFO: SEQUELIZE
[2023-06-25 14:23:31] INFO: SEQUELIZE
[2023-06-25 14:23:31] INFO: SEQUELIZE
[2023-06-25 14:23:31] INFO: SEQUELIZE
[2023-06-25 14:23:31] INFO: POST
[2023-06-25 14:23:32] INFO: POST
[2023-06-25 14:23:56] INFO: SEQUELIZE
[2023-06-25 14:23:56] INFO: SEQUELIZE
[2023-06-25 14:23:56] INFO: SEQUELIZE
[2023-06-25 14:23:56] INFO: SEQUELIZE
[2023-06-25 14:23:56] INFO: SEQUELIZE
[2023-06-25 14:23:56] INFO: SEQUELIZE
[2023-06-25 14:23:56] INFO: SEQUELIZE
[2023-06-25 14:23:56] INFO: SEQUELIZE
[2023-06-25 14:23:56] INFO: SEQUELIZE
[2023-06-25 14:23:56] INFO: SEQUELIZE
[2023-06-25 14:23:56] INFO: SEQUELIZE
[2023-06-25 14:23:56] ERROR: Could not fulfill all inventory transactions with the current stock!
[2023-06-25 14:23:56] INFO: PUT
[2023-06-25 14:23:57] INFO: POST
[2023-06-25 14:25:23] INFO: App listening on the port: 5000
[2023-06-25 14:25:23] INFO: SEQUELIZE
[2023-06-25 14:25:23] INFO: Database connection established successfully
[2023-06-25 14:25:28] INFO: POST
[2023-06-25 14:25:38] INFO: App listening on the port: 5000
[2023-06-25 14:25:38] INFO: SEQUELIZE
[2023-06-25 14:25:38] INFO: Database connection established successfully
[2023-06-25 14:25:43] INFO: POST
[2023-06-25 14:26:08] INFO: SEQUELIZE
[2023-06-25 14:26:08] INFO: SEQUELIZE
[2023-06-25 14:26:08] INFO: SEQUELIZE
[2023-06-25 14:26:08] INFO: SEQUELIZE
[2023-06-25 14:26:08] INFO: SEQUELIZE
[2023-06-25 14:26:08] INFO: SEQUELIZE
[2023-06-25 14:26:08] INFO: SEQUELIZE
[2023-06-25 14:26:09] INFO: SEQUELIZE
[2023-06-25 14:26:09] INFO: SEQUELIZE
[2023-06-25 14:26:09] INFO: POST
[2023-06-25 14:26:09] INFO: SEQUELIZE
[2023-06-25 14:26:09] INFO: SEQUELIZE
[2023-06-25 14:26:09] ERROR: Could not fulfill all inventory transactions with the current stock!
[2023-06-25 14:26:09] INFO: PUT
[2023-06-25 14:26:14] INFO: POST
[2023-06-25 14:27:42] INFO: App listening on the port: 5000
[2023-06-25 14:27:42] INFO: SEQUELIZE
[2023-06-25 14:27:42] INFO: Database connection established successfully
[2023-06-25 14:27:44] INFO: SEQUELIZE
[2023-06-25 14:27:44] INFO: SEQUELIZE
[2023-06-25 14:27:44] INFO: SEQUELIZE
[2023-06-25 14:27:44] INFO: SEQUELIZE
[2023-06-25 14:27:44] INFO: SEQUELIZE
[2023-06-25 14:27:44] INFO: SEQUELIZE
[2023-06-25 14:27:45] INFO: SEQUELIZE
[2023-06-25 14:27:45] INFO: SEQUELIZE
[2023-06-25 14:27:45] INFO: SEQUELIZE
[2023-06-25 14:27:45] INFO: SEQUELIZE
[2023-06-25 14:27:45] INFO: SEQUELIZE
[2023-06-25 14:27:45] ERROR: Could not fulfill all inventory transactions with the current stock!
[2023-06-25 14:27:45] INFO: PUT
[2023-06-25 14:27:47] INFO: POST
[2023-06-25 14:28:40] INFO: App listening on the port: 5000
[2023-06-25 14:28:40] INFO: SEQUELIZE
[2023-06-25 14:28:40] INFO: Database connection established successfully
[2023-06-25 14:28:45] INFO: POST
[2023-06-25 14:29:24] INFO: SEQUELIZE
[2023-06-25 14:29:24] INFO: SEQUELIZE
[2023-06-25 14:29:24] INFO: SEQUELIZE
[2023-06-25 14:29:24] INFO: SEQUELIZE
[2023-06-25 14:29:24] INFO: SEQUELIZE
[2023-06-25 14:29:24] INFO: SEQUELIZE
[2023-06-25 14:29:24] INFO: SEQUELIZE
[2023-06-25 14:29:24] INFO: SEQUELIZE
[2023-06-25 14:29:24] INFO: SEQUELIZE
[2023-06-25 14:29:25] INFO: SEQUELIZE
[2023-06-25 14:29:25] INFO: SEQUELIZE
[2023-06-25 14:29:25] ERROR: Could not fulfill all inventory transactions with the current stock!
[2023-06-25 14:29:25] INFO: PUT
[2023-06-25 14:29:25] INFO: POST
[2023-06-25 14:29:57] INFO: App listening on the port: 5000
[2023-06-25 14:29:57] INFO: SEQUELIZE
[2023-06-25 14:29:57] INFO: Database connection established successfully
[2023-06-25 14:30:02] INFO: POST
[2023-06-25 14:30:19] INFO: App listening on the port: 5000
[2023-06-25 14:30:20] INFO: SEQUELIZE
[2023-06-25 14:30:20] INFO: Database connection established successfully
[2023-06-25 14:30:23] INFO: SEQUELIZE
[2023-06-25 14:30:23] INFO: SEQUELIZE
[2023-06-25 14:30:23] INFO: SEQUELIZE
[2023-06-25 14:30:23] INFO: SEQUELIZE
[2023-06-25 14:30:23] INFO: SEQUELIZE
[2023-06-25 14:30:23] INFO: SEQUELIZE
[2023-06-25 14:30:23] INFO: SEQUELIZE
[2023-06-25 14:30:23] INFO: SEQUELIZE
[2023-06-25 14:30:23] INFO: SEQUELIZE
[2023-06-25 14:30:23] INFO: SEQUELIZE
[2023-06-25 14:30:24] INFO: SEQUELIZE
[2023-06-25 14:30:24] ERROR: Could not fulfill all inventory transactions with the current stock!
[2023-06-25 14:30:24] INFO: PUT
[2023-06-25 14:30:25] INFO: POST
[2023-06-25 14:33:12] INFO: App listening on the port: 5000
[2023-06-25 14:33:12] INFO: SEQUELIZE
[2023-06-25 14:33:12] INFO: Database connection established successfully
[2023-06-25 14:33:17] INFO: POST
[2023-06-25 14:33:20] INFO: SEQUELIZE
[2023-06-25 14:33:20] INFO: SEQUELIZE
[2023-06-25 14:33:20] INFO: SEQUELIZE
[2023-06-25 14:33:20] INFO: SEQUELIZE
[2023-06-25 14:33:20] INFO: SEQUELIZE
[2023-06-25 14:33:20] INFO: SEQUELIZE
[2023-06-25 14:33:20] INFO: SEQUELIZE
[2023-06-25 14:33:20] INFO: SEQUELIZE
[2023-06-25 14:33:20] INFO: SEQUELIZE
[2023-06-25 14:33:20] INFO: SEQUELIZE
[2023-06-25 14:33:20] INFO: SEQUELIZE
[2023-06-25 14:33:20] ERROR: Could not fulfill all inventory transactions with the current stock!
[2023-06-25 14:33:20] INFO: PUT
[2023-06-25 14:33:22] INFO: POST
[2023-06-25 14:34:11] INFO: App listening on the port: 5000
[2023-06-25 14:34:12] INFO: SEQUELIZE
[2023-06-25 14:34:12] INFO: Database connection established successfully
[2023-06-25 14:34:16] INFO: SEQUELIZE
[2023-06-25 14:34:16] INFO: SEQUELIZE
[2023-06-25 14:34:16] INFO: SEQUELIZE
[2023-06-25 14:34:16] INFO: SEQUELIZE
[2023-06-25 14:34:16] INFO: SEQUELIZE
[2023-06-25 14:34:16] INFO: SEQUELIZE
[2023-06-25 14:34:16] INFO: SEQUELIZE
[2023-06-25 14:34:16] INFO: SEQUELIZE
[2023-06-25 14:34:16] INFO: SEQUELIZE
[2023-06-25 14:34:16] INFO: SEQUELIZE
[2023-06-25 14:34:16] INFO: SEQUELIZE
[2023-06-25 14:34:16] ERROR: Could not fulfill all inventory transactions with the current stock!
[2023-06-25 14:34:16] INFO: PUT
[2023-06-25 14:34:16] INFO: POST
[2023-06-25 14:34:58] INFO: App listening on the port: 5000
[2023-06-25 14:34:59] INFO: SEQUELIZE
[2023-06-25 14:34:59] INFO: Database connection established successfully
[2023-06-25 14:35:03] INFO: POST
[2023-06-25 14:35:26] INFO: SEQUELIZE
[2023-06-25 14:35:26] INFO: SEQUELIZE
[2023-06-25 14:35:26] INFO: SEQUELIZE
[2023-06-25 14:35:26] INFO: SEQUELIZE
[2023-06-25 14:35:26] INFO: SEQUELIZE
[2023-06-25 14:35:26] INFO: SEQUELIZE
[2023-06-25 14:35:26] INFO: SEQUELIZE
[2023-06-25 14:35:26] INFO: SEQUELIZE
[2023-06-25 14:35:26] INFO: SEQUELIZE
[2023-06-25 14:35:26] INFO: SEQUELIZE
[2023-06-25 14:35:26] INFO: SEQUELIZE
[2023-06-25 14:35:26] INFO: SEQUELIZE
[2023-06-25 14:35:26] INFO: SEQUELIZE
[2023-06-25 14:35:26] INFO: SEQUELIZE
[2023-06-25 14:35:26] INFO: PUT
[2023-06-25 14:35:29] INFO: POST
[2023-06-25 14:39:02] INFO: SEQUELIZE
[2023-06-25 14:39:02] INFO: SEQUELIZE
[2023-06-25 14:39:02] INFO: SEQUELIZE
[2023-06-25 14:39:02] INFO: SEQUELIZE
[2023-06-25 14:39:02] INFO: SEQUELIZE
[2023-06-25 14:39:02] INFO: SEQUELIZE
[2023-06-25 14:39:02] INFO: SEQUELIZE
[2023-06-25 14:39:02] INFO: SEQUELIZE
[2023-06-25 14:39:02] INFO: SEQUELIZE
[2023-06-25 14:39:02] INFO: POST
[2023-06-25 14:39:04] INFO: POST
[2023-06-25 14:39:17] INFO: SEQUELIZE
[2023-06-25 14:39:17] INFO: SEQUELIZE
[2023-06-25 14:39:17] INFO: SEQUELIZE
[2023-06-25 14:39:17] INFO: SEQUELIZE
[2023-06-25 14:39:17] INFO: SEQUELIZE
[2023-06-25 14:39:17] INFO: SEQUELIZE
[2023-06-25 14:39:17] INFO: SEQUELIZE
[2023-06-25 14:39:17] INFO: SEQUELIZE
[2023-06-25 14:39:17] INFO: SEQUELIZE
[2023-06-25 14:39:17] INFO: POST
[2023-06-25 14:39:19] INFO: POST
[2023-06-25 14:39:34] INFO: SEQUELIZE
[2023-06-25 14:39:34] INFO: SEQUELIZE
[2023-06-25 14:39:34] INFO: SEQUELIZE
[2023-06-25 14:39:34] INFO: SEQUELIZE
[2023-06-25 14:39:34] INFO: SEQUELIZE
[2023-06-25 14:39:34] INFO: SEQUELIZE
[2023-06-25 14:39:34] INFO: SEQUELIZE
[2023-06-25 14:39:34] INFO: SEQUELIZE
[2023-06-25 14:39:34] INFO: POST
[2023-06-25 14:39:34] INFO: SEQUELIZE
[2023-06-25 14:39:34] INFO: SEQUELIZE
[2023-06-25 14:39:34] INFO: SEQUELIZE
[2023-06-25 14:39:34] INFO: SEQUELIZE
[2023-06-25 14:39:34] INFO: SEQUELIZE
[2023-06-25 14:39:34] INFO: PUT
[2023-06-25 14:39:39] INFO: POST
[2023-06-25 14:39:54] INFO: SEQUELIZE
[2023-06-25 14:39:54] INFO: SEQUELIZE
[2023-06-25 14:39:54] INFO: SEQUELIZE
[2023-06-25 14:39:54] INFO: SEQUELIZE
[2023-06-25 14:39:54] INFO: SEQUELIZE
[2023-06-25 14:39:54] INFO: SEQUELIZE
[2023-06-25 14:39:54] INFO: SEQUELIZE
[2023-06-25 14:39:54] INFO: SEQUELIZE
[2023-06-25 14:39:54] INFO: SEQUELIZE
[2023-06-25 14:39:54] INFO: POST
[2023-06-25 14:39:54] INFO: POST
[2023-06-25 14:40:06] INFO: SEQUELIZE
[2023-06-25 14:40:06] INFO: SEQUELIZE
[2023-06-25 14:40:06] INFO: SEQUELIZE
[2023-06-25 14:40:06] INFO: SEQUELIZE
[2023-06-25 14:40:06] INFO: SEQUELIZE
[2023-06-25 14:40:06] INFO: SEQUELIZE
[2023-06-25 14:40:06] INFO: SEQUELIZE
[2023-06-25 14:40:06] INFO: SEQUELIZE
[2023-06-25 14:40:06] INFO: SEQUELIZE
[2023-06-25 14:40:06] INFO: SEQUELIZE
[2023-06-25 14:40:06] INFO: SEQUELIZE
[2023-06-25 14:40:06] INFO: SEQUELIZE
[2023-06-25 14:40:06] INFO: SEQUELIZE
[2023-06-25 14:40:06] INFO: PUT
[2023-06-25 14:40:09] INFO: POST
[2023-06-25 14:42:49] INFO: App listening on the port: 5000
[2023-06-25 14:42:49] INFO: SEQUELIZE
[2023-06-25 14:42:49] INFO: Database connection established successfully
[2023-06-25 14:42:54] INFO: POST
[2023-06-25 14:43:25] INFO: App listening on the port: 5000
[2023-06-25 14:43:25] INFO: SEQUELIZE
[2023-06-25 14:43:25] INFO: Database connection established successfully
[2023-06-25 14:43:30] INFO: POST
[2023-06-25 14:44:59] INFO: App listening on the port: 5000
[2023-06-25 14:45:00] INFO: SEQUELIZE
[2023-06-25 14:45:00] INFO: Database connection established successfully
[2023-06-25 14:45:04] INFO: POST
[2023-06-25 14:46:43] INFO: App listening on the port: 5000
[2023-06-25 14:46:43] INFO: SEQUELIZE
[2023-06-25 14:46:43] INFO: Database connection established successfully
[2023-06-25 14:46:57] INFO: SEQUELIZE
[2023-06-25 14:46:57] INFO: Database connection established successfully
[2023-06-25 14:47:15] INFO: SEQUELIZE
[2023-06-25 14:47:15] INFO: Database connection established successfully
[2023-06-25 14:48:06] INFO: App listening on the port: 5000
[2023-06-25 14:48:06] INFO: SEQUELIZE
[2023-06-25 14:48:06] INFO: Database connection established successfully
[2023-06-25 14:48:11] INFO: POST
[2023-06-25 14:51:37] INFO: App listening on the port: 5000
[2023-06-25 14:51:37] INFO: SEQUELIZE
[2023-06-25 14:51:37] INFO: Database connection established successfully
[2023-06-25 14:51:42] INFO: POST
[2023-06-25 14:52:07] INFO: App listening on the port: 5000
[2023-06-25 14:52:07] INFO: SEQUELIZE
[2023-06-25 14:52:07] INFO: Database connection established successfully
[2023-06-25 14:52:12] INFO: POST
[2023-06-25 14:53:13] INFO: App listening on the port: 5000
[2023-06-25 14:53:14] INFO: SEQUELIZE
[2023-06-25 14:53:14] INFO: Database connection established successfully
[2023-06-25 14:53:38] INFO: App listening on the port: 5000
[2023-06-25 14:53:38] INFO: SEQUELIZE
[2023-06-25 14:53:38] INFO: Database connection established successfully
[2023-06-25 14:53:43] INFO: POST
[2023-06-25 14:54:19] INFO: App listening on the port: 5000
[2023-06-25 14:54:19] INFO: SEQUELIZE
[2023-06-25 14:54:19] INFO: Database connection established successfully
[2023-06-25 14:54:24] INFO: POST
[2023-06-25 14:56:33] INFO: SEQUELIZE
[2023-06-25 14:56:33] INFO: Database connection established successfully
[2023-06-25 14:57:02] INFO: App listening on the port: 5000
[2023-06-25 14:57:02] INFO: SEQUELIZE
[2023-06-25 14:57:02] INFO: Database connection established successfully
[2023-06-25 14:57:40] INFO: App listening on the port: 5000
[2023-06-25 14:57:40] INFO: SEQUELIZE
[2023-06-25 14:57:40] INFO: Database connection established successfully
[2023-06-25 14:57:45] INFO: POST
[2023-06-25 14:59:29] INFO: App listening on the port: 5000
[2023-06-25 14:59:29] INFO: SEQUELIZE
[2023-06-25 14:59:29] INFO: Database connection established successfully
[2023-06-25 14:59:34] INFO: POST
[2023-06-25 14:59:59] INFO: App listening on the port: 5000
[2023-06-25 14:59:59] INFO: SEQUELIZE
[2023-06-25 14:59:59] INFO: Database connection established successfully
[2023-06-25 15:00:04] INFO: POST
[2023-06-25 15:00:38] INFO: App listening on the port: 5000
[2023-06-25 15:00:38] INFO: SEQUELIZE
[2023-06-25 15:00:38] INFO: Database connection established successfully
[2023-06-25 15:00:44] INFO: POST
[2023-06-25 15:01:44] INFO: App listening on the port: 5000
[2023-06-25 15:01:44] INFO: SEQUELIZE
[2023-06-25 15:01:44] INFO: Database connection established successfully
[2023-06-25 15:01:49] INFO: POST
[2023-06-25 15:02:44] INFO: SEQUELIZE
[2023-06-25 15:02:44] INFO: SEQUELIZE
[2023-06-25 15:02:44] INFO: SEQUELIZE
[2023-06-25 15:02:44] INFO: POST
[2023-06-25 15:02:44] INFO: SEQUELIZE
[2023-06-25 15:02:44] INFO: SEQUELIZE
[2023-06-25 15:02:44] INFO: SEQUELIZE
[2023-06-25 15:02:44] INFO: SEQUELIZE
[2023-06-25 15:02:44] INFO: SEQUELIZE
[2023-06-25 15:02:44] INFO: SEQUELIZE
[2023-06-25 15:02:44] INFO: SEQUELIZE
[2023-06-25 15:02:44] INFO: SEQUELIZE
[2023-06-25 15:02:44] INFO: SEQUELIZE
[2023-06-25 15:02:44] INFO: SEQUELIZE
[2023-06-25 15:02:44] INFO: SEQUELIZE
[2023-06-25 15:02:45] INFO: PUT
[2023-06-25 15:02:49] INFO: POST
[2023-06-25 15:03:05] INFO: SEQUELIZE
[2023-06-25 15:03:05] INFO: SEQUELIZE
[2023-06-25 15:03:05] INFO: SEQUELIZE
[2023-06-25 15:03:05] INFO: SEQUELIZE
[2023-06-25 15:03:05] INFO: SEQUELIZE
[2023-06-25 15:03:05] INFO: SEQUELIZE
[2023-06-25 15:03:05] INFO: SEQUELIZE
[2023-06-25 15:03:05] INFO: SEQUELIZE
[2023-06-25 15:03:06] INFO: SEQUELIZE
[2023-06-25 15:03:06] INFO: POST
[2023-06-25 15:03:09] INFO: POST
[2023-06-25 15:03:19] INFO: SEQUELIZE
[2023-06-25 15:03:19] INFO: SEQUELIZE
[2023-06-25 15:03:19] INFO: SEQUELIZE
[2023-06-25 15:03:20] INFO: SEQUELIZE
[2023-06-25 15:03:20] INFO: SEQUELIZE
[2023-06-25 15:03:20] INFO: SEQUELIZE
[2023-06-25 15:03:20] INFO: SEQUELIZE
[2023-06-25 15:03:20] INFO: SEQUELIZE
[2023-06-25 15:03:20] INFO: SEQUELIZE
[2023-06-25 15:03:20] INFO: SEQUELIZE
[2023-06-25 15:03:20] INFO: SEQUELIZE
[2023-06-25 15:03:20] INFO: SEQUELIZE
[2023-06-25 15:03:20] INFO: SEQUELIZE
[2023-06-25 15:03:20] INFO: SEQUELIZE
[2023-06-25 15:03:20] INFO: PUT
[2023-06-25 15:03:24] INFO: POST
[2023-06-25 15:03:52] INFO: SEQUELIZE
[2023-06-25 15:03:52] INFO: SEQUELIZE
[2023-06-25 15:03:52] INFO: SEQUELIZE
[2023-06-25 15:03:52] INFO: SEQUELIZE
[2023-06-25 15:03:52] INFO: SEQUELIZE
[2023-06-25 15:03:52] INFO: SEQUELIZE
[2023-06-25 15:03:52] INFO: SEQUELIZE
[2023-06-25 15:03:52] INFO: SEQUELIZE
[2023-06-25 15:03:52] INFO: SEQUELIZE
[2023-06-25 15:03:52] INFO: POST
[2023-06-25 15:03:55] INFO: POST
[2023-06-25 15:04:18] INFO: SEQUELIZE
[2023-06-25 15:04:18] INFO: SEQUELIZE
[2023-06-25 15:04:18] INFO: SEQUELIZE
[2023-06-25 15:04:18] INFO: SEQUELIZE
[2023-06-25 15:04:18] INFO: SEQUELIZE
[2023-06-25 15:04:18] INFO: SEQUELIZE
[2023-06-25 15:04:19] INFO: SEQUELIZE
[2023-06-25 15:04:19] INFO: SEQUELIZE
[2023-06-25 15:04:19] INFO: SEQUELIZE
[2023-06-25 15:04:19] INFO: SEQUELIZE
[2023-06-25 15:04:19] INFO: SEQUELIZE
[2023-06-25 15:04:19] INFO: SEQUELIZE
[2023-06-25 15:04:19] INFO: SEQUELIZE
[2023-06-25 15:04:19] INFO: SEQUELIZE
[2023-06-25 15:04:19] INFO: PUT
[2023-06-25 15:04:20] INFO: POST
[2023-06-25 15:05:58] INFO: App listening on the port: 5000
[2023-06-25 15:05:58] INFO: SEQUELIZE
[2023-06-25 15:05:58] INFO: Database connection established successfully
[2023-06-25 15:06:03] INFO: POST
[2023-06-25 15:06:28] INFO: App listening on the port: 5000
[2023-06-25 15:06:28] INFO: SEQUELIZE
[2023-06-25 15:06:28] INFO: Database connection established successfully
[2023-06-25 15:06:51] INFO: App listening on the port: 5000
[2023-06-25 15:06:52] INFO: SEQUELIZE
[2023-06-25 15:06:52] INFO: Database connection established successfully
[2023-06-25 15:06:56] INFO: POST
[2023-06-25 15:08:43] INFO: SEQUELIZE
[2023-06-25 15:08:43] INFO: SEQUELIZE
[2023-06-25 15:08:43] INFO: SEQUELIZE
[2023-06-25 15:08:43] INFO: SEQUELIZE
[2023-06-25 15:08:43] INFO: SEQUELIZE
[2023-06-25 15:08:43] INFO: SEQUELIZE
[2023-06-25 15:08:43] INFO: SEQUELIZE
[2023-06-25 15:08:43] INFO: SEQUELIZE
[2023-06-25 15:08:43] INFO: SEQUELIZE
[2023-06-25 15:08:43] INFO: POST
[2023-06-25 15:08:47] INFO: POST
[2023-06-25 15:08:57] INFO: SEQUELIZE
[2023-06-25 15:08:57] INFO: SEQUELIZE
[2023-06-25 15:08:57] INFO: SEQUELIZE
[2023-06-25 15:08:57] INFO: SEQUELIZE
[2023-06-25 15:08:57] INFO: SEQUELIZE
[2023-06-25 15:08:57] INFO: POST
[2023-06-25 15:08:57] INFO: SEQUELIZE
[2023-06-25 15:08:57] INFO: SEQUELIZE
[2023-06-25 15:08:57] INFO: SEQUELIZE
[2023-06-25 15:08:57] INFO: SEQUELIZE
[2023-06-25 15:08:57] INFO: SEQUELIZE
[2023-06-25 15:08:57] INFO: SEQUELIZE
[2023-06-25 15:08:57] INFO: SEQUELIZE
[2023-06-25 15:08:57] INFO: SEQUELIZE
[2023-06-25 15:08:57] INFO: SEQUELIZE
[2023-06-25 15:08:57] INFO: PUT
[2023-06-25 15:09:02] INFO: POST
[2023-06-25 15:10:53] INFO: App listening on the port: 5000
[2023-06-25 15:10:53] INFO: SEQUELIZE
[2023-06-25 15:10:53] INFO: Database connection established successfully
[2023-06-25 15:10:56] INFO: SEQUELIZE
[2023-06-25 15:10:56] INFO: SEQUELIZE
[2023-06-25 15:10:56] INFO: SEQUELIZE
[2023-06-25 15:10:56] INFO: SEQUELIZE
[2023-06-25 15:10:56] INFO: SEQUELIZE
[2023-06-25 15:10:56] INFO: SEQUELIZE
[2023-06-25 15:10:56] INFO: SEQUELIZE
[2023-06-25 15:10:56] INFO: SEQUELIZE
[2023-06-25 15:10:56] INFO: SEQUELIZE
[2023-06-25 15:10:56] INFO: POST
[2023-06-25 15:10:58] INFO: POST
[2023-06-25 15:11:08] INFO: SEQUELIZE
[2023-06-25 15:11:08] INFO: SEQUELIZE
[2023-06-25 15:11:08] INFO: SEQUELIZE
[2023-06-25 15:11:08] INFO: SEQUELIZE
[2023-06-25 15:11:08] INFO: SEQUELIZE
[2023-06-25 15:11:08] INFO: SEQUELIZE
[2023-06-25 15:11:08] INFO: SEQUELIZE
[2023-06-25 15:11:08] INFO: POST
[2023-06-25 15:11:08] INFO: SEQUELIZE
[2023-06-25 15:11:08] INFO: SEQUELIZE
[2023-06-25 15:11:08] INFO: SEQUELIZE
[2023-06-25 15:11:08] INFO: SEQUELIZE
[2023-06-25 15:11:08] INFO: SEQUELIZE
[2023-06-25 15:11:08] INFO: SEQUELIZE
[2023-06-25 15:11:08] INFO: SEQUELIZE
[2023-06-25 15:11:08] INFO: PUT
[2023-06-25 15:11:13] INFO: POST
[2023-06-25 15:11:24] INFO: SEQUELIZE
[2023-06-25 15:11:24] INFO: SEQUELIZE
[2023-06-25 15:11:24] INFO: SEQUELIZE
[2023-06-25 15:11:24] INFO: SEQUELIZE
[2023-06-25 15:11:24] INFO: SEQUELIZE
[2023-06-25 15:11:24] INFO: SEQUELIZE
[2023-06-25 15:11:24] INFO: SEQUELIZE
[2023-06-25 15:11:24] INFO: SEQUELIZE
[2023-06-25 15:11:24] INFO: SEQUELIZE
[2023-06-25 15:11:24] INFO: POST
[2023-06-25 15:11:28] INFO: POST
[2023-06-25 15:11:41] INFO: SEQUELIZE
[2023-06-25 15:11:41] INFO: SEQUELIZE
[2023-06-25 15:11:41] INFO: SEQUELIZE
[2023-06-25 15:11:41] INFO: SEQUELIZE
[2023-06-25 15:11:41] INFO: SEQUELIZE
[2023-06-25 15:11:41] INFO: SEQUELIZE
[2023-06-25 15:11:41] INFO: SEQUELIZE
[2023-06-25 15:11:41] INFO: SEQUELIZE
[2023-06-25 15:11:41] INFO: SEQUELIZE
[2023-06-25 15:11:41] INFO: SEQUELIZE
[2023-06-25 15:11:41] INFO: SEQUELIZE
[2023-06-25 15:11:41] INFO: SEQUELIZE
[2023-06-25 15:11:41] INFO: SEQUELIZE
[2023-06-25 15:11:41] INFO: SEQUELIZE
[2023-06-25 15:11:41] INFO: PUT
[2023-06-25 15:11:43] INFO: POST
[2023-06-25 15:13:01] INFO: App listening on the port: 5000
[2023-06-25 15:13:01] INFO: SEQUELIZE
[2023-06-25 15:13:01] INFO: Database connection established successfully
[2023-06-25 15:13:06] INFO: POST
[2023-06-25 15:13:29] INFO: SEQUELIZE
[2023-06-25 15:13:29] INFO: SEQUELIZE
[2023-06-25 15:13:29] INFO: SEQUELIZE
[2023-06-25 15:13:29] INFO: SEQUELIZE
[2023-06-25 15:13:29] INFO: SEQUELIZE
[2023-06-25 15:13:29] INFO: SEQUELIZE
[2023-06-25 15:13:29] INFO: SEQUELIZE
[2023-06-25 15:13:29] INFO: SEQUELIZE
[2023-06-25 15:13:29] INFO: SEQUELIZE
[2023-06-25 15:13:29] INFO: POST
[2023-06-25 15:13:31] INFO: POST
[2023-06-25 15:13:46] INFO: SEQUELIZE
[2023-06-25 15:13:46] INFO: SEQUELIZE
[2023-06-25 15:13:46] INFO: SEQUELIZE
[2023-06-25 15:13:47] INFO: SEQUELIZE
[2023-06-25 15:13:47] INFO: SEQUELIZE
[2023-06-25 15:13:47] INFO: SEQUELIZE
[2023-06-25 15:13:47] INFO: SEQUELIZE
[2023-06-25 15:13:47] INFO: SEQUELIZE
[2023-06-25 15:13:47] INFO: SEQUELIZE
[2023-06-25 15:13:47] INFO: SEQUELIZE
[2023-06-25 15:13:47] INFO: SEQUELIZE
[2023-06-25 15:13:47] INFO: SEQUELIZE
[2023-06-25 15:13:47] INFO: SEQUELIZE
[2023-06-25 15:13:47] INFO: SEQUELIZE
[2023-06-25 15:13:47] INFO: PUT
[2023-06-25 15:13:51] INFO: POST
[2023-06-25 15:15:24] INFO: App listening on the port: 5000
[2023-06-25 15:15:24] INFO: SEQUELIZE
[2023-06-25 15:15:24] INFO: Database connection established successfully
[2023-06-25 15:15:29] INFO: POST
[2023-06-25 15:15:45] INFO: SEQUELIZE
[2023-06-25 15:15:45] INFO: SEQUELIZE
[2023-06-25 15:15:45] INFO: SEQUELIZE
[2023-06-25 15:15:45] INFO: SEQUELIZE
[2023-06-25 15:15:45] INFO: SEQUELIZE
[2023-06-25 15:15:45] INFO: SEQUELIZE
[2023-06-25 15:15:45] INFO: SEQUELIZE
[2023-06-25 15:15:45] INFO: SEQUELIZE
[2023-06-25 15:15:45] INFO: SEQUELIZE
[2023-06-25 15:15:45] INFO: POST
[2023-06-25 15:15:49] INFO: POST
[2023-06-25 15:16:01] INFO: SEQUELIZE
[2023-06-25 15:16:01] INFO: SEQUELIZE
[2023-06-25 15:16:01] INFO: SEQUELIZE
[2023-06-25 15:16:01] INFO: SEQUELIZE
[2023-06-25 15:16:01] INFO: SEQUELIZE
[2023-06-25 15:16:01] INFO: SEQUELIZE
[2023-06-25 15:16:01] INFO: SEQUELIZE
[2023-06-25 15:16:01] INFO: SEQUELIZE
[2023-06-25 15:16:01] INFO: SEQUELIZE
[2023-06-25 15:16:01] INFO: SEQUELIZE
[2023-06-25 15:16:01] INFO: SEQUELIZE
[2023-06-25 15:16:01] INFO: SEQUELIZE
[2023-06-25 15:16:01] INFO: SEQUELIZE
[2023-06-25 15:16:01] INFO: SEQUELIZE
[2023-06-25 15:16:01] INFO: PUT
[2023-06-25 15:16:04] INFO: POST
[2023-06-25 15:16:49] INFO: App listening on the port: 5000
[2023-06-25 15:16:49] INFO: SEQUELIZE
[2023-06-25 15:16:49] INFO: Database connection established successfully
[2023-06-25 15:16:52] INFO: SEQUELIZE
[2023-06-25 15:16:52] INFO: SEQUELIZE
[2023-06-25 15:16:52] INFO: SEQUELIZE
[2023-06-25 15:16:52] INFO: SEQUELIZE
[2023-06-25 15:16:52] INFO: SEQUELIZE
[2023-06-25 15:16:52] INFO: SEQUELIZE
[2023-06-25 15:16:52] INFO: SEQUELIZE
[2023-06-25 15:16:52] INFO: SEQUELIZE
[2023-06-25 15:16:52] INFO: SEQUELIZE
[2023-06-25 15:16:52] INFO: POST
[2023-06-25 15:16:54] INFO: POST
[2023-06-25 15:17:06] INFO: SEQUELIZE
[2023-06-25 15:17:06] INFO: SEQUELIZE
[2023-06-25 15:17:06] INFO: SEQUELIZE
[2023-06-25 15:17:06] INFO: SEQUELIZE
[2023-06-25 15:17:06] INFO: SEQUELIZE
[2023-06-25 15:17:06] INFO: SEQUELIZE
[2023-06-25 15:17:06] INFO: SEQUELIZE
[2023-06-25 15:17:07] INFO: SEQUELIZE
[2023-06-25 15:17:07] INFO: SEQUELIZE
[2023-06-25 15:17:07] INFO: SEQUELIZE
[2023-06-25 15:17:07] INFO: SEQUELIZE
[2023-06-25 15:17:07] INFO: SEQUELIZE
[2023-06-25 15:17:07] INFO: SEQUELIZE
[2023-06-25 15:17:07] INFO: SEQUELIZE
[2023-06-25 15:17:07] INFO: PUT
[2023-06-25 15:17:09] INFO: POST
[2023-06-25 19:46:57] INFO: App listening on the port: 5000
[2023-06-25 19:46:57] INFO: SEQUELIZE
[2023-06-25 19:46:57] INFO: Database connection established successfully
[2023-06-25 19:47:02] INFO: POST
[2023-06-25 19:47:15] INFO: App listening on the port: 5000
[2023-06-25 19:47:15] INFO: SEQUELIZE
[2023-06-25 19:47:15] INFO: Database connection established successfully
[2023-06-25 19:47:20] INFO: POST
[2023-06-25 19:48:14] INFO: SEQUELIZE
[2023-06-25 19:48:14] INFO: SEQUELIZE
[2023-06-25 19:48:14] INFO: SEQUELIZE
[2023-06-25 19:48:14] INFO: SEQUELIZE
[2023-06-25 19:48:15] INFO: SEQUELIZE
[2023-06-25 19:48:15] INFO: SEQUELIZE
[2023-06-25 19:48:15] INFO: SEQUELIZE
[2023-06-25 19:48:15] INFO: SEQUELIZE
[2023-06-25 19:48:15] INFO: POST
[2023-06-25 19:48:15] INFO: SEQUELIZE
[2023-06-25 19:48:15] INFO: POST
[2023-06-25 19:48:20] INFO: POST
[2023-06-25 19:48:48] INFO: SEQUELIZE
[2023-06-25 19:48:48] INFO: SEQUELIZE
[2023-06-25 19:48:48] INFO: SEQUELIZE
[2023-06-25 19:48:49] INFO: SEQUELIZE
[2023-06-25 19:48:49] INFO: SEQUELIZE
[2023-06-25 19:48:49] INFO: SEQUELIZE
[2023-06-25 19:48:49] INFO: SEQUELIZE
[2023-06-25 19:48:49] INFO: SEQUELIZE
[2023-06-25 19:48:49] INFO: SEQUELIZE
[2023-06-25 19:48:49] INFO: SEQUELIZE
[2023-06-25 19:48:49] INFO: SEQUELIZE
[2023-06-25 19:48:49] INFO: SEQUELIZE
[2023-06-25 19:48:49] INFO: SEQUELIZE
[2023-06-25 19:48:49] INFO: SEQUELIZE
[2023-06-25 19:48:49] INFO: PUT
[2023-06-25 19:48:50] INFO: POST
[2023-06-25 19:50:44] INFO: SEQUELIZE
[2023-06-25 19:50:44] INFO: SEQUELIZE
[2023-06-25 19:50:45] INFO: SEQUELIZE
[2023-06-25 19:50:45] INFO: SEQUELIZE
[2023-06-25 19:50:45] INFO: SEQUELIZE
[2023-06-25 19:50:45] INFO: SEQUELIZE
[2023-06-25 19:50:45] INFO: SEQUELIZE
[2023-06-25 19:50:45] INFO: SEQUELIZE
[2023-06-25 19:50:45] INFO: SEQUELIZE
[2023-06-25 19:50:45] INFO: POST
[2023-06-25 19:50:45] INFO: POST
[2023-06-25 19:50:58] INFO: SEQUELIZE
[2023-06-25 19:50:58] INFO: SEQUELIZE
[2023-06-25 19:50:58] INFO: SEQUELIZE
[2023-06-25 19:50:58] INFO: SEQUELIZE
[2023-06-25 19:50:58] INFO: SEQUELIZE
[2023-06-25 19:50:58] INFO: SEQUELIZE
[2023-06-25 19:50:58] INFO: SEQUELIZE
[2023-06-25 19:50:58] INFO: SEQUELIZE
[2023-06-25 19:50:58] INFO: SEQUELIZE
[2023-06-25 19:50:58] INFO: SEQUELIZE
[2023-06-25 19:50:58] INFO: SEQUELIZE
[2023-06-25 19:50:58] INFO: SEQUELIZE
[2023-06-25 19:50:58] INFO: SEQUELIZE
[2023-06-25 19:50:58] INFO: SEQUELIZE
[2023-06-25 19:50:58] INFO: PUT
[2023-06-25 19:51:00] INFO: POST
[2023-06-25 19:52:10] INFO: App listening on the port: 5000
[2023-06-25 19:52:10] INFO: SEQUELIZE
[2023-06-25 19:52:10] INFO: Database connection established successfully
[2023-06-25 19:52:15] INFO: POST
[2023-06-25 19:52:47] INFO: App listening on the port: 5000
[2023-06-25 19:52:47] INFO: SEQUELIZE
[2023-06-25 19:52:47] INFO: Database connection established successfully
[2023-06-25 19:52:52] INFO: POST
[2023-06-25 19:54:11] INFO: SEQUELIZE
[2023-06-25 19:54:11] INFO: Database connection established successfully
[2023-06-25 19:54:34] INFO: App listening on the port: 5000
[2023-06-25 19:54:34] INFO: SEQUELIZE
[2023-06-25 19:54:34] INFO: Database connection established successfully
[2023-06-25 19:55:01] INFO: App listening on the port: 5000
[2023-06-25 19:55:01] INFO: SEQUELIZE
[2023-06-25 19:55:01] INFO: Database connection established successfully
[2023-06-25 19:55:06] INFO: POST
[2023-06-25 19:55:57] INFO: SEQUELIZE
[2023-06-25 19:55:57] INFO: SEQUELIZE
[2023-06-25 19:55:57] INFO: SEQUELIZE
[2023-06-25 19:55:57] INFO: SEQUELIZE
[2023-06-25 19:55:57] INFO: SEQUELIZE
[2023-06-25 19:55:57] INFO: SEQUELIZE
[2023-06-25 19:55:57] INFO: SEQUELIZE
[2023-06-25 19:55:57] INFO: SEQUELIZE
[2023-06-25 19:55:57] INFO: POST
[2023-06-25 19:56:01] INFO: POST
[2023-06-25 19:58:35] INFO: App listening on the port: 5000
[2023-06-25 19:58:35] INFO: SEQUELIZE
[2023-06-25 19:58:35] INFO: Database connection established successfully
[2023-06-25 19:58:40] INFO: POST
[2023-06-25 19:59:03] INFO: App listening on the port: 5000
[2023-06-25 19:59:03] INFO: SEQUELIZE
[2023-06-25 19:59:03] INFO: Database connection established successfully
[2023-06-25 19:59:08] INFO: POST
[2023-06-25 19:59:42] INFO: SEQUELIZE
[2023-06-25 19:59:42] INFO: SEQUELIZE
[2023-06-25 19:59:42] INFO: SEQUELIZE
[2023-06-25 19:59:42] ERROR: Validation error: items
[2023-06-25 19:59:42] INFO: POST
[2023-06-25 19:59:43] INFO: POST
[2023-06-25 20:01:03] INFO: App listening on the port: 5000
[2023-06-25 20:01:03] INFO: SEQUELIZE
[2023-06-25 20:01:03] INFO: Database connection established successfully
[2023-06-25 20:01:08] INFO: POST
[2023-06-25 20:01:15] INFO: SEQUELIZE
[2023-06-25 20:01:15] INFO: SEQUELIZE
[2023-06-25 20:01:15] INFO: SEQUELIZE
[2023-06-25 20:01:15] INFO: SEQUELIZE
[2023-06-25 20:01:15] INFO: SEQUELIZE
[2023-06-25 20:01:15] INFO: SEQUELIZE
[2023-06-25 20:01:15] INFO: SEQUELIZE
[2023-06-25 20:01:15] INFO: SEQUELIZE
[2023-06-25 20:01:18] INFO: SEQUELIZE
[2023-06-25 20:01:18] INFO: SEQUELIZE
[2023-06-25 20:01:18] INFO: SEQUELIZE
[2023-06-25 20:01:18] INFO: SEQUELIZE
[2023-06-25 20:01:18] INFO: SEQUELIZE
[2023-06-25 20:01:18] INFO: SEQUELIZE
[2023-06-25 20:01:18] INFO: SEQUELIZE
[2023-06-25 20:01:18] INFO: SEQUELIZE
[2023-06-25 20:01:18] INFO: SEQUELIZE
[2023-06-25 20:01:18] INFO: SEQUELIZE
[2023-06-25 20:01:18] INFO: SEQUELIZE
[2023-06-25 20:01:18] INFO: SEQUELIZE
[2023-06-25 20:01:18] INFO: POST
[2023-06-25 20:01:18] INFO: POST
[2023-06-25 20:02:05] INFO: SEQUELIZE
[2023-06-25 20:02:05] INFO: SEQUELIZE
[2023-06-25 20:02:05] INFO: SEQUELIZE
[2023-06-25 20:02:05] INFO: SEQUELIZE
[2023-06-25 20:02:05] INFO: SEQUELIZE
[2023-06-25 20:02:05] INFO: SEQUELIZE
[2023-06-25 20:02:05] INFO: SEQUELIZE
[2023-06-25 20:02:05] INFO: SEQUELIZE
[2023-06-25 20:02:05] INFO: POST
[2023-06-25 20:02:08] INFO: POST
[2023-06-25 20:02:29] INFO: SEQUELIZE
[2023-06-25 20:02:29] INFO: SEQUELIZE
[2023-06-25 20:02:29] INFO: SEQUELIZE
[2023-06-25 20:02:29] INFO: SEQUELIZE
[2023-06-25 20:02:29] INFO: SEQUELIZE
[2023-06-25 20:02:29] INFO: SEQUELIZE
[2023-06-25 20:02:29] INFO: SEQUELIZE
[2023-06-25 20:02:29] INFO: SEQUELIZE
[2023-06-25 20:02:31] INFO: SEQUELIZE
[2023-06-25 20:02:31] INFO: SEQUELIZE
[2023-06-25 20:02:31] INFO: SEQUELIZE
[2023-06-25 20:02:31] INFO: SEQUELIZE
[2023-06-25 20:02:31] INFO: SEQUELIZE
[2023-06-25 20:02:31] INFO: SEQUELIZE
[2023-06-25 20:02:31] INFO: SEQUELIZE
[2023-06-25 20:02:32] INFO: SEQUELIZE
[2023-06-25 20:02:32] ERROR: Could not save inventory transactions caused by invoice!
[2023-06-25 20:02:32] INFO: POST
[2023-06-25 20:02:33] INFO: POST
[2023-06-25 20:02:40] INFO: SEQUELIZE
[2023-06-25 20:02:40] INFO: SEQUELIZE
[2023-06-25 20:02:40] INFO: SEQUELIZE
[2023-06-25 20:02:40] INFO: SEQUELIZE
[2023-06-25 20:02:40] INFO: SEQUELIZE
[2023-06-25 20:02:40] INFO: SEQUELIZE
[2023-06-25 20:02:40] INFO: SEQUELIZE
[2023-06-25 20:02:40] INFO: SEQUELIZE
[2023-06-25 20:02:41] INFO: SEQUELIZE
[2023-06-25 20:02:41] INFO: SEQUELIZE
[2023-06-25 20:02:41] INFO: SEQUELIZE
[2023-06-25 20:02:41] INFO: SEQUELIZE
[2023-06-25 20:02:41] INFO: SEQUELIZE
[2023-06-25 20:02:41] INFO: SEQUELIZE
[2023-06-25 20:02:41] INFO: SEQUELIZE
[2023-06-25 20:02:41] INFO: SEQUELIZE
[2023-06-25 20:02:41] INFO: SEQUELIZE
[2023-06-25 20:02:42] INFO: SEQUELIZE
[2023-06-25 20:02:42] INFO: SEQUELIZE
[2023-06-25 20:02:42] INFO: POST
[2023-06-25 20:02:43] INFO: POST
[2023-06-25 20:10:12] INFO: SEQUELIZE
[2023-06-25 20:10:12] INFO: SEQUELIZE
[2023-06-25 20:10:12] INFO: SEQUELIZE
[2023-06-25 20:10:12] INFO: SEQUELIZE
[2023-06-25 20:10:12] INFO: SEQUELIZE
[2023-06-25 20:10:12] INFO: SEQUELIZE
[2023-06-25 20:10:12] INFO: SEQUELIZE
[2023-06-25 20:10:12] INFO: SEQUELIZE
[2023-06-25 20:10:13] INFO: SEQUELIZE
[2023-06-25 20:10:13] INFO: POST
[2023-06-25 20:10:14] INFO: POST
[2023-06-25 20:10:52] INFO: SEQUELIZE
[2023-06-25 20:10:52] INFO: SEQUELIZE
[2023-06-25 20:10:52] INFO: SEQUELIZE
[2023-06-25 20:10:52] INFO: SEQUELIZE
[2023-06-25 20:10:52] INFO: SEQUELIZE
[2023-06-25 20:10:52] INFO: SEQUELIZE
[2023-06-25 20:10:52] INFO: SEQUELIZE
[2023-06-25 20:10:52] INFO: SEQUELIZE
[2023-06-25 20:10:52] INFO: SEQUELIZE
[2023-06-25 20:10:52] INFO: SEQUELIZE
[2023-06-25 20:10:52] INFO: SEQUELIZE
[2023-06-25 20:10:52] ERROR: Could not save inventory transactions caused by inbound!
[2023-06-25 20:10:52] INFO: PUT
[2023-06-25 20:10:54] INFO: POST
[2023-06-25 20:11:12] INFO: SEQUELIZE
[2023-06-25 20:11:12] INFO: SEQUELIZE
[2023-06-25 20:11:12] INFO: SEQUELIZE
[2023-06-25 20:11:12] INFO: SEQUELIZE
[2023-06-25 20:11:12] INFO: SEQUELIZE
[2023-06-25 20:11:12] INFO: SEQUELIZE
[2023-06-25 20:11:12] INFO: SEQUELIZE
[2023-06-25 20:11:12] INFO: SEQUELIZE
[2023-06-25 20:11:12] INFO: SEQUELIZE
[2023-06-25 20:11:12] INFO: SEQUELIZE
[2023-06-25 20:11:12] INFO: SEQUELIZE
[2023-06-25 20:11:12] ERROR: Could not save inventory transactions caused by inbound!
[2023-06-25 20:11:12] INFO: PUT
[2023-06-25 20:11:14] INFO: POST
[2023-06-25 20:11:58] INFO: SEQUELIZE
[2023-06-25 20:11:58] INFO: SEQUELIZE
[2023-06-25 20:11:58] INFO: SEQUELIZE
[2023-06-25 20:11:58] INFO: SEQUELIZE
[2023-06-25 20:11:58] INFO: SEQUELIZE
[2023-06-25 20:11:58] INFO: SEQUELIZE
[2023-06-25 20:11:58] INFO: SEQUELIZE
[2023-06-25 20:11:58] INFO: SEQUELIZE
[2023-06-25 20:11:58] INFO: SEQUELIZE
[2023-06-25 20:11:58] INFO: SEQUELIZE
[2023-06-25 20:11:58] INFO: SEQUELIZE
[2023-06-25 20:11:58] ERROR: Could not save inventory transactions caused by inbound!
[2023-06-25 20:11:58] INFO: PUT
[2023-06-25 20:11:59] INFO: POST
[2023-06-25 20:14:00] INFO: App listening on the port: 5000
[2023-06-25 20:14:00] INFO: SEQUELIZE
[2023-06-25 20:14:00] INFO: Database connection established successfully
[2023-06-25 20:14:05] INFO: POST
[2023-06-25 20:14:37] INFO: App listening on the port: 5000
[2023-06-25 20:14:37] INFO: SEQUELIZE
[2023-06-25 20:14:37] INFO: Database connection established successfully
[2023-06-25 20:14:42] INFO: POST
[2023-06-25 20:15:25] INFO: SEQUELIZE
[2023-06-25 20:15:25] INFO: SEQUELIZE
[2023-06-25 20:15:25] INFO: SEQUELIZE
[2023-06-25 20:15:25] INFO: SEQUELIZE
[2023-06-25 20:15:25] INFO: SEQUELIZE
[2023-06-25 20:15:25] INFO: SEQUELIZE
[2023-06-25 20:15:25] INFO: SEQUELIZE
[2023-06-25 20:15:26] INFO: SEQUELIZE
[2023-06-25 20:15:26] INFO: SEQUELIZE
[2023-06-25 20:15:26] INFO: SEQUELIZE
[2023-06-25 20:15:26] INFO: SEQUELIZE
[2023-06-25 20:15:26] ERROR: itemInCurrentStock.toJSON is not a function
[2023-06-25 20:15:26] INFO: PUT
[2023-06-25 20:15:28] INFO: POST
[2023-06-25 20:22:44] INFO: App listening on the port: 5000
[2023-06-25 20:22:45] INFO: SEQUELIZE
[2023-06-25 20:22:45] INFO: Database connection established successfully
[2023-06-25 20:22:50] INFO: POST
[2023-06-25 20:22:52] INFO: SEQUELIZE
[2023-06-25 20:22:52] INFO: SEQUELIZE
[2023-06-25 20:22:52] INFO: SEQUELIZE
[2023-06-25 20:22:52] INFO: SEQUELIZE
[2023-06-25 20:22:52] INFO: SEQUELIZE
[2023-06-25 20:22:52] INFO: SEQUELIZE
[2023-06-25 20:22:52] INFO: SEQUELIZE
[2023-06-25 20:22:52] INFO: SEQUELIZE
[2023-06-25 20:22:52] INFO: SEQUELIZE
[2023-06-25 20:22:52] INFO: SEQUELIZE
[2023-06-25 20:22:53] INFO: SEQUELIZE
[2023-06-25 20:22:53] ERROR: itemInCurrentStock?.toJSON is not a function
[2023-06-25 20:22:53] INFO: PUT
[2023-06-25 20:22:55] INFO: POST
[2023-06-25 20:23:13] INFO: App listening on the port: 5000
[2023-06-25 20:23:13] INFO: SEQUELIZE
[2023-06-25 20:23:13] INFO: Database connection established successfully
[2023-06-25 20:23:18] INFO: POST
[2023-06-25 20:23:27] INFO: SEQUELIZE
[2023-06-25 20:23:27] INFO: SEQUELIZE
[2023-06-25 20:23:27] INFO: SEQUELIZE
[2023-06-25 20:23:27] INFO: SEQUELIZE
[2023-06-25 20:23:27] INFO: SEQUELIZE
[2023-06-25 20:23:27] INFO: SEQUELIZE
[2023-06-25 20:23:27] INFO: SEQUELIZE
[2023-06-25 20:23:27] INFO: SEQUELIZE
[2023-06-25 20:23:27] INFO: SEQUELIZE
[2023-06-25 20:23:27] INFO: SEQUELIZE
[2023-06-25 20:23:28] INFO: SEQUELIZE
[2023-06-25 20:23:28] INFO: SEQUELIZE
[2023-06-25 20:23:28] INFO: SEQUELIZE
[2023-06-25 20:23:28] INFO: SEQUELIZE
[2023-06-25 20:23:28] INFO: PUT
[2023-06-25 20:23:28] INFO: POST
[2023-06-25 20:23:51] INFO: SEQUELIZE
[2023-06-25 20:23:51] INFO: SEQUELIZE
[2023-06-25 20:23:52] INFO: SEQUELIZE
[2023-06-25 20:23:52] INFO: SEQUELIZE
[2023-06-25 20:23:52] INFO: GET
[2023-06-25 20:23:53] INFO: POST
[2023-06-25 20:24:15] INFO: SEQUELIZE
[2023-06-25 20:24:15] INFO: SEQUELIZE
[2023-06-25 20:24:15] INFO: SEQUELIZE
[2023-06-25 20:24:15] INFO: SEQUELIZE
[2023-06-25 20:24:15] INFO: SEQUELIZE
[2023-06-25 20:24:15] INFO: SEQUELIZE
[2023-06-25 20:24:15] INFO: SEQUELIZE
[2023-06-25 20:24:15] INFO: SEQUELIZE
[2023-06-25 20:24:16] INFO: SEQUELIZE
[2023-06-25 20:24:16] INFO: POST
[2023-06-25 20:24:18] INFO: POST
[2023-06-25 20:24:46] INFO: SEQUELIZE
[2023-06-25 20:24:46] INFO: SEQUELIZE
[2023-06-25 20:24:46] INFO: SEQUELIZE
[2023-06-25 20:24:46] INFO: SEQUELIZE
[2023-06-25 20:24:46] INFO: SEQUELIZE
[2023-06-25 20:24:46] INFO: SEQUELIZE
[2023-06-25 20:24:46] INFO: SEQUELIZE
[2023-06-25 20:24:46] INFO: SEQUELIZE
[2023-06-25 20:24:46] INFO: SEQUELIZE
[2023-06-25 20:24:47] INFO: SEQUELIZE
[2023-06-25 20:24:47] INFO: SEQUELIZE
[2023-06-25 20:24:47] INFO: SEQUELIZE
[2023-06-25 20:24:47] INFO: SEQUELIZE
[2023-06-25 20:24:47] INFO: SEQUELIZE
[2023-06-25 20:24:47] INFO: PUT
[2023-06-25 20:24:48] INFO: POST
[2023-06-25 20:25:27] INFO: SEQUELIZE
[2023-06-25 20:25:27] INFO: SEQUELIZE
[2023-06-25 20:25:27] INFO: SEQUELIZE
[2023-06-25 20:25:27] INFO: SEQUELIZE
[2023-06-25 20:25:27] INFO: SEQUELIZE
[2023-06-25 20:25:27] INFO: SEQUELIZE
[2023-06-25 20:25:27] INFO: SEQUELIZE
[2023-06-25 20:25:27] INFO: SEQUELIZE
[2023-06-25 20:25:27] ERROR: Inbound shipment is already closed!
[2023-06-25 20:25:27] INFO: PUT
[2023-06-25 20:25:29] INFO: POST
[2023-06-25 20:25:34] INFO: SEQUELIZE
[2023-06-25 20:25:34] INFO: SEQUELIZE
[2023-06-25 20:25:34] INFO: SEQUELIZE
[2023-06-25 20:25:34] INFO: SEQUELIZE
[2023-06-25 20:25:34] INFO: SEQUELIZE
[2023-06-25 20:25:34] INFO: SEQUELIZE
[2023-06-25 20:25:34] INFO: SEQUELIZE
[2023-06-25 20:25:34] INFO: SEQUELIZE
[2023-06-25 20:25:34] INFO: POST
[2023-06-25 20:25:39] INFO: POST
[2023-06-25 20:26:27] INFO: SEQUELIZE
[2023-06-25 20:26:27] INFO: SEQUELIZE
[2023-06-25 20:26:27] INFO: SEQUELIZE
[2023-06-25 20:26:27] INFO: SEQUELIZE
[2023-06-25 20:26:27] INFO: SEQUELIZE
[2023-06-25 20:26:27] INFO: SEQUELIZE
[2023-06-25 20:26:27] INFO: SEQUELIZE
[2023-06-25 20:26:27] INFO: SEQUELIZE
[2023-06-25 20:26:29] INFO: POST
[2023-06-25 20:26:29] INFO: SEQUELIZE
[2023-06-25 20:26:29] INFO: SEQUELIZE
[2023-06-25 20:26:29] INFO: SEQUELIZE
[2023-06-25 20:26:29] INFO: SEQUELIZE
[2023-06-25 20:26:29] INFO: SEQUELIZE
[2023-06-25 20:26:29] INFO: SEQUELIZE
[2023-06-25 20:26:29] INFO: SEQUELIZE
[2023-06-25 20:26:29] INFO: SEQUELIZE
[2023-06-25 20:26:29] INFO: SEQUELIZE
[2023-06-25 20:26:29] INFO: SEQUELIZE
[2023-06-25 20:26:29] INFO: SEQUELIZE
[2023-06-25 20:26:29] INFO: SEQUELIZE
[2023-06-25 20:26:29] INFO: POST
[2023-06-25 20:26:34] INFO: POST
[2023-06-25 22:22:16] INFO: App listening on the port: 5000
[2023-06-25 22:22:16] INFO: SEQUELIZE
[2023-06-25 22:22:16] INFO: Database connection established successfully
[2023-06-25 22:22:34] INFO: App listening on the port: 5000
[2023-06-25 22:22:34] INFO: SEQUELIZE
[2023-06-25 22:22:34] INFO: Database connection established successfully
[2023-06-25 22:22:39] INFO: POST
[2023-06-25 22:23:01] INFO: App listening on the port: 5000
[2023-06-25 22:23:01] INFO: SEQUELIZE
[2023-06-25 22:23:01] INFO: Database connection established successfully
[2023-06-25 22:23:06] INFO: POST
[2023-06-25 22:24:11] INFO: SEQUELIZE
[2023-06-25 22:24:11] INFO: Database connection established successfully
[2023-06-25 22:24:26] INFO: App listening on the port: 5000
[2023-06-25 22:24:26] INFO: SEQUELIZE
[2023-06-25 22:24:26] INFO: Database connection established successfully
[2023-06-25 22:24:31] INFO: POST
[2023-06-25 22:24:57] INFO: App listening on the port: 5000
[2023-06-25 22:24:57] INFO: SEQUELIZE
[2023-06-25 22:24:57] INFO: Database connection established successfully
[2023-06-25 22:25:02] INFO: POST
[2023-06-25 22:25:56] INFO: App listening on the port: 5000
[2023-06-25 22:25:56] INFO: SEQUELIZE
[2023-06-25 22:25:56] INFO: Database connection established successfully
[2023-06-25 22:26:01] INFO: POST
[2023-06-25 22:26:49] INFO: App listening on the port: 5000
[2023-06-25 22:26:49] INFO: SEQUELIZE
[2023-06-25 22:26:49] INFO: Database connection established successfully
[2023-06-25 22:26:54] INFO: POST
[2023-06-25 22:28:11] INFO: SEQUELIZE
[2023-06-25 22:28:11] INFO: SEQUELIZE
[2023-06-25 22:28:11] INFO: SEQUELIZE
[2023-06-25 22:28:11] INFO: SEQUELIZE
[2023-06-25 22:28:11] INFO: SEQUELIZE
[2023-06-25 22:28:11] INFO: SEQUELIZE
[2023-06-25 22:28:11] INFO: SEQUELIZE
[2023-06-25 22:28:11] INFO: SEQUELIZE
[2023-06-25 22:28:11] INFO: POST
[2023-06-25 22:28:14] INFO: POST
[2023-06-25 22:28:36] INFO: SEQUELIZE
[2023-06-25 22:28:36] INFO: SEQUELIZE
[2023-06-25 22:28:36] INFO: SEQUELIZE
[2023-06-25 22:28:36] INFO: SEQUELIZE
[2023-06-25 22:28:36] INFO: SEQUELIZE
[2023-06-25 22:28:36] INFO: SEQUELIZE
[2023-06-25 22:28:36] INFO: SEQUELIZE
[2023-06-25 22:28:36] INFO: SEQUELIZE
[2023-06-25 22:28:36] INFO: SEQUELIZE
[2023-06-25 22:28:36] INFO: SEQUELIZE
[2023-06-25 22:28:36] INFO: SEQUELIZE
[2023-06-25 22:28:36] INFO: SEQUELIZE
[2023-06-25 22:28:36] INFO: SEQUELIZE
[2023-06-25 22:28:36] INFO: SEQUELIZE
[2023-06-25 22:28:36] INFO: SEQUELIZE
[2023-06-25 22:28:36] INFO: PUT
[2023-06-25 22:28:39] INFO: POST
[2023-06-25 22:29:12] INFO: SEQUELIZE
[2023-06-25 22:29:12] INFO: SEQUELIZE
[2023-06-25 22:29:12] INFO: SEQUELIZE
[2023-06-25 22:29:12] INFO: SEQUELIZE
[2023-06-25 22:29:12] INFO: SEQUELIZE
[2023-06-25 22:29:12] INFO: SEQUELIZE
[2023-06-25 22:29:12] INFO: SEQUELIZE
[2023-06-25 22:29:12] INFO: SEQUELIZE
[2023-06-25 22:29:12] INFO: POST
[2023-06-25 22:29:14] INFO: POST
[2023-06-25 22:29:27] INFO: SEQUELIZE
[2023-06-25 22:29:27] INFO: SEQUELIZE
[2023-06-25 22:29:27] INFO: SEQUELIZE
[2023-06-25 22:29:27] INFO: SEQUELIZE
[2023-06-25 22:29:27] INFO: SEQUELIZE
[2023-06-25 22:29:27] INFO: SEQUELIZE
[2023-06-25 22:29:27] INFO: SEQUELIZE
[2023-06-25 22:29:27] INFO: SEQUELIZE
[2023-06-25 22:29:27] INFO: SEQUELIZE
[2023-06-25 22:29:27] INFO: SEQUELIZE
[2023-06-25 22:29:27] INFO: SEQUELIZE
[2023-06-25 22:29:27] INFO: SEQUELIZE
[2023-06-25 22:29:27] INFO: SEQUELIZE
[2023-06-25 22:29:27] INFO: SEQUELIZE
[2023-06-25 22:29:27] INFO: SEQUELIZE
[2023-06-25 22:29:27] INFO: PUT
[2023-06-25 22:29:30] INFO: POST
[2023-06-25 22:31:31] INFO: App listening on the port: 5000
[2023-06-25 22:31:31] INFO: SEQUELIZE
[2023-06-25 22:31:31] INFO: Database connection established successfully
[2023-06-25 22:31:36] INFO: POST
[2023-06-25 22:32:36] INFO: App listening on the port: 5000
[2023-06-25 22:32:36] INFO: SEQUELIZE
[2023-06-25 22:32:36] INFO: Database connection established successfully
[2023-06-25 22:32:41] INFO: POST
[2023-06-25 22:32:55] INFO: SEQUELIZE
[2023-06-25 22:32:55] INFO: SEQUELIZE
[2023-06-25 22:32:55] INFO: SEQUELIZE
[2023-06-25 22:32:55] INFO: SEQUELIZE
[2023-06-25 22:32:55] INFO: SEQUELIZE
[2023-06-25 22:32:55] INFO: SEQUELIZE
[2023-06-25 22:32:55] INFO: SEQUELIZE
[2023-06-25 22:32:55] INFO: SEQUELIZE
[2023-06-25 22:32:55] INFO: POST
[2023-06-25 22:32:56] INFO: POST
[2023-06-25 22:33:12] INFO: SEQUELIZE
[2023-06-25 22:33:12] INFO: SEQUELIZE
[2023-06-25 22:33:12] INFO: SEQUELIZE
[2023-06-25 22:33:12] INFO: SEQUELIZE
[2023-06-25 22:33:12] INFO: SEQUELIZE
[2023-06-25 22:33:12] INFO: SEQUELIZE
[2023-06-25 22:33:12] INFO: SEQUELIZE
[2023-06-25 22:33:12] INFO: SEQUELIZE
[2023-06-25 22:33:12] INFO: SEQUELIZE
[2023-06-25 22:33:12] INFO: SEQUELIZE
[2023-06-25 22:33:12] INFO: SEQUELIZE
[2023-06-25 22:33:12] INFO: SEQUELIZE
[2023-06-25 22:33:12] ERROR: itemInCurrentStock.toJSON is not a function
[2023-06-25 22:33:12] INFO: PUT
[2023-06-25 22:33:16] INFO: POST
[2023-06-25 22:33:36] INFO: App listening on the port: 5000
[2023-06-25 22:33:36] INFO: SEQUELIZE
[2023-06-25 22:33:36] INFO: Database connection established successfully
[2023-06-25 22:33:50] INFO: App listening on the port: 5000
[2023-06-25 22:33:50] INFO: SEQUELIZE
[2023-06-25 22:33:50] INFO: Database connection established successfully
[2023-06-25 22:33:55] INFO: POST
[2023-06-25 22:35:17] INFO: App listening on the port: 5000
[2023-06-25 22:35:18] INFO: SEQUELIZE
[2023-06-25 22:35:18] INFO: Database connection established successfully
[2023-06-25 22:35:23] INFO: POST
[2023-06-25 22:35:30] INFO: SEQUELIZE
[2023-06-25 22:35:30] INFO: SEQUELIZE
[2023-06-25 22:35:30] INFO: SEQUELIZE
[2023-06-25 22:35:30] INFO: SEQUELIZE
[2023-06-25 22:35:30] INFO: SEQUELIZE
[2023-06-25 22:35:30] INFO: SEQUELIZE
[2023-06-25 22:35:30] INFO: SEQUELIZE
[2023-06-25 22:35:30] INFO: SEQUELIZE
[2023-06-25 22:35:30] INFO: SEQUELIZE
[2023-06-25 22:35:30] INFO: SEQUELIZE
[2023-06-25 22:35:30] INFO: SEQUELIZE
[2023-06-25 22:35:31] INFO: SEQUELIZE
[2023-06-25 22:35:31] ERROR: Cannot read properties of undefined (reading 'quantity')
[2023-06-25 22:35:31] INFO: PUT
[2023-06-25 22:35:33] INFO: POST
[2023-06-25 22:36:26] INFO: App listening on the port: 5000
[2023-06-25 22:36:26] INFO: SEQUELIZE
[2023-06-25 22:36:26] INFO: Database connection established successfully
[2023-06-25 22:36:31] INFO: POST
[2023-06-25 22:36:57] INFO: App listening on the port: 5000
[2023-06-25 22:36:57] INFO: SEQUELIZE
[2023-06-25 22:36:57] INFO: Database connection established successfully
[2023-06-25 22:37:02] INFO: POST
[2023-06-25 22:37:20] INFO: SEQUELIZE
[2023-06-25 22:37:20] INFO: SEQUELIZE
[2023-06-25 22:37:20] INFO: SEQUELIZE
[2023-06-25 22:37:20] INFO: SEQUELIZE
[2023-06-25 22:37:20] INFO: SEQUELIZE
[2023-06-25 22:37:20] INFO: SEQUELIZE
[2023-06-25 22:37:20] INFO: SEQUELIZE
[2023-06-25 22:37:20] INFO: SEQUELIZE
[2023-06-25 22:37:20] INFO: SEQUELIZE
[2023-06-25 22:37:20] INFO: SEQUELIZE
[2023-06-25 22:37:20] INFO: SEQUELIZE
[2023-06-25 22:37:20] INFO: SEQUELIZE
[2023-06-25 22:37:20] ERROR: Cannot read properties of undefined (reading 'quantity')
[2023-06-25 22:37:20] INFO: PUT
[2023-06-25 22:37:22] INFO: POST
[2023-06-25 22:38:28] INFO: App listening on the port: 5000
[2023-06-25 22:38:29] INFO: SEQUELIZE
[2023-06-25 22:38:29] INFO: Database connection established successfully
[2023-06-25 22:38:34] INFO: POST
[2023-06-25 22:39:11] INFO: App listening on the port: 5000
[2023-06-25 22:39:11] INFO: SEQUELIZE
[2023-06-25 22:39:11] INFO: Database connection established successfully
[2023-06-25 22:39:16] INFO: POST
[2023-06-25 22:40:40] INFO: SEQUELIZE
[2023-06-25 22:40:40] INFO: Database connection established successfully
[2023-06-25 22:41:02] INFO: App listening on the port: 5000
[2023-06-25 22:41:02] INFO: SEQUELIZE
[2023-06-25 22:41:02] INFO: Database connection established successfully
[2023-06-25 22:41:07] INFO: POST
[2023-06-25 22:42:19] INFO: App listening on the port: 5000
[2023-06-25 22:42:19] INFO: SEQUELIZE
[2023-06-25 22:42:19] INFO: Database connection established successfully
[2023-06-25 22:42:24] INFO: POST
[2023-06-25 22:42:28] INFO: SEQUELIZE
[2023-06-25 22:42:28] INFO: SEQUELIZE
[2023-06-25 22:42:28] INFO: SEQUELIZE
[2023-06-25 22:42:28] INFO: SEQUELIZE
[2023-06-25 22:42:28] INFO: SEQUELIZE
[2023-06-25 22:42:28] INFO: SEQUELIZE
[2023-06-25 22:42:28] INFO: SEQUELIZE
[2023-06-25 22:42:28] INFO: SEQUELIZE
[2023-06-25 22:42:28] INFO: SEQUELIZE
[2023-06-25 22:42:28] INFO: SEQUELIZE
[2023-06-25 22:42:28] INFO: SEQUELIZE
[2023-06-25 22:42:28] INFO: SEQUELIZE
[2023-06-25 22:42:28] INFO: SEQUELIZE
[2023-06-25 22:42:28] INFO: SEQUELIZE
[2023-06-25 22:42:28] INFO: SEQUELIZE
[2023-06-25 22:42:28] INFO: PUT
[2023-06-25 22:42:29] INFO: POST
[2023-06-25 22:43:06] INFO: SEQUELIZE
[2023-06-25 22:43:06] INFO: SEQUELIZE
[2023-06-25 22:43:06] INFO: SEQUELIZE
[2023-06-25 22:43:06] INFO: SEQUELIZE
[2023-06-25 22:43:06] INFO: SEQUELIZE
[2023-06-25 22:43:06] INFO: SEQUELIZE
[2023-06-25 22:43:06] INFO: SEQUELIZE
[2023-06-25 22:43:07] INFO: SEQUELIZE
[2023-06-25 22:43:07] INFO: POST
[2023-06-25 22:43:09] INFO: POST
[2023-06-25 22:43:25] INFO: SEQUELIZE
[2023-06-25 22:43:26] INFO: SEQUELIZE
[2023-06-25 22:43:26] INFO: SEQUELIZE
[2023-06-25 22:43:26] INFO: SEQUELIZE
[2023-06-25 22:43:26] INFO: SEQUELIZE
[2023-06-25 22:43:26] INFO: SEQUELIZE
[2023-06-25 22:43:26] INFO: SEQUELIZE
[2023-06-25 22:43:26] INFO: SEQUELIZE
[2023-06-25 22:43:26] INFO: SEQUELIZE
[2023-06-25 22:43:26] INFO: SEQUELIZE
[2023-06-25 22:43:26] INFO: SEQUELIZE
[2023-06-25 22:43:26] INFO: SEQUELIZE
[2023-06-25 22:43:26] INFO: SEQUELIZE
[2023-06-25 22:43:26] INFO: SEQUELIZE
[2023-06-25 22:43:26] INFO: SEQUELIZE
[2023-06-25 22:43:26] INFO: PUT
[2023-06-25 22:43:29] INFO: POST
[2023-06-25 22:43:59] INFO: SEQUELIZE
[2023-06-25 22:43:59] INFO: SEQUELIZE
[2023-06-25 22:43:59] INFO: SEQUELIZE
[2023-06-25 22:43:59] INFO: SEQUELIZE
[2023-06-25 22:43:59] INFO: SEQUELIZE
[2023-06-25 22:43:59] INFO: SEQUELIZE
[2023-06-25 22:43:59] INFO: SEQUELIZE
[2023-06-25 22:43:59] INFO: SEQUELIZE
[2023-06-25 22:43:59] INFO: POST
[2023-06-25 22:43:59] INFO: POST
[2023-06-25 22:44:13] INFO: SEQUELIZE
[2023-06-25 22:44:13] INFO: SEQUELIZE
[2023-06-25 22:44:13] INFO: SEQUELIZE
[2023-06-25 22:44:14] INFO: SEQUELIZE
[2023-06-25 22:44:14] INFO: SEQUELIZE
[2023-06-25 22:44:14] INFO: SEQUELIZE
[2023-06-25 22:44:14] INFO: SEQUELIZE
[2023-06-25 22:44:14] INFO: SEQUELIZE
[2023-06-25 22:44:14] INFO: SEQUELIZE
[2023-06-25 22:44:14] INFO: SEQUELIZE
[2023-06-25 22:44:14] INFO: SEQUELIZE
[2023-06-25 22:44:14] INFO: SEQUELIZE
[2023-06-25 22:44:14] INFO: SEQUELIZE
[2023-06-25 22:44:14] INFO: SEQUELIZE
[2023-06-25 22:44:14] INFO: SEQUELIZE
[2023-06-25 22:44:14] INFO: PUT
[2023-06-25 22:44:14] INFO: POST
[2023-06-25 22:46:20] INFO: App listening on the port: 5000
[2023-06-25 22:46:20] INFO: SEQUELIZE
[2023-06-25 22:46:20] INFO: Database connection established successfully
[2023-06-25 22:46:25] INFO: POST
[2023-06-25 22:46:55] INFO: App listening on the port: 5000
[2023-06-25 22:46:55] INFO: SEQUELIZE
[2023-06-25 22:46:55] INFO: Database connection established successfully
[2023-06-25 22:47:00] INFO: POST
[2023-06-25 22:47:17] INFO: App listening on the port: 5000
[2023-06-25 22:47:17] INFO: SEQUELIZE
[2023-06-25 22:47:17] INFO: Database connection established successfully
[2023-06-25 22:47:22] INFO: POST
[2023-06-25 22:49:28] INFO: App listening on the port: 5000
[2023-06-25 22:49:28] INFO: SEQUELIZE
[2023-06-25 22:49:28] INFO: Database connection established successfully
[2023-06-25 22:49:33] INFO: POST
[2023-06-25 22:51:56] INFO: SEQUELIZE
[2023-06-25 22:51:56] INFO: Database connection established successfully
[2023-06-25 22:52:19] INFO: App listening on the port: 5000
[2023-06-25 22:52:19] INFO: SEQUELIZE
[2023-06-25 22:52:19] INFO: Database connection established successfully
[2023-06-25 22:52:24] INFO: POST
