[2023-06-13 10:08:00] INFO: App listening on the port: 5000
[2023-06-13 10:08:00] INFO: SEQUELIZE
[2023-06-13 10:08:00] INFO: Database connection established successfully
[2023-06-13 10:08:05] INFO: POST
[2023-06-13 10:08:45] INFO: SEQUELIZE
[2023-06-13 10:08:46] INFO: GET
[2023-06-13 10:08:50] INFO: POST
[2023-06-13 10:09:06] INFO: SEQUELIZE
[2023-06-13 10:09:06] ERROR: Cannot read properties of undefined (reading 'originalname')
[2023-06-13 10:09:06] INFO: POST
[2023-06-13 10:09:10] INFO: POST
[2023-06-13 10:09:37] INFO: App listening on the port: 5000
[2023-06-13 10:09:37] INFO: SEQUELIZE
[2023-06-13 10:09:37] INFO: Database connection established successfully
[2023-06-13 10:09:42] INFO: POST
[2023-06-13 10:11:54] INFO: App listening on the port: 5000
[2023-06-13 10:11:54] INFO: SEQUELIZE
[2023-06-13 10:11:54] INFO: Database connection established successfully
[2023-06-13 10:11:59] INFO: SEQUELIZE
[2023-06-13 10:11:59] ERROR: Cannot read properties of undefined (reading 'originalname')
[2023-06-13 10:11:59] INFO: POST
[2023-06-13 10:11:59] INFO: POST
[2023-06-13 10:13:59] INFO: SEQUELIZE
[2023-06-13 10:13:59] ERROR: Cannot read properties of undefined (reading 'originalname')
[2023-06-13 10:13:59] INFO: POST
[2023-06-13 10:14:04] INFO: POST
[2023-06-13 10:14:40] INFO: App listening on the port: 5000
[2023-06-13 10:14:40] INFO: SEQUELIZE
[2023-06-13 10:14:40] INFO: Database connection established successfully
[2023-06-13 10:14:43] INFO: SEQUELIZE
[2023-06-13 10:14:43] ERROR: Cannot read properties of undefined (reading 'originalname')
[2023-06-13 10:14:43] INFO: POST
[2023-06-13 10:14:45] INFO: POST
[2023-06-13 10:16:55] INFO: SEQUELIZE
[2023-06-13 10:16:55] INFO: Database connection established successfully
[2023-06-13 10:17:36] INFO: App listening on the port: 5000
[2023-06-13 10:17:36] INFO: SEQUELIZE
[2023-06-13 10:17:36] INFO: Database connection established successfully
[2023-06-13 10:17:41] INFO: POST
[2023-06-13 10:18:00] INFO: SEQUELIZE
[2023-06-13 10:18:00] ERROR: Cannot read properties of undefined (reading 'originalname')
[2023-06-13 10:18:00] INFO: POST
[2023-06-13 10:18:01] INFO: POST
[2023-06-13 10:19:09] INFO: App listening on the port: 5000
[2023-06-13 10:19:09] INFO: SEQUELIZE
[2023-06-13 10:19:09] INFO: Database connection established successfully
[2023-06-13 10:19:14] INFO: POST
[2023-06-13 10:19:14] INFO: SEQUELIZE
[2023-06-13 10:19:14] ERROR: Cannot read properties of undefined (reading 'originalname')
[2023-06-13 10:19:14] INFO: POST
[2023-06-13 10:19:19] INFO: POST
[2023-06-13 10:19:45] INFO: SEQUELIZE
[2023-06-13 10:19:45] ERROR: Cannot read properties of undefined (reading 'originalname')
[2023-06-13 10:19:45] INFO: POST
[2023-06-13 10:19:47] INFO: SEQUELIZE
[2023-06-13 10:19:47] ERROR: Cannot read properties of undefined (reading 'originalname')
[2023-06-13 10:19:47] INFO: POST
[2023-06-13 10:19:49] INFO: POST
[2023-06-13 10:22:01] INFO: SEQUELIZE
[2023-06-13 10:22:01] ERROR: Cannot read properties of undefined (reading 'originalname')
[2023-06-13 10:22:01] INFO: POST
[2023-06-13 10:22:05] INFO: POST
[2023-06-13 10:23:52] INFO: SEQUELIZE
[2023-06-13 10:23:52] ERROR: Cannot read properties of undefined (reading 'originalname')
[2023-06-13 10:23:52] INFO: POST
[2023-06-13 10:23:55] INFO: POST
[2023-06-13 10:26:48] INFO: App listening on the port: 5000
[2023-06-13 10:26:48] INFO: SEQUELIZE
[2023-06-13 10:26:48] INFO: Database connection established successfully
[2023-06-13 10:26:52] INFO: SEQUELIZE
[2023-06-13 10:26:52] ERROR: Cannot read properties of undefined (reading 'originalname')
[2023-06-13 10:26:52] INFO: POST
[2023-06-13 10:26:53] INFO: POST
[2023-06-13 10:28:30] INFO: App listening on the port: 5000
[2023-06-13 10:28:31] INFO: SEQUELIZE
[2023-06-13 10:28:31] INFO: Database connection established successfully
[2023-06-13 10:28:45] INFO: App listening on the port: 5000
[2023-06-13 10:28:45] INFO: SEQUELIZE
[2023-06-13 10:28:45] INFO: Database connection established successfully
[2023-06-13 10:28:50] INFO: POST
[2023-06-13 10:30:03] INFO: App listening on the port: 5000
[2023-06-13 10:30:03] INFO: SEQUELIZE
[2023-06-13 10:30:03] INFO: Database connection established successfully
[2023-06-13 10:30:08] INFO: SEQUELIZE
[2023-06-13 10:30:08] ERROR: Cannot read properties of undefined (reading 'originalname')
[2023-06-13 10:30:08] INFO: POST
[2023-06-13 10:30:08] INFO: POST
[2023-06-13 10:30:16] INFO: SEQUELIZE
[2023-06-13 10:30:16] ERROR: Cannot read properties of undefined (reading 'originalname')
[2023-06-13 10:30:16] INFO: POST
[2023-06-13 10:30:18] INFO: POST
[2023-06-13 10:30:29] INFO: App listening on the port: 5000
[2023-06-13 10:30:29] INFO: SEQUELIZE
[2023-06-13 10:30:29] INFO: Database connection established successfully
[2023-06-13 10:30:34] INFO: POST
[2023-06-13 10:32:37] INFO: SEQUELIZE
[2023-06-13 10:32:37] INFO: POST
[2023-06-13 10:32:40] INFO: POST
[2023-06-13 10:33:11] INFO: SEQUELIZE
[2023-06-13 10:33:12] INFO: POST
[2023-06-13 10:33:12] INFO: SEQUELIZE
[2023-06-13 10:33:13] INFO: POST
[2023-06-13 10:33:13] INFO: SEQUELIZE
[2023-06-13 10:33:13] INFO: POST
[2023-06-13 10:33:15] INFO: POST
[2023-06-13 10:34:58] INFO: SEQUELIZE
[2023-06-13 10:34:58] ERROR: Cannot read properties of undefined (reading 'originalname')
[2023-06-13 10:34:58] INFO: POST
[2023-06-13 10:35:00] INFO: POST
[2023-06-13 10:38:36] INFO: SEQUELIZE
[2023-06-13 10:38:36] INFO: SEQUELIZE
[2023-06-13 10:38:36] INFO: POST
[2023-06-13 10:38:40] INFO: POST
[2023-06-13 11:53:37] INFO: App listening on the port: 5000
[2023-06-13 11:53:37] INFO: SEQUELIZE
[2023-06-13 11:53:37] INFO: Database connection established successfully
[2023-06-13 11:53:47] INFO: App listening on the port: 5000
[2023-06-13 11:53:47] INFO: SEQUELIZE
[2023-06-13 11:53:47] INFO: Database connection established successfully
[2023-06-13 11:53:52] INFO: POST
[2023-06-13 11:55:37] INFO: App listening on the port: 5000
[2023-06-13 11:55:37] INFO: SEQUELIZE
[2023-06-13 11:55:37] INFO: Database connection established successfully
[2023-06-13 11:55:42] INFO: POST
[2023-06-13 11:57:28] INFO: App listening on the port: 5000
[2023-06-13 11:57:28] INFO: SEQUELIZE
[2023-06-13 11:57:28] INFO: Database connection established successfully
[2023-06-13 11:57:33] INFO: App listening on the port: 5000
[2023-06-13 11:57:34] INFO: SEQUELIZE
[2023-06-13 11:57:34] INFO: Database connection established successfully
[2023-06-13 11:57:39] INFO: POST
[2023-06-13 11:59:01] INFO: SEQUELIZE
[2023-06-13 11:59:01] INFO: Database connection established successfully
[2023-06-13 11:59:52] INFO: App listening on the port: 5000
[2023-06-13 11:59:52] INFO: SEQUELIZE
[2023-06-13 11:59:52] INFO: Database connection established successfully
[2023-06-13 11:59:57] INFO: POST
[2023-06-13 12:01:00] INFO: SEQUELIZE
[2023-06-13 12:01:00] INFO: Database connection established successfully
[2023-06-13 12:01:47] INFO: SEQUELIZE
[2023-06-13 12:01:47] INFO: Database connection established successfully
[2023-06-13 12:02:03] INFO: App listening on the port: 5000
[2023-06-13 12:02:03] INFO: SEQUELIZE
[2023-06-13 12:02:03] INFO: Database connection established successfully
[2023-06-13 12:02:08] INFO: POST
[2023-06-13 12:02:55] INFO: App listening on the port: 5000
[2023-06-13 12:02:55] INFO: SEQUELIZE
[2023-06-13 12:02:55] INFO: Database connection established successfully
[2023-06-13 12:03:00] INFO: POST
[2023-06-13 12:03:12] INFO: App listening on the port: 5000
[2023-06-13 12:03:12] INFO: SEQUELIZE
[2023-06-13 12:03:12] INFO: Database connection established successfully
[2023-06-13 12:03:17] INFO: POST
[2023-06-13 12:04:30] INFO: App listening on the port: 5000
[2023-06-13 12:04:30] INFO: SEQUELIZE
[2023-06-13 12:04:30] INFO: Database connection established successfully
[2023-06-13 12:04:37] INFO: SEQUELIZE
[2023-06-13 12:04:37] INFO: Database connection established successfully
[2023-06-13 12:04:46] INFO: App listening on the port: 5000
[2023-06-13 12:04:46] INFO: SEQUELIZE
[2023-06-13 12:04:46] INFO: Database connection established successfully
[2023-06-13 12:04:51] INFO: POST
[2023-06-13 12:05:18] INFO: App listening on the port: 5000
[2023-06-13 12:05:18] INFO: SEQUELIZE
[2023-06-13 12:05:18] INFO: Database connection established successfully
[2023-06-13 12:05:23] INFO: POST
[2023-06-13 12:06:35] INFO: App listening on the port: 5000
[2023-06-13 12:06:35] INFO: SEQUELIZE
[2023-06-13 12:06:35] INFO: Database connection established successfully
[2023-06-13 12:06:40] INFO: POST
[2023-06-13 12:07:07] INFO: SEQUELIZE
[2023-06-13 12:07:07] INFO: SEQUELIZE
[2023-06-13 12:07:07] INFO: SEQUELIZE
[2023-06-13 12:07:07] INFO: SEQUELIZE
[2023-06-13 12:07:07] INFO: GET
[2023-06-13 12:07:10] INFO: POST
[2023-06-13 12:07:16] INFO: SEQUELIZE
[2023-06-13 12:07:16] INFO: SEQUELIZE
[2023-06-13 12:07:16] INFO: SEQUELIZE
[2023-06-13 12:07:16] INFO: POST
[2023-06-13 12:07:20] INFO: POST
[2023-06-13 12:07:27] INFO: SEQUELIZE
[2023-06-13 12:07:27] INFO: SEQUELIZE
[2023-06-13 12:07:27] INFO: SEQUELIZE
[2023-06-13 12:07:27] INFO: SEQUELIZE
[2023-06-13 12:07:27] INFO: SEQUELIZE
[2023-06-13 12:07:27] INFO: SEQUELIZE
[2023-06-13 12:07:27] ERROR: Could not create invoice!
[2023-06-13 12:07:27] INFO: POST
[2023-06-13 12:07:30] INFO: POST
[2023-06-13 12:07:43] INFO: SEQUELIZE
[2023-06-13 12:07:43] INFO: SEQUELIZE
[2023-06-13 12:07:43] INFO: SEQUELIZE
[2023-06-13 12:07:43] INFO: SEQUELIZE
[2023-06-13 12:07:43] INFO: SEQUELIZE
[2023-06-13 12:07:43] INFO: SEQUELIZE
[2023-06-13 12:07:43] INFO: SEQUELIZE
[2023-06-13 12:07:44] INFO: SEQUELIZE
[2023-06-13 12:07:44] INFO: SEQUELIZE
[2023-06-13 12:07:44] INFO: SEQUELIZE
[2023-06-13 12:07:44] INFO: SEQUELIZE
[2023-06-13 12:07:44] INFO: SEQUELIZE
[2023-06-13 12:07:44] INFO: SEQUELIZE
[2023-06-13 12:07:44] INFO: SEQUELIZE
[2023-06-13 12:07:44] INFO: SEQUELIZE
[2023-06-13 12:07:44] INFO: SEQUELIZE
[2023-06-13 12:07:44] INFO: SEQUELIZE
[2023-06-13 12:07:44] INFO: POST
[2023-06-13 12:07:45] INFO: POST
[2023-06-13 12:08:03] INFO: SEQUELIZE
[2023-06-13 12:08:03] INFO: SEQUELIZE
[2023-06-13 12:08:03] INFO: SEQUELIZE
[2023-06-13 12:08:03] INFO: SEQUELIZE
[2023-06-13 12:08:03] INFO: SEQUELIZE
[2023-06-13 12:08:03] INFO: SEQUELIZE
[2023-06-13 12:08:03] INFO: SEQUELIZE
[2023-06-13 12:08:04] INFO: SEQUELIZE
[2023-06-13 12:08:04] INFO: SEQUELIZE
[2023-06-13 12:08:04] INFO: SEQUELIZE
[2023-06-13 12:08:04] INFO: SEQUELIZE
[2023-06-13 12:08:04] INFO: SEQUELIZE
[2023-06-13 12:08:04] INFO: SEQUELIZE
[2023-06-13 12:08:04] INFO: SEQUELIZE
[2023-06-13 12:08:04] INFO: SEQUELIZE
[2023-06-13 12:08:04] INFO: SEQUELIZE
[2023-06-13 12:08:04] INFO: SEQUELIZE
[2023-06-13 12:08:04] INFO: POST
[2023-06-13 12:08:05] INFO: POST
[2023-06-13 12:09:15] INFO: App listening on the port: 5000
[2023-06-13 12:09:15] INFO: SEQUELIZE
[2023-06-13 12:09:15] INFO: Database connection established successfully
[2023-06-13 12:09:22] INFO: App listening on the port: 5000
[2023-06-13 12:09:22] INFO: SEQUELIZE
[2023-06-13 12:09:22] INFO: Database connection established successfully
[2023-06-13 12:09:28] INFO: App listening on the port: 5000
[2023-06-13 12:09:28] INFO: SEQUELIZE
[2023-06-13 12:09:28] INFO: Database connection established successfully
[2023-06-13 12:09:29] INFO: SEQUELIZE
[2023-06-13 12:09:29] INFO: SEQUELIZE
[2023-06-13 12:09:29] INFO: SEQUELIZE
[2023-06-13 12:09:29] INFO: SEQUELIZE
[2023-06-13 12:09:29] INFO: SEQUELIZE
[2023-06-13 12:09:30] INFO: SEQUELIZE
[2023-06-13 12:09:30] INFO: SEQUELIZE
[2023-06-13 12:09:31] INFO: SEQUELIZE
[2023-06-13 12:09:31] INFO: SEQUELIZE
[2023-06-13 12:09:31] INFO: SEQUELIZE
[2023-06-13 12:09:31] INFO: SEQUELIZE
[2023-06-13 12:09:31] INFO: SEQUELIZE
[2023-06-13 12:09:31] INFO: SEQUELIZE
[2023-06-13 12:09:31] INFO: SEQUELIZE
[2023-06-13 12:09:31] INFO: SEQUELIZE
[2023-06-13 12:09:31] INFO: SEQUELIZE
[2023-06-13 12:09:31] INFO: SEQUELIZE
[2023-06-13 12:09:31] INFO: POST
[2023-06-13 12:09:33] INFO: POST
[2023-06-13 12:09:55] INFO: App listening on the port: 5000
[2023-06-13 12:09:55] INFO: SEQUELIZE
[2023-06-13 12:09:55] INFO: Database connection established successfully
[2023-06-13 12:10:00] INFO: POST
[2023-06-13 12:11:59] INFO: SEQUELIZE
[2023-06-13 12:11:59] INFO: Database connection established successfully
[2023-06-13 12:12:07] INFO: SEQUELIZE
[2023-06-13 12:12:07] INFO: Database connection established successfully
[2023-06-13 12:12:13] INFO: App listening on the port: 5000
[2023-06-13 12:12:13] INFO: SEQUELIZE
[2023-06-13 12:12:13] INFO: Database connection established successfully
[2023-06-13 12:12:20] INFO: App listening on the port: 5000
[2023-06-13 12:12:20] INFO: SEQUELIZE
[2023-06-13 12:12:20] INFO: Database connection established successfully
[2023-06-13 12:12:23] INFO: SEQUELIZE
[2023-06-13 12:12:23] INFO: SEQUELIZE
[2023-06-13 12:12:23] INFO: SEQUELIZE
[2023-06-13 12:12:23] INFO: SEQUELIZE
[2023-06-13 12:12:23] ERROR: You have items which are not services!
[2023-06-13 12:12:23] INFO: POST
[2023-06-13 12:12:25] INFO: POST
[2023-06-13 12:12:33] INFO: SEQUELIZE
[2023-06-13 12:12:33] INFO: SEQUELIZE
[2023-06-13 12:12:33] INFO: SEQUELIZE
[2023-06-13 12:12:33] INFO: POST
[2023-06-13 12:12:35] INFO: POST
[2023-06-13 12:12:43] INFO: SEQUELIZE
[2023-06-13 12:12:43] INFO: SEQUELIZE
[2023-06-13 12:12:43] INFO: SEQUELIZE
[2023-06-13 12:12:43] INFO: SEQUELIZE
[2023-06-13 12:12:43] ERROR: You have items which are not services!
[2023-06-13 12:12:43] INFO: POST
[2023-06-13 12:12:45] INFO: POST
[2023-06-13 12:12:48] INFO: SEQUELIZE
[2023-06-13 12:12:48] INFO: SEQUELIZE
[2023-06-13 12:12:48] INFO: SEQUELIZE
[2023-06-13 12:12:48] INFO: SEQUELIZE
[2023-06-13 12:12:48] ERROR: You have items which are not services!
[2023-06-13 12:12:48] INFO: POST
[2023-06-13 12:12:50] INFO: POST
[2023-06-13 12:13:07] INFO: App listening on the port: 5000
[2023-06-13 12:13:07] INFO: SEQUELIZE
[2023-06-13 12:13:07] INFO: Database connection established successfully
[2023-06-13 12:13:20] INFO: App listening on the port: 5000
[2023-06-13 12:13:20] INFO: SEQUELIZE
[2023-06-13 12:13:20] INFO: Database connection established successfully
[2023-06-13 12:13:22] INFO: SEQUELIZE
[2023-06-13 12:13:22] INFO: SEQUELIZE
[2023-06-13 12:13:22] INFO: SEQUELIZE
[2023-06-13 12:13:22] INFO: SEQUELIZE
[2023-06-13 12:13:22] ERROR: You have items which are not services!
[2023-06-13 12:13:22] INFO: POST
[2023-06-13 12:13:25] INFO: POST
[2023-06-13 12:14:10] INFO: App listening on the port: 5000
[2023-06-13 12:14:10] INFO: SEQUELIZE
[2023-06-13 12:14:10] INFO: Database connection established successfully
[2023-06-13 12:14:13] INFO: SEQUELIZE
[2023-06-13 12:14:13] INFO: SEQUELIZE
[2023-06-13 12:14:13] INFO: SEQUELIZE
[2023-06-13 12:14:13] INFO: SEQUELIZE
[2023-06-13 12:14:13] ERROR: You have items which are not services!
[2023-06-13 12:14:13] INFO: POST
[2023-06-13 12:14:15] INFO: POST
[2023-06-13 12:16:32] INFO: App listening on the port: 5000
[2023-06-13 12:16:32] INFO: SEQUELIZE
[2023-06-13 12:16:32] INFO: Database connection established successfully
[2023-06-13 12:16:37] INFO: POST
[2023-06-13 12:16:40] INFO: SEQUELIZE
[2023-06-13 12:16:40] INFO: SEQUELIZE
[2023-06-13 12:16:40] INFO: SEQUELIZE
[2023-06-13 12:16:40] INFO: SEQUELIZE
[2023-06-13 12:16:40] ERROR: You have items which are not services!
[2023-06-13 12:16:40] INFO: POST
[2023-06-13 12:16:42] INFO: POST
[2023-06-13 12:16:45] INFO: SEQUELIZE
[2023-06-13 12:16:45] INFO: SEQUELIZE
[2023-06-13 12:16:45] INFO: SEQUELIZE
[2023-06-13 12:16:45] INFO: SEQUELIZE
[2023-06-13 12:16:45] ERROR: You have items which are not services!
[2023-06-13 12:16:45] INFO: POST
[2023-06-13 12:16:47] INFO: POST
[2023-06-13 12:17:17] INFO: SEQUELIZE
[2023-06-13 12:17:17] INFO: Database connection established successfully
[2023-06-13 12:17:28] INFO: App listening on the port: 5000
[2023-06-13 12:17:28] INFO: SEQUELIZE
[2023-06-13 12:17:28] INFO: Database connection established successfully
[2023-06-13 12:17:29] INFO: SEQUELIZE
[2023-06-13 12:17:29] INFO: SEQUELIZE
[2023-06-13 12:17:29] INFO: SEQUELIZE
[2023-06-13 12:17:29] INFO: SEQUELIZE
[2023-06-13 12:17:29] INFO: SEQUELIZE
[2023-06-13 12:17:29] INFO: SEQUELIZE
[2023-06-13 12:17:29] INFO: SEQUELIZE
[2023-06-13 12:17:30] INFO: SEQUELIZE
[2023-06-13 12:17:31] INFO: SEQUELIZE
[2023-06-13 12:17:31] INFO: SEQUELIZE
[2023-06-13 12:17:31] INFO: SEQUELIZE
[2023-06-13 12:17:31] INFO: SEQUELIZE
[2023-06-13 12:17:31] INFO: SEQUELIZE
[2023-06-13 12:17:31] INFO: SEQUELIZE
[2023-06-13 12:17:31] INFO: SEQUELIZE
[2023-06-13 12:17:31] INFO: SEQUELIZE
[2023-06-13 12:17:31] INFO: SEQUELIZE
[2023-06-13 12:17:31] INFO: POST
[2023-06-13 12:17:33] INFO: POST
[2023-06-13 12:17:36] INFO: SEQUELIZE
[2023-06-13 12:17:36] INFO: SEQUELIZE
[2023-06-13 12:17:36] INFO: SEQUELIZE
[2023-06-13 12:17:36] INFO: SEQUELIZE
[2023-06-13 12:17:36] ERROR: You have items which are not services!
[2023-06-13 12:17:36] INFO: POST
[2023-06-13 12:17:38] INFO: POST
[2023-06-13 12:17:40] INFO: SEQUELIZE
[2023-06-13 12:17:40] INFO: SEQUELIZE
[2023-06-13 12:17:40] INFO: SEQUELIZE
[2023-06-13 12:17:40] INFO: SEQUELIZE
[2023-06-13 12:17:40] INFO: SEQUELIZE
[2023-06-13 12:17:40] INFO: SEQUELIZE
[2023-06-13 12:17:40] INFO: SEQUELIZE
[2023-06-13 12:17:41] INFO: SEQUELIZE
[2023-06-13 12:17:41] INFO: SEQUELIZE
[2023-06-13 12:17:41] INFO: SEQUELIZE
[2023-06-13 12:17:41] INFO: SEQUELIZE
[2023-06-13 12:17:41] INFO: SEQUELIZE
[2023-06-13 12:17:41] INFO: SEQUELIZE
[2023-06-13 12:17:41] INFO: SEQUELIZE
[2023-06-13 12:17:41] INFO: SEQUELIZE
[2023-06-13 12:17:41] INFO: SEQUELIZE
[2023-06-13 12:17:41] INFO: SEQUELIZE
[2023-06-13 12:17:41] INFO: POST
[2023-06-13 12:17:43] INFO: POST
[2023-06-13 12:17:54] INFO: App listening on the port: 5000
[2023-06-13 12:17:54] INFO: SEQUELIZE
[2023-06-13 12:17:54] INFO: Database connection established successfully
[2023-06-13 12:17:59] INFO: POST
[2023-06-13 12:18:05] INFO: SEQUELIZE
[2023-06-13 12:18:05] INFO: SEQUELIZE
[2023-06-13 12:18:05] INFO: SEQUELIZE
[2023-06-13 12:18:05] INFO: SEQUELIZE
[2023-06-13 12:18:06] INFO: SEQUELIZE
[2023-06-13 12:18:06] INFO: SEQUELIZE
[2023-06-13 12:18:06] INFO: SEQUELIZE
[2023-06-13 12:18:06] INFO: SEQUELIZE
[2023-06-13 12:18:06] INFO: POST
[2023-06-13 12:18:09] INFO: POST
[2023-06-13 12:18:18] INFO: SEQUELIZE
[2023-06-13 12:18:18] INFO: SEQUELIZE
[2023-06-13 12:18:18] INFO: SEQUELIZE
[2023-06-13 12:18:18] INFO: SEQUELIZE
[2023-06-13 12:18:18] INFO: SEQUELIZE
[2023-06-13 12:18:18] INFO: SEQUELIZE
[2023-06-13 12:18:18] INFO: SEQUELIZE
[2023-06-13 12:18:19] INFO: SEQUELIZE
[2023-06-13 12:18:19] INFO: SEQUELIZE
[2023-06-13 12:18:19] INFO: SEQUELIZE
[2023-06-13 12:18:19] INFO: SEQUELIZE
[2023-06-13 12:18:19] INFO: SEQUELIZE
[2023-06-13 12:18:19] INFO: SEQUELIZE
[2023-06-13 12:18:19] INFO: SEQUELIZE
[2023-06-13 12:18:19] INFO: POST
[2023-06-13 12:18:19] INFO: SEQUELIZE
[2023-06-13 12:18:19] INFO: SEQUELIZE
[2023-06-13 12:18:19] INFO: SEQUELIZE
[2023-06-13 12:18:19] INFO: SEQUELIZE
[2023-06-13 12:18:19] INFO: POST
[2023-06-13 12:18:24] INFO: POST
[2023-06-13 12:18:25] INFO: SEQUELIZE
[2023-06-13 12:18:25] INFO: SEQUELIZE
[2023-06-13 12:18:25] INFO: SEQUELIZE
[2023-06-13 12:18:25] INFO: SEQUELIZE
[2023-06-13 12:18:25] INFO: SEQUELIZE
[2023-06-13 12:18:25] INFO: SEQUELIZE
[2023-06-13 12:18:25] ERROR: Could not create invoice!
[2023-06-13 12:18:25] INFO: POST
[2023-06-13 12:18:29] INFO: POST
[2023-06-13 12:19:04] INFO: App listening on the port: 5000
[2023-06-13 12:19:04] INFO: SEQUELIZE
[2023-06-13 12:19:04] INFO: Database connection established successfully
[2023-06-13 12:19:09] INFO: POST
[2023-06-13 12:19:21] INFO: App listening on the port: 5000
[2023-06-13 12:19:21] INFO: SEQUELIZE
[2023-06-13 12:19:21] INFO: Database connection established successfully
[2023-06-13 12:19:26] INFO: POST
[2023-06-13 12:22:44] INFO: App listening on the port: 5000
[2023-06-13 12:22:44] INFO: SEQUELIZE
[2023-06-13 12:22:44] INFO: Database connection established successfully
[2023-06-13 12:22:51] INFO: App listening on the port: 5000
[2023-06-13 12:22:51] INFO: SEQUELIZE
[2023-06-13 12:22:51] INFO: Database connection established successfully
[2023-06-13 12:22:56] INFO: POST
[2023-06-13 12:24:39] INFO: App listening on the port: 5000
[2023-06-13 12:24:39] INFO: SEQUELIZE
[2023-06-13 12:24:39] INFO: Database connection established successfully
[2023-06-13 12:24:44] INFO: POST
[2023-06-13 12:24:57] INFO: App listening on the port: 5000
[2023-06-13 12:24:57] INFO: SEQUELIZE
[2023-06-13 12:24:57] INFO: Database connection established successfully
[2023-06-13 12:25:02] INFO: POST
[2023-06-13 12:26:55] INFO: SEQUELIZE
[2023-06-13 12:26:55] INFO: Database connection established successfully
[2023-06-13 12:27:11] INFO: App listening on the port: 5000
[2023-06-13 12:27:11] INFO: SEQUELIZE
[2023-06-13 12:27:11] INFO: Database connection established successfully
[2023-06-13 12:27:16] INFO: POST
[2023-06-13 12:27:36] INFO: App listening on the port: 5000
[2023-06-13 12:27:36] INFO: SEQUELIZE
[2023-06-13 12:27:36] INFO: Database connection established successfully
[2023-06-13 12:27:41] INFO: POST
[2023-06-13 12:28:01] INFO: App listening on the port: 5000
[2023-06-13 12:28:01] INFO: SEQUELIZE
[2023-06-13 12:28:01] INFO: Database connection established successfully
[2023-06-13 12:28:06] INFO: POST
[2023-06-13 12:30:50] INFO: App listening on the port: 5000
[2023-06-13 12:30:50] INFO: SEQUELIZE
[2023-06-13 12:30:50] INFO: Database connection established successfully
[2023-06-13 12:30:55] INFO: POST
[2023-06-13 12:31:18] INFO: SEQUELIZE
[2023-06-13 12:31:18] INFO: Database connection established successfully
[2023-06-13 12:31:26] INFO: App listening on the port: 5000
[2023-06-13 12:31:26] INFO: SEQUELIZE
[2023-06-13 12:31:26] INFO: Database connection established successfully
[2023-06-13 12:31:35] INFO: App listening on the port: 5000
[2023-06-13 12:31:35] INFO: SEQUELIZE
[2023-06-13 12:31:35] INFO: Database connection established successfully
[2023-06-13 12:31:40] INFO: POST
[2023-06-13 12:31:48] INFO: App listening on the port: 5000
[2023-06-13 12:31:48] INFO: SEQUELIZE
[2023-06-13 12:31:48] INFO: Database connection established successfully
[2023-06-13 12:31:53] INFO: POST
[2023-06-13 12:33:52] INFO: App listening on the port: 5000
[2023-06-13 12:33:52] INFO: SEQUELIZE
[2023-06-13 12:33:52] INFO: Database connection established successfully
[2023-06-13 12:34:47] INFO: App listening on the port: 5000
[2023-06-13 12:34:47] INFO: SEQUELIZE
[2023-06-13 12:34:47] INFO: Database connection established successfully
[2023-06-13 12:34:52] INFO: POST
[2023-06-13 12:35:14] INFO: App listening on the port: 5000
[2023-06-13 12:35:14] INFO: SEQUELIZE
[2023-06-13 12:35:14] INFO: Database connection established successfully
[2023-06-13 12:35:19] INFO: POST
[2023-06-13 12:36:29] INFO: App listening on the port: 5000
[2023-06-13 12:36:30] INFO: SEQUELIZE
[2023-06-13 12:36:30] INFO: Database connection established successfully
[2023-06-13 12:36:35] INFO: POST
[2023-06-13 12:37:43] INFO: App listening on the port: 5000
[2023-06-13 12:37:43] INFO: SEQUELIZE
[2023-06-13 12:37:43] INFO: Database connection established successfully
[2023-06-13 12:37:48] INFO: POST
[2023-06-13 12:38:00] INFO: App listening on the port: 5000
[2023-06-13 12:38:00] INFO: SEQUELIZE
[2023-06-13 12:38:00] INFO: Database connection established successfully
[2023-06-13 12:38:05] INFO: POST
[2023-06-13 12:38:23] INFO: SEQUELIZE
[2023-06-13 12:38:23] INFO: SEQUELIZE
[2023-06-13 12:38:23] INFO: SEQUELIZE
[2023-06-13 12:38:23] INFO: POST
[2023-06-13 12:38:25] INFO: POST
[2023-06-13 12:38:29] INFO: SEQUELIZE
[2023-06-13 12:38:29] INFO: SEQUELIZE
[2023-06-13 12:38:29] INFO: SEQUELIZE
[2023-06-13 12:38:29] INFO: POST
[2023-06-13 12:38:30] INFO: POST
[2023-06-13 12:38:31] INFO: SEQUELIZE
[2023-06-13 12:38:31] INFO: SEQUELIZE
[2023-06-13 12:38:31] INFO: SEQUELIZE
[2023-06-13 12:38:31] INFO: SEQUELIZE
[2023-06-13 12:38:31] INFO: GET
[2023-06-13 12:38:35] INFO: POST
[2023-06-13 12:39:16] INFO: SEQUELIZE
[2023-06-13 12:39:16] INFO: SEQUELIZE
[2023-06-13 12:39:16] INFO: SEQUELIZE
[2023-06-13 12:39:16] INFO: SEQUELIZE
[2023-06-13 12:39:16] INFO: SEQUELIZE
[2023-06-13 12:39:16] INFO: SEQUELIZE
[2023-06-13 12:39:16] ERROR: Could not create outbound shipment item!
[2023-06-13 12:39:16] INFO: POST
[2023-06-13 12:39:20] INFO: POST
[2023-06-13 12:39:34] ERROR: Unexpected string in JSON at position 1092
[2023-06-13 12:39:34] INFO: POST
[2023-06-13 12:39:35] INFO: POST
[2023-06-13 12:39:40] INFO: SEQUELIZE
[2023-06-13 12:39:40] INFO: SEQUELIZE
[2023-06-13 12:39:40] INFO: SEQUELIZE
[2023-06-13 12:39:40] INFO: SEQUELIZE
[2023-06-13 12:39:40] INFO: SEQUELIZE
[2023-06-13 12:39:40] INFO: SEQUELIZE
[2023-06-13 12:39:40] INFO: SEQUELIZE
[2023-06-13 12:39:40] INFO: SEQUELIZE
[2023-06-13 12:39:40] INFO: POST
[2023-06-13 12:39:40] INFO: POST
[2023-06-13 12:40:09] INFO: SEQUELIZE
[2023-06-13 12:40:09] INFO: SEQUELIZE
[2023-06-13 12:40:09] INFO: SEQUELIZE
[2023-06-13 12:40:09] INFO: SEQUELIZE
[2023-06-13 12:40:09] INFO: SEQUELIZE
[2023-06-13 12:40:09] INFO: SEQUELIZE
[2023-06-13 12:40:09] INFO: SEQUELIZE
[2023-06-13 12:40:10] INFO: SEQUELIZE
[2023-06-13 12:40:10] INFO: SEQUELIZE
[2023-06-13 12:40:10] INFO: SEQUELIZE
[2023-06-13 12:40:10] INFO: SEQUELIZE
[2023-06-13 12:40:10] INFO: SEQUELIZE
[2023-06-13 12:40:10] INFO: SEQUELIZE
[2023-06-13 12:40:10] INFO: SEQUELIZE
[2023-06-13 12:40:10] INFO: SEQUELIZE
[2023-06-13 12:40:10] INFO: SEQUELIZE
[2023-06-13 12:40:10] INFO: SEQUELIZE
[2023-06-13 12:40:10] INFO: SEQUELIZE
[2023-06-13 12:40:10] INFO: SEQUELIZE
[2023-06-13 12:40:10] INFO: SEQUELIZE
[2023-06-13 12:40:10] INFO: POST
[2023-06-13 12:40:11] INFO: POST
[2023-06-13 12:41:07] INFO: SEQUELIZE
[2023-06-13 12:41:07] INFO: Database connection established successfully
[2023-06-13 12:41:55] INFO: App listening on the port: 5000
[2023-06-13 12:41:55] INFO: SEQUELIZE
[2023-06-13 12:41:55] INFO: Database connection established successfully
[2023-06-13 12:42:00] INFO: POST
[2023-06-13 12:42:05] INFO: SEQUELIZE
[2023-06-13 12:42:05] INFO: SEQUELIZE
[2023-06-13 12:42:05] INFO: SEQUELIZE
[2023-06-13 12:42:05] INFO: SEQUELIZE
[2023-06-13 12:42:05] INFO: SEQUELIZE
[2023-06-13 12:42:05] INFO: SEQUELIZE
[2023-06-13 12:42:05] INFO: SEQUELIZE
[2023-06-13 12:42:05] INFO: POST
[2023-06-13 12:42:06] INFO: SEQUELIZE
[2023-06-13 12:42:06] INFO: SEQUELIZE
[2023-06-13 12:42:06] INFO: SEQUELIZE
[2023-06-13 12:42:06] INFO: SEQUELIZE
[2023-06-13 12:42:06] INFO: SEQUELIZE
[2023-06-13 12:42:06] INFO: SEQUELIZE
[2023-06-13 12:42:06] INFO: SEQUELIZE
[2023-06-13 12:42:06] INFO: SEQUELIZE
[2023-06-13 12:42:06] INFO: SEQUELIZE
[2023-06-13 12:42:06] INFO: SEQUELIZE
[2023-06-13 12:42:06] INFO: SEQUELIZE
[2023-06-13 12:42:06] INFO: SEQUELIZE
[2023-06-13 12:42:06] INFO: SEQUELIZE
[2023-06-13 12:42:06] INFO: POST
[2023-06-13 12:42:10] INFO: POST
[2023-06-13 12:42:30] INFO: App listening on the port: 5000
[2023-06-13 12:42:30] INFO: SEQUELIZE
[2023-06-13 12:42:30] INFO: Database connection established successfully
[2023-06-13 12:42:38] INFO: App listening on the port: 5000
[2023-06-13 12:42:39] INFO: SEQUELIZE
[2023-06-13 12:42:39] INFO: Database connection established successfully
[2023-06-13 12:42:43] INFO: POST
[2023-06-13 12:42:47] INFO: SEQUELIZE
[2023-06-13 12:42:47] INFO: SEQUELIZE
[2023-06-13 12:42:47] INFO: SEQUELIZE
[2023-06-13 12:42:47] INFO: SEQUELIZE
[2023-06-13 12:42:47] INFO: SEQUELIZE
[2023-06-13 12:42:47] INFO: SEQUELIZE
[2023-06-13 12:42:47] INFO: SEQUELIZE
[2023-06-13 12:42:48] INFO: SEQUELIZE
[2023-06-13 12:42:48] INFO: SEQUELIZE
[2023-06-13 12:42:48] INFO: SEQUELIZE
[2023-06-13 12:42:48] INFO: SEQUELIZE
[2023-06-13 12:42:48] INFO: SEQUELIZE
[2023-06-13 12:42:48] INFO: SEQUELIZE
[2023-06-13 12:42:48] INFO: SEQUELIZE
[2023-06-13 12:42:48] INFO: SEQUELIZE
[2023-06-13 12:42:48] INFO: SEQUELIZE
[2023-06-13 12:42:48] INFO: SEQUELIZE
[2023-06-13 12:42:48] INFO: SEQUELIZE
[2023-06-13 12:42:48] INFO: SEQUELIZE
[2023-06-13 12:42:48] INFO: SEQUELIZE
[2023-06-13 12:42:48] INFO: POST
[2023-06-13 12:42:49] INFO: POST
[2023-06-13 12:43:41] INFO: App listening on the port: 5000
[2023-06-13 12:43:41] INFO: SEQUELIZE
[2023-06-13 12:43:41] INFO: Database connection established successfully
[2023-06-13 12:43:46] INFO: POST
[2023-06-13 12:43:52] INFO: SEQUELIZE
[2023-06-13 12:43:52] INFO: SEQUELIZE
[2023-06-13 12:43:52] INFO: SEQUELIZE
[2023-06-13 12:43:52] INFO: SEQUELIZE
[2023-06-13 12:43:52] INFO: SEQUELIZE
[2023-06-13 12:43:52] INFO: SEQUELIZE
[2023-06-13 12:43:52] INFO: SEQUELIZE
[2023-06-13 12:43:53] INFO: SEQUELIZE
[2023-06-13 12:43:53] INFO: SEQUELIZE
[2023-06-13 12:43:53] INFO: SEQUELIZE
[2023-06-13 12:43:53] INFO: SEQUELIZE
[2023-06-13 12:43:53] INFO: SEQUELIZE
[2023-06-13 12:43:53] INFO: SEQUELIZE
[2023-06-13 12:43:53] INFO: SEQUELIZE
[2023-06-13 12:43:53] INFO: SEQUELIZE
[2023-06-13 12:43:53] INFO: SEQUELIZE
[2023-06-13 12:43:53] INFO: SEQUELIZE
[2023-06-13 12:43:53] INFO: SEQUELIZE
[2023-06-13 12:43:53] INFO: SEQUELIZE
[2023-06-13 12:43:53] INFO: SEQUELIZE
[2023-06-13 12:43:53] INFO: POST
[2023-06-13 12:43:56] INFO: POST
[2023-06-13 12:44:28] INFO: App listening on the port: 5000
[2023-06-13 12:44:28] INFO: SEQUELIZE
[2023-06-13 12:44:28] INFO: Database connection established successfully
[2023-06-13 12:44:31] INFO: SEQUELIZE
[2023-06-13 12:44:31] INFO: SEQUELIZE
[2023-06-13 12:44:31] INFO: SEQUELIZE
[2023-06-13 12:44:31] INFO: SEQUELIZE
[2023-06-13 12:44:31] INFO: SEQUELIZE
[2023-06-13 12:44:31] INFO: SEQUELIZE
[2023-06-13 12:44:31] INFO: SEQUELIZE
[2023-06-13 12:44:32] INFO: SEQUELIZE
[2023-06-13 12:44:32] INFO: SEQUELIZE
[2023-06-13 12:44:32] INFO: SEQUELIZE
[2023-06-13 12:44:32] INFO: SEQUELIZE
[2023-06-13 12:44:32] INFO: SEQUELIZE
[2023-06-13 12:44:32] INFO: SEQUELIZE
[2023-06-13 12:44:32] INFO: SEQUELIZE
[2023-06-13 12:44:33] INFO: SEQUELIZE
[2023-06-13 12:44:33] INFO: SEQUELIZE
[2023-06-13 12:44:33] INFO: SEQUELIZE
[2023-06-13 12:44:33] INFO: POST
[2023-06-13 12:44:33] INFO: SEQUELIZE
[2023-06-13 12:44:33] INFO: SEQUELIZE
[2023-06-13 12:44:33] INFO: SEQUELIZE
[2023-06-13 12:44:33] INFO: POST
[2023-06-13 12:44:38] INFO: POST
[2023-06-13 12:45:05] INFO: App listening on the port: 5000
[2023-06-13 12:45:05] INFO: SEQUELIZE
[2023-06-13 12:45:05] INFO: Database connection established successfully
[2023-06-13 12:45:10] INFO: POST
[2023-06-13 12:45:42] INFO: App listening on the port: 5000
[2023-06-13 12:45:42] INFO: SEQUELIZE
[2023-06-13 12:45:42] INFO: Database connection established successfully
[2023-06-13 12:45:47] INFO: POST
[2023-06-13 12:46:26] INFO: App listening on the port: 5000
[2023-06-13 12:46:26] INFO: SEQUELIZE
[2023-06-13 12:46:26] INFO: Database connection established successfully
[2023-06-13 12:46:31] INFO: POST
[2023-06-13 12:46:32] INFO: SEQUELIZE
[2023-06-13 12:46:32] INFO: SEQUELIZE
[2023-06-13 12:46:32] INFO: SEQUELIZE
[2023-06-13 12:46:32] INFO: SEQUELIZE
[2023-06-13 12:46:32] INFO: SEQUELIZE
[2023-06-13 12:46:32] INFO: SEQUELIZE
[2023-06-13 12:46:32] INFO: SEQUELIZE
[2023-06-13 12:46:33] INFO: SEQUELIZE
[2023-06-13 12:46:33] INFO: SEQUELIZE
[2023-06-13 12:46:33] INFO: SEQUELIZE
[2023-06-13 12:46:33] INFO: SEQUELIZE
[2023-06-13 12:46:33] INFO: SEQUELIZE
[2023-06-13 12:46:33] INFO: SEQUELIZE
[2023-06-13 12:46:33] INFO: SEQUELIZE
[2023-06-13 12:46:33] INFO: SEQUELIZE
[2023-06-13 12:46:33] INFO: SEQUELIZE
[2023-06-13 12:46:33] INFO: SEQUELIZE
[2023-06-13 12:46:33] INFO: SEQUELIZE
[2023-06-13 12:46:33] INFO: SEQUELIZE
[2023-06-13 12:46:33] INFO: SEQUELIZE
[2023-06-13 12:46:33] INFO: POST
[2023-06-13 12:46:36] INFO: POST
[2023-06-13 12:48:00] INFO: App listening on the port: 5000
[2023-06-13 12:48:00] INFO: SEQUELIZE
[2023-06-13 12:48:00] INFO: Database connection established successfully
[2023-06-13 12:48:05] INFO: POST
[2023-06-13 12:48:12] INFO: SEQUELIZE
[2023-06-13 12:48:12] INFO: SEQUELIZE
[2023-06-13 12:48:12] INFO: SEQUELIZE
[2023-06-13 12:48:12] INFO: SEQUELIZE
[2023-06-13 12:48:12] INFO: SEQUELIZE
[2023-06-13 12:48:12] INFO: SEQUELIZE
[2023-06-13 12:48:12] INFO: SEQUELIZE
[2023-06-13 12:48:13] INFO: SEQUELIZE
[2023-06-13 12:48:13] INFO: SEQUELIZE
[2023-06-13 12:48:13] INFO: SEQUELIZE
[2023-06-13 12:48:13] INFO: SEQUELIZE
[2023-06-13 12:48:13] INFO: SEQUELIZE
[2023-06-13 12:48:13] INFO: SEQUELIZE
[2023-06-13 12:48:13] INFO: SEQUELIZE
[2023-06-13 12:48:13] INFO: SEQUELIZE
[2023-06-13 12:48:13] INFO: SEQUELIZE
[2023-06-13 12:48:13] INFO: SEQUELIZE
[2023-06-13 12:48:13] INFO: SEQUELIZE
[2023-06-13 12:48:13] INFO: SEQUELIZE
[2023-06-13 12:48:13] INFO: SEQUELIZE
[2023-06-13 12:48:13] INFO: POST
[2023-06-13 12:48:15] INFO: POST
[2023-06-13 12:48:38] INFO: App listening on the port: 5000
[2023-06-13 12:48:38] INFO: SEQUELIZE
[2023-06-13 12:48:38] INFO: Database connection established successfully
[2023-06-13 12:48:43] INFO: POST
[2023-06-13 12:48:55] INFO: SEQUELIZE
[2023-06-13 12:48:55] INFO: SEQUELIZE
[2023-06-13 12:48:55] INFO: SEQUELIZE
[2023-06-13 12:48:55] INFO: SEQUELIZE
[2023-06-13 12:48:55] INFO: SEQUELIZE
[2023-06-13 12:48:55] INFO: SEQUELIZE
[2023-06-13 12:48:55] INFO: SEQUELIZE
[2023-06-13 12:48:56] INFO: SEQUELIZE
[2023-06-13 12:48:56] INFO: SEQUELIZE
[2023-06-13 12:48:56] INFO: SEQUELIZE
[2023-06-13 12:48:56] INFO: SEQUELIZE
[2023-06-13 12:48:56] INFO: SEQUELIZE
[2023-06-13 12:48:56] INFO: SEQUELIZE
[2023-06-13 12:48:56] INFO: SEQUELIZE
[2023-06-13 12:48:56] INFO: SEQUELIZE
[2023-06-13 12:48:56] INFO: SEQUELIZE
[2023-06-13 12:48:56] INFO: SEQUELIZE
[2023-06-13 12:48:56] INFO: SEQUELIZE
[2023-06-13 12:48:56] INFO: SEQUELIZE
[2023-06-13 12:48:56] INFO: SEQUELIZE
[2023-06-13 12:48:56] INFO: POST
[2023-06-13 12:48:58] INFO: POST
[2023-06-13 12:49:15] INFO: App listening on the port: 5000
[2023-06-13 12:49:15] INFO: SEQUELIZE
[2023-06-13 12:49:15] INFO: Database connection established successfully
[2023-06-13 12:49:20] INFO: POST
[2023-06-13 12:50:18] INFO: App listening on the port: 5000
[2023-06-13 12:50:18] INFO: SEQUELIZE
[2023-06-13 12:50:18] INFO: Database connection established successfully
[2023-06-13 12:50:23] INFO: POST
[2023-06-13 12:51:18] INFO: App listening on the port: 5000
[2023-06-13 12:51:18] INFO: SEQUELIZE
[2023-06-13 12:51:18] INFO: Database connection established successfully
[2023-06-13 12:51:24] INFO: App listening on the port: 5000
[2023-06-13 12:51:24] INFO: SEQUELIZE
[2023-06-13 12:51:24] INFO: Database connection established successfully
[2023-06-13 12:51:29] INFO: POST
[2023-06-13 12:52:30] INFO: App listening on the port: 5000
[2023-06-13 12:52:30] INFO: SEQUELIZE
[2023-06-13 12:52:30] INFO: Database connection established successfully
[2023-06-13 12:52:35] INFO: POST
[2023-06-13 12:54:26] INFO: SEQUELIZE
[2023-06-13 12:54:26] INFO: Database connection established successfully
[2023-06-13 12:54:37] INFO: App listening on the port: 5000
[2023-06-13 12:54:37] INFO: SEQUELIZE
[2023-06-13 12:54:37] INFO: Database connection established successfully
[2023-06-13 12:54:42] INFO: POST
[2023-06-13 12:54:53] INFO: SEQUELIZE
[2023-06-13 12:54:53] INFO: SEQUELIZE
[2023-06-13 12:54:53] INFO: SEQUELIZE
[2023-06-13 12:54:53] INFO: SEQUELIZE
[2023-06-13 12:54:53] ERROR: You have items which are not services!
[2023-06-13 12:54:53] INFO: POST
[2023-06-13 12:54:57] INFO: POST
[2023-06-13 12:55:16] INFO: SEQUELIZE
[2023-06-13 12:55:16] INFO: SEQUELIZE
[2023-06-13 12:55:16] INFO: SEQUELIZE
[2023-06-13 12:55:16] INFO: SEQUELIZE
[2023-06-13 12:55:16] INFO: SEQUELIZE
[2023-06-13 12:55:16] INFO: SEQUELIZE
[2023-06-13 12:55:16] INFO: SEQUELIZE
[2023-06-13 12:55:17] INFO: POST
[2023-06-13 12:55:17] INFO: SEQUELIZE
[2023-06-13 12:55:17] INFO: SEQUELIZE
[2023-06-13 12:55:17] INFO: SEQUELIZE
[2023-06-13 12:55:17] INFO: SEQUELIZE
[2023-06-13 12:55:17] INFO: SEQUELIZE
[2023-06-13 12:55:17] INFO: SEQUELIZE
[2023-06-13 12:55:17] INFO: SEQUELIZE
[2023-06-13 12:55:17] INFO: SEQUELIZE
[2023-06-13 12:55:17] INFO: SEQUELIZE
[2023-06-13 12:55:17] INFO: SEQUELIZE
[2023-06-13 12:55:17] INFO: SEQUELIZE
[2023-06-13 12:55:17] INFO: SEQUELIZE
[2023-06-13 12:55:17] INFO: SEQUELIZE
[2023-06-13 12:55:17] INFO: POST
[2023-06-13 12:55:22] INFO: POST
[2023-06-13 12:55:34] INFO: App listening on the port: 5000
[2023-06-13 12:55:34] INFO: SEQUELIZE
[2023-06-13 12:55:34] INFO: Database connection established successfully
[2023-06-13 12:55:39] INFO: POST
[2023-06-13 12:55:40] INFO: SEQUELIZE
[2023-06-13 12:55:40] INFO: SEQUELIZE
[2023-06-13 12:55:40] INFO: SEQUELIZE
[2023-06-13 12:55:40] INFO: SEQUELIZE
[2023-06-13 12:55:40] INFO: SEQUELIZE
[2023-06-13 12:55:40] INFO: SEQUELIZE
[2023-06-13 12:55:40] INFO: SEQUELIZE
[2023-06-13 12:55:41] INFO: SEQUELIZE
[2023-06-13 12:55:41] INFO: SEQUELIZE
[2023-06-13 12:55:41] INFO: SEQUELIZE
[2023-06-13 12:55:41] INFO: SEQUELIZE
[2023-06-13 12:55:41] INFO: SEQUELIZE
[2023-06-13 12:55:41] INFO: SEQUELIZE
[2023-06-13 12:55:41] INFO: SEQUELIZE
[2023-06-13 12:55:41] INFO: SEQUELIZE
[2023-06-13 12:55:41] INFO: SEQUELIZE
[2023-06-13 12:55:41] INFO: SEQUELIZE
[2023-06-13 12:55:41] INFO: POST
[2023-06-13 12:55:44] INFO: POST
[2023-06-13 12:56:05] INFO: SEQUELIZE
[2023-06-13 12:56:05] INFO: Database connection established successfully
[2023-06-13 12:56:29] INFO: App listening on the port: 5000
[2023-06-13 12:56:29] INFO: SEQUELIZE
[2023-06-13 12:56:29] INFO: Database connection established successfully
[2023-06-13 12:56:34] INFO: POST
[2023-06-13 13:05:58] INFO: App listening on the port: 5000
[2023-06-13 13:05:58] INFO: SEQUELIZE
[2023-06-13 13:05:58] INFO: Database connection established successfully
[2023-06-13 13:06:03] INFO: POST
[2023-06-13 13:06:12] INFO: App listening on the port: 5000
[2023-06-13 13:06:12] INFO: SEQUELIZE
[2023-06-13 13:06:12] INFO: Database connection established successfully
[2023-06-13 13:06:17] INFO: POST
[2023-06-13 13:06:30] INFO: App listening on the port: 5000
[2023-06-13 13:06:30] INFO: SEQUELIZE
[2023-06-13 13:06:30] INFO: Database connection established successfully
[2023-06-13 13:06:35] INFO: POST
[2023-06-13 13:06:49] INFO: App listening on the port: 5000
[2023-06-13 13:06:49] INFO: SEQUELIZE
[2023-06-13 13:06:49] INFO: Database connection established successfully
[2023-06-13 13:06:54] INFO: POST
[2023-06-13 13:07:04] INFO: App listening on the port: 5000
[2023-06-13 13:07:04] INFO: SEQUELIZE
[2023-06-13 13:07:04] INFO: Database connection established successfully
[2023-06-13 13:07:09] INFO: POST
[2023-06-13 13:07:28] INFO: App listening on the port: 5000
[2023-06-13 13:07:28] INFO: SEQUELIZE
[2023-06-13 13:07:28] INFO: Database connection established successfully
[2023-06-13 13:07:33] INFO: POST
[2023-06-13 15:45:36] INFO: App listening on the port: 5000
[2023-06-13 15:45:36] INFO: SEQUELIZE
[2023-06-13 15:45:36] INFO: Database connection established successfully
[2023-06-13 15:45:45] INFO: App listening on the port: 5000
[2023-06-13 15:45:46] INFO: SEQUELIZE
[2023-06-13 15:45:46] INFO: Database connection established successfully
[2023-06-13 15:45:51] INFO: POST
[2023-06-13 15:46:26] INFO: SEQUELIZE
[2023-06-13 15:46:26] INFO: SEQUELIZE
[2023-06-13 15:46:26] INFO: SEQUELIZE
[2023-06-13 15:46:26] INFO: SEQUELIZE
[2023-06-13 15:46:26] INFO: SEQUELIZE
[2023-06-13 15:46:26] INFO: SEQUELIZE
[2023-06-13 15:46:26] INFO: SEQUELIZE
[2023-06-13 15:46:27] INFO: SEQUELIZE
[2023-06-13 15:46:28] INFO: SEQUELIZE
[2023-06-13 15:46:28] INFO: SEQUELIZE
[2023-06-13 15:46:28] INFO: SEQUELIZE
[2023-06-13 15:46:28] INFO: SEQUELIZE
[2023-06-13 15:46:28] INFO: SEQUELIZE
[2023-06-13 15:46:28] INFO: SEQUELIZE
[2023-06-13 15:46:28] INFO: SEQUELIZE
[2023-06-13 15:46:28] INFO: SEQUELIZE
[2023-06-13 15:46:28] INFO: SEQUELIZE
[2023-06-13 15:46:28] INFO: POST
[2023-06-13 15:46:31] INFO: POST
[2023-06-13 15:46:43] INFO: SEQUELIZE
[2023-06-13 15:46:43] INFO: SEQUELIZE
[2023-06-13 15:46:43] INFO: SEQUELIZE
[2023-06-13 15:46:43] INFO: SEQUELIZE
[2023-06-13 15:46:43] INFO: SEQUELIZE
[2023-06-13 15:46:44] INFO: SEQUELIZE
[2023-06-13 15:46:44] INFO: SEQUELIZE
[2023-06-13 15:46:44] INFO: SEQUELIZE
[2023-06-13 15:46:44] INFO: SEQUELIZE
[2023-06-13 15:46:44] INFO: SEQUELIZE
[2023-06-13 15:46:44] INFO: SEQUELIZE
[2023-06-13 15:46:44] INFO: SEQUELIZE
[2023-06-13 15:46:45] INFO: SEQUELIZE
[2023-06-13 15:46:45] INFO: SEQUELIZE
[2023-06-13 15:46:45] INFO: SEQUELIZE
[2023-06-13 15:46:45] INFO: SEQUELIZE
[2023-06-13 15:46:45] INFO: SEQUELIZE
[2023-06-13 15:46:45] INFO: POST
[2023-06-13 15:46:46] INFO: POST
[2023-06-13 15:46:53] INFO: SEQUELIZE
[2023-06-13 15:46:53] INFO: SEQUELIZE
[2023-06-13 15:46:53] INFO: SEQUELIZE
[2023-06-13 15:46:53] INFO: SEQUELIZE
[2023-06-13 15:46:53] INFO: SEQUELIZE
[2023-06-13 15:46:53] INFO: SEQUELIZE
[2023-06-13 15:46:53] ERROR: Could not create outbound shipment item!
[2023-06-13 15:46:53] INFO: POST
[2023-06-13 15:46:56] INFO: POST
[2023-06-13 15:47:00] INFO: SEQUELIZE
[2023-06-13 15:47:00] INFO: SEQUELIZE
[2023-06-13 15:47:00] INFO: SEQUELIZE
[2023-06-13 15:47:00] INFO: SEQUELIZE
[2023-06-13 15:47:00] INFO: GET
[2023-06-13 15:47:01] INFO: POST
[2023-06-13 15:47:13] INFO: SEQUELIZE
[2023-06-13 15:47:13] INFO: SEQUELIZE
[2023-06-13 15:47:13] INFO: SEQUELIZE
[2023-06-13 15:47:13] INFO: SEQUELIZE
[2023-06-13 15:47:13] INFO: SEQUELIZE
[2023-06-13 15:47:13] INFO: SEQUELIZE
[2023-06-13 15:47:13] INFO: SEQUELIZE
[2023-06-13 15:47:13] INFO: SEQUELIZE
[2023-06-13 15:47:13] INFO: POST
[2023-06-13 15:47:16] INFO: POST
[2023-06-13 15:47:30] INFO: SEQUELIZE
[2023-06-13 15:47:30] INFO: SEQUELIZE
[2023-06-13 15:47:30] INFO: SEQUELIZE
[2023-06-13 15:47:30] INFO: SEQUELIZE
[2023-06-13 15:47:30] INFO: SEQUELIZE
[2023-06-13 15:47:30] INFO: SEQUELIZE
[2023-06-13 15:47:30] INFO: SEQUELIZE
[2023-06-13 15:47:31] INFO: POST
[2023-06-13 15:47:31] INFO: SEQUELIZE
[2023-06-13 15:47:31] INFO: SEQUELIZE
[2023-06-13 15:47:31] INFO: SEQUELIZE
[2023-06-13 15:47:31] INFO: SEQUELIZE
[2023-06-13 15:47:31] INFO: SEQUELIZE
[2023-06-13 15:47:32] INFO: SEQUELIZE
[2023-06-13 15:47:32] INFO: SEQUELIZE
[2023-06-13 15:47:32] INFO: SEQUELIZE
[2023-06-13 15:47:32] INFO: SEQUELIZE
[2023-06-13 15:47:32] INFO: SEQUELIZE
[2023-06-13 15:47:32] INFO: SEQUELIZE
[2023-06-13 15:47:32] INFO: SEQUELIZE
[2023-06-13 15:47:32] INFO: POST
[2023-06-13 15:47:36] INFO: POST
[2023-06-13 15:47:42] INFO: SEQUELIZE
[2023-06-13 15:47:42] INFO: SEQUELIZE
[2023-06-13 15:47:42] INFO: SEQUELIZE
[2023-06-13 15:47:42] INFO: SEQUELIZE
[2023-06-13 15:47:42] INFO: SEQUELIZE
[2023-06-13 15:47:42] INFO: SEQUELIZE
[2023-06-13 15:47:42] ERROR: Could not create invoice with all automatic changes!
[2023-06-13 15:47:42] INFO: POST
[2023-06-13 15:47:46] INFO: POST
[2023-06-13 15:47:57] INFO: App listening on the port: 5000
[2023-06-13 15:47:57] INFO: SEQUELIZE
[2023-06-13 15:47:57] INFO: Database connection established successfully
[2023-06-13 15:48:02] INFO: POST
[2023-06-13 15:48:53] INFO: SEQUELIZE
[2023-06-13 15:48:53] INFO: Database connection established successfully
[2023-06-13 15:49:30] INFO: SEQUELIZE
[2023-06-13 15:49:30] INFO: Database connection established successfully
[2023-06-13 15:49:53] INFO: App listening on the port: 5000
[2023-06-13 15:49:53] INFO: SEQUELIZE
[2023-06-13 15:49:53] INFO: Database connection established successfully
[2023-06-13 15:49:58] INFO: POST
[2023-06-13 15:50:24] INFO: App listening on the port: 5000
[2023-06-13 15:50:24] INFO: SEQUELIZE
[2023-06-13 15:50:24] INFO: Database connection established successfully
[2023-06-13 15:50:29] INFO: POST
[2023-06-13 15:50:39] INFO: SEQUELIZE
[2023-06-13 15:50:39] INFO: POST
[2023-06-13 15:50:39] INFO: SEQUELIZE
[2023-06-13 15:50:39] INFO: SEQUELIZE
[2023-06-13 15:50:39] INFO: SEQUELIZE
[2023-06-13 15:50:39] INFO: GET
[2023-06-13 15:50:44] INFO: POST
[2023-06-13 15:50:56] INFO: SEQUELIZE
[2023-06-13 15:50:56] INFO: SEQUELIZE
[2023-06-13 15:50:56] INFO: SEQUELIZE
[2023-06-13 15:50:56] INFO: SEQUELIZE
[2023-06-13 15:50:56] INFO: SEQUELIZE
[2023-06-13 15:50:56] INFO: SEQUELIZE
[2023-06-13 15:50:56] INFO: SEQUELIZE
[2023-06-13 15:50:57] INFO: SEQUELIZE
[2023-06-13 15:50:57] INFO: SEQUELIZE
[2023-06-13 15:50:57] INFO: SEQUELIZE
[2023-06-13 15:50:57] INFO: SEQUELIZE
[2023-06-13 15:50:57] INFO: SEQUELIZE
[2023-06-13 15:50:57] INFO: SEQUELIZE
[2023-06-13 15:50:57] INFO: POST
[2023-06-13 15:50:59] INFO: POST
[2023-06-13 15:52:15] INFO: SEQUELIZE
[2023-06-13 15:52:15] INFO: Database connection established successfully
[2023-06-13 15:52:47] INFO: App listening on the port: 5000
[2023-06-13 15:52:47] INFO: SEQUELIZE
[2023-06-13 15:52:47] INFO: Database connection established successfully
[2023-06-13 15:52:52] INFO: POST
[2023-06-13 15:53:07] INFO: SEQUELIZE
[2023-06-13 15:53:07] INFO: SEQUELIZE
[2023-06-13 15:53:07] INFO: SEQUELIZE
[2023-06-13 15:53:07] ERROR: Validation error: items
[2023-06-13 15:53:07] INFO: POST
[2023-06-13 15:53:12] INFO: POST
[2023-06-13 15:53:16] INFO: SEQUELIZE
[2023-06-13 15:53:16] INFO: SEQUELIZE
[2023-06-13 15:53:16] INFO: SEQUELIZE
[2023-06-13 15:53:16] ERROR: Validation error: items
[2023-06-13 15:53:16] INFO: POST
[2023-06-13 15:53:17] INFO: POST
[2023-06-13 15:53:41] INFO: SEQUELIZE
[2023-06-13 15:53:41] INFO: SEQUELIZE
[2023-06-13 15:53:41] INFO: SEQUELIZE
[2023-06-13 15:53:41] ERROR: Validation error: items
[2023-06-13 15:53:41] INFO: POST
[2023-06-13 15:53:42] INFO: POST
[2023-06-13 15:53:59] INFO: SEQUELIZE
[2023-06-13 15:53:59] INFO: SEQUELIZE
[2023-06-13 15:53:59] INFO: SEQUELIZE
[2023-06-13 15:53:59] INFO: SEQUELIZE
[2023-06-13 15:53:59] INFO: SEQUELIZE
[2023-06-13 15:53:59] INFO: SEQUELIZE
[2023-06-13 15:53:59] ERROR: Could not create invoice with all automatic changes!
[2023-06-13 15:53:59] INFO: POST
[2023-06-13 15:54:02] INFO: POST
[2023-06-13 15:54:39] INFO: App listening on the port: 5000
[2023-06-13 15:54:39] INFO: SEQUELIZE
[2023-06-13 15:54:39] INFO: Database connection established successfully
[2023-06-13 15:54:44] INFO: POST
[2023-06-13 16:06:21] INFO: App listening on the port: 5000
[2023-06-13 16:06:21] INFO: SEQUELIZE
[2023-06-13 16:06:21] INFO: Database connection established successfully
[2023-06-13 16:06:26] INFO: POST
[2023-06-13 16:09:47] INFO: App listening on the port: 5000
[2023-06-13 16:09:47] INFO: SEQUELIZE
[2023-06-13 16:09:47] INFO: Database connection established successfully
[2023-06-13 16:09:52] INFO: POST
[2023-06-13 16:13:59] INFO: App listening on the port: 5000
[2023-06-13 16:13:59] INFO: SEQUELIZE
[2023-06-13 16:13:59] INFO: Database connection established successfully
[2023-06-13 16:14:04] INFO: POST
[2023-06-13 16:14:29] INFO: App listening on the port: 5000
[2023-06-13 16:14:29] INFO: SEQUELIZE
[2023-06-13 16:14:29] INFO: Database connection established successfully
[2023-06-13 16:14:34] INFO: POST
[2023-06-13 16:21:51] INFO: App listening on the port: 5000
[2023-06-13 16:21:51] INFO: SEQUELIZE
[2023-06-13 16:21:51] INFO: Database connection established successfully
[2023-06-13 16:21:56] INFO: POST
[2023-06-13 16:33:53] INFO: App listening on the port: 5000
[2023-06-13 16:33:53] INFO: SEQUELIZE
[2023-06-13 16:33:53] INFO: Database connection established successfully
[2023-06-13 16:33:58] INFO: POST
[2023-06-13 16:34:11] INFO: App listening on the port: 5000
[2023-06-13 16:34:11] INFO: SEQUELIZE
[2023-06-13 16:34:11] INFO: Database connection established successfully
[2023-06-13 16:34:16] INFO: POST
[2023-06-13 16:34:55] INFO: App listening on the port: 5000
[2023-06-13 16:34:55] INFO: SEQUELIZE
[2023-06-13 16:34:55] INFO: Database connection established successfully
[2023-06-13 16:35:00] INFO: POST
[2023-06-13 16:36:38] ERROR: Wrong authentication token
[2023-06-13 16:36:38] INFO: GET
[2023-06-13 16:36:40] INFO: POST
[2023-06-13 16:36:49] ERROR: [object Object]
[2023-06-13 16:36:49] INFO: POST
[2023-06-13 16:36:50] INFO: POST
[2023-06-13 16:36:59] INFO: SEQUELIZE
[2023-06-13 16:36:59] INFO: SEQUELIZE
[2023-06-13 16:36:59] INFO: POST
[2023-06-13 16:37:00] INFO: POST
[2023-06-13 16:37:11] INFO: SEQUELIZE
[2023-06-13 16:37:11] INFO: GET
[2023-06-13 16:37:15] INFO: POST
[2023-06-13 16:51:52] INFO: App listening on the port: 5000
[2023-06-13 16:51:52] INFO: SEQUELIZE
[2023-06-13 16:51:52] INFO: Database connection established successfully
[2023-06-13 16:51:57] INFO: POST
[2023-06-13 16:52:37] INFO: App listening on the port: 5000
[2023-06-13 16:52:37] INFO: SEQUELIZE
[2023-06-13 16:52:37] INFO: Database connection established successfully
[2023-06-13 16:52:42] INFO: POST
[2023-06-13 16:52:50] INFO: App listening on the port: 5000
[2023-06-13 16:52:50] INFO: SEQUELIZE
[2023-06-13 16:52:50] INFO: Database connection established successfully
[2023-06-13 16:52:55] INFO: POST
[2023-06-13 16:53:35] INFO: App listening on the port: 5000
[2023-06-13 16:53:35] INFO: SEQUELIZE
[2023-06-13 16:53:35] INFO: Database connection established successfully
[2023-06-13 16:53:40] INFO: POST
[2023-06-13 16:55:59] INFO: App listening on the port: 5000
[2023-06-13 16:55:59] INFO: SEQUELIZE
[2023-06-13 16:55:59] INFO: Database connection established successfully
[2023-06-13 16:56:04] INFO: POST
