[2023-06-05 12:00:16] INFO: App listening on the port: 5000
[2023-06-05 12:00:17] INFO: SEQUELIZE
[2023-06-05 12:00:17] INFO: Database connection established successfully
[2023-06-05 12:00:21] INFO: POST
[2023-06-05 12:01:03] INFO: SEQUELIZE
[2023-06-05 12:01:03] INFO: SEQUELIZE
[2023-06-05 12:01:03] INFO: SEQUELIZE
[2023-06-05 12:01:03] INFO: SEQUELIZE
[2023-06-05 12:01:05] INFO: SEQUELIZE
[2023-06-05 12:01:05] ERROR: Cannot read properties of null (reading 'offers')
[2023-06-05 12:01:05] INFO: POST
[2023-06-05 12:01:07] INFO: POST
[2023-06-05 12:02:04] INFO: App listening on the port: 5000
[2023-06-05 12:02:04] INFO: SEQUELIZE
[2023-06-05 12:02:04] INFO: Database connection established successfully
[2023-06-05 12:02:09] INFO: POST
[2023-06-05 12:02:44] INFO: App listening on the port: 5000
[2023-06-05 12:02:44] INFO: SEQUELIZE
[2023-06-05 12:02:44] INFO: Database connection established successfully
[2023-06-05 12:02:49] INFO: POST
[2023-06-05 12:02:54] INFO: SEQUELIZE
[2023-06-05 12:02:54] INFO: SEQUELIZE
[2023-06-05 12:02:54] INFO: SEQUELIZE
[2023-06-05 12:02:54] INFO: SEQUELIZE
[2023-06-05 12:02:55] INFO: SEQUELIZE
[2023-06-05 12:02:55] ERROR: Cannot read properties of null (reading 'set')
[2023-06-05 12:02:55] INFO: POST
[2023-06-05 12:02:59] INFO: POST
[2023-06-05 12:03:39] INFO: App listening on the port: 5000
[2023-06-05 12:03:39] INFO: SEQUELIZE
[2023-06-05 12:03:39] INFO: Database connection established successfully
[2023-06-05 12:03:44] INFO: POST
[2023-06-05 12:04:04] INFO: App listening on the port: 5000
[2023-06-05 12:04:04] INFO: SEQUELIZE
[2023-06-05 12:04:04] INFO: Database connection established successfully
[2023-06-05 12:04:09] INFO: POST
[2023-06-05 12:04:14] INFO: SEQUELIZE
[2023-06-05 12:04:14] INFO: SEQUELIZE
[2023-06-05 12:04:14] INFO: SEQUELIZE
[2023-06-05 12:04:14] INFO: SEQUELIZE
[2023-06-05 12:04:14] INFO: POST
[2023-06-05 12:04:15] INFO: SEQUELIZE
[2023-06-05 12:04:15] ERROR: Cannot read properties of null (reading 'set')
[2023-06-05 12:04:15] INFO: POST
[2023-06-05 12:04:19] INFO: POST
[2023-06-05 12:05:05] INFO: App listening on the port: 5000
[2023-06-05 12:05:05] INFO: SEQUELIZE
[2023-06-05 12:05:05] INFO: Database connection established successfully
[2023-06-05 12:05:08] INFO: SEQUELIZE
[2023-06-05 12:05:08] INFO: SEQUELIZE
[2023-06-05 12:05:08] INFO: SEQUELIZE
[2023-06-05 12:05:08] INFO: SEQUELIZE
[2023-06-05 12:05:09] INFO: SEQUELIZE
[2023-06-05 12:05:09] ERROR: Cannot read properties of null (reading 'set')
[2023-06-05 12:05:09] INFO: POST
[2023-06-05 12:05:10] INFO: POST
[2023-06-05 12:05:32] INFO: App listening on the port: 5000
[2023-06-05 12:05:32] INFO: SEQUELIZE
[2023-06-05 12:05:32] INFO: Database connection established successfully
[2023-06-05 12:05:37] INFO: POST
[2023-06-05 12:06:14] INFO: SEQUELIZE
[2023-06-05 12:06:14] INFO: SEQUELIZE
[2023-06-05 12:06:14] INFO: SEQUELIZE
[2023-06-05 12:06:14] INFO: SEQUELIZE
[2023-06-05 12:06:14] INFO: GET
[2023-06-05 12:06:17] INFO: POST
[2023-06-05 12:06:31] INFO: SEQUELIZE
[2023-06-05 12:06:31] INFO: SEQUELIZE
[2023-06-05 12:06:31] INFO: SEQUELIZE
[2023-06-05 12:06:31] INFO: SEQUELIZE
[2023-06-05 12:06:31] INFO: SEQUELIZE
[2023-06-05 12:06:31] INFO: SEQUELIZE
[2023-06-05 12:06:31] INFO: SEQUELIZE
[2023-06-05 12:06:31] INFO: SEQUELIZE
[2023-06-05 12:06:31] INFO: SEQUELIZE
[2023-06-05 12:06:31] ERROR: Could not create outbound shipment item!
[2023-06-05 12:06:31] INFO: PUT
[2023-06-05 12:06:32] INFO: POST
[2023-06-05 12:06:39] INFO: SEQUELIZE
[2023-06-05 12:06:39] INFO: SEQUELIZE
[2023-06-05 12:06:39] INFO: SEQUELIZE
[2023-06-05 12:06:40] INFO: SEQUELIZE
[2023-06-05 12:06:40] INFO: GET
[2023-06-05 12:06:43] INFO: POST
[2023-06-05 12:06:49] INFO: SEQUELIZE
[2023-06-05 12:06:49] INFO: SEQUELIZE
[2023-06-05 12:06:49] INFO: SEQUELIZE
[2023-06-05 12:06:49] INFO: SEQUELIZE
[2023-06-05 12:06:49] INFO: SEQUELIZE
[2023-06-05 12:06:49] INFO: SEQUELIZE
[2023-06-05 12:06:49] INFO: SEQUELIZE
[2023-06-05 12:06:49] INFO: SEQUELIZE
[2023-06-05 12:06:49] INFO: SEQUELIZE
[2023-06-05 12:06:49] INFO: SEQUELIZE
[2023-06-05 12:06:49] INFO: SEQUELIZE
[2023-06-05 12:06:49] INFO: PUT
[2023-06-05 12:06:53] INFO: POST
[2023-06-05 12:07:01] INFO: SEQUELIZE
[2023-06-05 12:07:01] INFO: SEQUELIZE
[2023-06-05 12:07:01] INFO: SEQUELIZE
[2023-06-05 12:07:01] INFO: SEQUELIZE
[2023-06-05 12:07:02] INFO: SEQUELIZE
[2023-06-05 12:07:02] INFO: SEQUELIZE
[2023-06-05 12:07:03] INFO: POST
[2023-06-05 12:07:03] INFO: POST
[2023-06-05 12:07:08] INFO: POST
[2023-06-05 12:07:27] INFO: App listening on the port: 5000
[2023-06-05 12:07:27] INFO: SEQUELIZE
[2023-06-05 12:07:27] INFO: Database connection established successfully
[2023-06-05 12:07:32] INFO: POST
[2023-06-05 12:07:43] INFO: SEQUELIZE
[2023-06-05 12:07:43] INFO: SEQUELIZE
[2023-06-05 12:07:43] INFO: SEQUELIZE
[2023-06-05 12:07:43] INFO: GET
[2023-06-05 12:07:47] INFO: POST
[2023-06-05 12:07:50] INFO: SEQUELIZE
[2023-06-05 12:07:50] INFO: SEQUELIZE
[2023-06-05 12:07:50] INFO: SEQUELIZE
[2023-06-05 12:07:50] INFO: GET
[2023-06-05 12:07:52] INFO: POST
[2023-06-05 12:08:37] INFO: App listening on the port: 5000
[2023-06-05 12:08:37] INFO: SEQUELIZE
[2023-06-05 12:08:37] INFO: Database connection established successfully
[2023-06-05 12:08:42] INFO: POST
[2023-06-05 13:52:42] INFO: App listening on the port: 5000
[2023-06-05 13:52:42] INFO: SEQUELIZE
[2023-06-05 13:52:42] INFO: Database connection established successfully
[2023-06-05 13:52:47] INFO: POST
[2023-06-05 13:52:54] INFO: SEQUELIZE
[2023-06-05 13:52:54] INFO: SEQUELIZE
[2023-06-05 13:52:54] INFO: SEQUELIZE
[2023-06-05 13:52:54] INFO: SEQUELIZE
[2023-06-05 13:52:54] INFO: SEQUELIZE
[2023-06-05 13:52:54] INFO: SEQUELIZE
[2023-06-05 13:52:54] ERROR: Could not create inbound shipment!
[2023-06-05 13:52:54] INFO: POST
[2023-06-05 13:52:57] INFO: POST
[2023-06-05 13:53:53] INFO: SEQUELIZE
[2023-06-05 13:53:53] INFO: SEQUELIZE
[2023-06-05 13:53:53] INFO: SEQUELIZE
[2023-06-05 13:53:53] INFO: SEQUELIZE
[2023-06-05 13:53:53] INFO: SEQUELIZE
[2023-06-05 13:53:53] INFO: SEQUELIZE
[2023-06-05 13:53:53] INFO: SEQUELIZE
[2023-06-05 13:53:53] INFO: SEQUELIZE
[2023-06-05 13:53:53] ERROR: Could not create inbound shipment item!
[2023-06-05 13:53:53] INFO: POST
[2023-06-05 13:53:57] INFO: POST
[2023-06-05 13:54:11] INFO: SEQUELIZE
[2023-06-05 13:54:11] INFO: SEQUELIZE
[2023-06-05 13:54:11] INFO: SEQUELIZE
[2023-06-05 13:54:11] INFO: SEQUELIZE
[2023-06-05 13:54:11] INFO: SEQUELIZE
[2023-06-05 13:54:11] INFO: SEQUELIZE
[2023-06-05 13:54:12] INFO: SEQUELIZE
[2023-06-05 13:54:12] INFO: SEQUELIZE
[2023-06-05 13:54:12] INFO: SEQUELIZE
[2023-06-05 13:54:12] INFO: SEQUELIZE
[2023-06-05 13:54:12] INFO: POST
[2023-06-05 13:54:12] INFO: POST
[2023-06-05 13:59:55] ERROR: Wrong authentication token
[2023-06-05 13:59:55] INFO: POST
[2023-06-05 13:59:58] INFO: POST
[2023-06-05 14:01:17] ERROR: Wrong authentication token
[2023-06-05 14:01:17] INFO: GET
[2023-06-05 14:01:18] INFO: POST
[2023-06-05 14:02:29] ERROR: Wrong authentication token
[2023-06-05 14:02:29] INFO: POST
[2023-06-05 14:02:33] INFO: POST
[2023-06-05 14:04:04] ERROR: Wrong authentication token
[2023-06-05 14:04:04] INFO: POST
[2023-06-05 14:04:09] INFO: POST
[2023-06-05 14:04:18] INFO: SEQUELIZE
[2023-06-05 14:04:19] INFO: SEQUELIZE
[2023-06-05 14:04:19] INFO: POST
[2023-06-05 14:04:19] INFO: POST
[2023-06-05 14:04:38] INFO: SEQUELIZE
[2023-06-05 14:04:38] INFO: SEQUELIZE
[2023-06-05 14:04:38] INFO: SEQUELIZE
[2023-06-05 14:04:38] INFO: SEQUELIZE
[2023-06-05 14:04:39] INFO: POST
[2023-06-05 14:04:40] INFO: SEQUELIZE
[2023-06-05 14:04:40] ERROR: Cannot read properties of null (reading 'set')
[2023-06-05 14:04:40] INFO: POST
[2023-06-05 14:04:44] INFO: POST
[2023-06-05 14:04:51] INFO: SEQUELIZE
[2023-06-05 14:04:51] INFO: SEQUELIZE
[2023-06-05 14:04:51] INFO: SEQUELIZE
[2023-06-05 14:04:51] INFO: SEQUELIZE
[2023-06-05 14:04:51] INFO: GET
[2023-06-05 14:04:54] INFO: POST
[2023-06-05 14:05:02] INFO: SEQUELIZE
[2023-06-05 14:05:02] INFO: SEQUELIZE
[2023-06-05 14:05:02] INFO: SEQUELIZE
[2023-06-05 14:05:02] INFO: SEQUELIZE
[2023-06-05 14:05:03] INFO: SEQUELIZE
[2023-06-05 14:05:03] INFO: SEQUELIZE
[2023-06-05 14:05:04] INFO: POST
[2023-06-05 14:05:04] INFO: POST
[2023-06-05 14:05:09] INFO: POST
[2023-06-05 14:12:56] ERROR: Wrong authentication token
[2023-06-05 14:12:56] INFO: GET
[2023-06-05 14:13:00] INFO: POST
[2023-06-05 14:13:50] ERROR: Wrong authentication token
[2023-06-05 14:13:50] INFO: GET
[2023-06-05 14:13:55] INFO: POST
[2023-06-05 14:16:50] INFO: App listening on the port: 5000
[2023-06-05 14:16:50] INFO: SEQUELIZE
[2023-06-05 14:16:50] INFO: Database connection established successfully
[2023-06-05 14:16:55] INFO: POST
[2023-06-05 14:37:00] ERROR: Wrong authentication token
[2023-06-05 14:37:00] INFO: PUT
[2023-06-05 14:37:03] INFO: POST
[2023-06-05 19:44:30] INFO: App listening on the port: 5000
[2023-06-05 19:44:30] INFO: SEQUELIZE
[2023-06-05 19:44:30] INFO: Database connection established successfully
[2023-06-05 19:44:35] INFO: POST
[2023-06-05 19:45:02] ERROR: Wrong authentication token
[2023-06-05 19:45:02] INFO: GET
[2023-06-05 19:45:05] INFO: POST
[2023-06-05 19:45:45] ERROR: Wrong authentication token
[2023-06-05 19:45:45] INFO: GET
[2023-06-05 19:45:45] INFO: POST
[2023-06-05 19:47:02] INFO: SEQUELIZE
[2023-06-05 19:47:02] INFO: SEQUELIZE
[2023-06-05 19:47:02] ERROR: Action unauthorised: [CLIENT_TRANSFER_ORDER_ROUTE:READ]
[2023-06-05 19:47:02] INFO: GET
[2023-06-05 19:47:05] INFO: POST
[2023-06-05 19:47:07] INFO: SEQUELIZE
[2023-06-05 19:47:07] INFO: SEQUELIZE
[2023-06-05 19:47:07] ERROR: Action unauthorised: [CLIENT_TRANSFER_ORDER_ROUTE:READ]
[2023-06-05 19:47:07] INFO: GET
[2023-06-05 19:47:10] INFO: POST
[2023-06-05 19:47:38] INFO: SEQUELIZE
[2023-06-05 19:47:38] INFO: SEQUELIZE
[2023-06-05 19:47:38] INFO: SEQUELIZE
[2023-06-05 19:47:38] INFO: SEQUELIZE
[2023-06-05 19:47:38] INFO: GET
[2023-06-05 19:47:41] INFO: POST
[2023-06-05 19:47:44] INFO: SEQUELIZE
[2023-06-05 19:47:44] INFO: SEQUELIZE
[2023-06-05 19:47:44] INFO: SEQUELIZE
[2023-06-05 19:47:44] INFO: SEQUELIZE
[2023-06-05 19:47:44] INFO: SEQUELIZE
[2023-06-05 19:47:44] INFO: SEQUELIZE
[2023-06-05 19:47:44] INFO: SEQUELIZE
[2023-06-05 19:47:44] INFO: POST
[2023-06-05 19:47:46] INFO: POST
[2023-06-05 19:47:52] INFO: SEQUELIZE
[2023-06-05 19:47:52] INFO: SEQUELIZE
[2023-06-05 19:47:52] INFO: SEQUELIZE
[2023-06-05 19:47:52] INFO: SEQUELIZE
[2023-06-05 19:47:52] INFO: GET
[2023-06-05 19:47:56] INFO: POST
[2023-06-05 19:48:18] INFO: SEQUELIZE
[2023-06-05 19:48:18] INFO: SEQUELIZE
[2023-06-05 19:48:18] INFO: SEQUELIZE
[2023-06-05 19:48:18] INFO: GET
[2023-06-05 19:48:21] INFO: POST
[2023-06-05 19:50:19] INFO: App listening on the port: 5000
[2023-06-05 19:50:19] INFO: SEQUELIZE
[2023-06-05 19:50:19] INFO: Database connection established successfully
[2023-06-05 19:50:34] INFO: App listening on the port: 5000
[2023-06-05 19:50:34] INFO: SEQUELIZE
[2023-06-05 19:50:34] INFO: Database connection established successfully
[2023-06-05 19:50:39] INFO: POST
[2023-06-05 19:50:41] INFO: SEQUELIZE
[2023-06-05 19:50:41] INFO: SEQUELIZE
[2023-06-05 19:50:41] INFO: SEQUELIZE
[2023-06-05 19:50:41] INFO: GET
[2023-06-05 19:50:44] INFO: POST
[2023-06-05 19:51:01] INFO: SEQUELIZE
[2023-06-05 19:51:01] INFO: SEQUELIZE
[2023-06-05 19:51:01] INFO: SEQUELIZE
[2023-06-05 19:51:01] INFO: SEQUELIZE
[2023-06-05 19:51:01] INFO: SEQUELIZE
[2023-06-05 19:51:01] INFO: SEQUELIZE
[2023-06-05 19:51:01] INFO: SEQUELIZE
[2023-06-05 19:51:01] INFO: SEQUELIZE
[2023-06-05 19:51:01] INFO: SEQUELIZE
[2023-06-05 19:51:01] ERROR: Could not create outbound shipment item!
[2023-06-05 19:51:01] INFO: PUT
[2023-06-05 19:51:04] INFO: POST
[2023-06-05 19:51:15] INFO: SEQUELIZE
[2023-06-05 19:51:15] INFO: SEQUELIZE
[2023-06-05 19:51:15] INFO: SEQUELIZE
[2023-06-05 19:51:15] INFO: POST
[2023-06-05 19:51:19] INFO: POST
[2023-06-05 19:51:31] ERROR: Unexpected token  in JSON at position 259
[2023-06-05 19:51:31] INFO: PUT
[2023-06-05 19:51:34] INFO: POST
[2023-06-05 19:51:36] INFO: SEQUELIZE
[2023-06-05 19:51:36] INFO: SEQUELIZE
[2023-06-05 19:51:37] INFO: SEQUELIZE
[2023-06-05 19:51:37] INFO: SEQUELIZE
[2023-06-05 19:51:37] INFO: SEQUELIZE
[2023-06-05 19:51:37] INFO: SEQUELIZE
[2023-06-05 19:51:37] INFO: SEQUELIZE
[2023-06-05 19:51:37] INFO: SEQUELIZE
[2023-06-05 19:51:37] INFO: SEQUELIZE
[2023-06-05 19:51:37] INFO: SEQUELIZE
[2023-06-05 19:51:37] INFO: SEQUELIZE
[2023-06-05 19:51:37] INFO: PUT
[2023-06-05 19:51:39] INFO: POST
[2023-06-05 19:56:57] INFO: App listening on the port: 5000
[2023-06-05 19:56:57] INFO: SEQUELIZE
[2023-06-05 19:56:57] INFO: Database connection established successfully
[2023-06-05 19:56:57] INFO: SEQUELIZE
[2023-06-05 19:56:58] INFO: SEQUELIZE
[2023-06-05 19:56:58] INFO: SEQUELIZE
[2023-06-05 19:56:58] INFO: SEQUELIZE
[2023-06-05 19:56:58] INFO: SEQUELIZE
[2023-06-05 19:56:58] INFO: SEQUELIZE
[2023-06-05 19:56:58] INFO: SEQUELIZE
[2023-06-05 19:56:58] INFO: SEQUELIZE
[2023-06-05 19:56:58] INFO: SEQUELIZE
[2023-06-05 19:56:58] INFO: SEQUELIZE
[2023-06-05 19:56:58] INFO: SEQUELIZE
[2023-06-05 19:56:58] INFO: PUT
[2023-06-05 19:57:02] INFO: POST
[2023-06-05 19:57:06] INFO: SEQUELIZE
[2023-06-05 19:57:06] INFO: SEQUELIZE
[2023-06-05 19:57:06] INFO: SEQUELIZE
[2023-06-05 19:57:06] INFO: SEQUELIZE
[2023-06-05 19:57:06] INFO: SEQUELIZE
[2023-06-05 19:57:06] INFO: SEQUELIZE
[2023-06-05 19:57:06] INFO: SEQUELIZE
[2023-06-05 19:57:06] INFO: SEQUELIZE
[2023-06-05 19:57:07] INFO: SEQUELIZE
[2023-06-05 19:57:07] INFO: SEQUELIZE
[2023-06-05 19:57:07] INFO: SEQUELIZE
[2023-06-05 19:57:07] INFO: PUT
[2023-06-05 19:57:07] INFO: POST
[2023-06-05 19:58:52] INFO: App listening on the port: 5000
[2023-06-05 19:58:52] INFO: SEQUELIZE
[2023-06-05 19:58:53] INFO: Database connection established successfully
[2023-06-05 19:58:57] INFO: POST
[2023-06-05 20:06:13] ERROR: Wrong authentication token
[2023-06-05 20:06:13] INFO: POST
[2023-06-05 20:06:13] INFO: POST
[2023-06-05 20:08:35] INFO: App listening on the port: 5000
[2023-06-05 20:08:35] INFO: SEQUELIZE
[2023-06-05 20:08:35] INFO: Database connection established successfully
[2023-06-05 20:08:40] INFO: POST
[2023-06-05 20:09:10] INFO: App listening on the port: 5000
[2023-06-05 20:09:10] INFO: SEQUELIZE
[2023-06-05 20:09:10] INFO: Database connection established successfully
[2023-06-05 20:09:15] INFO: POST
[2023-06-05 20:14:09] INFO: App listening on the port: 5000
[2023-06-05 20:14:09] INFO: SEQUELIZE
[2023-06-05 20:14:09] INFO: Database connection established successfully
[2023-06-05 20:14:14] INFO: POST
[2023-06-05 20:43:27] INFO: App listening on the port: 5000
[2023-06-05 20:43:27] INFO: SEQUELIZE
[2023-06-05 20:43:27] INFO: Database connection established successfully
[2023-06-05 20:43:32] INFO: POST
