[2023-06-12 11:04:49] INFO: App listening on the port: 5000
[2023-06-12 11:04:50] INFO: SEQUELIZE
[2023-06-12 11:04:50] INFO: Database connection established successfully
[2023-06-12 11:04:55] INFO: POST
[2023-06-12 11:05:16] INFO: App listening on the port: 5000
[2023-06-12 11:05:16] INFO: SEQUELIZE
[2023-06-12 11:05:16] INFO: Database connection established successfully
[2023-06-12 11:05:21] INFO: POST
[2023-06-12 11:05:47] INFO: App listening on the port: 5000
[2023-06-12 11:05:47] INFO: SEQUELIZE
[2023-06-12 11:05:47] INFO: Database connection established successfully
[2023-06-12 11:05:52] INFO: POST
[2023-06-12 11:06:02] INFO: App listening on the port: 5000
[2023-06-12 11:06:02] INFO: SEQUELIZE
[2023-06-12 11:06:02] INFO: Database connection established successfully
[2023-06-12 11:06:12] INFO: App listening on the port: 5000
[2023-06-12 11:06:12] INFO: SEQUELIZE
[2023-06-12 11:06:13] INFO: Database connection established successfully
[2023-06-12 11:06:17] INFO: POST
[2023-06-12 11:06:31] INFO: App listening on the port: 5000
[2023-06-12 11:06:31] INFO: SEQUELIZE
[2023-06-12 11:06:31] INFO: Database connection established successfully
[2023-06-12 11:06:36] INFO: POST
[2023-06-12 11:07:44] INFO: App listening on the port: 5000
[2023-06-12 11:07:44] INFO: SEQUELIZE
[2023-06-12 11:07:44] INFO: Database connection established successfully
[2023-06-12 11:07:50] INFO: App listening on the port: 5000
[2023-06-12 11:07:50] INFO: SEQUELIZE
[2023-06-12 11:07:50] INFO: Database connection established successfully
[2023-06-12 11:07:55] INFO: POST
[2023-06-12 11:08:09] INFO: App listening on the port: 5000
[2023-06-12 11:08:09] INFO: SEQUELIZE
[2023-06-12 11:08:09] INFO: Database connection established successfully
[2023-06-12 11:09:08] INFO: App listening on the port: 5000
[2023-06-12 11:09:08] INFO: SEQUELIZE
[2023-06-12 11:09:08] INFO: Database connection established successfully
[2023-06-12 11:09:22] INFO: App listening on the port: 5000
[2023-06-12 11:09:22] INFO: SEQUELIZE
[2023-06-12 11:09:22] INFO: Database connection established successfully
[2023-06-12 11:09:27] INFO: POST
[2023-06-12 11:09:48] INFO: App listening on the port: 5000
[2023-06-12 11:09:48] INFO: SEQUELIZE
[2023-06-12 11:09:48] INFO: Database connection established successfully
[2023-06-12 11:09:53] INFO: POST
[2023-06-12 11:10:15] INFO: App listening on the port: 5000
[2023-06-12 11:10:15] INFO: SEQUELIZE
[2023-06-12 11:10:15] INFO: Database connection established successfully
[2023-06-12 11:10:31] INFO: App listening on the port: 5000
[2023-06-12 11:10:31] INFO: SEQUELIZE
[2023-06-12 11:10:31] INFO: Database connection established successfully
[2023-06-12 11:10:36] INFO: POST
[2023-06-12 11:11:10] INFO: App listening on the port: 5000
[2023-06-12 11:11:10] INFO: SEQUELIZE
[2023-06-12 11:11:10] INFO: Database connection established successfully
[2023-06-12 11:11:15] INFO: POST
[2023-06-12 11:11:41] INFO: App listening on the port: 5000
[2023-06-12 11:11:41] INFO: SEQUELIZE
[2023-06-12 11:11:41] INFO: Database connection established successfully
[2023-06-12 11:11:46] INFO: POST
[2023-06-12 11:12:02] INFO: App listening on the port: 5000
[2023-06-12 11:12:02] INFO: SEQUELIZE
[2023-06-12 11:12:02] INFO: Database connection established successfully
[2023-06-12 11:12:07] INFO: POST
[2023-06-12 11:13:00] INFO: App listening on the port: 5000
[2023-06-12 11:13:00] INFO: SEQUELIZE
[2023-06-12 11:13:00] INFO: Database connection established successfully
[2023-06-12 11:13:18] INFO: App listening on the port: 5000
[2023-06-12 11:13:18] INFO: SEQUELIZE
[2023-06-12 11:13:18] INFO: Database connection established successfully
[2023-06-12 11:13:23] INFO: POST
[2023-06-12 11:13:52] INFO: App listening on the port: 5000
[2023-06-12 11:13:52] INFO: SEQUELIZE
[2023-06-12 11:13:52] INFO: Database connection established successfully
[2023-06-12 11:13:57] INFO: POST
[2023-06-12 11:14:13] INFO: App listening on the port: 5000
[2023-06-12 11:14:13] INFO: SEQUELIZE
[2023-06-12 11:14:13] INFO: Database connection established successfully
[2023-06-12 11:14:18] INFO: POST
[2023-06-12 11:14:34] INFO: App listening on the port: 5000
[2023-06-12 11:14:34] INFO: SEQUELIZE
[2023-06-12 11:14:34] INFO: Database connection established successfully
[2023-06-12 11:14:39] INFO: POST
[2023-06-12 11:14:57] INFO: App listening on the port: 5000
[2023-06-12 11:14:57] INFO: SEQUELIZE
[2023-06-12 11:14:57] INFO: Database connection established successfully
[2023-06-12 11:15:02] INFO: POST
[2023-06-12 11:15:12] INFO: App listening on the port: 5000
[2023-06-12 11:15:12] INFO: SEQUELIZE
[2023-06-12 11:15:12] INFO: Database connection established successfully
[2023-06-12 11:15:17] INFO: POST
[2023-06-12 11:15:53] INFO: App listening on the port: 5000
[2023-06-12 11:15:53] INFO: SEQUELIZE
[2023-06-12 11:15:53] INFO: Database connection established successfully
[2023-06-12 11:15:58] INFO: POST
[2023-06-12 11:17:53] INFO: App listening on the port: 5000
[2023-06-12 11:17:53] INFO: SEQUELIZE
[2023-06-12 11:17:53] INFO: Database connection established successfully
[2023-06-12 11:18:01] INFO: App listening on the port: 5000
[2023-06-12 11:18:01] INFO: SEQUELIZE
[2023-06-12 11:18:01] INFO: Database connection established successfully
[2023-06-12 11:18:06] INFO: POST
[2023-06-12 11:18:26] INFO: App listening on the port: 5000
[2023-06-12 11:18:26] INFO: SEQUELIZE
[2023-06-12 11:18:26] INFO: Database connection established successfully
[2023-06-12 11:18:31] INFO: POST
[2023-06-12 11:18:56] INFO: App listening on the port: 5000
[2023-06-12 11:18:56] INFO: SEQUELIZE
[2023-06-12 11:18:56] INFO: Database connection established successfully
[2023-06-12 11:19:01] INFO: POST
[2023-06-12 11:19:15] INFO: App listening on the port: 5000
[2023-06-12 11:19:15] INFO: SEQUELIZE
[2023-06-12 11:19:15] INFO: Database connection established successfully
[2023-06-12 11:19:20] INFO: POST
[2023-06-12 11:20:31] INFO: App listening on the port: 5000
[2023-06-12 11:20:31] INFO: SEQUELIZE
[2023-06-12 11:20:31] INFO: Database connection established successfully
[2023-06-12 11:20:36] INFO: POST
[2023-06-12 11:21:03] INFO: App listening on the port: 5000
[2023-06-12 11:21:03] INFO: SEQUELIZE
[2023-06-12 11:21:03] INFO: Database connection established successfully
[2023-06-12 11:21:15] INFO: App listening on the port: 5000
[2023-06-12 11:21:15] INFO: SEQUELIZE
[2023-06-12 11:21:15] INFO: Database connection established successfully
[2023-06-12 11:21:20] INFO: POST
[2023-06-12 11:22:17] INFO: App listening on the port: 5000
[2023-06-12 11:22:17] INFO: SEQUELIZE
[2023-06-12 11:22:17] INFO: Database connection established successfully
[2023-06-12 11:22:22] INFO: POST
[2023-06-12 11:22:39] INFO: App listening on the port: 5000
[2023-06-12 11:22:39] INFO: SEQUELIZE
[2023-06-12 11:22:39] INFO: Database connection established successfully
[2023-06-12 11:22:44] INFO: POST
[2023-06-12 11:23:49] INFO: App listening on the port: 5000
[2023-06-12 11:23:49] INFO: SEQUELIZE
[2023-06-12 11:23:49] INFO: Database connection established successfully
[2023-06-12 11:23:54] INFO: POST
[2023-06-12 11:25:30] INFO: App listening on the port: 5000
[2023-06-12 11:25:30] INFO: SEQUELIZE
[2023-06-12 11:25:30] INFO: Database connection established successfully
[2023-06-12 11:25:35] INFO: POST
[2023-06-12 11:25:52] INFO: App listening on the port: 5000
[2023-06-12 11:25:52] INFO: SEQUELIZE
[2023-06-12 11:25:52] INFO: Database connection established successfully
[2023-06-12 11:25:57] INFO: POST
[2023-06-12 11:26:32] INFO: App listening on the port: 5000
[2023-06-12 11:26:32] INFO: SEQUELIZE
[2023-06-12 11:26:32] INFO: Database connection established successfully
[2023-06-12 11:26:42] INFO: App listening on the port: 5000
[2023-06-12 11:26:42] INFO: SEQUELIZE
[2023-06-12 11:26:42] INFO: Database connection established successfully
[2023-06-12 11:26:47] INFO: POST
[2023-06-12 11:29:28] INFO: App listening on the port: 5000
[2023-06-12 11:29:28] INFO: SEQUELIZE
[2023-06-12 11:29:28] INFO: Database connection established successfully
[2023-06-12 11:29:33] INFO: POST
[2023-06-12 11:30:08] INFO: App listening on the port: 5000
[2023-06-12 11:30:08] INFO: SEQUELIZE
[2023-06-12 11:30:08] INFO: Database connection established successfully
[2023-06-12 11:30:13] INFO: POST
[2023-06-12 11:31:02] INFO: App listening on the port: 5000
[2023-06-12 11:31:02] INFO: SEQUELIZE
[2023-06-12 11:31:02] INFO: Database connection established successfully
[2023-06-12 11:31:07] INFO: POST
[2023-06-12 11:32:43] INFO: App listening on the port: 5000
[2023-06-12 11:32:43] INFO: SEQUELIZE
[2023-06-12 11:32:43] INFO: Database connection established successfully
[2023-06-12 11:32:51] INFO: App listening on the port: 5000
[2023-06-12 11:32:51] INFO: SEQUELIZE
[2023-06-12 11:32:51] INFO: Database connection established successfully
[2023-06-12 11:33:03] INFO: App listening on the port: 5000
[2023-06-12 11:33:03] INFO: SEQUELIZE
[2023-06-12 11:33:03] INFO: Database connection established successfully
[2023-06-12 11:33:08] INFO: POST
[2023-06-12 11:34:30] INFO: App listening on the port: 5000
[2023-06-12 11:34:30] INFO: SEQUELIZE
[2023-06-12 11:34:30] INFO: Database connection established successfully
[2023-06-12 11:34:35] INFO: POST
[2023-06-12 11:38:58] INFO: App listening on the port: 5000
[2023-06-12 11:38:58] INFO: SEQUELIZE
[2023-06-12 11:38:58] INFO: Database connection established successfully
[2023-06-12 11:39:03] INFO: POST
[2023-06-12 11:40:40] INFO: App listening on the port: 5000
[2023-06-12 11:40:40] INFO: SEQUELIZE
[2023-06-12 11:40:40] INFO: Database connection established successfully
[2023-06-12 11:40:45] INFO: POST
[2023-06-12 11:41:14] INFO: App listening on the port: 5000
[2023-06-12 11:41:14] INFO: SEQUELIZE
[2023-06-12 11:41:14] INFO: Database connection established successfully
[2023-06-12 11:41:19] INFO: POST
[2023-06-12 11:41:35] INFO: App listening on the port: 5000
[2023-06-12 11:41:35] INFO: SEQUELIZE
[2023-06-12 11:41:35] INFO: Database connection established successfully
[2023-06-12 11:41:40] INFO: POST
[2023-06-12 11:42:12] INFO: App listening on the port: 5000
[2023-06-12 11:42:12] INFO: SEQUELIZE
[2023-06-12 11:42:12] INFO: Database connection established successfully
[2023-06-12 11:42:36] INFO: App listening on the port: 5000
[2023-06-12 11:42:36] INFO: SEQUELIZE
[2023-06-12 11:42:36] INFO: Database connection established successfully
[2023-06-12 11:42:41] INFO: POST
[2023-06-12 11:42:51] INFO: App listening on the port: 5000
[2023-06-12 11:42:59] INFO: App listening on the port: 5000
[2023-06-12 11:43:22] INFO: App listening on the port: 5000
[2023-06-12 11:43:22] INFO: SEQUELIZE
[2023-06-12 11:43:22] INFO: Database connection established successfully
[2023-06-12 11:43:27] INFO: POST
[2023-06-12 11:44:02] INFO: App listening on the port: 5000
[2023-06-12 11:44:02] INFO: SEQUELIZE
[2023-06-12 11:44:02] INFO: Database connection established successfully
[2023-06-12 11:44:19] INFO: App listening on the port: 5000
[2023-06-12 11:44:19] INFO: SEQUELIZE
[2023-06-12 11:44:19] INFO: Database connection established successfully
[2023-06-12 11:44:28] INFO: App listening on the port: 5000
[2023-06-12 11:44:28] INFO: SEQUELIZE
[2023-06-12 11:44:28] INFO: Database connection established successfully
[2023-06-12 11:44:33] INFO: POST
[2023-06-12 11:51:11] INFO: App listening on the port: 5000
[2023-06-12 11:51:11] INFO: SEQUELIZE
[2023-06-12 11:51:11] INFO: Database connection established successfully
[2023-06-12 11:51:16] INFO: POST
[2023-06-12 11:53:46] INFO: App listening on the port: 5000
[2023-06-12 11:53:46] INFO: SEQUELIZE
[2023-06-12 11:53:46] INFO: Database connection established successfully
[2023-06-12 11:53:51] INFO: POST
[2023-06-12 11:54:04] INFO: App listening on the port: 5000
[2023-06-12 11:54:04] INFO: SEQUELIZE
[2023-06-12 11:54:04] INFO: Database connection established successfully
[2023-06-12 11:54:09] INFO: POST
[2023-06-12 11:54:20] INFO: App listening on the port: 5000
[2023-06-12 11:54:20] INFO: SEQUELIZE
[2023-06-12 11:54:20] INFO: Database connection established successfully
[2023-06-12 11:54:25] INFO: POST
[2023-06-12 11:54:45] INFO: App listening on the port: 5000
[2023-06-12 11:54:45] INFO: SEQUELIZE
[2023-06-12 11:54:45] INFO: Database connection established successfully
[2023-06-12 11:54:50] INFO: POST
[2023-06-12 11:58:07] INFO: App listening on the port: 5000
[2023-06-12 11:58:07] INFO: SEQUELIZE
[2023-06-12 11:58:07] INFO: Database connection established successfully
[2023-06-12 11:58:12] INFO: POST
[2023-06-12 11:58:29] INFO: App listening on the port: 5000
[2023-06-12 11:58:29] INFO: SEQUELIZE
[2023-06-12 11:58:29] INFO: Database connection established successfully
[2023-06-12 11:58:34] INFO: POST
[2023-06-12 12:25:00] INFO: App listening on the port: 5000
[2023-06-12 12:25:00] INFO: SEQUELIZE
[2023-06-12 12:25:00] INFO: Database connection established successfully
[2023-06-12 12:25:05] INFO: POST
[2023-06-12 12:26:12] INFO: App listening on the port: 5000
[2023-06-12 12:26:12] INFO: SEQUELIZE
[2023-06-12 12:26:12] INFO: Database connection established successfully
[2023-06-12 12:26:17] INFO: POST
[2023-06-12 12:26:24] INFO: App listening on the port: 5000
[2023-06-12 12:26:24] INFO: SEQUELIZE
[2023-06-12 12:26:24] INFO: Database connection established successfully
[2023-06-12 12:26:29] INFO: POST
[2023-06-12 12:27:43] INFO: App listening on the port: 5000
[2023-06-12 12:27:43] INFO: SEQUELIZE
[2023-06-12 12:27:43] INFO: Database connection established successfully
[2023-06-12 12:27:48] INFO: POST
[2023-06-12 12:27:58] INFO: App listening on the port: 5000
[2023-06-12 12:27:58] INFO: SEQUELIZE
[2023-06-12 12:27:58] INFO: Database connection established successfully
[2023-06-12 12:28:03] INFO: POST
[2023-06-12 12:28:39] INFO: App listening on the port: 5000
[2023-06-12 12:28:39] INFO: SEQUELIZE
[2023-06-12 12:28:39] INFO: Database connection established successfully
[2023-06-12 12:28:44] INFO: POST
[2023-06-12 12:28:57] INFO: App listening on the port: 5000
[2023-06-12 12:28:57] INFO: SEQUELIZE
[2023-06-12 12:28:57] INFO: Database connection established successfully
[2023-06-12 12:29:02] INFO: POST
[2023-06-12 12:29:15] INFO: App listening on the port: 5000
[2023-06-12 12:29:15] INFO: SEQUELIZE
[2023-06-12 12:29:15] INFO: Database connection established successfully
[2023-06-12 12:29:20] INFO: POST
[2023-06-12 12:29:37] INFO: App listening on the port: 5000
[2023-06-12 12:29:37] INFO: SEQUELIZE
[2023-06-12 12:29:37] INFO: Database connection established successfully
[2023-06-12 12:29:54] INFO: App listening on the port: 5000
[2023-06-12 12:29:54] INFO: SEQUELIZE
[2023-06-12 12:29:54] INFO: Database connection established successfully
[2023-06-12 12:29:59] INFO: POST
[2023-06-12 12:30:34] INFO: App listening on the port: 5000
[2023-06-12 12:30:34] INFO: SEQUELIZE
[2023-06-12 12:30:34] INFO: Database connection established successfully
[2023-06-12 12:30:39] INFO: POST
[2023-06-12 12:30:48] INFO: App listening on the port: 5000
[2023-06-12 12:30:48] INFO: SEQUELIZE
[2023-06-12 12:30:48] INFO: Database connection established successfully
[2023-06-12 12:30:53] INFO: POST
[2023-06-12 12:32:00] INFO: App listening on the port: 5000
[2023-06-12 12:32:00] INFO: SEQUELIZE
[2023-06-12 12:32:00] INFO: Database connection established successfully
[2023-06-12 12:32:08] INFO: App listening on the port: 5000
[2023-06-12 12:32:08] INFO: SEQUELIZE
[2023-06-12 12:32:08] INFO: Database connection established successfully
[2023-06-12 12:32:13] INFO: POST
[2023-06-12 12:32:26] INFO: App listening on the port: 5000
[2023-06-12 12:32:26] INFO: SEQUELIZE
[2023-06-12 12:32:26] INFO: Database connection established successfully
[2023-06-12 12:32:31] INFO: POST
[2023-06-12 12:32:43] INFO: App listening on the port: 5000
[2023-06-12 12:32:43] INFO: SEQUELIZE
[2023-06-12 12:32:43] INFO: Database connection established successfully
[2023-06-12 12:32:52] INFO: App listening on the port: 5000
[2023-06-12 12:32:52] INFO: SEQUELIZE
[2023-06-12 12:32:52] INFO: Database connection established successfully
[2023-06-12 12:32:57] INFO: POST
[2023-06-12 12:33:07] INFO: App listening on the port: 5000
[2023-06-12 12:33:07] INFO: SEQUELIZE
[2023-06-12 12:33:07] INFO: Database connection established successfully
[2023-06-12 12:33:12] INFO: POST
[2023-06-12 12:33:40] INFO: App listening on the port: 5000
[2023-06-12 12:33:40] INFO: SEQUELIZE
[2023-06-12 12:33:40] INFO: Database connection established successfully
[2023-06-12 12:33:45] INFO: POST
[2023-06-12 12:34:28] INFO: SEQUELIZE
[2023-06-12 12:34:28] INFO: Database connection established successfully
[2023-06-12 12:34:40] INFO: SEQUELIZE
[2023-06-12 12:34:40] INFO: Database connection established successfully
[2023-06-12 12:35:15] INFO: SEQUELIZE
[2023-06-12 12:35:15] INFO: Database connection established successfully
[2023-06-12 12:35:26] INFO: SEQUELIZE
[2023-06-12 12:35:26] INFO: Database connection established successfully
[2023-06-12 12:35:44] INFO: App listening on the port: 5000
[2023-06-12 12:35:44] INFO: SEQUELIZE
[2023-06-12 12:35:44] INFO: Database connection established successfully
[2023-06-12 12:35:49] INFO: POST
[2023-06-12 12:35:59] INFO: SEQUELIZE
[2023-06-12 12:35:59] INFO: Database connection established successfully
[2023-06-12 12:36:07] INFO: App listening on the port: 5000
[2023-06-12 12:36:08] INFO: SEQUELIZE
[2023-06-12 12:36:08] INFO: Database connection established successfully
[2023-06-12 12:36:13] INFO: POST
[2023-06-12 12:36:43] INFO: App listening on the port: 5000
[2023-06-12 12:36:43] INFO: SEQUELIZE
[2023-06-12 12:36:43] INFO: Database connection established successfully
[2023-06-12 12:36:48] INFO: POST
[2023-06-12 12:38:09] INFO: App listening on the port: 5000
[2023-06-12 12:38:09] INFO: SEQUELIZE
[2023-06-12 12:38:09] INFO: Database connection established successfully
[2023-06-12 12:38:14] INFO: POST
[2023-06-12 12:39:02] INFO: App listening on the port: 5000
[2023-06-12 12:39:02] INFO: SEQUELIZE
[2023-06-12 12:39:02] INFO: Database connection established successfully
[2023-06-12 12:39:07] INFO: POST
[2023-06-12 12:41:18] INFO: SEQUELIZE
[2023-06-12 12:41:18] INFO: Database connection established successfully
[2023-06-12 12:41:34] INFO: SEQUELIZE
[2023-06-12 12:41:34] INFO: Database connection established successfully
[2023-06-12 12:43:33] INFO: SEQUELIZE
[2023-06-12 12:43:33] INFO: Database connection established successfully
[2023-06-12 12:43:55] INFO: App listening on the port: 5000
[2023-06-12 12:43:55] INFO: SEQUELIZE
[2023-06-12 12:43:55] INFO: Database connection established successfully
[2023-06-12 12:44:00] INFO: POST
[2023-06-12 12:44:53] INFO: SEQUELIZE
[2023-06-12 12:44:53] ERROR: User in provided token does not exist!
[2023-06-12 12:44:53] INFO: POST
[2023-06-12 12:44:56] INFO: POST
[2023-06-12 12:45:09] INFO: SEQUELIZE
[2023-06-12 12:45:09] INFO: SEQUELIZE
[2023-06-12 12:45:09] INFO: SEQUELIZE
[2023-06-12 12:45:09] ERROR: Validation error: offerValidity, items
[2023-06-12 12:45:09] INFO: POST
[2023-06-12 12:45:11] INFO: POST
[2023-06-12 12:45:33] INFO: SEQUELIZE
[2023-06-12 12:45:33] INFO: SEQUELIZE
[2023-06-12 12:45:33] INFO: SEQUELIZE
[2023-06-12 12:45:33] INFO: SEQUELIZE
[2023-06-12 12:45:34] INFO: SEQUELIZE
[2023-06-12 12:45:34] ERROR: Could not get outbound shipment by id!
[2023-06-12 12:45:34] INFO: POST
[2023-06-12 12:45:36] INFO: POST
[2023-06-12 12:46:24] INFO: App listening on the port: 5000
[2023-06-12 12:46:24] INFO: SEQUELIZE
[2023-06-12 12:46:24] INFO: Database connection established successfully
[2023-06-12 12:46:29] INFO: POST
[2023-06-12 12:46:42] INFO: SEQUELIZE
[2023-06-12 12:46:42] INFO: SEQUELIZE
[2023-06-12 12:46:42] INFO: SEQUELIZE
[2023-06-12 12:46:42] INFO: SEQUELIZE
[2023-06-12 12:46:42] INFO: SEQUELIZE
[2023-06-12 12:46:42] ERROR: Could not get outbound shipment by id!
[2023-06-12 12:46:42] INFO: POST
[2023-06-12 12:46:44] INFO: POST
[2023-06-12 12:47:25] INFO: App listening on the port: 5000
[2023-06-12 12:47:25] INFO: SEQUELIZE
[2023-06-12 12:47:25] INFO: Database connection established successfully
[2023-06-12 12:47:34] INFO: App listening on the port: 5000
[2023-06-12 12:47:34] INFO: SEQUELIZE
[2023-06-12 12:47:34] INFO: Database connection established successfully
[2023-06-12 12:47:39] INFO: POST
[2023-06-12 12:47:50] INFO: App listening on the port: 5000
[2023-06-12 12:47:50] INFO: SEQUELIZE
[2023-06-12 12:47:50] INFO: Database connection established successfully
[2023-06-12 12:47:55] INFO: POST
[2023-06-12 12:48:05] INFO: App listening on the port: 5000
[2023-06-12 12:48:05] INFO: SEQUELIZE
[2023-06-12 12:48:05] INFO: Database connection established successfully
[2023-06-12 12:48:08] INFO: SEQUELIZE
[2023-06-12 12:48:08] INFO: SEQUELIZE
[2023-06-12 12:48:08] INFO: SEQUELIZE
[2023-06-12 12:48:08] INFO: SEQUELIZE
[2023-06-12 12:48:09] INFO: SEQUELIZE
[2023-06-12 12:48:09] INFO: SEQUELIZE
[2023-06-12 12:48:09] ERROR: Cannot read properties of null (reading 'set')
[2023-06-12 12:48:09] INFO: POST
[2023-06-12 12:48:10] INFO: POST
[2023-06-12 12:50:08] INFO: SEQUELIZE
[2023-06-12 12:50:08] INFO: SEQUELIZE
[2023-06-12 12:50:08] ERROR: Validation error: offerValidity
[2023-06-12 12:50:08] INFO: POST
[2023-06-12 12:50:10] INFO: POST
[2023-06-12 12:50:15] INFO: SEQUELIZE
[2023-06-12 12:50:15] INFO: SEQUELIZE
[2023-06-12 12:50:15] INFO: SEQUELIZE
[2023-06-12 12:50:15] INFO: SEQUELIZE
[2023-06-12 12:50:15] INFO: SEQUELIZE
[2023-06-12 12:50:15] INFO: SEQUELIZE
[2023-06-12 12:50:15] ERROR: Could not create outbound shipment item!
[2023-06-12 12:50:15] INFO: POST
[2023-06-12 12:50:15] INFO: POST
[2023-06-12 12:50:20] INFO: SEQUELIZE
[2023-06-12 12:50:20] INFO: SEQUELIZE
[2023-06-12 12:50:20] INFO: SEQUELIZE
[2023-06-12 12:50:20] INFO: SEQUELIZE
[2023-06-12 12:50:20] INFO: GET
[2023-06-12 12:50:20] INFO: POST
[2023-06-12 12:50:24] INFO: SEQUELIZE
[2023-06-12 12:50:24] INFO: SEQUELIZE
[2023-06-12 12:50:24] INFO: SEQUELIZE
[2023-06-12 12:50:24] INFO: POST
[2023-06-12 12:50:25] INFO: POST
[2023-06-12 12:50:41] INFO: SEQUELIZE
[2023-06-12 12:50:41] INFO: SEQUELIZE
[2023-06-12 12:50:41] INFO: SEQUELIZE
[2023-06-12 12:50:41] INFO: SEQUELIZE
[2023-06-12 12:50:41] INFO: SEQUELIZE
[2023-06-12 12:50:42] INFO: SEQUELIZE
[2023-06-12 12:50:42] INFO: SEQUELIZE
[2023-06-12 12:50:42] ERROR: Could not get outbound shipment!
[2023-06-12 12:50:42] INFO: POST
[2023-06-12 12:50:45] INFO: POST
[2023-06-12 12:51:10] INFO: App listening on the port: 5000
[2023-06-12 12:51:10] INFO: SEQUELIZE
[2023-06-12 12:51:10] INFO: Database connection established successfully
[2023-06-12 12:51:11] INFO: SEQUELIZE
[2023-06-12 12:51:11] INFO: SEQUELIZE
[2023-06-12 12:51:11] INFO: SEQUELIZE
[2023-06-12 12:51:11] INFO: SEQUELIZE
[2023-06-12 12:51:11] INFO: SEQUELIZE
[2023-06-12 12:51:11] INFO: SEQUELIZE
[2023-06-12 12:51:11] INFO: SEQUELIZE
[2023-06-12 12:51:11] ERROR: Could not get outbound shipment!
[2023-06-12 12:51:11] INFO: POST
[2023-06-12 12:51:15] INFO: POST
[2023-06-12 12:51:50] INFO: App listening on the port: 5000
[2023-06-12 12:51:50] INFO: SEQUELIZE
[2023-06-12 12:51:50] INFO: Database connection established successfully
[2023-06-12 12:52:00] INFO: App listening on the port: 5000
[2023-06-12 12:52:00] INFO: SEQUELIZE
[2023-06-12 12:52:00] INFO: Database connection established successfully
[2023-06-12 12:52:02] INFO: SEQUELIZE
[2023-06-12 12:52:02] INFO: SEQUELIZE
[2023-06-12 12:52:02] INFO: SEQUELIZE
[2023-06-12 12:52:02] INFO: SEQUELIZE
[2023-06-12 12:52:02] INFO: SEQUELIZE
[2023-06-12 12:52:02] INFO: SEQUELIZE
[2023-06-12 12:52:02] INFO: SEQUELIZE
[2023-06-12 12:52:02] INFO: SEQUELIZE
[2023-06-12 12:52:02] INFO: POST
[2023-06-12 12:52:05] INFO: POST
[2023-06-12 12:52:13] INFO: SEQUELIZE
[2023-06-12 12:52:13] INFO: SEQUELIZE
[2023-06-12 12:52:13] INFO: SEQUELIZE
[2023-06-12 12:52:13] INFO: SEQUELIZE
[2023-06-12 12:52:14] INFO: SEQUELIZE
[2023-06-12 12:52:14] INFO: SEQUELIZE
[2023-06-12 12:52:14] INFO: SEQUELIZE
[2023-06-12 12:52:14] INFO: SEQUELIZE
[2023-06-12 12:52:14] INFO: POST
[2023-06-12 12:52:15] INFO: POST
[2023-06-12 12:53:01] INFO: App listening on the port: 5000
[2023-06-12 12:53:01] INFO: SEQUELIZE
[2023-06-12 12:53:01] INFO: Database connection established successfully
[2023-06-12 12:53:08] INFO: App listening on the port: 5000
[2023-06-12 12:53:08] INFO: SEQUELIZE
[2023-06-12 12:53:08] INFO: Database connection established successfully
[2023-06-12 12:53:16] INFO: App listening on the port: 5000
[2023-06-12 12:53:16] INFO: SEQUELIZE
[2023-06-12 12:53:16] INFO: Database connection established successfully
[2023-06-12 12:53:31] INFO: App listening on the port: 5000
[2023-06-12 12:53:31] INFO: SEQUELIZE
[2023-06-12 12:53:31] INFO: Database connection established successfully
[2023-06-12 12:53:36] INFO: POST
[2023-06-12 12:54:15] INFO: SEQUELIZE
[2023-06-12 12:54:15] INFO: SEQUELIZE
[2023-06-12 12:54:15] INFO: SEQUELIZE
[2023-06-12 12:54:15] INFO: SEQUELIZE
[2023-06-12 12:54:16] INFO: SEQUELIZE
[2023-06-12 12:54:16] INFO: SEQUELIZE
[2023-06-12 12:54:16] INFO: SEQUELIZE
[2023-06-12 12:54:16] INFO: SEQUELIZE
[2023-06-12 12:54:16] INFO: POST
[2023-06-12 12:54:16] INFO: POST
[2023-06-12 12:54:30] INFO: SEQUELIZE
[2023-06-12 12:54:30] INFO: SEQUELIZE
[2023-06-12 12:54:30] INFO: SEQUELIZE
[2023-06-12 12:54:30] INFO: SEQUELIZE
[2023-06-12 12:54:30] INFO: SEQUELIZE
[2023-06-12 12:54:30] INFO: SEQUELIZE
[2023-06-12 12:54:30] INFO: SEQUELIZE
[2023-06-12 12:54:30] INFO: SEQUELIZE
[2023-06-12 12:54:30] INFO: POST
[2023-06-12 12:54:31] INFO: POST
[2023-06-12 12:54:34] INFO: SEQUELIZE
[2023-06-12 12:54:34] INFO: SEQUELIZE
[2023-06-12 12:54:34] INFO: SEQUELIZE
[2023-06-12 12:54:34] ERROR: Validation error: documentType
[2023-06-12 12:54:34] INFO: POST
[2023-06-12 12:54:36] INFO: POST
[2023-06-12 12:54:52] INFO: App listening on the port: 5000
[2023-06-12 12:54:52] INFO: SEQUELIZE
[2023-06-12 12:54:52] INFO: Database connection established successfully
[2023-06-12 12:54:57] INFO: POST
[2023-06-12 12:56:25] INFO: App listening on the port: 5000
[2023-06-12 12:56:26] INFO: SEQUELIZE
[2023-06-12 12:56:26] INFO: Database connection established successfully
[2023-06-12 12:56:31] INFO: POST
[2023-06-12 12:56:59] INFO: App listening on the port: 5000
[2023-06-12 12:56:59] INFO: SEQUELIZE
[2023-06-12 12:56:59] INFO: Database connection established successfully
[2023-06-12 12:57:04] INFO: POST
[2023-06-12 12:57:44] INFO: SEQUELIZE
[2023-06-12 12:57:44] INFO: SEQUELIZE
[2023-06-12 12:57:44] INFO: SEQUELIZE
[2023-06-12 12:57:44] ERROR: Validation error: items
[2023-06-12 12:57:44] INFO: POST
[2023-06-12 12:57:49] INFO: POST
[2023-06-12 12:57:54] INFO: SEQUELIZE
[2023-06-12 12:57:54] INFO: SEQUELIZE
[2023-06-12 12:57:54] INFO: SEQUELIZE
[2023-06-12 12:57:54] INFO: SEQUELIZE
[2023-06-12 12:57:54] INFO: SEQUELIZE
[2023-06-12 12:57:54] INFO: SEQUELIZE
[2023-06-12 12:57:54] ERROR: Could not create invoice!
[2023-06-12 12:57:54] INFO: POST
[2023-06-12 12:57:59] INFO: POST
[2023-06-12 12:58:20] INFO: SEQUELIZE
[2023-06-12 12:58:20] INFO: SEQUELIZE
[2023-06-12 12:58:20] INFO: SEQUELIZE
[2023-06-12 12:58:20] INFO: SEQUELIZE
[2023-06-12 12:58:20] INFO: SEQUELIZE
[2023-06-12 12:58:20] INFO: SEQUELIZE
[2023-06-12 12:58:20] INFO: SEQUELIZE
[2023-06-12 12:58:21] INFO: SEQUELIZE
[2023-06-12 12:58:21] INFO: SEQUELIZE
[2023-06-12 12:58:21] INFO: SEQUELIZE
[2023-06-12 12:58:21] INFO: SEQUELIZE
[2023-06-12 12:58:21] INFO: SEQUELIZE
[2023-06-12 12:58:21] INFO: SEQUELIZE
[2023-06-12 12:58:21] INFO: SEQUELIZE
[2023-06-12 12:58:21] INFO: POST
[2023-06-12 12:58:24] INFO: POST
[2023-06-12 12:59:02] INFO: SEQUELIZE
[2023-06-12 12:59:02] INFO: SEQUELIZE
[2023-06-12 12:59:02] INFO: SEQUELIZE
[2023-06-12 12:59:02] INFO: GET
[2023-06-12 12:59:04] INFO: POST
[2023-06-12 12:59:58] INFO: App listening on the port: 5000
[2023-06-12 12:59:58] INFO: SEQUELIZE
[2023-06-12 12:59:58] INFO: Database connection established successfully
[2023-06-12 13:00:03] INFO: POST
[2023-06-12 13:00:13] INFO: App listening on the port: 5000
[2023-06-12 13:00:13] INFO: SEQUELIZE
[2023-06-12 13:00:13] INFO: Database connection established successfully
[2023-06-12 13:00:18] INFO: POST
[2023-06-12 13:00:24] INFO: SEQUELIZE
[2023-06-12 13:00:24] INFO: SEQUELIZE
[2023-06-12 13:00:24] INFO: SEQUELIZE
[2023-06-12 13:00:24] INFO: SEQUELIZE
[2023-06-12 13:00:24] INFO: SEQUELIZE
[2023-06-12 13:00:24] INFO: SEQUELIZE
[2023-06-12 13:00:24] INFO: SEQUELIZE
[2023-06-12 13:00:25] INFO: SEQUELIZE
[2023-06-12 13:00:25] INFO: SEQUELIZE
[2023-06-12 13:00:25] INFO: SEQUELIZE
[2023-06-12 13:00:25] INFO: SEQUELIZE
[2023-06-12 13:00:25] INFO: SEQUELIZE
[2023-06-12 13:00:25] INFO: SEQUELIZE
[2023-06-12 13:00:25] INFO: SEQUELIZE
[2023-06-12 13:00:25] INFO: SEQUELIZE
[2023-06-12 13:00:25] INFO: SEQUELIZE
[2023-06-12 13:00:25] INFO: SEQUELIZE
[2023-06-12 13:00:25] INFO: SEQUELIZE
[2023-06-12 13:00:25] INFO: POST
[2023-06-12 13:00:28] INFO: POST
[2023-06-12 13:00:46] INFO: App listening on the port: 5000
[2023-06-12 13:00:46] INFO: SEQUELIZE
[2023-06-12 13:00:46] INFO: Database connection established successfully
[2023-06-12 13:00:51] INFO: SEQUELIZE
[2023-06-12 13:00:51] INFO: SEQUELIZE
[2023-06-12 13:00:51] INFO: SEQUELIZE
[2023-06-12 13:00:51] INFO: SEQUELIZE
[2023-06-12 13:00:51] INFO: SEQUELIZE
[2023-06-12 13:00:51] INFO: SEQUELIZE
[2023-06-12 13:00:51] INFO: SEQUELIZE
[2023-06-12 13:00:51] INFO: POST
[2023-06-12 13:00:52] INFO: SEQUELIZE
[2023-06-12 13:00:52] INFO: SEQUELIZE
[2023-06-12 13:00:52] INFO: SEQUELIZE
[2023-06-12 13:00:52] INFO: SEQUELIZE
[2023-06-12 13:00:52] INFO: SEQUELIZE
[2023-06-12 13:00:52] INFO: SEQUELIZE
[2023-06-12 13:00:52] INFO: SEQUELIZE
[2023-06-12 13:00:52] INFO: SEQUELIZE
[2023-06-12 13:00:52] INFO: SEQUELIZE
[2023-06-12 13:00:52] INFO: SEQUELIZE
[2023-06-12 13:00:52] INFO: SEQUELIZE
[2023-06-12 13:00:52] INFO: POST
[2023-06-12 13:00:56] INFO: POST
[2023-06-12 13:02:46] INFO: App listening on the port: 5000
[2023-06-12 13:02:46] INFO: SEQUELIZE
[2023-06-12 13:02:46] INFO: Database connection established successfully
[2023-06-12 13:02:51] INFO: POST
[2023-06-12 13:03:16] INFO: App listening on the port: 5000
[2023-06-12 13:03:16] INFO: SEQUELIZE
[2023-06-12 13:03:16] INFO: Database connection established successfully
[2023-06-12 13:03:21] INFO: POST
[2023-06-12 13:03:34] INFO: App listening on the port: 5000
[2023-06-12 13:03:34] INFO: SEQUELIZE
[2023-06-12 13:03:34] INFO: Database connection established successfully
[2023-06-12 13:03:39] INFO: POST
[2023-06-12 13:04:20] INFO: App listening on the port: 5000
[2023-06-12 13:04:20] INFO: SEQUELIZE
[2023-06-12 13:04:20] INFO: Database connection established successfully
[2023-06-12 13:04:25] INFO: POST
[2023-06-12 13:05:31] INFO: App listening on the port: 5000
[2023-06-12 13:05:31] INFO: SEQUELIZE
[2023-06-12 13:05:31] INFO: Database connection established successfully
[2023-06-12 13:05:36] INFO: POST
[2023-06-12 13:06:28] INFO: App listening on the port: 5000
[2023-06-12 13:06:28] INFO: SEQUELIZE
[2023-06-12 13:06:28] INFO: Database connection established successfully
[2023-06-12 13:06:33] INFO: POST
[2023-06-12 13:06:58] INFO: App listening on the port: 5000
[2023-06-12 13:06:58] INFO: SEQUELIZE
[2023-06-12 13:06:58] INFO: Database connection established successfully
[2023-06-12 13:07:03] INFO: POST
[2023-06-12 13:07:27] INFO: SEQUELIZE
[2023-06-12 13:07:27] INFO: Database connection established successfully
[2023-06-12 13:07:40] INFO: App listening on the port: 5000
[2023-06-12 13:07:40] INFO: SEQUELIZE
[2023-06-12 13:07:40] INFO: Database connection established successfully
[2023-06-12 13:07:45] INFO: POST
[2023-06-12 13:09:53] INFO: App listening on the port: 5000
[2023-06-12 13:09:53] INFO: SEQUELIZE
[2023-06-12 13:09:53] INFO: Database connection established successfully
[2023-06-12 13:09:58] INFO: POST
[2023-06-12 13:10:13] INFO: App listening on the port: 5000
[2023-06-12 13:10:13] INFO: SEQUELIZE
[2023-06-12 13:10:13] INFO: Database connection established successfully
[2023-06-12 13:10:18] INFO: POST
[2023-06-12 13:10:33] INFO: App listening on the port: 5000
[2023-06-12 13:10:33] INFO: SEQUELIZE
[2023-06-12 13:10:33] INFO: Database connection established successfully
[2023-06-12 13:10:38] INFO: POST
[2023-06-12 13:15:03] INFO: App listening on the port: 5000
[2023-06-12 13:15:03] INFO: SEQUELIZE
[2023-06-12 13:15:03] INFO: Database connection established successfully
[2023-06-12 13:15:08] INFO: POST
[2023-06-12 13:15:19] INFO: App listening on the port: 5000
[2023-06-12 13:15:19] INFO: SEQUELIZE
[2023-06-12 13:15:19] INFO: Database connection established successfully
[2023-06-12 13:15:24] INFO: POST
[2023-06-12 13:15:42] INFO: App listening on the port: 5000
[2023-06-12 13:15:42] INFO: SEQUELIZE
[2023-06-12 13:15:42] INFO: Database connection established successfully
[2023-06-12 13:15:47] INFO: POST
[2023-06-12 13:15:55] INFO: App listening on the port: 5000
[2023-06-12 13:15:55] INFO: SEQUELIZE
[2023-06-12 13:15:55] INFO: Database connection established successfully
[2023-06-12 13:16:03] INFO: App listening on the port: 5000
[2023-06-12 13:16:04] INFO: SEQUELIZE
[2023-06-12 13:16:04] INFO: Database connection established successfully
[2023-06-12 13:16:09] INFO: POST
[2023-06-12 13:16:28] INFO: SEQUELIZE
[2023-06-12 13:16:28] INFO: SEQUELIZE
[2023-06-12 13:16:28] INFO: SEQUELIZE
[2023-06-12 13:16:28] ERROR: Validation error: documentType
[2023-06-12 13:16:28] INFO: POST
[2023-06-12 13:16:29] INFO: POST
[2023-06-12 13:16:38] INFO: SEQUELIZE
[2023-06-12 13:16:38] INFO: SEQUELIZE
[2023-06-12 13:16:38] INFO: SEQUELIZE
[2023-06-12 13:16:38] INFO: SEQUELIZE
[2023-06-12 13:16:39] INFO: SEQUELIZE
[2023-06-12 13:16:39] INFO: SEQUELIZE
[2023-06-12 13:16:39] INFO: SEQUELIZE
[2023-06-12 13:16:39] INFO: POST
[2023-06-12 13:16:39] INFO: SEQUELIZE
[2023-06-12 13:16:39] INFO: POST
[2023-06-12 13:16:44] INFO: POST
[2023-06-12 13:17:48] INFO: SEQUELIZE
[2023-06-12 13:17:48] INFO: Database connection established successfully
[2023-06-12 13:18:14] INFO: SEQUELIZE
[2023-06-12 13:18:14] INFO: Database connection established successfully
[2023-06-12 13:18:32] INFO: App listening on the port: 5000
[2023-06-12 13:18:32] INFO: SEQUELIZE
[2023-06-12 13:18:32] INFO: Database connection established successfully
[2023-06-12 13:18:37] INFO: POST
[2023-06-12 13:18:43] INFO: SEQUELIZE
[2023-06-12 13:18:43] INFO: SEQUELIZE
[2023-06-12 13:18:43] INFO: SEQUELIZE
[2023-06-12 13:18:43] INFO: SEQUELIZE
[2023-06-12 13:18:43] INFO: SEQUELIZE
[2023-06-12 13:18:43] INFO: SEQUELIZE
[2023-06-12 13:18:43] INFO: SEQUELIZE
[2023-06-12 13:18:43] INFO: SEQUELIZE
[2023-06-12 13:18:43] INFO: SEQUELIZE
[2023-06-12 13:18:43] INFO: SEQUELIZE
[2023-06-12 13:18:43] INFO: SEQUELIZE
[2023-06-12 13:18:43] INFO: POST
[2023-06-12 13:18:47] INFO: POST
[2023-06-12 13:19:15] INFO: SEQUELIZE
[2023-06-12 13:19:15] INFO: SEQUELIZE
[2023-06-12 13:19:15] INFO: SEQUELIZE
[2023-06-12 13:19:15] INFO: GET
[2023-06-12 13:19:17] INFO: POST
[2023-06-12 13:19:54] INFO: App listening on the port: 5000
[2023-06-12 13:19:54] INFO: SEQUELIZE
[2023-06-12 13:19:54] INFO: Database connection established successfully
[2023-06-12 13:19:59] INFO: POST
[2023-06-12 13:40:53] INFO: App listening on the port: 5000
[2023-06-12 13:40:53] INFO: SEQUELIZE
[2023-06-12 13:40:53] INFO: Database connection established successfully
[2023-06-12 13:40:58] INFO: POST
[2023-06-12 13:41:01] INFO: SEQUELIZE
[2023-06-12 13:41:01] INFO: SEQUELIZE
[2023-06-12 13:41:01] INFO: SEQUELIZE
[2023-06-12 13:41:01] INFO: SEQUELIZE
[2023-06-12 13:41:01] INFO: SEQUELIZE
[2023-06-12 13:41:02] INFO: SEQUELIZE
[2023-06-12 13:41:02] INFO: SEQUELIZE
[2023-06-12 13:41:02] INFO: SEQUELIZE
[2023-06-12 13:41:02] INFO: SEQUELIZE
[2023-06-12 13:41:02] INFO: SEQUELIZE
[2023-06-12 13:41:02] INFO: SEQUELIZE
[2023-06-12 13:41:02] INFO: POST
[2023-06-12 13:41:03] INFO: POST
[2023-06-12 13:41:16] INFO: SEQUELIZE
[2023-06-12 13:41:16] INFO: SEQUELIZE
[2023-06-12 13:41:16] INFO: SEQUELIZE
[2023-06-12 13:41:16] INFO: GET
[2023-06-12 13:41:19] INFO: POST
[2023-06-12 13:42:18] INFO: App listening on the port: 5000
[2023-06-12 13:42:18] INFO: SEQUELIZE
[2023-06-12 13:42:18] INFO: Database connection established successfully
[2023-06-12 13:42:23] INFO: POST
[2023-06-12 13:42:32] INFO: App listening on the port: 5000
[2023-06-12 13:42:32] INFO: SEQUELIZE
[2023-06-12 13:42:32] INFO: Database connection established successfully
[2023-06-12 13:42:35] INFO: SEQUELIZE
[2023-06-12 13:42:35] INFO: SEQUELIZE
[2023-06-12 13:42:35] INFO: SEQUELIZE
[2023-06-12 13:42:35] INFO: GET
[2023-06-12 13:42:37] INFO: POST
[2023-06-12 13:42:41] INFO: SEQUELIZE
[2023-06-12 13:42:41] INFO: SEQUELIZE
[2023-06-12 13:42:41] INFO: SEQUELIZE
[2023-06-12 13:42:41] INFO: SEQUELIZE
[2023-06-12 13:42:41] INFO: SEQUELIZE
[2023-06-12 13:42:41] INFO: SEQUELIZE
[2023-06-12 13:42:41] INFO: SEQUELIZE
[2023-06-12 13:42:41] INFO: SEQUELIZE
[2023-06-12 13:42:41] INFO: SEQUELIZE
[2023-06-12 13:42:41] INFO: SEQUELIZE
[2023-06-12 13:42:41] INFO: SEQUELIZE
[2023-06-12 13:42:41] INFO: POST
[2023-06-12 13:42:42] INFO: POST
[2023-06-12 13:43:06] INFO: App listening on the port: 5000
[2023-06-12 13:43:06] INFO: SEQUELIZE
[2023-06-12 13:43:06] INFO: Database connection established successfully
[2023-06-12 13:43:11] INFO: POST
[2023-06-12 13:43:11] INFO: SEQUELIZE
[2023-06-12 13:43:11] INFO: SEQUELIZE
[2023-06-12 13:43:11] INFO: SEQUELIZE
[2023-06-12 13:43:12] INFO: GET
[2023-06-12 13:43:16] INFO: POST
[2023-06-12 13:43:40] INFO: App listening on the port: 5000
[2023-06-12 13:43:40] INFO: SEQUELIZE
[2023-06-12 13:43:40] INFO: Database connection established successfully
[2023-06-12 13:43:45] INFO: POST
[2023-06-12 13:43:52] INFO: SEQUELIZE
[2023-06-12 13:43:52] INFO: SEQUELIZE
[2023-06-12 13:43:52] INFO: SEQUELIZE
[2023-06-12 13:43:52] INFO: GET
[2023-06-12 13:43:55] INFO: POST
[2023-06-12 13:44:20] INFO: SEQUELIZE
[2023-06-12 13:44:20] INFO: SEQUELIZE
[2023-06-12 13:44:20] INFO: SEQUELIZE
[2023-06-12 13:44:20] INFO: GET
[2023-06-12 13:44:25] INFO: POST
[2023-06-12 13:45:33] INFO: SEQUELIZE
[2023-06-12 13:45:33] INFO: SEQUELIZE
[2023-06-12 13:45:33] INFO: SEQUELIZE
[2023-06-12 13:45:33] INFO: SEQUELIZE
[2023-06-12 13:45:33] INFO: SEQUELIZE
[2023-06-12 13:45:33] INFO: SEQUELIZE
[2023-06-12 13:45:33] INFO: SEQUELIZE
[2023-06-12 13:45:34] INFO: SEQUELIZE
[2023-06-12 13:45:34] INFO: SEQUELIZE
[2023-06-12 13:45:34] INFO: SEQUELIZE
[2023-06-12 13:45:35] INFO: SEQUELIZE
[2023-06-12 13:45:35] INFO: SEQUELIZE
[2023-06-12 13:45:35] INFO: SEQUELIZE
[2023-06-12 13:45:35] INFO: SEQUELIZE
[2023-06-12 13:45:35] INFO: SEQUELIZE
[2023-06-12 13:45:35] INFO: SEQUELIZE
[2023-06-12 13:45:35] INFO: SEQUELIZE
[2023-06-12 13:45:35] INFO: SEQUELIZE
[2023-06-12 13:45:35] INFO: POST
[2023-06-12 13:45:35] INFO: POST
[2023-06-12 13:45:50] INFO: SEQUELIZE
[2023-06-12 13:45:50] INFO: POST
[2023-06-12 13:45:50] INFO: SEQUELIZE
[2023-06-12 13:45:50] INFO: SEQUELIZE
[2023-06-12 13:45:50] INFO: GET
[2023-06-12 13:45:55] INFO: POST
[2023-06-12 13:54:58] INFO: SEQUELIZE
[2023-06-12 13:54:58] INFO: Database connection established successfully
[2023-06-12 13:55:08] INFO: SEQUELIZE
[2023-06-12 13:55:08] INFO: Database connection established successfully
[2023-06-12 13:55:42] INFO: SEQUELIZE
[2023-06-12 13:55:42] INFO: Database connection established successfully
[2023-06-12 13:56:50] INFO: SEQUELIZE
[2023-06-12 13:56:50] INFO: Database connection established successfully
[2023-06-12 13:57:14] INFO: SEQUELIZE
[2023-06-12 13:57:14] INFO: Database connection established successfully
[2023-06-12 13:58:02] INFO: SEQUELIZE
[2023-06-12 13:58:02] INFO: Database connection established successfully
[2023-06-12 13:59:27] INFO: SEQUELIZE
[2023-06-12 13:59:27] INFO: Database connection established successfully
[2023-06-12 13:59:47] INFO: SEQUELIZE
[2023-06-12 13:59:47] INFO: Database connection established successfully
[2023-06-12 14:01:25] INFO: App listening on the port: 5000
[2023-06-12 14:01:25] INFO: SEQUELIZE
[2023-06-12 14:01:25] INFO: Database connection established successfully
[2023-06-12 14:01:28] INFO: SEQUELIZE
[2023-06-12 14:01:28] INFO: SEQUELIZE
[2023-06-12 14:01:28] INFO: SEQUELIZE
[2023-06-12 14:01:28] INFO: GET
[2023-06-12 14:01:30] INFO: POST
[2023-06-12 14:01:45] INFO: SEQUELIZE
[2023-06-12 14:01:45] INFO: SEQUELIZE
[2023-06-12 14:01:45] INFO: SEQUELIZE
[2023-06-12 14:01:45] INFO: POST
[2023-06-12 14:01:46] INFO: GET
[2023-06-12 14:01:50] INFO: POST
[2023-06-12 14:03:51] INFO: App listening on the port: 5000
[2023-06-12 14:03:51] INFO: SEQUELIZE
[2023-06-12 14:03:51] INFO: Database connection established successfully
[2023-06-12 14:03:56] INFO: POST
[2023-06-12 14:04:14] INFO: App listening on the port: 5000
[2023-06-12 14:04:14] INFO: SEQUELIZE
[2023-06-12 14:04:14] INFO: Database connection established successfully
[2023-06-12 14:04:19] INFO: POST
[2023-06-12 14:04:28] INFO: App listening on the port: 5000
[2023-06-12 14:04:28] INFO: SEQUELIZE
[2023-06-12 14:04:28] INFO: Database connection established successfully
[2023-06-12 14:04:33] INFO: POST
[2023-06-12 14:04:58] INFO: App listening on the port: 5000
[2023-06-12 14:04:58] INFO: SEQUELIZE
[2023-06-12 14:04:58] INFO: Database connection established successfully
[2023-06-12 14:05:03] INFO: POST
[2023-06-12 14:05:40] INFO: SEQUELIZE
[2023-06-12 14:05:40] INFO: Database connection established successfully
[2023-06-12 14:06:00] INFO: SEQUELIZE
[2023-06-12 14:06:00] INFO: Database connection established successfully
[2023-06-12 14:06:09] INFO: App listening on the port: 5000
[2023-06-12 14:06:09] INFO: SEQUELIZE
[2023-06-12 14:06:09] INFO: Database connection established successfully
[2023-06-12 14:06:14] INFO: POST
[2023-06-12 14:06:34] INFO: SEQUELIZE
[2023-06-12 14:06:34] INFO: SEQUELIZE
[2023-06-12 14:06:34] INFO: SEQUELIZE
[2023-06-12 14:06:34] ERROR: RequestDTO is not a constructor
[2023-06-12 14:06:34] INFO: GET
[2023-06-12 14:06:39] INFO: POST
[2023-06-12 14:06:43] INFO: SEQUELIZE
[2023-06-12 14:06:43] INFO: SEQUELIZE
[2023-06-12 14:06:43] INFO: SEQUELIZE
[2023-06-12 14:06:43] ERROR: RequestDTO is not a constructor
[2023-06-12 14:06:43] INFO: GET
[2023-06-12 14:06:44] INFO: POST
[2023-06-12 14:07:11] INFO: App listening on the port: 5000
[2023-06-12 14:07:11] INFO: SEQUELIZE
[2023-06-12 14:07:11] INFO: Database connection established successfully
[2023-06-12 14:07:16] INFO: POST
[2023-06-12 14:07:35] INFO: App listening on the port: 5000
[2023-06-12 14:07:35] INFO: SEQUELIZE
[2023-06-12 14:07:35] INFO: Database connection established successfully
[2023-06-12 14:07:40] INFO: POST
[2023-06-12 14:08:33] INFO: SEQUELIZE
[2023-06-12 14:08:33] INFO: SEQUELIZE
[2023-06-12 14:08:33] INFO: SEQUELIZE
[2023-06-12 14:08:33] INFO: GET
[2023-06-12 14:08:35] INFO: POST
[2023-06-12 14:08:38] INFO: SEQUELIZE
[2023-06-12 14:08:38] INFO: SEQUELIZE
[2023-06-12 14:08:38] INFO: SEQUELIZE
[2023-06-12 14:08:38] ERROR: Validation error: documentType
[2023-06-12 14:08:38] INFO: GET
[2023-06-12 14:08:40] INFO: POST
[2023-06-12 14:08:51] INFO: SEQUELIZE
[2023-06-12 14:08:51] INFO: SEQUELIZE
[2023-06-12 14:08:51] INFO: SEQUELIZE
[2023-06-12 14:08:51] INFO: GET
[2023-06-12 14:08:55] INFO: POST
[2023-06-12 14:09:18] INFO: SEQUELIZE
[2023-06-12 14:09:18] INFO: SEQUELIZE
[2023-06-12 14:09:18] ERROR: Could not get invoices!
[2023-06-12 14:09:18] INFO: GET
[2023-06-12 14:09:20] INFO: POST
[2023-06-12 14:09:52] INFO: App listening on the port: 5000
[2023-06-12 14:09:52] INFO: SEQUELIZE
[2023-06-12 14:09:52] INFO: Database connection established successfully
[2023-06-12 14:09:53] INFO: SEQUELIZE
[2023-06-12 14:09:53] INFO: SEQUELIZE
[2023-06-12 14:09:54] ERROR: Could not get invoices!
[2023-06-12 14:09:54] INFO: GET
[2023-06-12 14:09:57] INFO: POST
[2023-06-12 14:10:53] INFO: App listening on the port: 5000
[2023-06-12 14:10:53] INFO: SEQUELIZE
[2023-06-12 14:10:53] INFO: Database connection established successfully
[2023-06-12 14:10:58] INFO: POST
[2023-06-12 14:11:03] INFO: SEQUELIZE
[2023-06-12 14:11:03] INFO: SEQUELIZE
[2023-06-12 14:11:03] INFO: SEQUELIZE
[2023-06-12 14:11:03] INFO: SEQUELIZE
[2023-06-12 14:11:03] INFO: GET
[2023-06-12 14:11:03] INFO: POST
[2023-06-12 14:11:32] INFO: SEQUELIZE
[2023-06-12 14:11:32] INFO: SEQUELIZE
[2023-06-12 14:11:32] INFO: SEQUELIZE
[2023-06-12 14:11:32] INFO: GET
[2023-06-12 14:11:33] INFO: POST
[2023-06-12 14:13:29] INFO: App listening on the port: 5000
[2023-06-12 14:13:29] INFO: SEQUELIZE
[2023-06-12 14:13:29] INFO: Database connection established successfully
[2023-06-12 14:13:34] INFO: POST
[2023-06-12 14:16:06] INFO: App listening on the port: 5000
[2023-06-12 14:16:06] INFO: SEQUELIZE
[2023-06-12 14:16:06] INFO: Database connection established successfully
[2023-06-12 14:16:29] INFO: App listening on the port: 5000
[2023-06-12 14:16:29] INFO: SEQUELIZE
[2023-06-12 14:16:29] INFO: Database connection established successfully
[2023-06-12 14:17:16] INFO: App listening on the port: 5000
[2023-06-12 14:17:16] INFO: SEQUELIZE
[2023-06-12 14:17:16] INFO: Database connection established successfully
[2023-06-12 14:17:21] INFO: POST
[2023-06-12 14:19:11] INFO: App listening on the port: 5000
[2023-06-12 14:19:11] INFO: SEQUELIZE
[2023-06-12 14:19:11] INFO: Database connection established successfully
[2023-06-12 14:19:16] INFO: POST
[2023-06-12 14:19:42] INFO: App listening on the port: 5000
[2023-06-12 14:19:42] INFO: SEQUELIZE
[2023-06-12 14:19:42] INFO: Database connection established successfully
[2023-06-12 14:19:47] INFO: POST
[2023-06-12 14:20:03] INFO: App listening on the port: 5000
[2023-06-12 14:20:03] INFO: SEQUELIZE
[2023-06-12 14:20:03] INFO: Database connection established successfully
[2023-06-12 14:20:12] INFO: App listening on the port: 5000
[2023-06-12 14:20:12] INFO: SEQUELIZE
[2023-06-12 14:20:12] INFO: Database connection established successfully
[2023-06-12 14:20:17] INFO: POST
[2023-06-12 14:21:08] INFO: App listening on the port: 5000
[2023-06-12 14:21:08] INFO: SEQUELIZE
[2023-06-12 14:21:08] INFO: Database connection established successfully
[2023-06-12 14:21:41] INFO: App listening on the port: 5000
[2023-06-12 14:21:41] INFO: SEQUELIZE
[2023-06-12 14:21:41] INFO: Database connection established successfully
[2023-06-12 14:21:46] INFO: POST
[2023-06-12 14:22:33] INFO: App listening on the port: 5000
[2023-06-12 14:22:33] INFO: SEQUELIZE
[2023-06-12 14:22:33] INFO: Database connection established successfully
[2023-06-12 14:22:38] INFO: POST
[2023-06-12 14:23:39] INFO: App listening on the port: 5000
[2023-06-12 14:23:39] INFO: SEQUELIZE
[2023-06-12 14:23:39] INFO: Database connection established successfully
[2023-06-12 14:23:44] INFO: POST
[2023-06-12 14:24:50] INFO: App listening on the port: 5000
[2023-06-12 14:24:50] INFO: SEQUELIZE
[2023-06-12 14:24:50] INFO: Database connection established successfully
[2023-06-12 14:24:59] INFO: App listening on the port: 5000
[2023-06-12 14:24:59] INFO: SEQUELIZE
[2023-06-12 14:24:59] INFO: Database connection established successfully
[2023-06-12 14:25:04] INFO: POST
[2023-06-12 14:25:37] INFO: App listening on the port: 5000
[2023-06-12 14:25:37] INFO: SEQUELIZE
[2023-06-12 14:25:37] INFO: Database connection established successfully
[2023-06-12 14:25:42] INFO: POST
[2023-06-12 14:26:02] INFO: App listening on the port: 5000
[2023-06-12 14:26:02] INFO: SEQUELIZE
[2023-06-12 14:26:02] INFO: Database connection established successfully
[2023-06-12 14:26:07] INFO: POST
[2023-06-12 14:26:26] INFO: App listening on the port: 5000
[2023-06-12 14:26:26] INFO: SEQUELIZE
[2023-06-12 14:26:26] INFO: Database connection established successfully
[2023-06-12 14:26:37] INFO: App listening on the port: 5000
[2023-06-12 14:26:37] INFO: SEQUELIZE
[2023-06-12 14:26:37] INFO: Database connection established successfully
[2023-06-12 14:26:42] INFO: POST
[2023-06-12 14:26:48] INFO: SEQUELIZE
[2023-06-12 14:26:48] ERROR: User in provided token does not exist!
[2023-06-12 14:26:48] INFO: POST
[2023-06-12 14:26:52] INFO: POST
[2023-06-12 14:27:10] INFO: App listening on the port: 5000
[2023-06-12 14:27:10] INFO: SEQUELIZE
[2023-06-12 14:27:10] INFO: Database connection established successfully
[2023-06-12 14:27:12] INFO: SEQUELIZE
[2023-06-12 14:27:12] INFO: SEQUELIZE
[2023-06-12 14:27:12] INFO: SEQUELIZE
[2023-06-12 14:27:12] INFO: SEQUELIZE
[2023-06-12 14:27:12] INFO: SEQUELIZE
[2023-06-12 14:27:12] INFO: SEQUELIZE
[2023-06-12 14:27:12] ERROR: Could not create invoice!
[2023-06-12 14:27:12] INFO: POST
[2023-06-12 14:27:15] INFO: POST
[2023-06-12 14:27:23] INFO: SEQUELIZE
[2023-06-12 14:27:23] INFO: SEQUELIZE
[2023-06-12 14:27:23] INFO: SEQUELIZE
[2023-06-12 14:27:23] INFO: SEQUELIZE
[2023-06-12 14:27:23] INFO: SEQUELIZE
[2023-06-12 14:27:23] ERROR: Could not create outbound shipment!
[2023-06-12 14:27:23] INFO: POST
[2023-06-12 14:27:25] INFO: POST
[2023-06-12 14:29:06] INFO: App listening on the port: 5000
[2023-06-12 14:29:06] INFO: SEQUELIZE
[2023-06-12 14:29:06] INFO: Database connection established successfully
[2023-06-12 14:29:11] INFO: POST
[2023-06-12 14:29:12] INFO: SEQUELIZE
[2023-06-12 14:29:12] INFO: SEQUELIZE
[2023-06-12 14:29:12] INFO: SEQUELIZE
[2023-06-12 14:29:12] INFO: SEQUELIZE
[2023-06-12 14:29:12] INFO: SEQUELIZE
[2023-06-12 14:29:12] INFO: SEQUELIZE
[2023-06-12 14:29:12] ERROR: Could not create outbound shipment item!
[2023-06-12 14:29:12] INFO: POST
[2023-06-12 14:29:16] INFO: POST
[2023-06-12 14:29:35] INFO: SEQUELIZE
[2023-06-12 14:29:35] INFO: SEQUELIZE
[2023-06-12 14:29:35] INFO: SEQUELIZE
[2023-06-12 14:29:35] INFO: SEQUELIZE
[2023-06-12 14:29:35] INFO: SEQUELIZE
[2023-06-12 14:29:35] INFO: SEQUELIZE
[2023-06-12 14:29:35] INFO: SEQUELIZE
[2023-06-12 14:29:35] INFO: SEQUELIZE
[2023-06-12 14:29:35] INFO: POST
[2023-06-12 14:29:36] INFO: POST
[2023-06-12 14:29:47] INFO: SEQUELIZE
[2023-06-12 14:29:47] INFO: SEQUELIZE
[2023-06-12 14:29:47] INFO: SEQUELIZE
[2023-06-12 14:29:47] INFO: SEQUELIZE
[2023-06-12 14:29:47] INFO: SEQUELIZE
[2023-06-12 14:29:47] INFO: SEQUELIZE
[2023-06-12 14:29:47] INFO: SEQUELIZE
[2023-06-12 14:29:47] ERROR: Could not create invoice item!
[2023-06-12 14:29:47] INFO: POST
[2023-06-12 14:29:51] INFO: POST
[2023-06-12 14:30:04] INFO: SEQUELIZE
[2023-06-12 14:30:04] INFO: SEQUELIZE
[2023-06-12 14:30:04] INFO: SEQUELIZE
[2023-06-12 14:30:04] INFO: SEQUELIZE
[2023-06-12 14:30:04] INFO: SEQUELIZE
[2023-06-12 14:30:04] INFO: SEQUELIZE
[2023-06-12 14:30:04] INFO: SEQUELIZE
[2023-06-12 14:30:04] ERROR: Could not create invoice item!
[2023-06-12 14:30:04] INFO: POST
[2023-06-12 14:30:06] INFO: POST
[2023-06-12 14:30:11] INFO: SEQUELIZE
[2023-06-12 14:30:11] INFO: SEQUELIZE
[2023-06-12 14:30:11] INFO: SEQUELIZE
[2023-06-12 14:30:11] INFO: SEQUELIZE
[2023-06-12 14:30:11] INFO: SEQUELIZE
[2023-06-12 14:30:11] INFO: SEQUELIZE
[2023-06-12 14:30:11] INFO: SEQUELIZE
[2023-06-12 14:30:11] ERROR: Could not create invoice item!
[2023-06-12 14:30:11] INFO: POST
[2023-06-12 14:30:11] INFO: POST
[2023-06-12 14:30:27] INFO: SEQUELIZE
[2023-06-12 14:30:27] INFO: SEQUELIZE
[2023-06-12 14:30:27] INFO: SEQUELIZE
[2023-06-12 14:30:27] INFO: SEQUELIZE
[2023-06-12 14:30:27] INFO: SEQUELIZE
[2023-06-12 14:30:27] INFO: SEQUELIZE
[2023-06-12 14:30:27] INFO: SEQUELIZE
[2023-06-12 14:30:28] INFO: SEQUELIZE
[2023-06-12 14:30:28] INFO: SEQUELIZE
[2023-06-12 14:30:28] INFO: SEQUELIZE
[2023-06-12 14:30:28] INFO: SEQUELIZE
[2023-06-12 14:30:28] INFO: SEQUELIZE
[2023-06-12 14:30:28] INFO: SEQUELIZE
[2023-06-12 14:30:28] INFO: SEQUELIZE
[2023-06-12 14:30:28] INFO: SEQUELIZE
[2023-06-12 14:30:28] INFO: SEQUELIZE
[2023-06-12 14:30:28] INFO: SEQUELIZE
[2023-06-12 14:30:28] INFO: SEQUELIZE
[2023-06-12 14:30:28] INFO: POST
[2023-06-12 14:30:31] INFO: POST
[2023-06-12 14:30:35] INFO: SEQUELIZE
[2023-06-12 14:30:35] INFO: SEQUELIZE
[2023-06-12 14:30:35] INFO: SEQUELIZE
[2023-06-12 14:30:35] INFO: SEQUELIZE
[2023-06-12 14:30:35] INFO: SEQUELIZE
[2023-06-12 14:30:35] INFO: SEQUELIZE
[2023-06-12 14:30:35] ERROR: Could not create invoice!
[2023-06-12 14:30:35] INFO: POST
[2023-06-12 14:30:36] INFO: POST
[2023-06-12 14:31:04] INFO: SEQUELIZE
[2023-06-12 14:31:04] INFO: SEQUELIZE
[2023-06-12 14:31:04] ERROR: Validation error: offerValidity
[2023-06-12 14:31:04] INFO: PUT
[2023-06-12 14:31:06] INFO: POST
[2023-06-12 14:31:16] INFO: SEQUELIZE
[2023-06-12 14:31:16] INFO: SEQUELIZE
[2023-06-12 14:31:16] INFO: SEQUELIZE
[2023-06-12 14:31:16] INFO: SEQUELIZE
[2023-06-12 14:31:16] INFO: SEQUELIZE
[2023-06-12 14:31:16] INFO: SEQUELIZE
[2023-06-12 14:31:16] ERROR: The status is in STAGE2, you cannot edit data
[2023-06-12 14:31:16] INFO: PUT
[2023-06-12 14:31:16] INFO: POST
[2023-06-12 14:31:32] INFO: SEQUELIZE
[2023-06-12 14:31:32] INFO: SEQUELIZE
[2023-06-12 14:31:32] INFO: SEQUELIZE
[2023-06-12 14:31:32] INFO: SEQUELIZE
[2023-06-12 14:31:32] INFO: GET
[2023-06-12 14:31:36] INFO: POST
[2023-06-12 14:31:51] INFO: SEQUELIZE
[2023-06-12 14:31:51] INFO: SEQUELIZE
[2023-06-12 14:31:51] INFO: SEQUELIZE
[2023-06-12 14:31:51] INFO: GET
[2023-06-12 14:31:52] INFO: POST
[2023-06-12 14:32:12] INFO: SEQUELIZE
[2023-06-12 14:32:12] INFO: SEQUELIZE
[2023-06-12 14:32:12] INFO: SEQUELIZE
[2023-06-12 14:32:13] INFO: GET
[2023-06-12 14:32:17] INFO: POST
[2023-06-12 14:34:11] INFO: App listening on the port: 5000
[2023-06-12 14:34:11] INFO: SEQUELIZE
[2023-06-12 14:34:11] INFO: Database connection established successfully
[2023-06-12 14:34:16] INFO: POST
[2023-06-12 14:34:36] INFO: App listening on the port: 5000
[2023-06-12 14:34:36] INFO: SEQUELIZE
[2023-06-12 14:34:36] INFO: Database connection established successfully
[2023-06-12 14:34:41] INFO: POST
[2023-06-12 14:35:01] INFO: App listening on the port: 5000
[2023-06-12 14:35:01] INFO: SEQUELIZE
[2023-06-12 14:35:01] INFO: Database connection established successfully
[2023-06-12 14:35:06] INFO: POST
[2023-06-12 14:35:44] INFO: App listening on the port: 5000
[2023-06-12 14:35:44] INFO: SEQUELIZE
[2023-06-12 14:35:44] INFO: Database connection established successfully
[2023-06-12 14:35:49] INFO: POST
[2023-06-12 14:37:24] INFO: App listening on the port: 5000
[2023-06-12 14:37:24] INFO: SEQUELIZE
[2023-06-12 14:37:24] INFO: Database connection established successfully
[2023-06-12 14:37:29] INFO: POST
[2023-06-12 14:38:30] INFO: App listening on the port: 5000
[2023-06-12 14:38:30] INFO: SEQUELIZE
[2023-06-12 14:38:30] INFO: Database connection established successfully
[2023-06-12 14:38:35] INFO: POST
[2023-06-12 14:39:09] INFO: App listening on the port: 5000
[2023-06-12 14:39:09] INFO: SEQUELIZE
[2023-06-12 14:39:09] INFO: Database connection established successfully
[2023-06-12 14:39:28] INFO: App listening on the port: 5000
[2023-06-12 14:39:28] INFO: SEQUELIZE
[2023-06-12 14:39:28] INFO: Database connection established successfully
[2023-06-12 14:39:33] INFO: POST
[2023-06-12 14:40:25] INFO: App listening on the port: 5000
[2023-06-12 14:40:25] INFO: SEQUELIZE
[2023-06-12 14:40:25] INFO: Database connection established successfully
[2023-06-12 14:40:30] INFO: POST
[2023-06-12 14:41:19] INFO: App listening on the port: 5000
[2023-06-12 14:41:19] INFO: SEQUELIZE
[2023-06-12 14:41:19] INFO: Database connection established successfully
[2023-06-12 14:41:24] INFO: POST
[2023-06-12 14:41:41] INFO: App listening on the port: 5000
[2023-06-12 14:41:41] INFO: SEQUELIZE
[2023-06-12 14:41:41] INFO: Database connection established successfully
[2023-06-12 14:41:46] INFO: POST
[2023-06-12 14:42:13] INFO: App listening on the port: 5000
[2023-06-12 14:42:13] INFO: SEQUELIZE
[2023-06-12 14:42:13] INFO: Database connection established successfully
[2023-06-12 14:42:18] INFO: POST
[2023-06-12 14:42:33] INFO: App listening on the port: 5000
[2023-06-12 14:42:33] INFO: SEQUELIZE
[2023-06-12 14:42:33] INFO: Database connection established successfully
[2023-06-12 14:42:38] INFO: POST
[2023-06-12 14:43:04] INFO: App listening on the port: 5000
[2023-06-12 14:43:04] INFO: SEQUELIZE
[2023-06-12 14:43:04] INFO: Database connection established successfully
[2023-06-12 14:43:09] INFO: POST
[2023-06-12 14:43:27] INFO: App listening on the port: 5000
[2023-06-12 14:43:27] INFO: SEQUELIZE
[2023-06-12 14:43:27] INFO: Database connection established successfully
[2023-06-12 14:44:02] INFO: App listening on the port: 5000
[2023-06-12 14:44:02] INFO: SEQUELIZE
[2023-06-12 14:44:02] INFO: Database connection established successfully
[2023-06-12 14:44:07] INFO: POST
[2023-06-12 14:44:26] INFO: App listening on the port: 5000
[2023-06-12 14:44:26] INFO: SEQUELIZE
[2023-06-12 14:44:26] INFO: Database connection established successfully
[2023-06-12 14:44:31] INFO: POST
[2023-06-12 14:45:24] INFO: App listening on the port: 5000
[2023-06-12 14:45:24] INFO: SEQUELIZE
[2023-06-12 14:45:24] INFO: Database connection established successfully
[2023-06-12 14:45:29] INFO: POST
[2023-06-12 15:03:37] INFO: App listening on the port: 5000
[2023-06-12 15:03:38] INFO: SEQUELIZE
[2023-06-12 15:03:38] INFO: Database connection established successfully
[2023-06-12 15:03:42] INFO: POST
[2023-06-12 15:04:57] INFO: App listening on the port: 5000
[2023-06-12 15:04:57] INFO: SEQUELIZE
[2023-06-12 15:04:57] INFO: Database connection established successfully
[2023-06-12 15:05:02] INFO: POST
[2023-06-12 15:05:31] INFO: App listening on the port: 5000
[2023-06-12 15:05:31] INFO: SEQUELIZE
[2023-06-12 15:05:31] INFO: Database connection established successfully
[2023-06-12 15:05:36] INFO: POST
[2023-06-12 15:08:21] INFO: App listening on the port: 5000
[2023-06-12 15:08:21] INFO: SEQUELIZE
[2023-06-12 15:08:21] INFO: Database connection established successfully
[2023-06-12 15:08:34] INFO: App listening on the port: 5000
[2023-06-12 15:08:35] INFO: SEQUELIZE
[2023-06-12 15:08:35] INFO: Database connection established successfully
[2023-06-12 15:08:40] INFO: POST
[2023-06-12 15:10:02] INFO: App listening on the port: 5000
[2023-06-12 15:10:02] INFO: SEQUELIZE
[2023-06-12 15:10:02] INFO: Database connection established successfully
[2023-06-12 15:10:07] INFO: POST
[2023-06-12 15:10:21] INFO: App listening on the port: 5000
[2023-06-12 15:10:21] INFO: SEQUELIZE
[2023-06-12 15:10:21] INFO: Database connection established successfully
[2023-06-12 15:10:26] INFO: POST
[2023-06-12 15:11:58] INFO: App listening on the port: 5000
[2023-06-12 15:11:59] INFO: SEQUELIZE
[2023-06-12 15:11:59] INFO: Database connection established successfully
[2023-06-12 15:12:22] INFO: App listening on the port: 5000
[2023-06-12 15:12:22] INFO: SEQUELIZE
[2023-06-12 15:12:22] INFO: Database connection established successfully
[2023-06-12 15:12:27] INFO: POST
[2023-06-12 15:13:14] INFO: App listening on the port: 5000
[2023-06-12 15:13:14] INFO: SEQUELIZE
[2023-06-12 15:13:14] INFO: Database connection established successfully
[2023-06-12 15:13:19] INFO: POST
[2023-06-12 15:13:39] INFO: App listening on the port: 5000
[2023-06-12 15:13:39] INFO: SEQUELIZE
[2023-06-12 15:13:39] INFO: Database connection established successfully
[2023-06-12 15:13:44] INFO: POST
[2023-06-12 15:15:36] INFO: App listening on the port: 5000
[2023-06-12 15:15:36] INFO: SEQUELIZE
[2023-06-12 15:15:36] INFO: Database connection established successfully
[2023-06-12 15:15:41] INFO: POST
[2023-06-12 15:16:25] INFO: App listening on the port: 5000
[2023-06-12 15:16:26] INFO: SEQUELIZE
[2023-06-12 15:16:26] INFO: Database connection established successfully
[2023-06-12 15:16:43] INFO: App listening on the port: 5000
[2023-06-12 15:16:43] INFO: SEQUELIZE
[2023-06-12 15:16:43] INFO: Database connection established successfully
[2023-06-12 15:16:48] INFO: POST
[2023-06-12 15:17:25] INFO: App listening on the port: 5000
[2023-06-12 15:17:25] INFO: SEQUELIZE
[2023-06-12 15:17:25] INFO: Database connection established successfully
[2023-06-12 15:17:30] INFO: POST
[2023-06-12 15:19:07] INFO: App listening on the port: 5000
[2023-06-12 15:19:07] INFO: SEQUELIZE
[2023-06-12 15:19:07] INFO: Database connection established successfully
[2023-06-12 15:19:12] INFO: POST
[2023-06-12 15:19:31] INFO: App listening on the port: 5000
[2023-06-12 15:19:31] INFO: SEQUELIZE
[2023-06-12 15:19:31] INFO: Database connection established successfully
[2023-06-12 15:19:48] INFO: App listening on the port: 5000
[2023-06-12 15:19:49] INFO: SEQUELIZE
[2023-06-12 15:19:49] INFO: Database connection established successfully
[2023-06-12 15:19:53] INFO: POST
[2023-06-12 15:20:14] INFO: App listening on the port: 5000
[2023-06-12 15:20:14] INFO: SEQUELIZE
[2023-06-12 15:20:14] INFO: Database connection established successfully
[2023-06-12 15:20:19] INFO: POST
[2023-06-12 15:20:40] INFO: App listening on the port: 5000
[2023-06-12 15:20:40] INFO: SEQUELIZE
[2023-06-12 15:20:41] INFO: Database connection established successfully
[2023-06-12 15:20:45] INFO: POST
[2023-06-12 15:25:20] INFO: App listening on the port: 5000
[2023-06-12 15:25:21] INFO: SEQUELIZE
[2023-06-12 15:25:21] INFO: Database connection established successfully
[2023-06-12 15:25:25] INFO: POST
[2023-06-12 15:26:44] INFO: App listening on the port: 5000
[2023-06-12 15:26:44] INFO: SEQUELIZE
[2023-06-12 15:26:44] INFO: Database connection established successfully
[2023-06-12 15:26:49] INFO: POST
[2023-06-12 15:28:46] INFO: App listening on the port: 5000
[2023-06-12 15:28:46] INFO: SEQUELIZE
[2023-06-12 15:28:46] INFO: Database connection established successfully
[2023-06-12 15:28:51] INFO: POST
[2023-06-12 15:29:52] INFO: SEQUELIZE
[2023-06-12 15:29:52] INFO: SEQUELIZE
[2023-06-12 15:29:52] INFO: SEQUELIZE
[2023-06-12 15:29:52] ERROR: Validation error: items
[2023-06-12 15:29:52] INFO: POST
[2023-06-12 15:29:56] INFO: POST
[2023-06-12 15:30:04] INFO: SEQUELIZE
[2023-06-12 15:30:04] INFO: SEQUELIZE
[2023-06-12 15:30:04] INFO: SEQUELIZE
[2023-06-12 15:30:04] INFO: SEQUELIZE
[2023-06-12 15:30:04] INFO: SEQUELIZE
[2023-06-12 15:30:04] INFO: SEQUELIZE
[2023-06-12 15:30:04] INFO: SEQUELIZE
[2023-06-12 15:30:05] INFO: SEQUELIZE
[2023-06-12 15:30:05] INFO: SEQUELIZE
[2023-06-12 15:30:05] INFO: SEQUELIZE
[2023-06-12 15:30:05] INFO: SEQUELIZE
[2023-06-12 15:30:05] INFO: SEQUELIZE
[2023-06-12 15:30:05] INFO: SEQUELIZE
[2023-06-12 15:30:05] INFO: POST
[2023-06-12 15:30:06] INFO: POST
[2023-06-12 15:31:34] INFO: SEQUELIZE
[2023-06-12 15:31:34] INFO: SEQUELIZE
[2023-06-12 15:31:34] INFO: SEQUELIZE
[2023-06-12 15:31:34] ERROR: Validation error: documentType
[2023-06-12 15:31:34] INFO: GET
[2023-06-12 15:31:36] INFO: POST
[2023-06-12 15:31:47] INFO: SEQUELIZE
[2023-06-12 15:31:47] INFO: SEQUELIZE
[2023-06-12 15:31:47] INFO: SEQUELIZE
[2023-06-12 15:31:48] INFO: GET
[2023-06-12 15:31:51] INFO: POST
[2023-06-12 15:33:33] INFO: SEQUELIZE
[2023-06-12 15:33:33] INFO: SEQUELIZE
[2023-06-12 15:33:33] INFO: SEQUELIZE
[2023-06-12 15:33:33] INFO: GET
[2023-06-12 15:33:36] INFO: POST
[2023-06-12 15:35:51] INFO: App listening on the port: 5000
[2023-06-12 15:35:51] INFO: SEQUELIZE
[2023-06-12 15:35:51] INFO: Database connection established successfully
[2023-06-12 15:35:56] INFO: POST
[2023-06-12 15:36:37] INFO: App listening on the port: 5000
[2023-06-12 15:36:37] INFO: SEQUELIZE
[2023-06-12 15:36:37] INFO: Database connection established successfully
[2023-06-12 15:36:42] INFO: POST
[2023-06-12 15:37:06] INFO: App listening on the port: 5000
[2023-06-12 15:37:07] INFO: SEQUELIZE
[2023-06-12 15:37:07] INFO: Database connection established successfully
[2023-06-12 15:37:12] INFO: POST
[2023-06-12 15:37:34] INFO: App listening on the port: 5000
[2023-06-12 15:37:34] INFO: SEQUELIZE
[2023-06-12 15:37:34] INFO: Database connection established successfully
[2023-06-12 15:37:39] INFO: POST
[2023-06-12 15:38:11] INFO: App listening on the port: 5000
[2023-06-12 15:38:11] INFO: SEQUELIZE
[2023-06-12 15:38:11] INFO: Database connection established successfully
[2023-06-12 15:38:28] INFO: App listening on the port: 5000
[2023-06-12 15:38:28] INFO: SEQUELIZE
[2023-06-12 15:38:28] INFO: Database connection established successfully
[2023-06-12 15:38:52] INFO: App listening on the port: 5000
[2023-06-12 15:38:52] INFO: SEQUELIZE
[2023-06-12 15:38:52] INFO: Database connection established successfully
[2023-06-12 15:38:53] INFO: SEQUELIZE
[2023-06-12 15:38:53] INFO: SEQUELIZE
[2023-06-12 15:38:53] INFO: SEQUELIZE
[2023-06-12 15:38:53] INFO: SEQUELIZE
[2023-06-12 15:38:53] INFO: SEQUELIZE
[2023-06-12 15:38:53] INFO: SEQUELIZE
[2023-06-12 15:38:53] ERROR: Could not create creditNote!
[2023-06-12 15:38:53] INFO: POST
[2023-06-12 15:38:57] INFO: POST
[2023-06-12 15:39:19] INFO: SEQUELIZE
[2023-06-12 15:39:19] INFO: SEQUELIZE
[2023-06-12 15:39:19] INFO: SEQUELIZE
[2023-06-12 15:39:19] INFO: SEQUELIZE
[2023-06-12 15:39:19] INFO: GET
[2023-06-12 15:39:22] INFO: POST
[2023-06-12 15:39:54] INFO: SEQUELIZE
[2023-06-12 15:39:54] INFO: SEQUELIZE
[2023-06-12 15:39:54] INFO: SEQUELIZE
[2023-06-12 15:39:54] INFO: SEQUELIZE
[2023-06-12 15:39:54] INFO: GET
[2023-06-12 15:39:57] INFO: POST
[2023-06-12 15:40:02] INFO: SEQUELIZE
[2023-06-12 15:40:02] INFO: SEQUELIZE
[2023-06-12 15:40:02] INFO: SEQUELIZE
[2023-06-12 15:40:02] INFO: GET
[2023-06-12 15:40:02] INFO: POST
[2023-06-12 15:42:24] INFO: App listening on the port: 5000
[2023-06-12 15:42:24] INFO: SEQUELIZE
[2023-06-12 15:42:24] INFO: Database connection established successfully
[2023-06-12 15:42:29] INFO: POST
[2023-06-12 15:43:38] INFO: App listening on the port: 5000
[2023-06-12 15:43:38] INFO: SEQUELIZE
[2023-06-12 15:43:38] INFO: Database connection established successfully
[2023-06-12 15:43:43] INFO: POST
[2023-06-12 16:40:08] INFO: App listening on the port: 5000
[2023-06-12 16:40:09] INFO: SEQUELIZE
[2023-06-12 16:40:09] INFO: Database connection established successfully
[2023-06-12 16:40:13] INFO: POST
[2023-06-12 16:40:40] INFO: App listening on the port: 5000
[2023-06-12 16:40:40] INFO: SEQUELIZE
[2023-06-12 16:40:41] INFO: Database connection established successfully
[2023-06-12 16:40:45] INFO: POST
[2023-06-12 16:45:27] INFO: SEQUELIZE
[2023-06-12 16:45:27] INFO: Database connection established successfully
[2023-06-12 16:45:44] INFO: App listening on the port: 5000
[2023-06-12 16:45:44] INFO: SEQUELIZE
[2023-06-12 16:45:44] INFO: Database connection established successfully
[2023-06-12 16:45:49] INFO: POST
[2023-06-12 16:49:45] INFO: App listening on the port: 5000
[2023-06-12 16:49:45] INFO: SEQUELIZE
[2023-06-12 16:49:45] INFO: Database connection established successfully
[2023-06-12 16:49:50] INFO: POST
[2023-06-12 16:56:52] INFO: App listening on the port: 5000
[2023-06-12 16:56:53] INFO: SEQUELIZE
[2023-06-12 16:56:53] INFO: Database connection established successfully
[2023-06-12 16:56:58] INFO: POST
[2023-06-12 17:01:57] INFO: App listening on the port: 5000
[2023-06-12 17:01:57] INFO: SEQUELIZE
[2023-06-12 17:01:57] INFO: Database connection established successfully
[2023-06-12 17:02:02] INFO: POST
[2023-06-12 17:02:53] INFO: App listening on the port: 5000
[2023-06-12 17:02:53] INFO: SEQUELIZE
[2023-06-12 17:02:53] INFO: Database connection established successfully
[2023-06-12 17:02:58] INFO: POST
[2023-06-12 17:05:36] INFO: App listening on the port: 5000
[2023-06-12 17:05:37] INFO: SEQUELIZE
[2023-06-12 17:05:37] INFO: Database connection established successfully
[2023-06-12 17:05:50] INFO: App listening on the port: 5000
[2023-06-12 17:05:50] INFO: SEQUELIZE
[2023-06-12 17:05:50] INFO: Database connection established successfully
[2023-06-12 17:05:55] INFO: POST
[2023-06-12 17:06:12] INFO: App listening on the port: 5000
[2023-06-12 17:06:12] INFO: SEQUELIZE
[2023-06-12 17:06:12] INFO: Database connection established successfully
[2023-06-12 17:06:17] INFO: POST
[2023-06-12 17:09:57] INFO: App listening on the port: 5000
[2023-06-12 17:09:57] INFO: SEQUELIZE
[2023-06-12 17:09:57] INFO: Database connection established successfully
[2023-06-12 17:10:16] INFO: App listening on the port: 5000
[2023-06-12 17:10:16] INFO: SEQUELIZE
[2023-06-12 17:10:16] INFO: Database connection established successfully
[2023-06-12 17:10:21] INFO: POST
[2023-06-12 17:11:11] INFO: App listening on the port: 5000
[2023-06-12 17:11:11] INFO: SEQUELIZE
[2023-06-12 17:11:11] INFO: Database connection established successfully
[2023-06-12 17:11:16] INFO: POST
[2023-06-12 17:13:20] INFO: App listening on the port: 5000
[2023-06-12 17:13:20] INFO: SEQUELIZE
[2023-06-12 17:13:20] INFO: Database connection established successfully
[2023-06-12 17:13:25] INFO: POST
[2023-06-12 17:13:42] INFO: App listening on the port: 5000
[2023-06-12 17:13:42] INFO: SEQUELIZE
[2023-06-12 17:13:42] INFO: Database connection established successfully
[2023-06-12 17:13:47] INFO: POST
[2023-06-12 17:14:17] INFO: App listening on the port: 5000
[2023-06-12 17:14:17] INFO: SEQUELIZE
[2023-06-12 17:14:17] INFO: Database connection established successfully
[2023-06-12 17:14:29] INFO: App listening on the port: 5000
[2023-06-12 17:14:29] INFO: SEQUELIZE
[2023-06-12 17:14:29] INFO: Database connection established successfully
[2023-06-12 17:14:34] INFO: POST
[2023-06-12 17:15:12] INFO: App listening on the port: 5000
[2023-06-12 17:15:12] INFO: SEQUELIZE
[2023-06-12 17:15:12] INFO: Database connection established successfully
[2023-06-12 17:15:17] INFO: POST
[2023-06-12 17:17:04] INFO: App listening on the port: 5000
[2023-06-12 17:17:04] INFO: SEQUELIZE
[2023-06-12 17:17:04] INFO: Database connection established successfully
[2023-06-12 17:17:09] INFO: POST
[2023-06-12 17:19:40] INFO: SEQUELIZE
[2023-06-12 17:19:40] INFO: Database connection established successfully
[2023-06-12 17:20:04] INFO: App listening on the port: 5000
[2023-06-12 17:20:04] INFO: SEQUELIZE
[2023-06-12 17:20:04] INFO: Database connection established successfully
[2023-06-12 17:20:09] INFO: POST
[2023-06-12 17:33:13] INFO: App listening on the port: 5000
[2023-06-12 17:33:13] INFO: SEQUELIZE
[2023-06-12 17:33:13] INFO: Database connection established successfully
[2023-06-12 17:33:18] INFO: POST
[2023-06-12 17:33:36] INFO: App listening on the port: 5000
[2023-06-12 17:33:36] INFO: SEQUELIZE
[2023-06-12 17:33:36] INFO: Database connection established successfully
[2023-06-12 17:33:41] INFO: POST
[2023-06-12 17:34:47] INFO: SEQUELIZE
[2023-06-12 17:34:47] INFO: Database connection established successfully
[2023-06-12 17:35:16] INFO: App listening on the port: 5000
[2023-06-12 17:35:16] INFO: SEQUELIZE
[2023-06-12 17:35:16] INFO: Database connection established successfully
[2023-06-12 17:35:30] INFO: App listening on the port: 5000
[2023-06-12 17:35:30] INFO: SEQUELIZE
[2023-06-12 17:35:30] INFO: Database connection established successfully
[2023-06-12 17:35:43] INFO: App listening on the port: 5000
[2023-06-12 17:35:43] INFO: SEQUELIZE
[2023-06-12 17:35:43] INFO: Database connection established successfully
[2023-06-12 17:35:48] INFO: POST
[2023-06-12 17:36:13] INFO: App listening on the port: 5000
[2023-06-12 17:36:13] INFO: SEQUELIZE
[2023-06-12 17:36:13] INFO: Database connection established successfully
[2023-06-12 17:36:18] INFO: POST
[2023-06-12 17:36:49] INFO: App listening on the port: 5000
[2023-06-12 17:36:49] INFO: SEQUELIZE
[2023-06-12 17:36:49] INFO: Database connection established successfully
[2023-06-12 17:36:54] INFO: POST
[2023-06-12 17:38:58] INFO: App listening on the port: 5000
[2023-06-12 17:38:58] INFO: SEQUELIZE
[2023-06-12 17:38:58] INFO: Database connection established successfully
[2023-06-12 17:39:03] INFO: POST
[2023-06-12 17:40:35] INFO: App listening on the port: 5000
[2023-06-12 17:40:35] INFO: SEQUELIZE
[2023-06-12 17:40:35] INFO: Database connection established successfully
[2023-06-12 17:40:40] INFO: POST
[2023-06-12 17:41:05] INFO: SEQUELIZE
[2023-06-12 17:41:05] INFO: SEQUELIZE
[2023-06-12 17:41:10] INFO: POST
[2023-06-12 17:41:31] INFO: App listening on the port: 5000
[2023-06-12 17:41:32] INFO: SEQUELIZE
[2023-06-12 17:41:32] INFO: Database connection established successfully
[2023-06-12 17:41:37] INFO: POST
[2023-06-12 17:41:57] INFO: SEQUELIZE
[2023-06-12 17:41:57] INFO: SEQUELIZE
[2023-06-12 17:41:57] INFO: GET
[2023-06-12 17:42:02] INFO: POST
[2023-06-12 17:42:03] INFO: SEQUELIZE
[2023-06-12 17:42:03] INFO: SEQUELIZE
[2023-06-12 17:42:03] INFO: SEQUELIZE
[2023-06-12 17:42:03] INFO: SEQUELIZE
[2023-06-12 17:42:03] INFO: SEQUELIZE
[2023-06-12 17:42:03] INFO: PUT
[2023-06-12 17:42:07] INFO: POST
[2023-06-12 17:43:00] INFO: App listening on the port: 5000
[2023-06-12 17:43:00] INFO: SEQUELIZE
[2023-06-12 17:43:00] INFO: Database connection established successfully
[2023-06-12 17:43:00] INFO: SEQUELIZE
[2023-06-12 17:43:01] INFO: SEQUELIZE
[2023-06-12 17:43:01] INFO: SEQUELIZE
[2023-06-12 17:43:01] INFO: SEQUELIZE
[2023-06-12 17:43:01] INFO: PUT
[2023-06-12 17:43:05] INFO: POST
[2023-06-12 17:43:25] INFO: SEQUELIZE
[2023-06-12 17:43:25] INFO: SEQUELIZE
[2023-06-12 17:43:25] INFO: SEQUELIZE
[2023-06-12 17:43:25] INFO: SEQUELIZE
[2023-06-12 17:43:25] INFO: PUT
[2023-06-12 17:43:25] INFO: POST
[2023-06-12 17:44:05] INFO: App listening on the port: 5000
[2023-06-12 17:44:06] INFO: SEQUELIZE
[2023-06-12 17:44:06] INFO: Database connection established successfully
[2023-06-12 17:44:06] INFO: SEQUELIZE
[2023-06-12 17:44:06] ERROR: Validation error: phone
[2023-06-12 17:44:06] INFO: PUT
[2023-06-12 17:44:10] INFO: POST
[2023-06-12 17:44:13] INFO: SEQUELIZE
[2023-06-12 17:44:13] INFO: SEQUELIZE
[2023-06-12 17:44:13] INFO: SEQUELIZE
[2023-06-12 17:44:13] ERROR: value too long for type character varying(25)
[2023-06-12 17:44:13] INFO: PUT
[2023-06-12 17:44:16] INFO: POST
[2023-06-12 17:44:35] INFO: SEQUELIZE
[2023-06-12 17:44:35] INFO: SEQUELIZE
[2023-06-12 17:44:35] INFO: SEQUELIZE
[2023-06-12 17:44:35] INFO: SEQUELIZE
[2023-06-12 17:44:35] INFO: SEQUELIZE
[2023-06-12 17:44:35] INFO: PUT
[2023-06-12 17:44:36] INFO: POST
[2023-06-12 17:46:25] INFO: App listening on the port: 5000
[2023-06-12 17:46:25] INFO: SEQUELIZE
[2023-06-12 17:46:25] INFO: Database connection established successfully
[2023-06-12 17:46:30] INFO: POST
[2023-06-12 17:48:39] INFO: App listening on the port: 5000
[2023-06-12 17:48:39] INFO: SEQUELIZE
[2023-06-12 17:48:39] INFO: Database connection established successfully
[2023-06-12 17:48:44] INFO: POST
[2023-06-12 22:22:37] INFO: App listening on the port: 5000
[2023-06-12 22:22:37] INFO: SEQUELIZE
[2023-06-12 22:22:37] INFO: Database connection established successfully
[2023-06-12 22:22:42] INFO: POST
[2023-06-12 22:24:51] INFO: SEQUELIZE
[2023-06-12 22:24:51] INFO: SEQUELIZE
[2023-06-12 22:24:51] INFO: GET
[2023-06-12 22:24:52] INFO: POST
[2023-06-12 22:24:58] INFO: SEQUELIZE
[2023-06-12 22:24:58] INFO: SEQUELIZE
[2023-06-12 22:24:58] INFO: SEQUELIZE
[2023-06-12 22:24:58] INFO: SEQUELIZE
[2023-06-12 22:24:58] INFO: SEQUELIZE
[2023-06-12 22:24:58] INFO: PUT
[2023-06-12 22:25:02] INFO: POST
[2023-06-12 22:25:19] INFO: SEQUELIZE
[2023-06-12 22:25:19] INFO: SEQUELIZE
[2023-06-12 22:25:19] INFO: SEQUELIZE
[2023-06-12 22:25:19] INFO: SEQUELIZE
[2023-06-12 22:25:19] INFO: GET
[2023-06-12 22:25:19] INFO: SEQUELIZE
[2023-06-12 22:25:19] INFO: SEQUELIZE
[2023-06-12 22:25:19] INFO: SEQUELIZE
[2023-06-12 22:25:19] INFO: GET
[2023-06-12 22:25:19] INFO: SEQUELIZE
[2023-06-12 22:25:19] INFO: SEQUELIZE
[2023-06-12 22:25:19] INFO: SEQUELIZE
[2023-06-12 22:25:19] INFO: SEQUELIZE
[2023-06-12 22:25:19] INFO: SEQUELIZE
[2023-06-12 22:25:20] INFO: SEQUELIZE
[2023-06-12 22:25:20] ERROR: Could not create creditNote!
[2023-06-12 22:25:20] INFO: POST
[2023-06-12 22:25:20] INFO: SEQUELIZE
[2023-06-12 22:25:20] INFO: SEQUELIZE
[2023-06-12 22:25:20] INFO: SEQUELIZE
[2023-06-12 22:25:21] INFO: GET
[2023-06-12 22:25:22] INFO: POST
[2023-06-12 22:25:27] INFO: SEQUELIZE
[2023-06-12 22:25:27] INFO: SEQUELIZE
[2023-06-12 22:25:27] INFO: SEQUELIZE
[2023-06-12 22:25:27] INFO: SEQUELIZE
[2023-06-12 22:25:27] INFO: SEQUELIZE
[2023-06-12 22:25:28] INFO: SEQUELIZE
[2023-06-12 22:25:28] ERROR: Could not create creditNote!
[2023-06-12 22:25:28] INFO: POST
[2023-06-12 22:25:32] INFO: POST
[2023-06-12 22:25:34] INFO: SEQUELIZE
[2023-06-12 22:25:34] INFO: SEQUELIZE
[2023-06-12 22:25:34] INFO: SEQUELIZE
[2023-06-12 22:25:34] INFO: SEQUELIZE
[2023-06-12 22:25:34] INFO: GET
[2023-06-12 22:25:37] INFO: SEQUELIZE
[2023-06-12 22:25:37] INFO: SEQUELIZE
[2023-06-12 22:25:37] INFO: SEQUELIZE
[2023-06-12 22:25:37] ERROR: Could not find invoice!}
[2023-06-12 22:25:37] INFO: GET
[2023-06-12 22:25:37] INFO: POST
[2023-06-12 22:25:42] INFO: SEQUELIZE
[2023-06-12 22:25:42] INFO: SEQUELIZE
[2023-06-12 22:25:42] INFO: SEQUELIZE
[2023-06-12 22:25:42] INFO: SEQUELIZE
[2023-06-12 22:25:42] INFO: SEQUELIZE
[2023-06-12 22:25:42] INFO: SEQUELIZE
[2023-06-12 22:25:42] ERROR: Could not create invoice!
[2023-06-12 22:25:42] INFO: POST
[2023-06-12 22:25:42] INFO: POST
[2023-06-12 22:25:47] INFO: SEQUELIZE
[2023-06-12 22:25:47] INFO: SEQUELIZE
[2023-06-12 22:25:47] INFO: SEQUELIZE
[2023-06-12 22:25:47] INFO: POST
[2023-06-12 22:25:48] INFO: GET
[2023-06-12 22:25:52] INFO: POST
